npm warn Unknown project config "puppeteer_skip_download". This will stop working in the next major version of npm.

> ezbuildr@1.0.0 check
> tsc

client/src/components/builder/cards/ChoiceCardEditor.tsx(649,63): error TS2554: Expected 1 arguments, but got 0.
client/src/components/builder/cards/ChoiceCardEditor.tsx(650,63): error TS2554: Expected 1 arguments, but got 0.
client/src/components/builder/cards/ChoiceCardEditor.tsx(651,72): error TS2554: Expected 1 arguments, but got 0.
client/src/components/builder/questions/QuestionCard.tsx(409,125): error TS2554: Expected 1 arguments, but got 0.
client/src/components/builder/questions/QuestionCard.tsx(458,39): error TS2722: Cannot invoke an object which is possibly 'undefined'.
client/src/components/builder/questions/QuestionCard.tsx(651,48): error TS2554: Expected 1 arguments, but got 0.
client/src/components/builder/questions/QuestionCard.tsx(818,48): error TS2554: Expected 1 arguments, but got 0.
client/src/components/builder/questions/QuestionCard.tsx(856,52): error TS2554: Expected 1 arguments, but got 0.
client/src/components/builder/SidebarTree.tsx(433,37): error TS2554: Expected 1 arguments, but got 0.
client/src/components/builder/SidebarTree.tsx(581,33): error TS2554: Expected 1 arguments, but got 0.
client/src/components/builder/SidebarTree.tsx(664,35): error TS2554: Expected 1 arguments, but got 0.
client/src/components/collab/CommentsPanel.tsx(106,37): error TS2554: Expected 1 arguments, but got 0.
client/src/components/devtools/JsonViewer.tsx(167,66): error TS2873: This kind of expression is always falsy.
client/src/components/runner/blocks/ChoiceBlock.tsx(357,32): error TS2873: This kind of expression is always falsy.
client/src/components/shared/JsonViewer.tsx(230,58): error TS2873: This kind of expression is always falsy.
client/src/components/ui/file-upload.tsx(245,28): error TS2873: This kind of expression is always falsy.
client/src/components/ui/file-upload.tsx(276,32): error TS2554: Expected 1 arguments, but got 0.
client/src/hooks/useBlockOperations.ts(7,15): error TS2724: '"@shared/schema"' has no exported member named 'SurveyPage'. Did you mean 'surveyPages'?
client/src/hooks/useConditionalLogic.ts(4,15): error TS2724: '"@shared/schema"' has no exported member named 'ConditionalRule'. Did you mean 'conditionalRules'?
client/src/lib/datavault-api.ts(6,125): error TS2724: '"@shared/schema"' has no exported member named 'DatavaultTableRole'. Did you mean 'datavaultTableRoleEnum'?
client/src/pages/CollectionsPage.tsx(153,37): error TS2554: Expected 1 arguments, but got 0.
client/src/pages/CollectionsPage.tsx(186,30): error TS2339: Property 'preventDefault' does not exist on type '{ name: string; slug?: string | undefined; description?: string | undefined; }'.
client/src/pages/datavault/[tableId].tsx(591,9): error TS2322: Type '(e: Record<string, any>) => void' is not assignable to type '(values: Record<string, any>) => Promise<void>'.
  Type 'void' is not assignable to type 'Promise<void>'.
client/src/pages/datavault/[tableId].tsx(602,9): error TS2322: Type '(e: Record<string, any>) => void' is not assignable to type '(values: Record<string, any>) => Promise<void>'.
  Type 'void' is not assignable to type 'Promise<void>'.
client/src/pages/datavault/databases.tsx(261,9): error TS2322: Type '(e: { name: string; description?: string | undefined; scopeType: "account" | "workflow" | "project"; scopeId?: string | undefined; }) => void' is not assignable to type '(data: { name: string; description?: string | undefined; scopeType: "account" | "workflow" | "project"; scopeId?: string | undefined; }) => Promise<void>'.
  Type 'void' is not assignable to type 'Promise<void>'.
client/src/pages/datavault/databases.tsx(261,30): error TS2339: Property 'preventDefault' does not exist on type '{ name: string; description?: string | undefined; scopeType: "account" | "workflow" | "project"; scopeId?: string | undefined; }'.
client/src/pages/datavault/tables.tsx(334,30): error TS2339: Property 'preventDefault' does not exist on type '{ name: string; slug?: string | undefined; description?: string | undefined; columns: Column[]; }'.
client/src/pages/OrganizationDetail.tsx(634,32): error TS2873: This kind of expression is always falsy.
client/src/pages/OrganizationDetail.tsx(634,76): error TS2345: Argument of type 'string | null' is not assignable to parameter of type 'string'.
  Type 'null' is not assignable to type 'string'.
client/src/pages/TemplatesPage.tsx(402,34): error TS2873: This kind of expression is always falsy.
client/src/pages/TemplatesPage.tsx(402,80): error TS2345: Argument of type 'Template | null' is not assignable to parameter of type 'Template'.
  Type 'null' is not assignable to type 'Template'.
client/src/pages/visual-builder/components/TemplateUploadDialog.tsx(138,42): error TS2554: Expected 1 arguments, but got 0.
client/src/pages/visual-builder/components/TemplateUploadWizard.tsx(145,96): error TS2554: Expected 1 arguments, but got 0.
client/src/pages/WorkflowRunner.tsx(1042,32): error TS2554: Expected 1 arguments, but got 0.
server/engine/nodes/data.ts(112,21): error TS18046: 'write' is of type 'unknown'.
server/engine/nodes/data.ts(117,57): error TS18046: 'write' is of type 'unknown'.
server/lib/ai/transformRevision.ts(3,26): error TS2305: Module '"shared/schema"' has no exported member 'TransformResult'.
server/lib/audit/auditLogger.ts(21,40): error TS2769: No overload matches this call.
  Overload 1 of 2, '(value: { action: string | SQL<unknown> | Placeholder<string, any>; entityType: string | SQL<unknown> | Placeholder<string, any>; entityId: string | SQL<unknown> | Placeholder<...>; ... 11 more ...; timestamp?: SQL<...> | ... 3 more ... | undefined; }): PgInsertBase<...>', gave the following error.
    Argument of type '{ workspaceId: string | null; userId: string | undefined; action: string; resourceType: string; resourceId: string | undefined; changes: { before: any; after: any; }; ipAddress: string | undefined; userAgent: string | undefined; }' is not assignable to parameter of type '{ action: string | SQL<unknown> | Placeholder<string, any>; entityType: string | SQL<unknown> | Placeholder<string, any>; entityId: string | SQL<unknown> | Placeholder<...>; ... 11 more ...; timestamp?: SQL<...> | ... 3 more ... | undefined; }'.
      Type '{ workspaceId: string | null; userId: string | undefined; action: string; resourceType: string; resourceId: string | undefined; changes: { before: any; after: any; }; ipAddress: string | undefined; userAgent: string | undefined; }' is missing the following properties from type '{ action: string | SQL<unknown> | Placeholder<string, any>; entityType: string | SQL<unknown> | Placeholder<string, any>; entityId: string | SQL<unknown> | Placeholder<...>; ... 11 more ...; timestamp?: SQL<...> | ... 3 more ... | undefined; }': entityType, entityId
  Overload 2 of 2, '(values: { action: string | SQL<unknown> | Placeholder<string, any>; entityType: string | SQL<unknown> | Placeholder<string, any>; entityId: string | SQL<unknown> | Placeholder<...>; ... 11 more ...; timestamp?: SQL<...> | ... 3 more ... | undefined; }[]): PgInsertBase<...>', gave the following error.
    Object literal may only specify known properties, and 'workspaceId' does not exist in type '{ action: string | SQL<unknown> | Placeholder<string, any>; entityType: string | SQL<unknown> | Placeholder<string, any>; entityId: string | SQL<unknown> | Placeholder<...>; ... 11 more ...; timestamp?: SQL<...> | ... 3 more ... | undefined; }[]'.
server/lib/tenancy/tenantContext.ts(26,17): error TS2353: Object literal may only specify known properties, and 'members' does not exist in type '{ organization?: true | { columns?: { id?: boolean | undefined; name?: boolean | undefined; description?: boolean | undefined; slug?: boolean | undefined; domain?: boolean | undefined; ... 4 more ...; updatedAt?: boolean | undefined; } | undefined; with?: {} | undefined; extras?: Record<...> | ... 1 more ... | undef...'.
server/lib/tenancy/tenantContext.ts(32,41): error TS2339: Property 'members' does not exist on type '{ id: string; createdAt: Date | null; updatedAt: Date | null; name: string; settings: unknown; slug: string; organizationId: string; }'.
server/lib/transforms/debugger.ts(1,26): error TS2305: Module '"shared/schema"' has no exported member 'TransformIssue'.
server/lib/transforms/debugger.ts(1,42): error TS2305: Module '"shared/schema"' has no exported member 'TransformFix'.
server/middleware/errorHandler.examples.ts(320,15): error TS2339: Property 'email' does not exist on type 'unknown'.
server/repositories/AnalyticsRepository.ts(9,8): error TS2724: '"@shared/schema"' has no exported member named 'AnalyticsEvent'. Did you mean 'analyticsEvents'?
server/repositories/AnalyticsRepository.ts(10,3): error TS2724: '"@shared/schema"' has no exported member named 'insertAnalyticsEventSchema'. Did you mean 'insertMetricsEventSchema'?
server/repositories/DatavaultDatabasesRepository.ts(8,59): error TS2724: '"../../shared/schema"' has no exported member named 'DatavaultScopeType'. Did you mean 'datavaultScopeTypeEnum'?
server/repositories/FileRepository.ts(3,22): error TS2724: '"@shared/schema"' has no exported member named 'File'. Did you mean 'files'?
server/repositories/FileRepository.ts(3,33): error TS2305: Module '"@shared/schema"' has no exported member 'InsertFile'.
server/repositories/UserPreferencesRepository.ts(3,54): error TS2724: '"@shared/schema"' has no exported member named 'InsertUserPreferences'. Did you mean 'UserPreferences'?
server/repositories/WorkflowTemplateRepository.ts(3,57): error TS2724: '"@shared/schema"' has no exported member named 'InsertWorkflowTemplate'. Did you mean 'WorkflowTemplate'?
server/routes/admin.ts(52,33): error TS2769: No overload matches this call.
  Overload 1 of 2, '(value: { name: string | SQL<unknown> | Placeholder<string, any>; slug: string | SQL<unknown> | Placeholder<string, any>; organizationId: string | SQL<unknown> | Placeholder<...>; id?: string | ... 2 more ... | undefined; createdAt?: SQL<...> | ... 3 more ... | undefined; updatedAt?: SQL<...> | ... 3 more ... | undefined; settings?: unknown; }): PgInsertBase<...>', gave the following error.
    Object literal may only specify known properties, and 'tenantId' does not exist in type '{ name: string | SQL<unknown> | Placeholder<string, any>; slug: string | SQL<unknown> | Placeholder<string, any>; organizationId: string | SQL<unknown> | Placeholder<...>; id?: string | ... 2 more ... | undefined; createdAt?: SQL<...> | ... 3 more ... | undefined; updatedAt?: SQL<...> | ... 3 more ... | undefined; s...'.
  Overload 2 of 2, '(values: { name: string | SQL<unknown> | Placeholder<string, any>; slug: string | SQL<unknown> | Placeholder<string, any>; organizationId: string | SQL<unknown> | Placeholder<...>; id?: string | ... 2 more ... | undefined; createdAt?: SQL<...> | ... 3 more ... | undefined; updatedAt?: SQL<...> | ... 3 more ... | undefined; settings?: unknown; }[]): PgInsertBase<...>', gave the following error.
    Object literal may only specify known properties, and 'organizationId' does not exist in type '{ name: string | SQL<unknown> | Placeholder<string, any>; slug: string | SQL<unknown> | Placeholder<string, any>; organizationId: string | SQL<unknown> | Placeholder<...>; id?: string | ... 2 more ... | undefined; createdAt?: SQL<...> | ... 3 more ... | undefined; updatedAt?: SQL<...> | ... 3 more ... | undefined; s...'.
server/routes/auth.routes.ts(193,3): error TS2304: Cannot find name 'rateLimit'.
server/routes/auth.routes.ts(226,76): error TS2345: Argument of type '(string | undefined)[]' is not assignable to parameter of type 'string[]'.
  Type 'string | undefined' is not assignable to type 'string'.
    Type 'undefined' is not assignable to type 'string'.
server/routes/auth.routes.ts(242,9): error TS2322: Type 'string | null' is not assignable to type '"owner" | "builder" | "runner" | "viewer" | null | undefined'.
  Type 'string' is not assignable to type '"owner" | "builder" | "runner" | "viewer" | null | undefined'.
server/routes/auth.routes.ts(971,9): error TS2345: Argument of type '"all_sessions_revoked"' is not assignable to parameter of type 'SecurityEventType.SESSION_CREATED | SecurityEventType.SESSION_REVOKED | SecurityEventType.ALL_SESSIONS_REVOKED'.
server/routes/branding.routes.ts(145,42): error TS2304: Cannot find name 'z'.
server/routes/branding.routes.ts(146,19): error TS2304: Cannot find name 'z'.
server/routes/finalBlock.routes.ts(165,11): error TS2353: Object literal may only specify known properties, and 'pdfStrategy' does not exist in type 'FinalBlockRenderRequest'.
server/routes/finalBlock.routes.ts(261,11): error TS2353: Object literal may only specify known properties, and 'pdfStrategy' does not exist in type 'FinalBlockRenderRequest'.
server/routes/projects.routes.ts(272,68): error TS2345: Argument of type '{ principalType: "user" | "team"; principalId: string; }[]' is not assignable to parameter of type '{ principalType: PrincipalType; principalId: string; }[]'.
  Type '{ principalType: "user" | "team"; principalId: string; }' is not assignable to type '{ principalType: PrincipalType; principalId: string; }'.
    Types of property 'principalType' are incompatible.
      Type '"user" | "team"' is not assignable to type 'PrincipalType'.
        Type '"team"' is not assignable to type 'PrincipalType'.
server/routes/public.routes.ts(71,51): error TS2339: Property 'workspaceId' does not exist on type '{ id: string; createdAt: Date | null; title: string; description: string | null; updatedAt: Date | null; name: string | null; status: "draft" | "active" | "archived"; projectId: string | null; ... 12 more ...; sourceBlueprintId: string | null; }'.
server/routes/workflows.routes.ts(430,84): error TS2345: Argument of type '{ role: "view" | "owner" | "edit"; principalType: "user" | "team"; principalId: string; }[]' is not assignable to parameter of type '{ principalType: PrincipalType; principalId: string; role: string; }[]'.
  Type '{ role: "view" | "owner" | "edit"; principalType: "user" | "team"; principalId: string; }' is not assignable to type '{ principalType: PrincipalType; principalId: string; role: string; }'.
    Types of property 'principalType' are incompatible.
      Type '"user" | "team"' is not assignable to type 'PrincipalType'.
        Type '"team"' is not assignable to type 'PrincipalType'.
server/routes/workflows.routes.ts(471,70): error TS2345: Argument of type '{ principalType: "user" | "team"; principalId: string; }[]' is not assignable to parameter of type '{ principalType: PrincipalType; principalId: string; }[]'.
  Type '{ principalType: "user" | "team"; principalId: string; }' is not assignable to type '{ principalType: PrincipalType; principalId: string; }'.
    Types of property 'principalType' are incompatible.
      Type '"user" | "team"' is not assignable to type 'PrincipalType'.
        Type '"team"' is not assignable to type 'PrincipalType'.
server/services/ai/index.ts(14,1): error TS2308: Module './types' has already exported a member named 'TYPE_ALIASES'. Consider explicitly re-exporting to resolve the ambiguity.
server/services/ai/index.ts(14,1): error TS2308: Module './types' has already exported a member named 'VALID_STEP_TYPES'. Consider explicitly re-exporting to resolve the ambiguity.
server/services/AuthService.ts(85,17): error TS2322: Type '"user" | "admin" | "creator" | "guest"' is not assignable to type '"admin" | "creator" | "owner" | "builder" | "runner" | "viewer" | null'.
  Type '"user"' is not assignable to type '"admin" | "creator" | "owner" | "builder" | "runner" | "viewer" | null'.
server/services/AuthService.ts(331,56): error TS2304: Cannot find name 'RefreshTokenMetadata'.
server/services/DatavaultDatabasesService.ts(4,34): error TS2724: '"../../shared/schema"' has no exported member named 'DatavaultScopeType'. Did you mean 'datavaultScopeTypeEnum'?
server/services/DatavaultTablePermissionsService.ts(4,3): error TS2724: '"@shared/schema"' has no exported member named 'DatavaultTableRole'. Did you mean 'datavaultTableRoleEnum'?
server/services/DatavaultTablePermissionsService.ts(85,60): error TS2366: Function lacks ending return statement and return type does not include 'undefined'.
server/services/DatavaultTablesService.ts(1,53): error TS2724: '"@shared/schema"' has no exported member named 'DatavaultTableRole'. Did you mean 'datavaultTableRoleEnum'?
server/services/DatavaultTablesService.ts(82,60): error TS2366: Function lacks ending return statement and return type does not include 'undefined'.
server/services/document/EnhancedDocumentEngine.ts(400,11): error TS2353: Object literal may only specify known properties, and 'pdfStrategy' does not exist in type 'EnhancedGenerationOptions'.
server/services/DocumentGenerationService.ts(210,9): error TS2353: Object literal may only specify known properties, and 'pdfStrategy' does not exist in type 'DocumentGenerationOptions'.
server/services/docxRenderer.ts(119,31): error TS2304: Cannot find name 'convertDocxToPdf'.
server/services/externalConnections.ts(72,47): error TS2339: Property 'secretId' does not exist on type 'PgTableWithColumns<{ name: "connections"; schema: undefined; columns: { id: PgColumn<{ name: "id"; tableName: "connections"; dataType: "string"; columnType: "PgUUID"; data: string; driverParam: string; notNull: true; hasDefault: true; ... 6 more ...; generated: undefined; }, {}, {}>; ... 16 more ...; updatedAt: PgCo...'.
server/services/externalConnections.ts(102,47): error TS2339: Property 'secretId' does not exist on type 'PgTableWithColumns<{ name: "connections"; schema: undefined; columns: { id: PgColumn<{ name: "id"; tableName: "connections"; dataType: "string"; columnType: "PgUUID"; data: string; driverParam: string; notNull: true; hasDefault: true; ... 6 more ...; generated: undefined; }, {}, {}>; ... 16 more ...; updatedAt: PgCo...'.
server/services/externalConnections.ts(112,5): error TS2322: Type 'string | null' is not assignable to type 'string'.
  Type 'null' is not assignable to type 'string'.
server/services/externalConnections.ts(113,28): error TS2339: Property 'authType' does not exist on type '{ id: string; tenantId: string; projectId: string; name: string; type: "api_key" | "bearer" | "oauth2_client_credentials" | "oauth2_3leg"; baseUrl: string | null; authConfig: unknown; secretRefs: unknown; ... 9 more ...; updatedAt: Date | null; }'.
server/services/externalConnections.ts(114,28): error TS2339: Property 'secretId' does not exist on type '{ id: string; tenantId: string; projectId: string; name: string; type: "api_key" | "bearer" | "oauth2_client_credentials" | "oauth2_3leg"; baseUrl: string | null; authConfig: unknown; secretRefs: unknown; ... 9 more ...; updatedAt: Date | null; }'.
server/services/externalConnections.ts(135,47): error TS2339: Property 'secretId' does not exist on type 'PgTableWithColumns<{ name: "connections"; schema: undefined; columns: { id: PgColumn<{ name: "id"; tableName: "connections"; dataType: "string"; columnType: "PgUUID"; data: string; driverParam: string; notNull: true; hasDefault: true; ... 6 more ...; generated: undefined; }, {}, {}>; ... 16 more ...; updatedAt: PgCo...'.
server/services/externalConnections.ts(145,5): error TS2322: Type 'string | null' is not assignable to type 'string'.
  Type 'null' is not assignable to type 'string'.
server/services/externalConnections.ts(146,28): error TS2339: Property 'authType' does not exist on type '{ id: string; tenantId: string; projectId: string; name: string; type: "api_key" | "bearer" | "oauth2_client_credentials" | "oauth2_3leg"; baseUrl: string | null; authConfig: unknown; secretRefs: unknown; ... 9 more ...; updatedAt: Date | null; }'.
server/services/externalConnections.ts(147,28): error TS2339: Property 'secretId' does not exist on type '{ id: string; tenantId: string; projectId: string; name: string; type: "api_key" | "bearer" | "oauth2_client_credentials" | "oauth2_3leg"; baseUrl: string | null; authConfig: unknown; secretRefs: unknown; ... 9 more ...; updatedAt: Date | null; }'.
server/services/externalConnections.ts(199,6): error TS2769: No overload matches this call.
  Overload 1 of 2, '(value: { type: SQL<unknown> | "api_key" | "bearer" | "oauth2_client_credentials" | "oauth2_3leg" | Placeholder<string, any>; name: string | SQL<unknown> | Placeholder<string, any>; ... 15 more ...; lastTestedAt?: SQL<...> | ... 3 more ... | undefined; }): PgInsertBase<...>', gave the following error.
    Object literal may only specify known properties, and 'authType' does not exist in type '{ type: SQL<unknown> | "api_key" | "bearer" | "oauth2_client_credentials" | "oauth2_3leg" | Placeholder<string, any>; name: string | SQL<unknown> | Placeholder<string, any>; ... 15 more ...; lastTestedAt?: SQL<...> | ... 3 more ... | undefined; }'.
  Overload 2 of 2, '(values: { type: SQL<unknown> | "api_key" | "bearer" | "oauth2_client_credentials" | "oauth2_3leg" | Placeholder<string, any>; name: string | SQL<unknown> | Placeholder<string, any>; ... 15 more ...; lastTestedAt?: SQL<...> | ... 3 more ... | undefined; }[]): PgInsertBase<...>', gave the following error.
    Object literal may only specify known properties, and 'projectId' does not exist in type '{ type: SQL<unknown> | "api_key" | "bearer" | "oauth2_client_credentials" | "oauth2_3leg" | Placeholder<string, any>; name: string | SQL<unknown> | Placeholder<string, any>; ... 15 more ...; lastTestedAt?: SQL<...> | ... 3 more ... | undefined; }[]'.
server/services/externalConnections.ts(260,47): error TS2339: Property 'authType' does not exist on type 'Partial<{ type: "api_key" | "bearer" | "oauth2_client_credentials" | "oauth2_3leg"; name: string; projectId: string; tenantId: string; enabled?: boolean | undefined; id?: string | undefined; ... 11 more ...; lastTestedAt?: Date | ... 1 more ... | undefined; }>'.
server/services/externalConnections.ts(261,47): error TS2339: Property 'secretId' does not exist on type 'Partial<{ type: "api_key" | "bearer" | "oauth2_client_credentials" | "oauth2_3leg"; name: string; projectId: string; tenantId: string; enabled?: boolean | undefined; id?: string | undefined; ... 11 more ...; lastTestedAt?: Date | ... 1 more ... | undefined; }>'.
server/services/TeamService.ts(1,63): error TS2305: Module '"@shared/schema"' has no exported member 'TeamRole'.
server/services/TemplatePreviewService.ts(172,9): error TS2353: Object literal may only specify known properties, and 'pdfStrategy' does not exist in type 'EnhancedGenerationOptions'.
server/services/TemplateTestService.ts(215,15): error TS2339: Property 'convertDocxToPdf' does not exist on type 'typeof import("C:/Users/scoot/poll/VaultLogic/server/services/docxRenderer")'.
server/services/VariableService.ts(1,15): error TS2305: Module '"@shared/schema"' has no exported member 'WorkflowVariable'.
server/services/WorkflowService.ts(707,27): error TS2339: Property 'length' does not exist on type '{ id: string; title: string; description: string | null; creatorId: string | null; ownerId: string | null; modeOverride: string | null; publicLink: string | null; name: string | null; ... 12 more ...; sourceBlueprintId: string | null; }'.
server/services/WorkflowService.ts(731,36): error TS2345: Argument of type 'string | undefined' is not assignable to parameter of type 'string'.
  Type 'undefined' is not assignable to type 'string'.
server/services/WorkflowService.ts(740,22): error TS2769: No overload matches this call.
  Overload 1 of 3, '(left: PgColumn<{ name: "id"; tableName: "sections"; dataType: "string"; columnType: "PgUUID"; data: string; driverParam: string; notNull: true; hasDefault: true; isPrimaryKey: true; isAutoincrement: false; ... 4 more ...; generated: undefined; }, {}, {}>, right: string | SQLWrapper): SQL<...>', gave the following error.
    Argument of type 'string | undefined' is not assignable to parameter of type 'string | SQLWrapper'.
      Type 'undefined' is not assignable to type 'string | SQLWrapper'.
  Overload 2 of 3, '(left: Aliased<string | undefined>, right: string | SQLWrapper | undefined): SQL<unknown>', gave the following error.
    Argument of type 'PgColumn<{ name: "id"; tableName: "sections"; dataType: "string"; columnType: "PgUUID"; data: string; driverParam: string; notNull: true; hasDefault: true; isPrimaryKey: true; isAutoincrement: false; ... 4 more ...; generated: undefined; }, {}, {}>' is not assignable to parameter of type 'Aliased<string | undefined>'.
      Type 'PgColumn<{ name: "id"; tableName: "sections"; dataType: "string"; columnType: "PgUUID"; data: string; driverParam: string; notNull: true; hasDefault: true; isPrimaryKey: true; isAutoincrement: false; ... 4 more ...; generated: undefined; }, {}, {}>' is missing the following properties from type 'Aliased<string | undefined>': sql, fieldAlias
  Overload 3 of 3, '(left: never, right: unknown): SQL<unknown>', gave the following error.
    Argument of type 'PgColumn<{ name: "id"; tableName: "sections"; dataType: "string"; columnType: "PgUUID"; data: string; driverParam: string; notNull: true; hasDefault: true; isPrimaryKey: true; isAutoincrement: false; ... 4 more ...; generated: undefined; }, {}, {}>' is not assignable to parameter of type 'never'.
server/services/WorkflowService.ts(744,16): error TS2769: No overload matches this call.
  Overload 1 of 2, '(value: { workflowId: string | SQL<unknown> | Placeholder<string, any>; title: string | SQL<unknown> | Placeholder<string, any>; order: number | SQL<unknown> | Placeholder<...>; ... 6 more ...; skipIf?: unknown; }): PgInsertBase<...>', gave the following error.
    Type 'number | undefined' is not assignable to type 'number | SQL<unknown> | Placeholder<string, any>'.
      Type 'undefined' is not assignable to type 'number | SQL<unknown> | Placeholder<string, any>'.
  Overload 2 of 2, '(values: { workflowId: string | SQL<unknown> | Placeholder<string, any>; title: string | SQL<unknown> | Placeholder<string, any>; order: number | SQL<unknown> | Placeholder<...>; ... 6 more ...; skipIf?: unknown; }[]): PgInsertBase<...>', gave the following error.
    Object literal may only specify known properties, and 'workflowId' does not exist in type '{ workflowId: string | SQL<unknown> | Placeholder<string, any>; title: string | SQL<unknown> | Placeholder<string, any>; order: number | SQL<unknown> | Placeholder<...>; ... 6 more ...; skipIf?: unknown; }[]'.
server/services/WorkflowService.ts(759,67): error TS2769: No overload matches this call.
  Overload 1 of 3, '(left: PgColumn<{ name: "section_id"; tableName: "steps"; dataType: "string"; columnType: "PgUUID"; data: string; driverParam: string; notNull: true; hasDefault: false; isPrimaryKey: false; isAutoincrement: false; ... 4 more ...; generated: undefined; }, {}, {}>, right: string | SQLWrapper): SQL<...>', gave the following error.
    Argument of type 'string | undefined' is not assignable to parameter of type 'string | SQLWrapper'.
      Type 'undefined' is not assignable to type 'string | SQLWrapper'.
  Overload 2 of 3, '(left: Aliased<string | undefined>, right: string | SQLWrapper | undefined): SQL<unknown>', gave the following error.
    Argument of type 'PgColumn<{ name: "section_id"; tableName: "steps"; dataType: "string"; columnType: "PgUUID"; data: string; driverParam: string; notNull: true; hasDefault: false; isPrimaryKey: false; isAutoincrement: false; ... 4 more ...; generated: undefined; }, {}, {}>' is not assignable to parameter of type 'Aliased<string | undefined>'.
      Type 'PgColumn<{ name: "section_id"; tableName: "steps"; dataType: "string"; columnType: "PgUUID"; data: string; driverParam: string; notNull: true; hasDefault: false; isPrimaryKey: false; isAutoincrement: false; ... 4 more ...; generated: undefined; }, {}, {}>' is missing the following properties from type 'Aliased<string | undefined>': sql, fieldAlias
  Overload 3 of 3, '(left: never, right: unknown): SQL<unknown>', gave the following error.
    Argument of type 'PgColumn<{ name: "section_id"; tableName: "steps"; dataType: "string"; columnType: "PgUUID"; data: string; driverParam: string; notNull: true; hasDefault: false; isPrimaryKey: false; isAutoincrement: false; ... 4 more ...; generated: undefined; }, {}, {}>' is not assignable to parameter of type 'never'.
server/services/WorkflowService.ts(774,19): error TS2322: Type 'string' is not assignable to type '"number" | "boolean" | "short_text" | "long_text" | "text" | "currency" | "scale" | "email" | "phone" | "website" | "address" | "date" | "time" | "date_time" | "multiple_choice" | ... 25 more ... | undefined'.
server/services/WorkflowService.ts(782,19): error TS2769: No overload matches this call.
  Overload 2 of 2, '(values: { sectionId: string | SQL<unknown> | Placeholder<string, any>; type: "number" | "boolean" | "short_text" | "long_text" | "text" | "currency" | "scale" | "email" | ... 31 more ... | Placeholder<...>; ... 12 more ...; updatedAt?: SQL<...> | ... 3 more ... | undefined; }[]): PgInsertBase<...>', gave the following error.
    Object literal may only specify known properties, and 'sectionId' does not exist in type '{ sectionId: string | SQL<unknown> | Placeholder<string, any>; type: "number" | "boolean" | "short_text" | "long_text" | "text" | "currency" | "scale" | "email" | "phone" | ... 30 more ... | Placeholder<...>; ... 12 more ...; updatedAt?: SQL<...> | ... 3 more ... | undefined; }[]'.
server/services/WorkflowService.ts(814,11): error TS2769: No overload matches this call.
  Overload 1 of 2, '(value: { workflowId: string | SQL<unknown> | Placeholder<string, any>; operator: SQL<unknown> | "equals" | "not_equals" | "contains" | "not_contains" | "greater_than" | ... 4 more ... | Placeholder<...>; ... 10 more ...; logicalOperator?: string | ... 3 more ... | undefined; }): PgInsertBase<...>', gave the following error.
    Argument of type '{ workflowId: string; conditionStepAlias: string; operator: string; conditionValue: string; targetType: "section" | "step"; targetAlias: string; action: string; }[]' is not assignable to parameter of type '{ workflowId: string | SQL<unknown> | Placeholder<string, any>; operator: SQL<unknown> | "equals" | "not_equals" | "contains" | "not_contains" | "greater_than" | "less_than" | "between" | "is_empty" | "is_not_empty" | Placeholder<...>; ... 10 more ...; logicalOperator?: string | ... 3 more ... | undefined; }'.
      Type '{ workflowId: string; conditionStepAlias: string; operator: string; conditionValue: string; targetType: "section" | "step"; targetAlias: string; action: string; }[]' is missing the following properties from type '{ workflowId: string | SQL<unknown> | Placeholder<string, any>; operator: SQL<unknown> | "equals" | "not_equals" | "contains" | "not_contains" | "greater_than" | "less_than" | "between" | "is_empty" | "is_not_empty" | Placeholder<...>; ... 10 more ...; logicalOperator?: string | ... 3 more ... | undefined; }': workflowId, operator, action, conditionStepId, and 2 more.
  Overload 2 of 2, '(values: { workflowId: string | SQL<unknown> | Placeholder<string, any>; operator: SQL<unknown> | "equals" | "not_equals" | "contains" | "not_contains" | "greater_than" | ... 4 more ... | Placeholder<...>; ... 10 more ...; logicalOperator?: string | ... 3 more ... | undefined; }[]): PgInsertBase<...>', gave the following error.
    Argument of type '{ workflowId: string; conditionStepAlias: string; operator: string; conditionValue: string; targetType: "section" | "step"; targetAlias: string; action: string; }[]' is not assignable to parameter of type '{ workflowId: string | SQL<unknown> | Placeholder<string, any>; operator: SQL<unknown> | "equals" | "not_equals" | "contains" | "not_contains" | "greater_than" | "less_than" | "between" | "is_empty" | "is_not_empty" | Placeholder<...>; ... 10 more ...; logicalOperator?: string | ... 3 more ... | undefined; }[]'.
      Property 'conditionStepId' is missing in type '{ workflowId: string; conditionStepAlias: string; operator: string; conditionValue: string; targetType: "section" | "step"; targetAlias: string; action: string; }' but required in type '{ workflowId: string | SQL<unknown> | Placeholder<string, any>; operator: SQL<unknown> | "equals" | "not_equals" | "contains" | "not_contains" | "greater_than" | "less_than" | "between" | "is_empty" | "is_not_empty" | Placeholder<...>; ... 10 more ...; logicalOperator?: string | ... 3 more ... | undefined; }'.
server/services/WorkflowService.ts(827,9): error TS2769: No overload matches this call.
  Overload 1 of 2, '(value: { action: string | SQL<unknown> | Placeholder<string, any>; entityType: string | SQL<unknown> | Placeholder<string, any>; entityId: string | SQL<unknown> | Placeholder<...>; ... 11 more ...; timestamp?: SQL<...> | ... 3 more ... | undefined; }): PgInsertBase<...>', gave the following error.
    Object literal may only specify known properties, and 'actorId' does not exist in type '{ action: string | SQL<unknown> | Placeholder<string, any>; entityType: string | SQL<unknown> | Placeholder<string, any>; entityId: string | SQL<unknown> | Placeholder<...>; ... 11 more ...; timestamp?: SQL<...> | ... 3 more ... | undefined; }'.
  Overload 2 of 2, '(values: { action: string | SQL<unknown> | Placeholder<string, any>; entityType: string | SQL<unknown> | Placeholder<string, any>; entityId: string | SQL<unknown> | Placeholder<...>; ... 11 more ...; timestamp?: SQL<...> | ... 3 more ... | undefined; }[]): PgInsertBase<...>', gave the following error.
    Object literal may only specify known properties, and 'actorId' does not exist in type '{ action: string | SQL<unknown> | Placeholder<string, any>; entityType: string | SQL<unknown> | Placeholder<string, any>; entityId: string | SQL<unknown> | Placeholder<...>; ... 11 more ...; timestamp?: SQL<...> | ... 3 more ... | undefined; }[]'.
server/services/WorkflowTemplateService.ts(1,33): error TS2724: '"@shared/schema"' has no exported member named 'InsertWorkflowTemplate'. Did you mean 'WorkflowTemplate'?
server/storage.ts(23,8): error TS2724: '"@shared/schema"' has no exported member named 'SurveyPage'. Did you mean 'surveyPages'?
server/storage.ts(27,8): error TS2724: '"@shared/schema"' has no exported member named 'LoopGroupSubquestion'. Did you mean 'loopGroupSubquestions'?
server/storage.ts(29,8): error TS2724: '"@shared/schema"' has no exported member named 'ConditionalRule'. Did you mean 'conditionalRules'?
server/storage.ts(30,8): error TS2724: '"@shared/schema"' has no exported member named 'InsertConditionalRule'. Did you mean 'conditionalRules'?
server/storage.ts(34,8): error TS2724: '"@shared/schema"' has no exported member named 'Answer'. Did you mean 'answers'?
server/storage.ts(35,8): error TS2724: '"@shared/schema"' has no exported member named 'InsertAnswer'. Did you mean 'InsertUser'?
server/storage.ts(36,8): error TS2724: '"@shared/schema"' has no exported member named 'AnalyticsEvent'. Did you mean 'analyticsEvents'?
server/storage.ts(44,8): error TS2724: '"@shared/schema"' has no exported member named 'File'. Did you mean 'files'?
server/storage.ts(50,8): error TS2724: '"@shared/schema"' has no exported member named 'AnonymousResponseTracking'. Did you mean 'anonymousResponseTracking'?
server/utils/stepConfigUtils.ts(389,26): error TS2339: Property 'allowMultiple' does not exist on type 'ChoiceAdvancedConfig | LegacyMultipleChoiceConfig'.
  Property 'allowMultiple' does not exist on type 'LegacyMultipleChoiceConfig'.
server/utils/stepConfigUtils.ts(735,28): error TS2339: Property 'allowMultiple' does not exist on type 'ChoiceAdvancedConfig | LegacyMultipleChoiceConfig'.
  Property 'allowMultiple' does not exist on type 'LegacyMultipleChoiceConfig'.
server/utils/variableResolver.ts(1,15): error TS2305: Module '"@shared/schema"' has no exported member 'WorkflowVariable'.
shared/conditionalLogic.ts(9,3): error TS2724: '"./schema"' has no exported member named 'ConditionalRule'. Did you mean 'conditionalRules'?
shared/conditionalLogic.ts(222,53): error TS2345: Argument of type 'unknown' is not assignable to parameter of type 'ConditionalRule[]'.
tests/helpers/authMocks.ts(78,5): error TS2353: Object literal may only specify known properties, and 'session' does not exist in type 'Partial<Request<ParamsDictionary, any, any, ParsedQs, Record<string, any>>>'.
tests/integration/auth.flows.real.test.ts(48,3): error TS2304: Cannot find name 'afterEach'.
tests/integration/auth/protected.routes.test.ts(523,20): error TS18048: 'run' is possibly 'undefined'.
tests/integration/auth/protected.routes.test.ts(566,20): error TS18048: 'run' is possibly 'undefined'.
tests/integration/externalSends.test.ts(9,10): error TS2724: '"@shared/schema"' has no exported member named 'InsertTenant'. Did you mean 'InsertTeam'?
tests/integration/workflow_versioning.test.ts(5,115): error TS2305: Module '"@shared/schema"' has no exported member 'auditEvents'.
tests/ListTools.test.ts(88,60): error TS2345: Argument of type '{ id: string; workflowId: string; type: "list_tools"; phase: "onNext"; config: ListToolsConfig; createdAt: Date; updatedAt: Date; enabled: boolean; order: number; }' is not assignable to parameter of type '{ workflowId: string; config: unknown; enabled: boolean; id: string; createdAt: Date | null; sectionId: string | null; type: "prefill" | "validate" | "branch" | "query" | "read_table" | ... 6 more ... | "delete_record"; order: number; updatedAt: Date | null; phase: "onRunStart" | ... 3 more ... | "onRunComplete"; vi...'.
  Type '{ id: string; workflowId: string; type: "list_tools"; phase: "onNext"; config: ListToolsConfig; createdAt: Date; updatedAt: Date; enabled: boolean; order: number; }' is missing the following properties from type '{ workflowId: string; config: unknown; enabled: boolean; id: string; createdAt: Date | null; sectionId: string | null; type: "prefill" | "validate" | "branch" | "query" | "read_table" | ... 6 more ... | "delete_record"; order: number; updatedAt: Date | null; phase: "onRunStart" | ... 3 more ... | "onRunComplete"; vi...': sectionId, virtualStepId
tests/ListTools.test.ts(119,60): error TS2345: Argument of type '{ id: string; workflowId: string; type: "list_tools"; phase: "onNext"; config: ListToolsConfig; createdAt: Date; updatedAt: Date; enabled: boolean; order: number; }' is not assignable to parameter of type '{ workflowId: string; config: unknown; enabled: boolean; id: string; createdAt: Date | null; sectionId: string | null; type: "prefill" | "validate" | "branch" | "query" | "read_table" | ... 6 more ... | "delete_record"; order: number; updatedAt: Date | null; phase: "onRunStart" | ... 3 more ... | "onRunComplete"; vi...'.
  Type '{ id: string; workflowId: string; type: "list_tools"; phase: "onNext"; config: ListToolsConfig; createdAt: Date; updatedAt: Date; enabled: boolean; order: number; }' is missing the following properties from type '{ workflowId: string; config: unknown; enabled: boolean; id: string; createdAt: Date | null; sectionId: string | null; type: "prefill" | "validate" | "branch" | "query" | "read_table" | ... 6 more ... | "delete_record"; order: number; updatedAt: Date | null; phase: "onRunStart" | ... 3 more ... | "onRunComplete"; vi...': sectionId, virtualStepId
tests/ListTools.test.ts(151,60): error TS2345: Argument of type '{ id: string; workflowId: string; type: "list_tools"; phase: "onNext"; config: ListToolsConfig; createdAt: Date; updatedAt: Date; enabled: boolean; order: number; }' is not assignable to parameter of type '{ workflowId: string; config: unknown; enabled: boolean; id: string; createdAt: Date | null; sectionId: string | null; type: "prefill" | "validate" | "branch" | "query" | "read_table" | ... 6 more ... | "delete_record"; order: number; updatedAt: Date | null; phase: "onRunStart" | ... 3 more ... | "onRunComplete"; vi...'.
  Type '{ id: string; workflowId: string; type: "list_tools"; phase: "onNext"; config: ListToolsConfig; createdAt: Date; updatedAt: Date; enabled: boolean; order: number; }' is missing the following properties from type '{ workflowId: string; config: unknown; enabled: boolean; id: string; createdAt: Date | null; sectionId: string | null; type: "prefill" | "validate" | "branch" | "query" | "read_table" | ... 6 more ... | "delete_record"; order: number; updatedAt: Date | null; phase: "onRunStart" | ... 3 more ... | "onRunComplete"; vi...': sectionId, virtualStepId
tests/ListTools.test.ts(182,60): error TS2345: Argument of type '{ id: string; workflowId: string; type: "list_tools"; phase: "onNext"; config: ListToolsConfig; createdAt: Date; updatedAt: Date; enabled: boolean; order: number; }' is not assignable to parameter of type '{ workflowId: string; config: unknown; enabled: boolean; id: string; createdAt: Date | null; sectionId: string | null; type: "prefill" | "validate" | "branch" | "query" | "read_table" | ... 6 more ... | "delete_record"; order: number; updatedAt: Date | null; phase: "onRunStart" | ... 3 more ... | "onRunComplete"; vi...'.
  Type '{ id: string; workflowId: string; type: "list_tools"; phase: "onNext"; config: ListToolsConfig; createdAt: Date; updatedAt: Date; enabled: boolean; order: number; }' is missing the following properties from type '{ workflowId: string; config: unknown; enabled: boolean; id: string; createdAt: Date | null; sectionId: string | null; type: "prefill" | "validate" | "branch" | "query" | "read_table" | ... 6 more ... | "delete_record"; order: number; updatedAt: Date | null; phase: "onRunStart" | ... 3 more ... | "onRunComplete"; vi...': sectionId, virtualStepId
tests/ListTools.test.ts(211,60): error TS2345: Argument of type '{ id: string; workflowId: string; type: "list_tools"; phase: "onNext"; config: ListToolsConfig; createdAt: Date; updatedAt: Date; enabled: boolean; order: number; }' is not assignable to parameter of type '{ workflowId: string; config: unknown; enabled: boolean; id: string; createdAt: Date | null; sectionId: string | null; type: "prefill" | "validate" | "branch" | "query" | "read_table" | ... 6 more ... | "delete_record"; order: number; updatedAt: Date | null; phase: "onRunStart" | ... 3 more ... | "onRunComplete"; vi...'.
  Type '{ id: string; workflowId: string; type: "list_tools"; phase: "onNext"; config: ListToolsConfig; createdAt: Date; updatedAt: Date; enabled: boolean; order: number; }' is missing the following properties from type '{ workflowId: string; config: unknown; enabled: boolean; id: string; createdAt: Date | null; sectionId: string | null; type: "prefill" | "validate" | "branch" | "query" | "read_table" | ... 6 more ... | "delete_record"; order: number; updatedAt: Date | null; phase: "onRunStart" | ... 3 more ... | "onRunComplete"; vi...': sectionId, virtualStepId
tests/ListTools.test.ts(239,60): error TS2345: Argument of type '{ id: string; workflowId: string; type: "list_tools"; phase: "onNext"; config: ListToolsConfig; createdAt: Date; updatedAt: Date; enabled: boolean; order: number; }' is not assignable to parameter of type '{ workflowId: string; config: unknown; enabled: boolean; id: string; createdAt: Date | null; sectionId: string | null; type: "prefill" | "validate" | "branch" | "query" | "read_table" | ... 6 more ... | "delete_record"; order: number; updatedAt: Date | null; phase: "onRunStart" | ... 3 more ... | "onRunComplete"; vi...'.
  Type '{ id: string; workflowId: string; type: "list_tools"; phase: "onNext"; config: ListToolsConfig; createdAt: Date; updatedAt: Date; enabled: boolean; order: number; }' is missing the following properties from type '{ workflowId: string; config: unknown; enabled: boolean; id: string; createdAt: Date | null; sectionId: string | null; type: "prefill" | "validate" | "branch" | "query" | "read_table" | ... 6 more ... | "delete_record"; order: number; updatedAt: Date | null; phase: "onRunStart" | ... 3 more ... | "onRunComplete"; vi...': sectionId, virtualStepId
tests/ListTools.test.ts(268,60): error TS2345: Argument of type '{ id: string; workflowId: string; type: "list_tools"; phase: "onNext"; config: ListToolsConfig; createdAt: Date; updatedAt: Date; enabled: boolean; order: number; }' is not assignable to parameter of type '{ workflowId: string; config: unknown; enabled: boolean; id: string; createdAt: Date | null; sectionId: string | null; type: "prefill" | "validate" | "branch" | "query" | "read_table" | ... 6 more ... | "delete_record"; order: number; updatedAt: Date | null; phase: "onRunStart" | ... 3 more ... | "onRunComplete"; vi...'.
  Type '{ id: string; workflowId: string; type: "list_tools"; phase: "onNext"; config: ListToolsConfig; createdAt: Date; updatedAt: Date; enabled: boolean; order: number; }' is missing the following properties from type '{ workflowId: string; config: unknown; enabled: boolean; id: string; createdAt: Date | null; sectionId: string | null; type: "prefill" | "validate" | "branch" | "query" | "read_table" | ... 6 more ... | "delete_record"; order: number; updatedAt: Date | null; phase: "onRunStart" | ... 3 more ... | "onRunComplete"; vi...': sectionId, virtualStepId
tests/ListTools.test.ts(298,60): error TS2345: Argument of type '{ id: string; workflowId: string; type: "list_tools"; phase: "onNext"; config: ListToolsConfig; createdAt: Date; updatedAt: Date; enabled: boolean; order: number; }' is not assignable to parameter of type '{ workflowId: string; config: unknown; enabled: boolean; id: string; createdAt: Date | null; sectionId: string | null; type: "prefill" | "validate" | "branch" | "query" | "read_table" | ... 6 more ... | "delete_record"; order: number; updatedAt: Date | null; phase: "onRunStart" | ... 3 more ... | "onRunComplete"; vi...'.
  Type '{ id: string; workflowId: string; type: "list_tools"; phase: "onNext"; config: ListToolsConfig; createdAt: Date; updatedAt: Date; enabled: boolean; order: number; }' is missing the following properties from type '{ workflowId: string; config: unknown; enabled: boolean; id: string; createdAt: Date | null; sectionId: string | null; type: "prefill" | "validate" | "branch" | "query" | "read_table" | ... 6 more ... | "delete_record"; order: number; updatedAt: Date | null; phase: "onRunStart" | ... 3 more ... | "onRunComplete"; vi...': sectionId, virtualStepId
tests/ListTools.test.ts(323,60): error TS2345: Argument of type '{ id: string; workflowId: string; type: "list_tools"; phase: "onNext"; config: ListToolsConfig; createdAt: Date; updatedAt: Date; enabled: boolean; order: number; }' is not assignable to parameter of type '{ workflowId: string; config: unknown; enabled: boolean; id: string; createdAt: Date | null; sectionId: string | null; type: "prefill" | "validate" | "branch" | "query" | "read_table" | ... 6 more ... | "delete_record"; order: number; updatedAt: Date | null; phase: "onRunStart" | ... 3 more ... | "onRunComplete"; vi...'.
  Type '{ id: string; workflowId: string; type: "list_tools"; phase: "onNext"; config: ListToolsConfig; createdAt: Date; updatedAt: Date; enabled: boolean; order: number; }' is missing the following properties from type '{ workflowId: string; config: unknown; enabled: boolean; id: string; createdAt: Date | null; sectionId: string | null; type: "prefill" | "validate" | "branch" | "query" | "read_table" | ... 6 more ... | "delete_record"; order: number; updatedAt: Date | null; phase: "onRunStart" | ... 3 more ... | "onRunComplete"; vi...': sectionId, virtualStepId
tests/ListTools.test.ts(350,60): error TS2345: Argument of type '{ id: string; workflowId: string; type: "list_tools"; phase: "onNext"; config: ListToolsConfig; createdAt: Date; updatedAt: Date; enabled: boolean; order: number; }' is not assignable to parameter of type '{ workflowId: string; config: unknown; enabled: boolean; id: string; createdAt: Date | null; sectionId: string | null; type: "prefill" | "validate" | "branch" | "query" | "read_table" | ... 6 more ... | "delete_record"; order: number; updatedAt: Date | null; phase: "onRunStart" | ... 3 more ... | "onRunComplete"; vi...'.
  Type '{ id: string; workflowId: string; type: "list_tools"; phase: "onNext"; config: ListToolsConfig; createdAt: Date; updatedAt: Date; enabled: boolean; order: number; }' is missing the following properties from type '{ workflowId: string; config: unknown; enabled: boolean; id: string; createdAt: Date | null; sectionId: string | null; type: "prefill" | "validate" | "branch" | "query" | "read_table" | ... 6 more ... | "delete_record"; order: number; updatedAt: Date | null; phase: "onRunStart" | ... 3 more ... | "onRunComplete"; vi...': sectionId, virtualStepId
tests/ListTools.test.ts(379,60): error TS2345: Argument of type '{ id: string; workflowId: string; type: "list_tools"; phase: "onNext"; config: ListToolsConfig; createdAt: Date; updatedAt: Date; enabled: boolean; order: number; }' is not assignable to parameter of type '{ workflowId: string; config: unknown; enabled: boolean; id: string; createdAt: Date | null; sectionId: string | null; type: "prefill" | "validate" | "branch" | "query" | "read_table" | ... 6 more ... | "delete_record"; order: number; updatedAt: Date | null; phase: "onRunStart" | ... 3 more ... | "onRunComplete"; vi...'.
  Type '{ id: string; workflowId: string; type: "list_tools"; phase: "onNext"; config: ListToolsConfig; createdAt: Date; updatedAt: Date; enabled: boolean; order: number; }' is missing the following properties from type '{ workflowId: string; config: unknown; enabled: boolean; id: string; createdAt: Date | null; sectionId: string | null; type: "prefill" | "validate" | "branch" | "query" | "read_table" | ... 6 more ... | "delete_record"; order: number; updatedAt: Date | null; phase: "onRunStart" | ... 3 more ... | "onRunComplete"; vi...': sectionId, virtualStepId
tests/ListTools.test.ts(417,60): error TS2345: Argument of type '{ id: string; workflowId: string; type: "list_tools"; phase: "onNext"; config: ListToolsConfig; createdAt: Date; updatedAt: Date; enabled: boolean; order: number; }' is not assignable to parameter of type '{ workflowId: string; config: unknown; enabled: boolean; id: string; createdAt: Date | null; sectionId: string | null; type: "prefill" | "validate" | "branch" | "query" | "read_table" | ... 6 more ... | "delete_record"; order: number; updatedAt: Date | null; phase: "onRunStart" | ... 3 more ... | "onRunComplete"; vi...'.
  Type '{ id: string; workflowId: string; type: "list_tools"; phase: "onNext"; config: ListToolsConfig; createdAt: Date; updatedAt: Date; enabled: boolean; order: number; }' is missing the following properties from type '{ workflowId: string; config: unknown; enabled: boolean; id: string; createdAt: Date | null; sectionId: string | null; type: "prefill" | "validate" | "branch" | "query" | "read_table" | ... 6 more ... | "delete_record"; order: number; updatedAt: Date | null; phase: "onRunStart" | ... 3 more ... | "onRunComplete"; vi...': sectionId, virtualStepId
tests/ListTools.test.ts(450,60): error TS2345: Argument of type '{ id: string; workflowId: string; type: "list_tools"; phase: "onNext"; config: ListToolsConfig; createdAt: Date; updatedAt: Date; enabled: boolean; order: number; }' is not assignable to parameter of type '{ workflowId: string; config: unknown; enabled: boolean; id: string; createdAt: Date | null; sectionId: string | null; type: "prefill" | "validate" | "branch" | "query" | "read_table" | ... 6 more ... | "delete_record"; order: number; updatedAt: Date | null; phase: "onRunStart" | ... 3 more ... | "onRunComplete"; vi...'.
  Type '{ id: string; workflowId: string; type: "list_tools"; phase: "onNext"; config: ListToolsConfig; createdAt: Date; updatedAt: Date; enabled: boolean; order: number; }' is missing the following properties from type '{ workflowId: string; config: unknown; enabled: boolean; id: string; createdAt: Date | null; sectionId: string | null; type: "prefill" | "validate" | "branch" | "query" | "read_table" | ... 6 more ... | "delete_record"; order: number; updatedAt: Date | null; phase: "onRunStart" | ... 3 more ... | "onRunComplete"; vi...': sectionId, virtualStepId
tests/ListTools.test.ts(478,60): error TS2345: Argument of type '{ id: string; workflowId: string; type: "list_tools"; phase: "onNext"; config: ListToolsConfig; createdAt: Date; updatedAt: Date; enabled: boolean; order: number; }' is not assignable to parameter of type '{ workflowId: string; config: unknown; enabled: boolean; id: string; createdAt: Date | null; sectionId: string | null; type: "prefill" | "validate" | "branch" | "query" | "read_table" | ... 6 more ... | "delete_record"; order: number; updatedAt: Date | null; phase: "onRunStart" | ... 3 more ... | "onRunComplete"; vi...'.
  Type '{ id: string; workflowId: string; type: "list_tools"; phase: "onNext"; config: ListToolsConfig; createdAt: Date; updatedAt: Date; enabled: boolean; order: number; }' is missing the following properties from type '{ workflowId: string; config: unknown; enabled: boolean; id: string; createdAt: Date | null; sectionId: string | null; type: "prefill" | "validate" | "branch" | "query" | "read_table" | ... 6 more ... | "delete_record"; order: number; updatedAt: Date | null; phase: "onRunStart" | ... 3 more ... | "onRunComplete"; vi...': sectionId, virtualStepId
tests/ListTools.test.ts(522,60): error TS2345: Argument of type '{ id: string; workflowId: string; type: "list_tools"; phase: "onNext"; config: ListToolsConfig; createdAt: Date; updatedAt: Date; enabled: boolean; order: number; }' is not assignable to parameter of type '{ workflowId: string; config: unknown; enabled: boolean; id: string; createdAt: Date | null; sectionId: string | null; type: "prefill" | "validate" | "branch" | "query" | "read_table" | ... 6 more ... | "delete_record"; order: number; updatedAt: Date | null; phase: "onRunStart" | ... 3 more ... | "onRunComplete"; vi...'.
  Type '{ id: string; workflowId: string; type: "list_tools"; phase: "onNext"; config: ListToolsConfig; createdAt: Date; updatedAt: Date; enabled: boolean; order: number; }' is missing the following properties from type '{ workflowId: string; config: unknown; enabled: boolean; id: string; createdAt: Date | null; sectionId: string | null; type: "prefill" | "validate" | "branch" | "query" | "read_table" | ... 6 more ... | "delete_record"; order: number; updatedAt: Date | null; phase: "onRunStart" | ... 3 more ... | "onRunComplete"; vi...': sectionId, virtualStepId
tests/ListTools.test.ts(570,60): error TS2345: Argument of type '{ id: string; workflowId: string; type: "list_tools"; phase: "onNext"; config: ListToolsConfig; createdAt: Date; updatedAt: Date; enabled: boolean; order: number; }' is not assignable to parameter of type '{ workflowId: string; config: unknown; enabled: boolean; id: string; createdAt: Date | null; sectionId: string | null; type: "prefill" | "validate" | "branch" | "query" | "read_table" | ... 6 more ... | "delete_record"; order: number; updatedAt: Date | null; phase: "onRunStart" | ... 3 more ... | "onRunComplete"; vi...'.
  Type '{ id: string; workflowId: string; type: "list_tools"; phase: "onNext"; config: ListToolsConfig; createdAt: Date; updatedAt: Date; enabled: boolean; order: number; }' is missing the following properties from type '{ workflowId: string; config: unknown; enabled: boolean; id: string; createdAt: Date | null; sectionId: string | null; type: "prefill" | "validate" | "branch" | "query" | "read_table" | ... 6 more ... | "delete_record"; order: number; updatedAt: Date | null; phase: "onRunStart" | ... 3 more ... | "onRunComplete"; vi...': sectionId, virtualStepId
tests/ListTools.test.ts(594,60): error TS2345: Argument of type '{ id: string; workflowId: string; type: "list_tools"; phase: "onNext"; config: ListToolsConfig; createdAt: Date; updatedAt: Date; enabled: boolean; order: number; }' is not assignable to parameter of type '{ workflowId: string; config: unknown; enabled: boolean; id: string; createdAt: Date | null; sectionId: string | null; type: "prefill" | "validate" | "branch" | "query" | "read_table" | ... 6 more ... | "delete_record"; order: number; updatedAt: Date | null; phase: "onRunStart" | ... 3 more ... | "onRunComplete"; vi...'.
  Type '{ id: string; workflowId: string; type: "list_tools"; phase: "onNext"; config: ListToolsConfig; createdAt: Date; updatedAt: Date; enabled: boolean; order: number; }' is missing the following properties from type '{ workflowId: string; config: unknown; enabled: boolean; id: string; createdAt: Date | null; sectionId: string | null; type: "prefill" | "validate" | "branch" | "query" | "read_table" | ... 6 more ... | "delete_record"; order: number; updatedAt: Date | null; phase: "onRunStart" | ... 3 more ... | "onRunComplete"; vi...': sectionId, virtualStepId
tests/ListTools.test.ts(624,60): error TS2345: Argument of type '{ id: string; workflowId: string; type: "list_tools"; phase: "onNext"; config: ListToolsConfig; createdAt: Date; updatedAt: Date; enabled: boolean; order: number; }' is not assignable to parameter of type '{ workflowId: string; config: unknown; enabled: boolean; id: string; createdAt: Date | null; sectionId: string | null; type: "prefill" | "validate" | "branch" | "query" | "read_table" | ... 6 more ... | "delete_record"; order: number; updatedAt: Date | null; phase: "onRunStart" | ... 3 more ... | "onRunComplete"; vi...'.
  Type '{ id: string; workflowId: string; type: "list_tools"; phase: "onNext"; config: ListToolsConfig; createdAt: Date; updatedAt: Date; enabled: boolean; order: number; }' is missing the following properties from type '{ workflowId: string; config: unknown; enabled: boolean; id: string; createdAt: Date | null; sectionId: string | null; type: "prefill" | "validate" | "branch" | "query" | "read_table" | ... 6 more ... | "delete_record"; order: number; updatedAt: Date | null; phase: "onRunStart" | ... 3 more ... | "onRunComplete"; vi...': sectionId, virtualStepId
tests/unit/BlockRunner.validate.test.ts(29,62): error TS2345: Argument of type '{ id: string; workflowId: string; type: "validate"; phase: "onNext"; config: {}; createdAt: Date; updatedAt: Date; enabled: boolean; order: number; }' is not assignable to parameter of type '{ workflowId: string; config: unknown; enabled: boolean; id: string; createdAt: Date | null; sectionId: string | null; type: "prefill" | "validate" | "branch" | "query" | "read_table" | ... 6 more ... | "delete_record"; order: number; updatedAt: Date | null; phase: "onRunStart" | ... 3 more ... | "onRunComplete"; vi...'.
  Type '{ id: string; workflowId: string; type: "validate"; phase: "onNext"; config: {}; createdAt: Date; updatedAt: Date; enabled: boolean; order: number; }' is missing the following properties from type '{ workflowId: string; config: unknown; enabled: boolean; id: string; createdAt: Date | null; sectionId: string | null; type: "prefill" | "validate" | "branch" | "query" | "read_table" | ... 6 more ... | "delete_record"; order: number; updatedAt: Date | null; phase: "onRunStart" | ... 3 more ... | "onRunComplete"; vi...': sectionId, virtualStepId
tests/unit/BlockRunner.validate.test.ts(46,66): error TS2345: Argument of type '{ id: string; workflowId: string; type: "validate"; phase: "onNext"; config: {}; createdAt: Date; updatedAt: Date; enabled: boolean; order: number; }' is not assignable to parameter of type '{ workflowId: string; config: unknown; enabled: boolean; id: string; createdAt: Date | null; sectionId: string | null; type: "prefill" | "validate" | "branch" | "query" | "read_table" | ... 6 more ... | "delete_record"; order: number; updatedAt: Date | null; phase: "onRunStart" | ... 3 more ... | "onRunComplete"; vi...'.
  Type '{ id: string; workflowId: string; type: "validate"; phase: "onNext"; config: {}; createdAt: Date; updatedAt: Date; enabled: boolean; order: number; }' is missing the following properties from type '{ workflowId: string; config: unknown; enabled: boolean; id: string; createdAt: Date | null; sectionId: string | null; type: "prefill" | "validate" | "branch" | "query" | "read_table" | ... 6 more ... | "delete_record"; order: number; updatedAt: Date | null; phase: "onRunStart" | ... 3 more ... | "onRunComplete"; vi...': sectionId, virtualStepId
tests/unit/BlockRunner.validate.test.ts(52,66): error TS2345: Argument of type '{ id: string; workflowId: string; type: "validate"; phase: "onNext"; config: {}; createdAt: Date; updatedAt: Date; enabled: boolean; order: number; }' is not assignable to parameter of type '{ workflowId: string; config: unknown; enabled: boolean; id: string; createdAt: Date | null; sectionId: string | null; type: "prefill" | "validate" | "branch" | "query" | "read_table" | ... 6 more ... | "delete_record"; order: number; updatedAt: Date | null; phase: "onRunStart" | ... 3 more ... | "onRunComplete"; vi...'.
  Type '{ id: string; workflowId: string; type: "validate"; phase: "onNext"; config: {}; createdAt: Date; updatedAt: Date; enabled: boolean; order: number; }' is missing the following properties from type '{ workflowId: string; config: unknown; enabled: boolean; id: string; createdAt: Date | null; sectionId: string | null; type: "prefill" | "validate" | "branch" | "query" | "read_table" | ... 6 more ... | "delete_record"; order: number; updatedAt: Date | null; phase: "onRunStart" | ... 3 more ... | "onRunComplete"; vi...': sectionId, virtualStepId
tests/unit/BlockRunner.validate.test.ts(63,69): error TS2345: Argument of type '{ id: string; workflowId: string; type: "validate"; phase: "onNext"; config: {}; createdAt: Date; updatedAt: Date; enabled: boolean; order: number; }' is not assignable to parameter of type '{ workflowId: string; config: unknown; enabled: boolean; id: string; createdAt: Date | null; sectionId: string | null; type: "prefill" | "validate" | "branch" | "query" | "read_table" | ... 6 more ... | "delete_record"; order: number; updatedAt: Date | null; phase: "onRunStart" | ... 3 more ... | "onRunComplete"; vi...'.
  Type '{ id: string; workflowId: string; type: "validate"; phase: "onNext"; config: {}; createdAt: Date; updatedAt: Date; enabled: boolean; order: number; }' is missing the following properties from type '{ workflowId: string; config: unknown; enabled: boolean; id: string; createdAt: Date | null; sectionId: string | null; type: "prefill" | "validate" | "branch" | "query" | "read_table" | ... 6 more ... | "delete_record"; order: number; updatedAt: Date | null; phase: "onRunStart" | ... 3 more ... | "onRunComplete"; vi...': sectionId, virtualStepId
tests/unit/BlockRunner.validate.test.ts(82,66): error TS2345: Argument of type '{ id: string; workflowId: string; type: "validate"; phase: "onNext"; config: {}; createdAt: Date; updatedAt: Date; enabled: boolean; order: number; }' is not assignable to parameter of type '{ workflowId: string; config: unknown; enabled: boolean; id: string; createdAt: Date | null; sectionId: string | null; type: "prefill" | "validate" | "branch" | "query" | "read_table" | ... 6 more ... | "delete_record"; order: number; updatedAt: Date | null; phase: "onRunStart" | ... 3 more ... | "onRunComplete"; vi...'.
  Type '{ id: string; workflowId: string; type: "validate"; phase: "onNext"; config: {}; createdAt: Date; updatedAt: Date; enabled: boolean; order: number; }' is missing the following properties from type '{ workflowId: string; config: unknown; enabled: boolean; id: string; createdAt: Date | null; sectionId: string | null; type: "prefill" | "validate" | "branch" | "query" | "read_table" | ... 6 more ... | "delete_record"; order: number; updatedAt: Date | null; phase: "onRunStart" | ... 3 more ... | "onRunComplete"; vi...': sectionId, virtualStepId
tests/unit/BlockRunner.validate.test.ts(92,66): error TS2345: Argument of type '{ id: string; workflowId: string; type: "validate"; phase: "onNext"; config: {}; createdAt: Date; updatedAt: Date; enabled: boolean; order: number; }' is not assignable to parameter of type '{ workflowId: string; config: unknown; enabled: boolean; id: string; createdAt: Date | null; sectionId: string | null; type: "prefill" | "validate" | "branch" | "query" | "read_table" | ... 6 more ... | "delete_record"; order: number; updatedAt: Date | null; phase: "onRunStart" | ... 3 more ... | "onRunComplete"; vi...'.
  Type '{ id: string; workflowId: string; type: "validate"; phase: "onNext"; config: {}; createdAt: Date; updatedAt: Date; enabled: boolean; order: number; }' is missing the following properties from type '{ workflowId: string; config: unknown; enabled: boolean; id: string; createdAt: Date | null; sectionId: string | null; type: "prefill" | "validate" | "branch" | "query" | "read_table" | ... 6 more ... | "delete_record"; order: number; updatedAt: Date | null; phase: "onRunStart" | ... 3 more ... | "onRunComplete"; vi...': sectionId, virtualStepId
tests/unit/BlockRunner.validate.test.ts(122,66): error TS2345: Argument of type '{ id: string; workflowId: string; type: "validate"; phase: "onNext"; config: {}; createdAt: Date; updatedAt: Date; enabled: boolean; order: number; }' is not assignable to parameter of type '{ workflowId: string; config: unknown; enabled: boolean; id: string; createdAt: Date | null; sectionId: string | null; type: "prefill" | "validate" | "branch" | "query" | "read_table" | ... 6 more ... | "delete_record"; order: number; updatedAt: Date | null; phase: "onRunStart" | ... 3 more ... | "onRunComplete"; vi...'.
  Type '{ id: string; workflowId: string; type: "validate"; phase: "onNext"; config: {}; createdAt: Date; updatedAt: Date; enabled: boolean; order: number; }' is missing the following properties from type '{ workflowId: string; config: unknown; enabled: boolean; id: string; createdAt: Date | null; sectionId: string | null; type: "prefill" | "validate" | "branch" | "query" | "read_table" | ... 6 more ... | "delete_record"; order: number; updatedAt: Date | null; phase: "onRunStart" | ... 3 more ... | "onRunComplete"; vi...': sectionId, virtualStepId
tests/unit/listPipeline.semantics.test.ts(28,17): error TS2322: Type '"test"' is not assignable to type '"query" | "read_table" | "list_tools"'.
tests/unit/listPipeline.semantics.test.ts(671,21): error TS2322: Type '"test"' is not assignable to type '"query" | "read_table" | "list_tools"'.
tests/unit/schema/collections.test.ts(435,13): error TS2741: Property 'order' is missing in type '{ id: string; collectionId: string; name: string; slug: string; type: "text"; isRequired: true; options: null; defaultValue: null; createdAt: Date; updatedAt: Date; }' but required in type '{ id: string; createdAt: Date | null; type: "number" | "boolean" | "select" | "text" | "date" | "file" | "json" | "datetime" | "multi_select"; options: unknown; order: number | null; ... 5 more ...; isRequired: boolean; }'.
tests/unit/utils/variableResolver.test.ts(3,15): error TS2305: Module '"@shared/schema"' has no exported member 'WorkflowVariable'.
