
> vault-logic@1.0.0 check
> tsc

client/src/components/builder/cards/AddressCardEditor.tsx(41,14): error TS1355: A 'const' assertions can only be applied to references to enum members, or string, number, boolean, array, or object literals.
client/src/components/builder/cards/AddressCardEditor.tsx(42,13): error TS1355: A 'const' assertions can only be applied to references to enum members, or string, number, boolean, array, or object literals.
client/src/components/builder/cards/AddressCardEditor.tsx(49,16): error TS1355: A 'const' assertions can only be applied to references to enum members, or string, number, boolean, array, or object literals.
client/src/components/builder/cards/AddressCardEditor.tsx(50,15): error TS1355: A 'const' assertions can only be applied to references to enum members, or string, number, boolean, array, or object literals.
client/src/components/builder/cards/AddressCardEditor.tsx(65,56): error TS2353: Object literal may only specify known properties, and 'config' does not exist in type 'Partial<ApiStep> & { id: string; sectionId: string; }'.
client/src/components/builder/cards/BooleanCardEditor.tsx(95,58): error TS2353: Object literal may only specify known properties, and 'config' does not exist in type 'Partial<ApiStep> & { id: string; sectionId: string; }'.
client/src/components/builder/cards/BooleanCardEditor.tsx(103,58): error TS2353: Object literal may only specify known properties, and 'config' does not exist in type 'Partial<ApiStep> & { id: string; sectionId: string; }'.
client/src/components/builder/cards/ChoiceCardEditor.tsx(139,58): error TS2353: Object literal may only specify known properties, and 'config' does not exist in type 'Partial<ApiStep> & { id: string; sectionId: string; }'.
client/src/components/builder/cards/ChoiceCardEditor.tsx(148,58): error TS2353: Object literal may only specify known properties, and 'config' does not exist in type 'Partial<ApiStep> & { id: string; sectionId: string; }'.
client/src/components/builder/cards/DisplayCardEditor.tsx(62,56): error TS2353: Object literal may only specify known properties, and 'config' does not exist in type 'Partial<ApiStep> & { id: string; sectionId: string; }'.
client/src/components/builder/cards/DisplayCardEditor.tsx(75,9): error TS2322: Type '{ value: string; onChange: (title: string) => void; description: string; }' is not assignable to type 'IntrinsicAttributes & LabelFieldProps'.
  Property 'description' does not exist on type 'IntrinsicAttributes & LabelFieldProps'.
client/src/components/builder/cards/EmailCardEditor.tsx(53,56): error TS2353: Object literal may only specify known properties, and 'config' does not exist in type 'Partial<ApiStep> & { id: string; sectionId: string; }'.
client/src/components/builder/cards/FinalBlockEditor.tsx(66,56): error TS2353: Object literal may only specify known properties, and 'config' does not exist in type 'Partial<ApiStep> & { id: string; sectionId: string; }'.
client/src/components/builder/cards/FinalBlockEditor.tsx(119,9): error TS2322: Type '{ value: string; onChange: (title: string) => void; description: string; }' is not assignable to type 'IntrinsicAttributes & LabelFieldProps'.
  Property 'description' does not exist on type 'IntrinsicAttributes & LabelFieldProps'.
client/src/components/builder/cards/MultiFieldCardEditor.tsx(81,7): error TS2322: Type '{ key: string; label: string; type: string; required: boolean; }[]' is not assignable to type '{ key: string; label: string; type: "number" | "text" | "date" | "email" | "phone"; required: boolean; placeholder?: string | undefined; validation?: TextValidation | NumberValidation | undefined; }[]'.
  Type '{ key: string; label: string; type: string; required: boolean; }' is not assignable to type '{ key: string; label: string; type: "number" | "text" | "date" | "email" | "phone"; required: boolean; placeholder?: string | undefined; validation?: TextValidation | NumberValidation | undefined; }'.
    Types of property 'type' are incompatible.
      Type 'string' is not assignable to type '"number" | "text" | "date" | "email" | "phone"'.
client/src/components/builder/cards/MultiFieldCardEditor.tsx(85,56): error TS2353: Object literal may only specify known properties, and 'config' does not exist in type 'Partial<ApiStep> & { id: string; sectionId: string; }'.
client/src/components/builder/cards/NumberCardEditor.tsx(57,18): error TS2339: Property 'min' does not exist on type 'NumberConfig | CurrencyConfig | NumberAdvancedConfig'.
  Property 'min' does not exist on type 'NumberAdvancedConfig'.
client/src/components/builder/cards/NumberCardEditor.tsx(58,18): error TS2339: Property 'max' does not exist on type 'NumberConfig | CurrencyConfig | NumberAdvancedConfig'.
  Property 'max' does not exist on type 'NumberAdvancedConfig'.
client/src/components/builder/cards/NumberCardEditor.tsx(67,20): error TS2339: Property 'min' does not exist on type 'NumberConfig | CurrencyConfig | NumberAdvancedConfig'.
  Property 'min' does not exist on type 'NumberAdvancedConfig'.
client/src/components/builder/cards/NumberCardEditor.tsx(68,20): error TS2339: Property 'max' does not exist on type 'NumberConfig | CurrencyConfig | NumberAdvancedConfig'.
  Property 'max' does not exist on type 'NumberAdvancedConfig'.
client/src/components/builder/cards/NumberCardEditor.tsx(127,58): error TS2353: Object literal may only specify known properties, and 'config' does not exist in type 'Partial<ApiStep> & { id: string; sectionId: string; }'.
client/src/components/builder/cards/NumberCardEditor.tsx(142,58): error TS2353: Object literal may only specify known properties, and 'config' does not exist in type 'Partial<ApiStep> & { id: string; sectionId: string; }'.
client/src/components/builder/cards/NumberCardEditor.tsx(157,58): error TS2353: Object literal may only specify known properties, and 'config' does not exist in type 'Partial<ApiStep> & { id: string; sectionId: string; }'.
client/src/components/builder/cards/PhoneCardEditor.tsx(55,56): error TS2353: Object literal may only specify known properties, and 'config' does not exist in type 'Partial<ApiStep> & { id: string; sectionId: string; }'.
client/src/components/builder/cards/ScaleCardEditor.tsx(132,56): error TS2353: Object literal may only specify known properties, and 'config' does not exist in type 'Partial<ApiStep> & { id: string; sectionId: string; }'.
client/src/components/builder/cards/SignatureBlockEditor.tsx(89,56): error TS2353: Object literal may only specify known properties, and 'config' does not exist in type 'Partial<ApiStep> & { id: string; sectionId: string; }'.
client/src/components/builder/cards/SignatureBlockEditor.tsx(143,9): error TS2322: Type '{ value: string; onChange: (title: string) => void; description: string; }' is not assignable to type 'IntrinsicAttributes & LabelFieldProps'.
  Property 'description' does not exist on type 'IntrinsicAttributes & LabelFieldProps'.
client/src/components/builder/cards/TextCardEditor.tsx(148,58): error TS2353: Object literal may only specify known properties, and 'config' does not exist in type 'Partial<ApiStep> & { id: string; sectionId: string; }'.
client/src/components/builder/cards/TextCardEditor.tsx(152,58): error TS2353: Object literal may only specify known properties, and 'config' does not exist in type 'Partial<ApiStep> & { id: string; sectionId: string; }'.
client/src/components/builder/cards/WebsiteCardEditor.tsx(53,56): error TS2353: Object literal may only specify known properties, and 'config' does not exist in type 'Partial<ApiStep> & { id: string; sectionId: string; }'.
client/src/components/builder/pages/QuestionAddMenu.tsx(52,9): error TS2322: Type 'string' is not assignable to type 'StepType'.
client/src/components/logic/ConditionGroup.tsx(166,25): error TS2345: Argument of type 'ConditionGroup | Condition | ScriptCondition' is not assignable to parameter of type 'ConditionGroup | Condition'.
  Type 'ScriptCondition' is not assignable to type 'ConditionGroup | Condition'.
    Type 'ScriptCondition' is missing the following properties from type 'Condition': variable, operator, valueType
client/src/components/runner/blocks/AddressBlock.tsx(28,27): error TS2307: Cannot find module '@/types' or its corresponding type declarations.
client/src/components/runner/blocks/BlockRenderer.tsx(14,27): error TS2307: Cannot find module '@/types' or its corresponding type declarations.
client/src/components/runner/blocks/BooleanBlock.tsx(21,27): error TS2307: Cannot find module '@/types' or its corresponding type declarations.
client/src/components/runner/blocks/ChoiceBlock.tsx(35,27): error TS2307: Cannot find module '@/types' or its corresponding type declarations.
client/src/components/runner/blocks/CurrencyBlock.tsx(15,27): error TS2307: Cannot find module '@/types' or its corresponding type declarations.
client/src/components/runner/blocks/DateBlock.tsx(14,27): error TS2307: Cannot find module '@/types' or its corresponding type declarations.
client/src/components/runner/blocks/DateTimeBlock.tsx(15,27): error TS2307: Cannot find module '@/types' or its corresponding type declarations.
client/src/components/runner/blocks/DisplayBlock.tsx(15,27): error TS2307: Cannot find module '@/types' or its corresponding type declarations.
client/src/components/runner/blocks/EmailBlock.tsx(14,27): error TS2307: Cannot find module '@/types' or its corresponding type declarations.
client/src/components/runner/blocks/FinalBlock.tsx(19,27): error TS2307: Cannot find module '@/types' or its corresponding type declarations.
client/src/components/runner/blocks/MultiFieldBlock.tsx(27,27): error TS2307: Cannot find module '@/types' or its corresponding type declarations.
client/src/components/runner/blocks/NumberBlock.tsx(15,27): error TS2307: Cannot find module '@/types' or its corresponding type declarations.
client/src/components/runner/blocks/PhoneBlock.tsx(15,27): error TS2307: Cannot find module '@/types' or its corresponding type declarations.
client/src/components/runner/blocks/ScaleBlock.tsx(16,27): error TS2307: Cannot find module '@/types' or its corresponding type declarations.
client/src/components/runner/blocks/SignatureBlockRenderer.tsx(21,27): error TS2307: Cannot find module '@/types' or its corresponding type declarations.
client/src/components/runner/blocks/TextBlock.tsx(21,27): error TS2307: Cannot find module '@/types' or its corresponding type declarations.
client/src/components/runner/blocks/TimeBlock.tsx(14,27): error TS2307: Cannot find module '@/types' or its corresponding type declarations.
client/src/components/runner/blocks/validation.ts(8,27): error TS2307: Cannot find module '@/types' or its corresponding type declarations.
client/src/components/runner/blocks/WebsiteBlock.tsx(14,27): error TS2307: Cannot find module '@/types' or its corresponding type declarations.
client/src/components/runner/sections/FinalDocumentsSection.tsx(88,5): error TS2769: No overload matches this call.
  Overload 1 of 3, '(options: DefinedInitialDataOptions<GeneratedDocument[], Error, GeneratedDocument[], string[]>, queryClient?: QueryClient | undefined): DefinedUseQueryResult<...>', gave the following error.
    Type 'boolean | ""' is not assignable to type 'Enabled<GeneratedDocument[], Error, GeneratedDocument[], string[]> | undefined'.
      Type '""' is not assignable to type 'Enabled<GeneratedDocument[], Error, GeneratedDocument[], string[]> | undefined'.
  Overload 2 of 3, '(options: UndefinedInitialDataOptions<GeneratedDocument[], Error, GeneratedDocument[], string[]>, queryClient?: QueryClient | undefined): UseQueryResult<...>', gave the following error.
    Type 'boolean | ""' is not assignable to type 'Enabled<GeneratedDocument[], Error, GeneratedDocument[], string[]> | undefined'.
      Type '""' is not assignable to type 'Enabled<GeneratedDocument[], Error, GeneratedDocument[], string[]> | undefined'.
  Overload 3 of 3, '(options: UseQueryOptions<GeneratedDocument[], Error, GeneratedDocument[], string[]>, queryClient?: QueryClient | undefined): UseQueryResult<...>', gave the following error.
    Type 'boolean | ""' is not assignable to type 'Enabled<GeneratedDocument[], Error, GeneratedDocument[], string[]> | undefined'.
      Type '""' is not assignable to type 'Enabled<GeneratedDocument[], Error, GeneratedDocument[], string[]> | undefined'.
client/src/components/ui/file-upload.tsx(9,33): error TS2305: Module '"@shared/schema"' has no exported member 'FileMetadata'.
client/src/hooks/usePreviewSession.ts(83,17): error TS7053: Element implicitly has an 'any' type because expression of type 'string' can't be used to index type '{}'.
  No index signature with a parameter of type 'string' was found on type '{}'.
client/src/lib/blockRegistry.tsx(258,7): error TS2322: Type 'string[]' is not assignable to type 'never'.
client/src/lib/blockRegistry.tsx(269,7): error TS2322: Type 'string[]' is not assignable to type 'never'.
client/src/lib/randomizer/aiRandomFill.ts(75,25): error TS2367: This comparison appears to be unintentional because the types 'StepType' and '"display"' have no overlap.
client/src/lib/randomizer/aiRandomFill.ts(79,23): error TS2339: Property 'label' does not exist on type 'ApiStep'.
client/src/lib/randomizer/aiRandomFill.ts(80,24): error TS2339: Property 'config' does not exist on type 'ApiStep'.
client/src/lib/randomizer/aiRandomFill.ts(131,12): error TS2678: Type '"text"' is not comparable to type 'StepType'.
client/src/lib/randomizer/aiRandomFill.ts(136,12): error TS2678: Type '"true_false"' is not comparable to type 'StepType'.
client/src/lib/randomizer/aiRandomFill.ts(137,12): error TS2678: Type '"boolean"' is not comparable to type 'StepType'.
client/src/lib/randomizer/aiRandomFill.ts(145,12): error TS2678: Type '"email"' is not comparable to type 'StepType'.
client/src/lib/randomizer/aiRandomFill.ts(152,12): error TS2678: Type '"phone"' is not comparable to type 'StepType'.
client/src/lib/randomizer/aiRandomFill.ts(156,12): error TS2678: Type '"website"' is not comparable to type 'StepType'.
client/src/lib/randomizer/aiRandomFill.ts(163,12): error TS2678: Type '"date"' is not comparable to type 'StepType'.
client/src/lib/randomizer/aiRandomFill.ts(169,12): error TS2678: Type '"time"' is not comparable to type 'StepType'.
client/src/lib/randomizer/aiRandomFill.ts(183,12): error TS2678: Type '"choice"' is not comparable to type 'StepType'.
client/src/lib/randomizer/aiRandomFill.ts(198,12): error TS2678: Type '"number"' is not comparable to type 'StepType'.
client/src/lib/randomizer/aiRandomFill.ts(199,12): error TS2678: Type '"currency"' is not comparable to type 'StepType'.
client/src/lib/randomizer/aiRandomFill.ts(200,12): error TS2678: Type '"scale"' is not comparable to type 'StepType'.
client/src/lib/randomizer/aiRandomFill.ts(206,12): error TS2678: Type '"address"' is not comparable to type 'StepType'.
client/src/lib/randomizer/aiRandomFill.ts(220,12): error TS2678: Type '"multi_field"' is not comparable to type 'StepType'.
client/src/lib/randomizer/randomFill.ts(271,23): error TS2339: Property 'config' does not exist on type 'ApiStep'.
client/src/lib/randomizer/randomFill.ts(290,23): error TS2339: Property 'config' does not exist on type 'ApiStep'.
client/src/lib/randomizer/randomFill.ts(305,23): error TS2339: Property 'config' does not exist on type 'ApiStep'.
client/src/lib/randomizer/randomFill.ts(319,45): error TS7006: Parameter '_' implicitly has an 'any' type.
client/src/lib/randomizer/randomFill.ts(319,48): error TS7006: Parameter 'i' implicitly has an 'any' type.
client/src/lib/randomizer/randomFill.ts(350,45): error TS7006: Parameter '_' implicitly has an 'any' type.
client/src/lib/randomizer/randomFill.ts(350,48): error TS7006: Parameter 'i' implicitly has an 'any' type.
client/src/lib/randomizer/randomFill.ts(373,23): error TS2339: Property 'config' does not exist on type 'ApiStep'.
client/src/lib/randomizer/randomFill.ts(386,23): error TS2339: Property 'config' does not exist on type 'ApiStep'.
client/src/lib/randomizer/randomFill.ts(399,23): error TS2339: Property 'config' does not exist on type 'ApiStep'.
client/src/lib/randomizer/randomFill.ts(412,23): error TS2339: Property 'config' does not exist on type 'ApiStep'.
client/src/lib/randomizer/randomFill.ts(426,23): error TS2339: Property 'config' does not exist on type 'ApiStep'.
client/src/lib/randomizer/randomFill.ts(503,9): error TS2367: This comparison appears to be unintentional because the types 'StepType' and '"display"' have no overlap.
client/src/lib/randomizer/randomFill.ts(503,67): error TS2367: This comparison appears to be unintentional because the types '"radio" | "multiple_choice" | "date_time" | "file_upload" | "yes_no" | "short_text" | "long_text" | "final_documents"' and '"computed"' have no overlap.
client/src/lib/randomizer/randomFill.ts(508,68): error TS2367: This comparison appears to be unintentional because the types '"radio" | "multiple_choice" | "date_time" | "file_upload" | "yes_no" | "final_documents"' and '"text"' have no overlap.
client/src/lib/randomizer/randomFill.ts(513,35): error TS2367: This comparison appears to be unintentional because the types '"radio" | "multiple_choice" | "date_time" | "file_upload" | "final_documents"' and '"true_false"' have no overlap.
client/src/lib/randomizer/randomFill.ts(513,65): error TS2367: This comparison appears to be unintentional because the types '"radio" | "multiple_choice" | "date_time" | "file_upload" | "final_documents"' and '"boolean"' have no overlap.
client/src/lib/randomizer/randomFill.ts(518,9): error TS2367: This comparison appears to be unintentional because the types '"radio" | "multiple_choice" | "date_time" | "file_upload" | "final_documents"' and '"email"' have no overlap.
client/src/lib/randomizer/randomFill.ts(522,9): error TS2367: This comparison appears to be unintentional because the types '"radio" | "multiple_choice" | "date_time" | "file_upload" | "final_documents"' and '"phone"' have no overlap.
client/src/lib/randomizer/randomFill.ts(526,9): error TS2367: This comparison appears to be unintentional because the types '"radio" | "multiple_choice" | "date_time" | "file_upload" | "final_documents"' and '"website"' have no overlap.
client/src/lib/randomizer/randomFill.ts(531,9): error TS2367: This comparison appears to be unintentional because the types '"radio" | "multiple_choice" | "date_time" | "file_upload" | "final_documents"' and '"date"' have no overlap.
client/src/lib/randomizer/randomFill.ts(535,9): error TS2367: This comparison appears to be unintentional because the types '"radio" | "multiple_choice" | "date_time" | "file_upload" | "final_documents"' and '"time"' have no overlap.
client/src/lib/randomizer/randomFill.ts(544,69): error TS2367: This comparison appears to be unintentional because the types '"file_upload" | "final_documents"' and '"choice"' have no overlap.
client/src/lib/randomizer/randomFill.ts(549,9): error TS2367: This comparison appears to be unintentional because the types '"file_upload" | "final_documents"' and '"number"' have no overlap.
client/src/lib/randomizer/randomFill.ts(553,9): error TS2367: This comparison appears to be unintentional because the types '"file_upload" | "final_documents"' and '"currency"' have no overlap.
client/src/lib/randomizer/randomFill.ts(557,9): error TS2367: This comparison appears to be unintentional because the types '"file_upload" | "final_documents"' and '"scale"' have no overlap.
client/src/lib/randomizer/randomFill.ts(562,9): error TS2367: This comparison appears to be unintentional because the types '"file_upload" | "final_documents"' and '"address"' have no overlap.
client/src/lib/randomizer/randomFill.ts(566,9): error TS2367: This comparison appears to be unintentional because the types '"file_upload" | "final_documents"' and '"multi_field"' have no overlap.
client/src/pages/optimization/OptimizationWizard.tsx(23,31): error TS2307: Cannot find module '@/lib/api' or its corresponding type declarations.
client/src/pages/PreviewRunner.tsx(619,16): error TS2552: Cannot find name 'Label'. Did you mean 'babel'?
client/src/pages/PreviewRunner.tsx(619,36): error TS2552: Cannot find name 'Label'. Did you mean 'babel'?
client/src/pages/visual-builder/components/TransformEditor/TransformEditor.tsx(6,10): error TS2724: '"../../hooks/useWorkflowAPI"' has no exported member named 'useWorkflowAPI'. Did you mean 'useWorkflowGraph'?
server/lib/authz/enforce.ts(34,57): error TS2345: Argument of type 'string | undefined' is not assignable to parameter of type 'string'.
  Type 'undefined' is not assignable to type 'string'.
server/lib/authz/externalAuth.ts(67,35): error TS2339: Property 'prefix' does not exist on type 'PgTableWithColumns<{ name: "api_keys"; schema: undefined; columns: { id: PgColumn<{ name: "id"; tableName: "api_keys"; dataType: "string"; columnType: "PgUUID"; data: string; driverParam: string; notNull: true; hasDefault: true; ... 6 more ...; generated: undefined; }, {}, {}>; ... 5 more ...; updatedAt: PgColumn<.....'.
server/lib/transforms/debugger.ts(25,19): error TS2339: Property 'inputPaths' does not exist on type '{ name: string; id: string; createdAt: Date | null; updatedAt: Date | null; workflowId: string; order: number; language: "javascript" | "python"; enabled: boolean; code: string; ... 5 more ...; virtualStepId: string | null; }'.
server/lib/transforms/debugger.ts(25,35): error TS2339: Property 'inputPaths' does not exist on type '{ name: string; id: string; createdAt: Date | null; updatedAt: Date | null; workflowId: string; order: number; language: "javascript" | "python"; enabled: boolean; code: string; ... 5 more ...; virtualStepId: string | null; }'.
server/lib/transforms/debugger.ts(25,64): error TS2339: Property 'type' does not exist on type '{ name: string; id: string; createdAt: Date | null; updatedAt: Date | null; workflowId: string; order: number; language: "javascript" | "python"; enabled: boolean; code: string; ... 5 more ...; virtualStepId: string | null; }'.
server/lib/transforms/debugger.ts(40,19): error TS2339: Property 'outputPath' does not exist on type '{ name: string; id: string; createdAt: Date | null; updatedAt: Date | null; workflowId: string; order: number; language: "javascript" | "python"; enabled: boolean; code: string; ... 5 more ...; virtualStepId: string | null; }'.
server/lib/transforms/debugger.ts(43,30): error TS2339: Property 'outputPath' does not exist on type '{ name: string; id: string; createdAt: Date | null; updatedAt: Date | null; workflowId: string; order: number; language: "javascript" | "python"; enabled: boolean; code: string; ... 5 more ...; virtualStepId: string | null; }'.
server/lib/transforms/debugger.ts(43,51): error TS2339: Property 'outputPath' does not exist on type '{ name: string; id: string; createdAt: Date | null; updatedAt: Date | null; workflowId: string; order: number; language: "javascript" | "python"; enabled: boolean; code: string; ... 5 more ...; virtualStepId: string | null; }'.
server/lib/transforms/debugger.ts(52,19): error TS2339: Property 'type' does not exist on type '{ name: string; id: string; createdAt: Date | null; updatedAt: Date | null; workflowId: string; order: number; language: "javascript" | "python"; enabled: boolean; code: string; ... 5 more ...; virtualStepId: string | null; }'.
server/lib/transforms/debugger.ts(52,43): error TS2339: Property 'config' does not exist on type '{ name: string; id: string; createdAt: Date | null; updatedAt: Date | null; workflowId: string; order: number; language: "javascript" | "python"; enabled: boolean; code: string; ... 5 more ...; virtualStepId: string | null; }'.
server/lib/transforms/debugger.ts(52,77): error TS2339: Property 'inputPaths' does not exist on type '{ name: string; id: string; createdAt: Date | null; updatedAt: Date | null; workflowId: string; order: number; language: "javascript" | "python"; enabled: boolean; code: string; ... 5 more ...; virtualStepId: string | null; }'.
server/lib/webhooks/dispatcher.ts(26,46): error TS7006: Parameter 'sub' implicitly has an 'any' type.
server/routes/documentHooks.routes.ts(5,15): error TS2305: Module '"../types/express"' has no exported member 'AuthRequest'.
server/routes/documents.routes.ts(54,31): error TS2339: Property 'uploadedAt' does not exist on type 'PgTableWithColumns<{ name: "templates"; schema: undefined; columns: { id: PgColumn<{ name: "id"; tableName: "templates"; dataType: "string"; columnType: "PgUUID"; data: string; driverParam: string; notNull: true; hasDefault: true; ... 6 more ...; generated: undefined; }, {}, {}>; ... 7 more ...; updatedAt: PgColumn<...'.
server/routes/documents.routes.ts(65,40): error TS2339: Property 'userId' does not exist on type 'PgTableWithColumns<{ name: "templates"; schema: undefined; columns: { id: PgColumn<{ name: "id"; tableName: "templates"; dataType: "string"; columnType: "PgUUID"; data: string; driverParam: string; notNull: true; hasDefault: true; ... 6 more ...; generated: undefined; }, {}, {}>; ... 7 more ...; updatedAt: PgColumn<...'.
server/routes/documents.routes.ts(70,43): error TS7006: Parameter 'doc' implicitly has an 'any' type.
server/routes/documents.routes.ts(111,26): error TS2339: Property 'userId' does not exist on type 'PgTableWithColumns<{ name: "templates"; schema: undefined; columns: { id: PgColumn<{ name: "id"; tableName: "templates"; dataType: "string"; columnType: "PgUUID"; data: string; driverParam: string; notNull: true; hasDefault: true; ... 6 more ...; generated: undefined; }, {}, {}>; ... 7 more ...; updatedAt: PgColumn<...'.
server/routes/finalBlock.routes.ts(123,22): error TS2367: This comparison appears to be unintentional because the types '"number" | "boolean" | "date" | "email" | "short_text" | "long_text" | "multiple_choice" | "radio" | "yes_no" | "date_time" | "file_upload" | "loop_group" | "computed" | "js_question" | ... 22 more ... | "display_advanced"' and '"final"' have no overlap.
server/routes/finalBlock.routes.ts(127,39): error TS2339: Property 'config' does not exist on type '{ id: string; title: string; description: string | null; createdAt: Date | null; updatedAt: Date | null; order: number; visibleIf: unknown; sectionId: string; type: "number" | "boolean" | ... 34 more ... | "display_advanced"; ... 5 more ...; repeaterConfig: unknown; }'.
server/routes/finalBlock.routes.ts(140,56): error TS2345: Argument of type '(documentId: string) => Promise<string>' is not assignable to parameter of type '(id: string) => Promise<{ fileRef: string; } | null>'.
  Type 'Promise<string>' is not assignable to type 'Promise<{ fileRef: string; } | null>'.
    Type 'string' is not assignable to type '{ fileRef: string; }'.
server/routes/finalBlock.routes.ts(236,56): error TS2345: Argument of type '(documentId: string) => Promise<string>' is not assignable to parameter of type '(id: string) => Promise<{ fileRef: string; } | null>'.
  Type 'Promise<string>' is not assignable to type 'Promise<{ fileRef: string; } | null>'.
    Type 'string' is not assignable to type '{ fileRef: string; }'.
server/routes/lifecycleHooks.routes.ts(5,15): error TS2305: Module '"../types/express"' has no exported member 'AuthRequest'.
server/routes/validation.routes.ts(30,23): error TS7006: Parameter 'steps' implicitly has an 'any' type.
server/routes/validation.routes.ts(30,32): error TS7031: Binding element 'asc' implicitly has an 'any' type.
server/routes/validation.routes.ts(42,53): error TS7006: Parameter 'step' implicitly has an 'any' type.
server/routes/validation.routes.ts(54,33): error TS7006: Parameter 'step' implicitly has an 'any' type.
server/services/analytics/HeatmapService.ts(30,28): error TS7006: Parameter 'm' implicitly has an 'any' type.
server/services/diff/diffWorkflows.ts(4,15): error TS7016: Could not find a declaration file for module 'lodash'. 'C:/Users/scoot/poll/VaultLogic/node_modules/lodash/lodash.js' implicitly has an 'any' type.
  Try `npm i --save-dev @types/lodash` if it exists or add a new declaration (.d.ts) file containing `declare module 'lodash';`
server/services/RunService.ts(259,7): error TS2353: Object literal may only specify known properties, and 'runToken' does not exist in type '{ workflowId: string; createdBy?: string | null | undefined; workflowVersionId?: string | null | undefined; currentSectionId?: string | null | undefined; progress?: number | null | undefined; completed?: boolean | ... 1 more ... | undefined; completedAt?: Date | ... 1 more ... | undefined; metadata?: Json | undefine...'.
server/services/RunService.ts(1043,7): error TS2353: Object literal may only specify known properties, and 'runToken' does not exist in type '{ workflowId: string; createdBy?: string | null | undefined; workflowVersionId?: string | null | undefined; currentSectionId?: string | null | undefined; progress?: number | null | undefined; completed?: boolean | ... 1 more ... | undefined; completedAt?: Date | ... 1 more ... | undefined; metadata?: Json | undefine...'.
server/utils/stepConfigUtils.ts(312,11): error TS2322: Type 'string | string[]' is not assignable to type 'string | number | boolean | null'.
  Type 'string[]' is not assignable to type 'string | number | boolean | null'.
server/utils/workflowVersionHash.ts(12,15): error TS2305: Module '"../repositories"' has no exported member 'Step'.
shared/schema.ts(3118,13): error TS2300: Duplicate identifier 'TransformBlock'.
shared/schema.ts(3119,13): error TS2300: Duplicate identifier 'InsertTransformBlock'.
shared/schema.ts(3237,18): error TS2300: Duplicate identifier 'TransformBlock'.
shared/schema.ts(3242,13): error TS2300: Duplicate identifier 'InsertTransformBlock'.
shared/validation/BlockValidation.ts(1,28): error TS2724: '"./ValidationSchema"' has no exported member named 'ValidationRule'. Did you mean 'ValidationResult'?
shared/validation/Validator.ts(174,14): error TS2678: Type '"custom"' is not comparable to type '"email" | "required" | "url" | "conditional" | "script" | "minLength" | "maxLength" | "pattern" | "minValue" | "maxValue"'.
