
> vault-logic@1.0.0 check
> tsc

client/src/components/builder/cards/AddressCardEditor.tsx(41,14): error TS1355: A 'const' assertions can only be applied to references to enum members, or string, number, boolean, array, or object literals.
client/src/components/builder/cards/AddressCardEditor.tsx(42,13): error TS1355: A 'const' assertions can only be applied to references to enum members, or string, number, boolean, array, or object literals.
client/src/components/builder/cards/AddressCardEditor.tsx(49,16): error TS1355: A 'const' assertions can only be applied to references to enum members, or string, number, boolean, array, or object literals.
client/src/components/builder/cards/AddressCardEditor.tsx(50,15): error TS1355: A 'const' assertions can only be applied to references to enum members, or string, number, boolean, array, or object literals.
client/src/components/builder/cards/DisplayCardEditor.tsx(75,9): error TS2322: Type '{ value: string; onChange: (title: string) => void; description: string; }' is not assignable to type 'IntrinsicAttributes & LabelFieldProps'.
  Property 'description' does not exist on type 'IntrinsicAttributes & LabelFieldProps'.
client/src/components/builder/cards/FinalBlockEditor.tsx(119,9): error TS2322: Type '{ value: string; onChange: (title: string) => void; description: string; }' is not assignable to type 'IntrinsicAttributes & LabelFieldProps'.
  Property 'description' does not exist on type 'IntrinsicAttributes & LabelFieldProps'.
client/src/components/builder/cards/MultiFieldCardEditor.tsx(81,7): error TS2322: Type '{ key: string; label: string; type: string; required: boolean; }[]' is not assignable to type '{ key: string; label: string; type: "number" | "text" | "date" | "email" | "phone"; required: boolean; placeholder?: string | undefined; validation?: TextValidation | NumberValidation | undefined; }[]'.
  Type '{ key: string; label: string; type: string; required: boolean; }' is not assignable to type '{ key: string; label: string; type: "number" | "text" | "date" | "email" | "phone"; required: boolean; placeholder?: string | undefined; validation?: TextValidation | NumberValidation | undefined; }'.
    Types of property 'type' are incompatible.
      Type 'string' is not assignable to type '"number" | "text" | "date" | "email" | "phone"'.
client/src/components/builder/cards/NumberCardEditor.tsx(57,18): error TS2339: Property 'min' does not exist on type 'NumberConfig | CurrencyConfig | NumberAdvancedConfig'.
  Property 'min' does not exist on type 'NumberAdvancedConfig'.
client/src/components/builder/cards/NumberCardEditor.tsx(58,18): error TS2339: Property 'max' does not exist on type 'NumberConfig | CurrencyConfig | NumberAdvancedConfig'.
  Property 'max' does not exist on type 'NumberAdvancedConfig'.
client/src/components/builder/cards/NumberCardEditor.tsx(67,20): error TS2339: Property 'min' does not exist on type 'NumberConfig | CurrencyConfig | NumberAdvancedConfig'.
  Property 'min' does not exist on type 'NumberAdvancedConfig'.
client/src/components/builder/cards/NumberCardEditor.tsx(68,20): error TS2339: Property 'max' does not exist on type 'NumberConfig | CurrencyConfig | NumberAdvancedConfig'.
  Property 'max' does not exist on type 'NumberAdvancedConfig'.
client/src/components/builder/cards/SignatureBlockEditor.tsx(143,9): error TS2322: Type '{ value: string; onChange: (title: string) => void; description: string; }' is not assignable to type 'IntrinsicAttributes & LabelFieldProps'.
  Property 'description' does not exist on type 'IntrinsicAttributes & LabelFieldProps'.
client/src/components/builder/pages/QuestionAddMenu.tsx(52,9): error TS2322: Type 'string' is not assignable to type 'StepType'.
client/src/components/builder/SidebarTree.tsx(79,42): error TS2345: Argument of type '{ sectionId: string; type: "final_documents"; title: string; description: null; required: false; alias: string; options: null; order: number; }' is not assignable to parameter of type 'Omit<ApiStep, "id" | "createdAt"> & { sectionId: string; }'.
  Property 'config' is missing in type '{ sectionId: string; type: "final_documents"; title: string; description: null; required: false; alias: string; options: null; order: number; }' but required in type 'Omit<ApiStep, "id" | "createdAt">'.
client/src/components/builder/SidebarTree.tsx(222,42): error TS2345: Argument of type '{ sectionId: any; type: "short_text"; title: string; description: null; required: false; alias: null; options: null; order: number; }' is not assignable to parameter of type 'Omit<ApiStep, "id" | "createdAt"> & { sectionId: string; }'.
  Property 'config' is missing in type '{ sectionId: any; type: "short_text"; title: string; description: null; required: false; alias: null; options: null; order: number; }' but required in type 'Omit<ApiStep, "id" | "createdAt">'.
client/src/components/logic/ConditionGroup.tsx(166,25): error TS2345: Argument of type 'ConditionGroup | ScriptCondition | Condition' is not assignable to parameter of type 'ConditionGroup | Condition'.
  Type 'ScriptCondition' is not assignable to type 'ConditionGroup | Condition'.
    Type 'ScriptCondition' is missing the following properties from type 'Condition': variable, operator, valueType
client/src/components/runner/blocks/BlockRenderer.tsx(86,12): error TS2678: Type '"text"' is not comparable to type 'StepType'.
client/src/components/runner/blocks/BlockRenderer.tsx(91,12): error TS2678: Type '"true_false"' is not comparable to type 'StepType'.
client/src/components/runner/blocks/BlockRenderer.tsx(92,12): error TS2678: Type '"boolean"' is not comparable to type 'StepType'.
client/src/components/runner/blocks/BlockRenderer.tsx(96,12): error TS2678: Type '"phone"' is not comparable to type 'StepType'.
client/src/components/runner/blocks/BlockRenderer.tsx(99,12): error TS2678: Type '"email"' is not comparable to type 'StepType'.
client/src/components/runner/blocks/BlockRenderer.tsx(102,12): error TS2678: Type '"website"' is not comparable to type 'StepType'.
client/src/components/runner/blocks/BlockRenderer.tsx(106,12): error TS2678: Type '"date"' is not comparable to type 'StepType'.
client/src/components/runner/blocks/BlockRenderer.tsx(109,12): error TS2678: Type '"time"' is not comparable to type 'StepType'.
client/src/components/runner/blocks/BlockRenderer.tsx(116,12): error TS2678: Type '"number"' is not comparable to type 'StepType'.
client/src/components/runner/blocks/BlockRenderer.tsx(119,12): error TS2678: Type '"currency"' is not comparable to type 'StepType'.
client/src/components/runner/blocks/BlockRenderer.tsx(122,12): error TS2678: Type '"scale"' is not comparable to type 'StepType'.
client/src/components/runner/blocks/BlockRenderer.tsx(128,12): error TS2678: Type '"choice"' is not comparable to type 'StepType'.
client/src/components/runner/blocks/BlockRenderer.tsx(132,12): error TS2678: Type '"address"' is not comparable to type 'StepType'.
client/src/components/runner/blocks/BlockRenderer.tsx(135,12): error TS2678: Type '"multi_field"' is not comparable to type 'StepType'.
client/src/components/runner/blocks/BlockRenderer.tsx(139,12): error TS2678: Type '"display"' is not comparable to type 'StepType'.
client/src/components/runner/blocks/BlockRenderer.tsx(147,12): error TS2678: Type '"signature_block"' is not comparable to type 'StepType'.
client/src/components/runner/blocks/BlockRenderer.tsx(165,7): error TS2367: This comparison appears to be unintentional because the types '"short_text" | "long_text" | "multiple_choice" | "radio" | "yes_no" | "date_time" | "file_upload" | "final_documents"' and '"display"' have no overlap.
client/src/components/runner/blocks/BlockRenderer.tsx(165,69): error TS2367: This comparison appears to be unintentional because the types '"short_text" | "long_text" | "multiple_choice" | "radio" | "yes_no" | "date_time" | "file_upload"' and '"signature_block"' have no overlap.
client/src/components/runner/blocks/BooleanBlock.tsx(41,14): error TS2367: This comparison appears to be unintentional because the types '"short_text" | "long_text" | "multiple_choice" | "radio" | "date_time" | "file_upload" | "js_question" | "final_documents"' and '"true_false"' have no overlap.
client/src/components/runner/blocks/BooleanBlock.tsx(45,14): error TS2367: This comparison appears to be unintentional because the types '"short_text" | "long_text" | "multiple_choice" | "radio" | "date_time" | "file_upload" | "js_question" | "final_documents"' and '"boolean"' have no overlap.
client/src/components/runner/blocks/ChoiceBlock.tsx(99,12): error TS2367: This comparison appears to be unintentional because the types '"short_text" | "long_text" | "yes_no" | "date_time" | "file_upload" | "js_question" | "final_documents"' and '"choice"' have no overlap.
client/src/components/runner/blocks/TextBlock.tsx(47,14): error TS2367: This comparison appears to be unintentional because the types '"multiple_choice" | "radio" | "yes_no" | "date_time" | "file_upload" | "js_question" | "final_documents"' and '"text"' have no overlap.
client/src/components/runner/blocks/validation.ts(34,11): error TS2367: This comparison appears to be unintentional because the types 'StepType' and '"address"' have no overlap.
client/src/components/runner/blocks/validation.ts(42,11): error TS2367: This comparison appears to be unintentional because the types 'StepType' and '"multi_field"' have no overlap.
client/src/components/runner/blocks/validation.ts(57,10): error TS2678: Type '"email"' is not comparable to type 'StepType'.
client/src/components/runner/blocks/validation.ts(66,10): error TS2678: Type '"phone"' is not comparable to type 'StepType'.
client/src/components/runner/blocks/validation.ts(75,10): error TS2678: Type '"website"' is not comparable to type 'StepType'.
client/src/components/runner/blocks/validation.ts(85,10): error TS2678: Type '"number"' is not comparable to type 'StepType'.
client/src/components/runner/blocks/validation.ts(86,10): error TS2678: Type '"currency"' is not comparable to type 'StepType'.
client/src/components/runner/blocks/validation.ts(105,10): error TS2678: Type '"multi_field"' is not comparable to type 'StepType'.
client/src/components/runner/blocks/validation.ts(136,27): error TS2367: This comparison appears to be unintentional because the types 'StepType' and '"display"' have no overlap.
client/src/components/runner/sections/FinalDocumentsSection.tsx(88,5): error TS2769: No overload matches this call.
  Overload 1 of 3, '(options: DefinedInitialDataOptions<GeneratedDocument[], Error, GeneratedDocument[], string[]>, queryClient?: QueryClient | undefined): DefinedUseQueryResult<...>', gave the following error.
    Type 'boolean | ""' is not assignable to type 'Enabled<GeneratedDocument[], Error, GeneratedDocument[], string[]> | undefined'.
      Type '""' is not assignable to type 'Enabled<GeneratedDocument[], Error, GeneratedDocument[], string[]> | undefined'.
  Overload 2 of 3, '(options: UndefinedInitialDataOptions<GeneratedDocument[], Error, GeneratedDocument[], string[]>, queryClient?: QueryClient | undefined): UseQueryResult<...>', gave the following error.
    Type 'boolean | ""' is not assignable to type 'Enabled<GeneratedDocument[], Error, GeneratedDocument[], string[]> | undefined'.
      Type '""' is not assignable to type 'Enabled<GeneratedDocument[], Error, GeneratedDocument[], string[]> | undefined'.
  Overload 3 of 3, '(options: UseQueryOptions<GeneratedDocument[], Error, GeneratedDocument[], string[]>, queryClient?: QueryClient | undefined): UseQueryResult<...>', gave the following error.
    Type 'boolean | ""' is not assignable to type 'Enabled<GeneratedDocument[], Error, GeneratedDocument[], string[]> | undefined'.
      Type '""' is not assignable to type 'Enabled<GeneratedDocument[], Error, GeneratedDocument[], string[]> | undefined'.
client/src/components/ui/file-upload.tsx(9,33): error TS2305: Module '"@shared/schema"' has no exported member 'FileMetadata'.
client/src/hooks/usePreviewSession.ts(83,17): error TS7053: Element implicitly has an 'any' type because expression of type 'string' can't be used to index type '{}'.
  No index signature with a parameter of type 'string' was found on type '{}'.
client/src/lib/blockRegistry.tsx(258,17): error TS2322: Type 'string' is not assignable to type '{ id: string; label: string; }'.
client/src/lib/blockRegistry.tsx(258,29): error TS2322: Type 'string' is not assignable to type '{ id: string; label: string; }'.
client/src/lib/blockRegistry.tsx(258,41): error TS2322: Type 'string' is not assignable to type '{ id: string; label: string; }'.
client/src/lib/blockRegistry.tsx(269,17): error TS2322: Type 'string' is not assignable to type '{ id: string; label: string; }'.
client/src/lib/blockRegistry.tsx(269,29): error TS2322: Type 'string' is not assignable to type '{ id: string; label: string; }'.
client/src/lib/blockRegistry.tsx(269,41): error TS2322: Type 'string' is not assignable to type '{ id: string; label: string; }'.
client/src/lib/randomizer/aiRandomFill.ts(75,25): error TS2367: This comparison appears to be unintentional because the types 'StepType' and '"display"' have no overlap.
client/src/lib/randomizer/aiRandomFill.ts(79,23): error TS2339: Property 'label' does not exist on type 'ApiStep'.
client/src/lib/randomizer/aiRandomFill.ts(131,12): error TS2678: Type '"text"' is not comparable to type 'StepType'.
client/src/lib/randomizer/aiRandomFill.ts(136,12): error TS2678: Type '"true_false"' is not comparable to type 'StepType'.
client/src/lib/randomizer/aiRandomFill.ts(137,12): error TS2678: Type '"boolean"' is not comparable to type 'StepType'.
client/src/lib/randomizer/aiRandomFill.ts(145,12): error TS2678: Type '"email"' is not comparable to type 'StepType'.
client/src/lib/randomizer/aiRandomFill.ts(152,12): error TS2678: Type '"phone"' is not comparable to type 'StepType'.
client/src/lib/randomizer/aiRandomFill.ts(156,12): error TS2678: Type '"website"' is not comparable to type 'StepType'.
client/src/lib/randomizer/aiRandomFill.ts(163,12): error TS2678: Type '"date"' is not comparable to type 'StepType'.
client/src/lib/randomizer/aiRandomFill.ts(169,12): error TS2678: Type '"time"' is not comparable to type 'StepType'.
client/src/lib/randomizer/aiRandomFill.ts(183,12): error TS2678: Type '"choice"' is not comparable to type 'StepType'.
client/src/lib/randomizer/aiRandomFill.ts(198,12): error TS2678: Type '"number"' is not comparable to type 'StepType'.
client/src/lib/randomizer/aiRandomFill.ts(199,12): error TS2678: Type '"currency"' is not comparable to type 'StepType'.
client/src/lib/randomizer/aiRandomFill.ts(200,12): error TS2678: Type '"scale"' is not comparable to type 'StepType'.
client/src/lib/randomizer/aiRandomFill.ts(206,12): error TS2678: Type '"address"' is not comparable to type 'StepType'.
client/src/lib/randomizer/aiRandomFill.ts(220,12): error TS2678: Type '"multi_field"' is not comparable to type 'StepType'.
client/src/lib/randomizer/randomFill.ts(319,45): error TS7006: Parameter '_' implicitly has an 'any' type.
client/src/lib/randomizer/randomFill.ts(319,48): error TS7006: Parameter 'i' implicitly has an 'any' type.
client/src/lib/randomizer/randomFill.ts(350,45): error TS7006: Parameter '_' implicitly has an 'any' type.
client/src/lib/randomizer/randomFill.ts(350,48): error TS7006: Parameter 'i' implicitly has an 'any' type.
client/src/lib/randomizer/randomFill.ts(503,9): error TS2367: This comparison appears to be unintentional because the types 'StepType' and '"display"' have no overlap.
client/src/lib/randomizer/randomFill.ts(503,67): error TS2367: This comparison appears to be unintentional because the types '"short_text" | "long_text" | "multiple_choice" | "radio" | "yes_no" | "date_time" | "file_upload" | "final_documents"' and '"computed"' have no overlap.
client/src/lib/randomizer/randomFill.ts(508,68): error TS2367: This comparison appears to be unintentional because the types '"multiple_choice" | "radio" | "yes_no" | "date_time" | "file_upload" | "final_documents"' and '"text"' have no overlap.
client/src/lib/randomizer/randomFill.ts(513,35): error TS2367: This comparison appears to be unintentional because the types '"multiple_choice" | "radio" | "date_time" | "file_upload" | "final_documents"' and '"true_false"' have no overlap.
client/src/lib/randomizer/randomFill.ts(513,65): error TS2367: This comparison appears to be unintentional because the types '"multiple_choice" | "radio" | "date_time" | "file_upload" | "final_documents"' and '"boolean"' have no overlap.
client/src/lib/randomizer/randomFill.ts(518,9): error TS2367: This comparison appears to be unintentional because the types '"multiple_choice" | "radio" | "date_time" | "file_upload" | "final_documents"' and '"email"' have no overlap.
client/src/lib/randomizer/randomFill.ts(522,9): error TS2367: This comparison appears to be unintentional because the types '"multiple_choice" | "radio" | "date_time" | "file_upload" | "final_documents"' and '"phone"' have no overlap.
client/src/lib/randomizer/randomFill.ts(526,9): error TS2367: This comparison appears to be unintentional because the types '"multiple_choice" | "radio" | "date_time" | "file_upload" | "final_documents"' and '"website"' have no overlap.
client/src/lib/randomizer/randomFill.ts(531,9): error TS2367: This comparison appears to be unintentional because the types '"multiple_choice" | "radio" | "date_time" | "file_upload" | "final_documents"' and '"date"' have no overlap.
client/src/lib/randomizer/randomFill.ts(535,9): error TS2367: This comparison appears to be unintentional because the types '"multiple_choice" | "radio" | "date_time" | "file_upload" | "final_documents"' and '"time"' have no overlap.
client/src/lib/randomizer/randomFill.ts(544,69): error TS2367: This comparison appears to be unintentional because the types '"file_upload" | "final_documents"' and '"choice"' have no overlap.
client/src/lib/randomizer/randomFill.ts(549,9): error TS2367: This comparison appears to be unintentional because the types '"file_upload" | "final_documents"' and '"number"' have no overlap.
client/src/lib/randomizer/randomFill.ts(553,9): error TS2367: This comparison appears to be unintentional because the types '"file_upload" | "final_documents"' and '"currency"' have no overlap.
client/src/lib/randomizer/randomFill.ts(557,9): error TS2367: This comparison appears to be unintentional because the types '"file_upload" | "final_documents"' and '"scale"' have no overlap.
client/src/lib/randomizer/randomFill.ts(562,9): error TS2367: This comparison appears to be unintentional because the types '"file_upload" | "final_documents"' and '"address"' have no overlap.
client/src/lib/randomizer/randomFill.ts(566,9): error TS2367: This comparison appears to be unintentional because the types '"file_upload" | "final_documents"' and '"multi_field"' have no overlap.
client/src/pages/optimization/OptimizationWizard.tsx(23,31): error TS2307: Cannot find module '@/lib/api' or its corresponding type declarations.
client/src/pages/PreviewRunner.tsx(619,16): error TS2552: Cannot find name 'Label'. Did you mean 'babel'?
client/src/pages/PreviewRunner.tsx(619,36): error TS2552: Cannot find name 'Label'. Did you mean 'babel'?
client/src/pages/visual-builder/components/TransformEditor/TransformEditor.tsx(6,10): error TS2724: '"../../hooks/useWorkflowAPI"' has no exported member named 'useWorkflowAPI'. Did you mean 'useWorkflowGraph'?
