npm warn Unknown project config "puppeteer_skip_download". This will stop working in the next major version of npm.

> ezbuildr@1.0.0 check
> tsc

client/src/components/builder/cards/ChoiceCardEditor.tsx(649,63): error TS2554: Expected 1 arguments, but got 0.
client/src/components/builder/cards/ChoiceCardEditor.tsx(650,63): error TS2554: Expected 1 arguments, but got 0.
client/src/components/builder/cards/ChoiceCardEditor.tsx(651,72): error TS2554: Expected 1 arguments, but got 0.
client/src/components/builder/questions/QuestionCard.tsx(409,125): error TS2554: Expected 1 arguments, but got 0.
client/src/components/builder/questions/QuestionCard.tsx(458,39): error TS2722: Cannot invoke an object which is possibly 'undefined'.
client/src/components/builder/questions/QuestionCard.tsx(651,48): error TS2554: Expected 1 arguments, but got 0.
client/src/components/builder/questions/QuestionCard.tsx(818,48): error TS2554: Expected 1 arguments, but got 0.
client/src/components/builder/questions/QuestionCard.tsx(856,52): error TS2554: Expected 1 arguments, but got 0.
client/src/components/builder/SidebarTree.tsx(433,37): error TS2554: Expected 1 arguments, but got 0.
client/src/components/builder/SidebarTree.tsx(581,33): error TS2554: Expected 1 arguments, but got 0.
client/src/components/builder/SidebarTree.tsx(664,35): error TS2554: Expected 1 arguments, but got 0.
client/src/components/charts/KeywordList.tsx(5,15): error TS2305: Module '"@shared/schema"' has no exported member 'TextAggregation'.
client/src/components/charts/KeywordList.tsx(47,49): error TS7006: Parameter 'keyword' implicitly has an 'any' type.
client/src/components/charts/KeywordList.tsx(47,58): error TS7006: Parameter 'index' implicitly has an 'any' type.
client/src/components/charts/MultipleChoiceChart.tsx(7,15): error TS2305: Module '"@shared/schema"' has no exported member 'ChoiceAggregation'.
client/src/components/charts/ResultsCard.tsx(6,15): error TS2305: Module '"@shared/schema"' has no exported member 'QuestionAggregate'.
client/src/components/charts/ResultsCard.tsx(6,34): error TS2305: Module '"@shared/schema"' has no exported member 'YesNoAggregation'.
client/src/components/charts/ResultsCard.tsx(6,52): error TS2305: Module '"@shared/schema"' has no exported member 'ChoiceAggregation'.
client/src/components/charts/ResultsCard.tsx(6,71): error TS2305: Module '"@shared/schema"' has no exported member 'TextAggregation'.
client/src/components/charts/YesNoChart.tsx(7,15): error TS2305: Module '"@shared/schema"' has no exported member 'YesNoAggregation'.
client/src/components/collab/CommentsPanel.tsx(106,37): error TS2554: Expected 1 arguments, but got 0.
client/src/components/devtools/JsonViewer.tsx(167,66): error TS2873: This kind of expression is always falsy.
client/src/components/runner/blocks/ChoiceBlock.tsx(357,32): error TS2873: This kind of expression is always falsy.
client/src/components/shared/JsonViewer.tsx(230,58): error TS2873: This kind of expression is always falsy.
client/src/components/ui/file-upload.tsx(11,15): error TS2305: Module '"@shared/schema"' has no exported member 'FileUploadConfig'.
client/src/components/ui/file-upload.tsx(55,52): error TS7006: Parameter 'type' implicitly has an 'any' type.
client/src/components/ui/file-upload.tsx(245,28): error TS2873: This kind of expression is always falsy.
client/src/components/ui/file-upload.tsx(276,32): error TS2554: Expected 1 arguments, but got 0.
client/src/hooks/useAnalyticsData.ts(4,3): error TS2305: Module '"@shared/schema"' has no exported member 'Survey'.
client/src/hooks/useAnalyticsData.ts(5,3): error TS2305: Module '"@shared/schema"' has no exported member 'QuestionAnalytics'.
client/src/hooks/useAnalyticsData.ts(6,3): error TS2305: Module '"@shared/schema"' has no exported member 'PageAnalytics'.
client/src/hooks/useAnalyticsData.ts(7,3): error TS2305: Module '"@shared/schema"' has no exported member 'CompletionFunnelData'.
client/src/hooks/useAnalyticsData.ts(8,3): error TS2305: Module '"@shared/schema"' has no exported member 'TimeSpentData'.
client/src/hooks/useAnalyticsData.ts(9,3): error TS2305: Module '"@shared/schema"' has no exported member 'EngagementMetrics'.
client/src/hooks/useAnalyticsData.ts(10,3): error TS2305: Module '"@shared/schema"' has no exported member 'QuestionAggregate'.
client/src/lib/analyticsUtils.ts(6,15): error TS2305: Module '"@shared/schema"' has no exported member 'YesNoAggregation'.
client/src/lib/analyticsUtils.ts(6,33): error TS2305: Module '"@shared/schema"' has no exported member 'ChoiceAggregation'.
client/src/lib/analyticsUtils.ts(6,52): error TS2305: Module '"@shared/schema"' has no exported member 'TextAggregation'.
client/src/lib/analyticsUtils.ts(59,53): error TS7006: Parameter 'k' implicitly has an 'any' type.
client/src/pages/CollectionsPage.tsx(153,37): error TS2554: Expected 1 arguments, but got 0.
client/src/pages/CollectionsPage.tsx(186,30): error TS2339: Property 'preventDefault' does not exist on type '{ name: string; slug?: string | undefined; description?: string | undefined; }'.
client/src/pages/Dashboard.tsx(23,15): error TS2305: Module '"@shared/schema"' has no exported member 'DashboardStats'.
client/src/pages/Dashboard.tsx(23,31): error TS2305: Module '"@shared/schema"' has no exported member 'Survey'.
client/src/pages/Dashboard.tsx(23,39): error TS2305: Module '"@shared/schema"' has no exported member 'SurveyAnalytics'.
client/src/pages/Dashboard.tsx(23,56): error TS2305: Module '"@shared/schema"' has no exported member 'ResponseTrend'.
client/src/pages/Dashboard.tsx(23,71): error TS2305: Module '"@shared/schema"' has no exported member 'ActivityItem'.
client/src/pages/datavault/[tableId].tsx(591,9): error TS2322: Type '(e: Record<string, any>) => void' is not assignable to type '(values: Record<string, any>) => Promise<void>'.
  Type 'void' is not assignable to type 'Promise<void>'.
client/src/pages/datavault/[tableId].tsx(602,9): error TS2322: Type '(e: Record<string, any>) => void' is not assignable to type '(values: Record<string, any>) => Promise<void>'.
  Type 'void' is not assignable to type 'Promise<void>'.
client/src/pages/datavault/databases.tsx(261,9): error TS2322: Type '(e: { name: string; description?: string | undefined; scopeType: "account" | "project" | "workflow"; scopeId?: string | undefined; }) => void' is not assignable to type '(data: { name: string; description?: string | undefined; scopeType: "account" | "project" | "workflow"; scopeId?: string | undefined; }) => Promise<void>'.
  Type 'void' is not assignable to type 'Promise<void>'.
client/src/pages/datavault/databases.tsx(261,30): error TS2339: Property 'preventDefault' does not exist on type '{ name: string; description?: string | undefined; scopeType: "account" | "project" | "workflow"; scopeId?: string | undefined; }'.
client/src/pages/datavault/tables.tsx(334,30): error TS2339: Property 'preventDefault' does not exist on type '{ name: string; slug?: string | undefined; description?: string | undefined; columns: Column[]; }'.
client/src/pages/OrganizationDetail.tsx(634,32): error TS2873: This kind of expression is always falsy.
client/src/pages/OrganizationDetail.tsx(634,76): error TS2345: Argument of type 'string | null' is not assignable to parameter of type 'string'.
  Type 'null' is not assignable to type 'string'.
client/src/pages/TemplatesPage.tsx(402,34): error TS2873: This kind of expression is always falsy.
client/src/pages/TemplatesPage.tsx(402,80): error TS2345: Argument of type 'Template | null' is not assignable to parameter of type 'Template'.
  Type 'null' is not assignable to type 'Template'.
client/src/pages/visual-builder/components/TemplateUploadDialog.tsx(138,42): error TS2554: Expected 1 arguments, but got 0.
client/src/pages/visual-builder/components/TemplateUploadWizard.tsx(145,96): error TS2554: Expected 1 arguments, but got 0.
client/src/pages/WorkflowRunner.tsx(1042,32): error TS2554: Expected 1 arguments, but got 0.
server/engine/nodes/data.ts(112,21): error TS18046: 'write' is of type 'unknown'.
server/engine/nodes/data.ts(117,57): error TS18046: 'write' is of type 'unknown'.
server/lib/ai/transformRevision.ts(3,26): error TS2305: Module '"shared/schema"' has no exported member 'TransformResult'.
server/lib/audit/auditLogger.ts(21,40): error TS2769: No overload matches this call.
  Overload 1 of 2, '(value: { action: string | SQL<unknown> | Placeholder<string, any>; entityType: string | SQL<unknown> | Placeholder<string, any>; entityId: string | SQL<unknown> | Placeholder<...>; ... 11 more ...; timestamp?: SQL<...> | ... 3 more ... | undefined; }): PgInsertBase<...>', gave the following error.
    Argument of type '{ workspaceId: string | null; userId: string | undefined; action: string; resourceType: string; resourceId: string | undefined; changes: { before: any; after: any; }; ipAddress: string | undefined; userAgent: string | undefined; }' is not assignable to parameter of type '{ action: string | SQL<unknown> | Placeholder<string, any>; entityType: string | SQL<unknown> | Placeholder<string, any>; entityId: string | SQL<unknown> | Placeholder<...>; ... 11 more ...; timestamp?: SQL<...> | ... 3 more ... | undefined; }'.
      Type '{ workspaceId: string | null; userId: string | undefined; action: string; resourceType: string; resourceId: string | undefined; changes: { before: any; after: any; }; ipAddress: string | undefined; userAgent: string | undefined; }' is missing the following properties from type '{ action: string | SQL<unknown> | Placeholder<string, any>; entityType: string | SQL<unknown> | Placeholder<string, any>; entityId: string | SQL<unknown> | Placeholder<...>; ... 11 more ...; timestamp?: SQL<...> | ... 3 more ... | undefined; }': entityType, entityId
  Overload 2 of 2, '(values: { action: string | SQL<unknown> | Placeholder<string, any>; entityType: string | SQL<unknown> | Placeholder<string, any>; entityId: string | SQL<unknown> | Placeholder<...>; ... 11 more ...; timestamp?: SQL<...> | ... 3 more ... | undefined; }[]): PgInsertBase<...>', gave the following error.
    Object literal may only specify known properties, and 'workspaceId' does not exist in type '{ action: string | SQL<unknown> | Placeholder<string, any>; entityType: string | SQL<unknown> | Placeholder<string, any>; entityId: string | SQL<unknown> | Placeholder<...>; ... 11 more ...; timestamp?: SQL<...> | ... 3 more ... | undefined; }[]'.
server/lib/tenancy/tenantContext.ts(26,17): error TS2353: Object literal may only specify known properties, and 'members' does not exist in type '{ organization?: true | { columns?: { id?: boolean | undefined; name?: boolean | undefined; description?: boolean | undefined; slug?: boolean | undefined; domain?: boolean | undefined; ... 4 more ...; updatedAt?: boolean | undefined; } | undefined; with?: {} | undefined; extras?: Record<...> | ... 1 more ... | undef...'.
server/lib/tenancy/tenantContext.ts(32,41): error TS2339: Property 'members' does not exist on type '{ id: string; name: string; createdAt: Date | null; updatedAt: Date | null; slug: string; settings: unknown; organizationId: string; }'.
server/lib/transforms/debugger.ts(1,26): error TS2305: Module '"shared/schema"' has no exported member 'TransformIssue'.
server/lib/transforms/debugger.ts(1,42): error TS2305: Module '"shared/schema"' has no exported member 'TransformFix'.
server/middleware/errorHandler.examples.ts(320,15): error TS2339: Property 'email' does not exist on type 'unknown'.
server/repositories/DatavaultDatabasesRepository.ts(8,59): error TS2724: '"../../shared/schema"' has no exported member named 'DatavaultScopeType'. Did you mean 'datavaultScopeTypeEnum'?
server/repositories/SystemStatsRepository.ts(3,10): error TS2305: Module '"@shared/schema"' has no exported member 'systemStats'.
server/repositories/SystemStatsRepository.ts(4,15): error TS2305: Module '"@shared/schema"' has no exported member 'SystemStats'.
server/repositories/TemplateRepository.ts(3,10): error TS2305: Module '"@shared/schema"' has no exported member 'surveyTemplates'.
server/repositories/TemplateShareRepository.ts(3,10): error TS2305: Module '"../../shared/schema"' has no exported member 'templateShares'.
server/repositories/UserPreferencesRepository.ts(3,54): error TS2724: '"@shared/schema"' has no exported member named 'InsertUserPreferences'. Did you mean 'UserPreferences'?
server/repositories/WorkflowTemplateRepository.ts(3,57): error TS2724: '"@shared/schema"' has no exported member named 'InsertWorkflowTemplate'. Did you mean 'WorkflowTemplate'?
server/routes/admin.ts(52,33): error TS2769: No overload matches this call.
  Overload 1 of 2, '(value: { name: string | SQL<unknown> | Placeholder<string, any>; slug: string | SQL<unknown> | Placeholder<string, any>; organizationId: string | SQL<unknown> | Placeholder<...>; id?: string | ... 2 more ... | undefined; createdAt?: SQL<...> | ... 3 more ... | undefined; updatedAt?: SQL<...> | ... 3 more ... | undefined; settings?: unknown; }): PgInsertBase<...>', gave the following error.
    Object literal may only specify known properties, and 'tenantId' does not exist in type '{ name: string | SQL<unknown> | Placeholder<string, any>; slug: string | SQL<unknown> | Placeholder<string, any>; organizationId: string | SQL<unknown> | Placeholder<...>; id?: string | ... 2 more ... | undefined; createdAt?: SQL<...> | ... 3 more ... | undefined; updatedAt?: SQL<...> | ... 3 more ... | undefined; s...'.
  Overload 2 of 2, '(values: { name: string | SQL<unknown> | Placeholder<string, any>; slug: string | SQL<unknown> | Placeholder<string, any>; organizationId: string | SQL<unknown> | Placeholder<...>; id?: string | ... 2 more ... | undefined; createdAt?: SQL<...> | ... 3 more ... | undefined; updatedAt?: SQL<...> | ... 3 more ... | undefined; settings?: unknown; }[]): PgInsertBase<...>', gave the following error.
    Object literal may only specify known properties, and 'organizationId' does not exist in type '{ name: string | SQL<unknown> | Placeholder<string, any>; slug: string | SQL<unknown> | Placeholder<string, any>; organizationId: string | SQL<unknown> | Placeholder<...>; id?: string | ... 2 more ... | undefined; createdAt?: SQL<...> | ... 3 more ... | undefined; updatedAt?: SQL<...> | ... 3 more ... | undefined; s...'.
server/routes/auth.routes.ts(193,3): error TS2304: Cannot find name 'rateLimit'.
server/routes/auth.routes.ts(226,76): error TS2345: Argument of type '(string | undefined)[]' is not assignable to parameter of type 'string[]'.
  Type 'string | undefined' is not assignable to type 'string'.
    Type 'undefined' is not assignable to type 'string'.
server/routes/auth.routes.ts(242,9): error TS2322: Type 'string | null' is not assignable to type '"owner" | "builder" | "runner" | "viewer" | null | undefined'.
  Type 'string' is not assignable to type '"owner" | "builder" | "runner" | "viewer" | null | undefined'.
server/routes/auth.routes.ts(971,9): error TS2345: Argument of type '"all_sessions_revoked"' is not assignable to parameter of type 'SecurityEventType.SESSION_CREATED | SecurityEventType.SESSION_REVOKED | SecurityEventType.ALL_SESSIONS_REVOKED'.
server/routes/branding.routes.ts(145,42): error TS2304: Cannot find name 'z'.
server/routes/branding.routes.ts(146,19): error TS2304: Cannot find name 'z'.
server/routes/external.routes.ts(5,10): error TS2305: Module '"@shared/schema"' has no exported member 'surveys'.
server/routes/external.routes.ts(27,42): error TS2339: Property 'surveys' does not exist on type '{ readonly tenants: RelationalQueryBuilder<ExtractTablesWithRelations<typeof import("C:/Users/scoot/poll/VaultLogic/shared/schema")>, { tsName: "tenants"; dbName: "tenants"; columns: { ...; }; relations: { ...; }; primaryKey: AnyColumn[]; }>; ... 97 more ...; readonly workflowPersonalizationSettings: RelationalQuery...'.
server/routes/external.routes.ts(55,41): error TS2339: Property 'surveys' does not exist on type '{ readonly tenants: RelationalQueryBuilder<ExtractTablesWithRelations<typeof import("C:/Users/scoot/poll/VaultLogic/shared/schema")>, { tsName: "tenants"; dbName: "tenants"; columns: { ...; }; relations: { ...; }; primaryKey: AnyColumn[]; }>; ... 97 more ...; readonly workflowPersonalizationSettings: RelationalQuery...'.
server/routes/finalBlock.routes.ts(165,11): error TS2353: Object literal may only specify known properties, and 'pdfStrategy' does not exist in type 'FinalBlockRenderRequest'.
server/routes/finalBlock.routes.ts(261,11): error TS2353: Object literal may only specify known properties, and 'pdfStrategy' does not exist in type 'FinalBlockRenderRequest'.
server/routes/projects.routes.ts(272,68): error TS2345: Argument of type '{ principalType: "user" | "team"; principalId: string; }[]' is not assignable to parameter of type '{ principalType: PrincipalType; principalId: string; }[]'.
  Type '{ principalType: "user" | "team"; principalId: string; }' is not assignable to type '{ principalType: PrincipalType; principalId: string; }'.
    Types of property 'principalType' are incompatible.
      Type '"user" | "team"' is not assignable to type 'PrincipalType'.
        Type '"team"' is not assignable to type 'PrincipalType'.
server/routes/public.routes.ts(71,51): error TS2339: Property 'workspaceId' does not exist on type '{ id: string; name: string | null; createdAt: Date | null; updatedAt: Date | null; description: string | null; ownerType: "user" | "org" | null; ownerUuid: string | null; ... 13 more ...; sourceBlueprintId: string | null; }'.
server/routes/workflows.routes.ts(430,84): error TS2345: Argument of type '{ role: "owner" | "edit" | "view"; principalType: "user" | "team"; principalId: string; }[]' is not assignable to parameter of type '{ principalType: PrincipalType; principalId: string; role: string; }[]'.
  Type '{ role: "owner" | "edit" | "view"; principalType: "user" | "team"; principalId: string; }' is not assignable to type '{ principalType: PrincipalType; principalId: string; role: string; }'.
    Types of property 'principalType' are incompatible.
      Type '"user" | "team"' is not assignable to type 'PrincipalType'.
        Type '"team"' is not assignable to type 'PrincipalType'.
server/routes/workflows.routes.ts(471,70): error TS2345: Argument of type '{ principalType: "user" | "team"; principalId: string; }[]' is not assignable to parameter of type '{ principalType: PrincipalType; principalId: string; }[]'.
  Type '{ principalType: "user" | "team"; principalId: string; }' is not assignable to type '{ principalType: PrincipalType; principalId: string; }'.
    Types of property 'principalType' are incompatible.
      Type '"user" | "team"' is not assignable to type 'PrincipalType'.
        Type '"team"' is not assignable to type 'PrincipalType'.
server/services/ai/index.ts(14,1): error TS2308: Module './types' has already exported a member named 'TYPE_ALIASES'. Consider explicitly re-exporting to resolve the ambiguity.
server/services/ai/index.ts(14,1): error TS2308: Module './types' has already exported a member named 'VALID_STEP_TYPES'. Consider explicitly re-exporting to resolve the ambiguity.
server/services/AuthService.ts(85,17): error TS2322: Type '"user" | "admin" | "creator" | "guest"' is not assignable to type '"owner" | "admin" | "creator" | "builder" | "runner" | "viewer" | null'.
  Type '"user"' is not assignable to type '"owner" | "admin" | "creator" | "builder" | "runner" | "viewer" | null'.
server/services/AuthService.ts(331,56): error TS2304: Cannot find name 'RefreshTokenMetadata'.
server/services/DatavaultDatabasesService.ts(4,34): error TS2724: '"../../shared/schema"' has no exported member named 'DatavaultScopeType'. Did you mean 'datavaultScopeTypeEnum'?
server/services/document/EnhancedDocumentEngine.ts(400,11): error TS2353: Object literal may only specify known properties, and 'pdfStrategy' does not exist in type 'EnhancedGenerationOptions'.
server/services/DocumentGenerationService.ts(210,9): error TS2353: Object literal may only specify known properties, and 'pdfStrategy' does not exist in type 'DocumentGenerationOptions'.
server/services/docxRenderer.ts(119,31): error TS2304: Cannot find name 'convertDocxToPdf'.
server/services/EmailQueueService.ts(5,10): error TS2305: Module '"@shared/schema"' has no exported member 'emailQueue'.
server/services/EmailQueueService.ts(82,41): error TS2339: Property 'emailQueue' does not exist on type '{ readonly tenants: RelationalQueryBuilder<ExtractTablesWithRelations<typeof import("C:/Users/scoot/poll/VaultLogic/shared/schema")>, { tsName: "tenants"; dbName: "tenants"; columns: { ...; }; relations: { ...; }; primaryKey: AnyColumn[]; }>; ... 97 more ...; readonly workflowPersonalizationSettings: RelationalQuery...'.
server/services/EmailQueueService.ts(97,27): error TS7006: Parameter 'emailQueue' implicitly has an 'any' type.
server/services/EmailQueueService.ts(97,41): error TS7031: Binding element 'asc' implicitly has an 'any' type.
server/services/externalConnections.ts(72,47): error TS2339: Property 'secretId' does not exist on type 'PgTableWithColumns<{ name: "connections"; schema: undefined; columns: { id: PgColumn<{ name: "id"; tableName: "connections"; dataType: "string"; columnType: "PgUUID"; data: string; driverParam: string; notNull: true; hasDefault: true; ... 6 more ...; generated: undefined; }, {}, {}>; ... 16 more ...; updatedAt: PgCo...'.
server/services/externalConnections.ts(102,47): error TS2339: Property 'secretId' does not exist on type 'PgTableWithColumns<{ name: "connections"; schema: undefined; columns: { id: PgColumn<{ name: "id"; tableName: "connections"; dataType: "string"; columnType: "PgUUID"; data: string; driverParam: string; notNull: true; hasDefault: true; ... 6 more ...; generated: undefined; }, {}, {}>; ... 16 more ...; updatedAt: PgCo...'.
server/services/externalConnections.ts(112,5): error TS2322: Type 'string | null' is not assignable to type 'string'.
  Type 'null' is not assignable to type 'string'.
server/services/externalConnections.ts(113,28): error TS2339: Property 'authType' does not exist on type '{ id: string; tenantId: string; projectId: string; name: string; type: "api_key" | "bearer" | "oauth2_client_credentials" | "oauth2_3leg"; baseUrl: string | null; authConfig: unknown; secretRefs: unknown; ... 9 more ...; updatedAt: Date | null; }'.
server/services/externalConnections.ts(114,28): error TS2339: Property 'secretId' does not exist on type '{ id: string; tenantId: string; projectId: string; name: string; type: "api_key" | "bearer" | "oauth2_client_credentials" | "oauth2_3leg"; baseUrl: string | null; authConfig: unknown; secretRefs: unknown; ... 9 more ...; updatedAt: Date | null; }'.
server/services/externalConnections.ts(135,47): error TS2339: Property 'secretId' does not exist on type 'PgTableWithColumns<{ name: "connections"; schema: undefined; columns: { id: PgColumn<{ name: "id"; tableName: "connections"; dataType: "string"; columnType: "PgUUID"; data: string; driverParam: string; notNull: true; hasDefault: true; ... 6 more ...; generated: undefined; }, {}, {}>; ... 16 more ...; updatedAt: PgCo...'.
server/services/externalConnections.ts(145,5): error TS2322: Type 'string | null' is not assignable to type 'string'.
  Type 'null' is not assignable to type 'string'.
server/services/externalConnections.ts(146,28): error TS2339: Property 'authType' does not exist on type '{ id: string; tenantId: string; projectId: string; name: string; type: "api_key" | "bearer" | "oauth2_client_credentials" | "oauth2_3leg"; baseUrl: string | null; authConfig: unknown; secretRefs: unknown; ... 9 more ...; updatedAt: Date | null; }'.
server/services/externalConnections.ts(147,28): error TS2339: Property 'secretId' does not exist on type '{ id: string; tenantId: string; projectId: string; name: string; type: "api_key" | "bearer" | "oauth2_client_credentials" | "oauth2_3leg"; baseUrl: string | null; authConfig: unknown; secretRefs: unknown; ... 9 more ...; updatedAt: Date | null; }'.
server/services/externalConnections.ts(199,6): error TS2769: No overload matches this call.
  Overload 1 of 2, '(value: { name: string | SQL<unknown> | Placeholder<string, any>; tenantId: string | SQL<unknown> | Placeholder<string, any>; type: SQL<unknown> | "api_key" | "bearer" | "oauth2_client_credentials" | "oauth2_3leg" | Placeholder<...>; ... 14 more ...; lastTestedAt?: SQL<...> | ... 3 more ... | undefined; }): PgInsertBase<...>', gave the following error.
    Object literal may only specify known properties, and 'authType' does not exist in type '{ name: string | SQL<unknown> | Placeholder<string, any>; tenantId: string | SQL<unknown> | Placeholder<string, any>; type: SQL<unknown> | "api_key" | "bearer" | "oauth2_client_credentials" | "oauth2_3leg" | Placeholder<...>; ... 14 more ...; lastTestedAt?: SQL<...> | ... 3 more ... | undefined; }'.
  Overload 2 of 2, '(values: { name: string | SQL<unknown> | Placeholder<string, any>; tenantId: string | SQL<unknown> | Placeholder<string, any>; type: SQL<unknown> | "api_key" | "bearer" | "oauth2_client_credentials" | "oauth2_3leg" | Placeholder<...>; ... 14 more ...; lastTestedAt?: SQL<...> | ... 3 more ... | undefined; }[]): PgInsertBase<...>', gave the following error.
    Object literal may only specify known properties, and 'projectId' does not exist in type '{ name: string | SQL<unknown> | Placeholder<string, any>; tenantId: string | SQL<unknown> | Placeholder<string, any>; type: SQL<unknown> | "api_key" | "bearer" | "oauth2_client_credentials" | "oauth2_3leg" | Placeholder<...>; ... 14 more ...; lastTestedAt?: SQL<...> | ... 3 more ... | undefined; }[]'.
server/services/externalConnections.ts(260,47): error TS2339: Property 'authType' does not exist on type 'Partial<{ name: string; tenantId: string; type: "api_key" | "bearer" | "oauth2_client_credentials" | "oauth2_3leg"; projectId: string; id?: string | undefined; createdAt?: Date | null | undefined; ... 11 more ...; lastTestedAt?: Date | ... 1 more ... | undefined; }>'.
server/services/externalConnections.ts(261,47): error TS2339: Property 'secretId' does not exist on type 'Partial<{ name: string; tenantId: string; type: "api_key" | "bearer" | "oauth2_client_credentials" | "oauth2_3leg"; projectId: string; id?: string | undefined; createdAt?: Date | null | undefined; ... 11 more ...; lastTestedAt?: Date | ... 1 more ... | undefined; }>'.
server/services/TeamService.ts(1,63): error TS2305: Module '"@shared/schema"' has no exported member 'TeamRole'.
server/services/TemplatePreviewService.ts(172,9): error TS2353: Object literal may only specify known properties, and 'pdfStrategy' does not exist in type 'EnhancedGenerationOptions'.
server/services/TemplateSharingService.ts(1,21): error TS2305: Module '"@shared/schema"' has no exported member 'SurveyTemplate'.
server/services/TemplateTestService.ts(215,15): error TS2339: Property 'convertDocxToPdf' does not exist on type 'typeof import("C:/Users/scoot/poll/VaultLogic/server/services/docxRenderer")'.
server/services/VariableService.ts(1,15): error TS2305: Module '"@shared/schema"' has no exported member 'WorkflowVariable'.
server/services/WorkflowService.ts(707,27): error TS2339: Property 'length' does not exist on type '{ id: string; title: string; description: string | null; creatorId: string | null; ownerId: string | null; modeOverride: string | null; publicLink: string | null; name: string | null; ... 12 more ...; sourceBlueprintId: string | null; }'.
server/services/WorkflowService.ts(731,36): error TS2345: Argument of type 'string | undefined' is not assignable to parameter of type 'string'.
  Type 'undefined' is not assignable to type 'string'.
server/services/WorkflowService.ts(740,22): error TS2769: No overload matches this call.
  Overload 1 of 3, '(left: PgColumn<{ name: "id"; tableName: "sections"; dataType: "string"; columnType: "PgUUID"; data: string; driverParam: string; notNull: true; hasDefault: true; isPrimaryKey: true; isAutoincrement: false; ... 4 more ...; generated: undefined; }, {}, {}>, right: string | SQLWrapper): SQL<...>', gave the following error.
    Argument of type 'string | undefined' is not assignable to parameter of type 'string | SQLWrapper'.
      Type 'undefined' is not assignable to type 'string | SQLWrapper'.
  Overload 2 of 3, '(left: Aliased<string | undefined>, right: string | SQLWrapper | undefined): SQL<unknown>', gave the following error.
    Argument of type 'PgColumn<{ name: "id"; tableName: "sections"; dataType: "string"; columnType: "PgUUID"; data: string; driverParam: string; notNull: true; hasDefault: true; isPrimaryKey: true; isAutoincrement: false; ... 4 more ...; generated: undefined; }, {}, {}>' is not assignable to parameter of type 'Aliased<string | undefined>'.
      Type 'PgColumn<{ name: "id"; tableName: "sections"; dataType: "string"; columnType: "PgUUID"; data: string; driverParam: string; notNull: true; hasDefault: true; isPrimaryKey: true; isAutoincrement: false; ... 4 more ...; generated: undefined; }, {}, {}>' is missing the following properties from type 'Aliased<string | undefined>': sql, fieldAlias
  Overload 3 of 3, '(left: never, right: unknown): SQL<unknown>', gave the following error.
    Argument of type 'PgColumn<{ name: "id"; tableName: "sections"; dataType: "string"; columnType: "PgUUID"; data: string; driverParam: string; notNull: true; hasDefault: true; isPrimaryKey: true; isAutoincrement: false; ... 4 more ...; generated: undefined; }, {}, {}>' is not assignable to parameter of type 'never'.
server/services/WorkflowService.ts(744,16): error TS2769: No overload matches this call.
  Overload 1 of 2, '(value: { title: string | SQL<unknown> | Placeholder<string, any>; workflowId: string | SQL<unknown> | Placeholder<string, any>; order: number | SQL<unknown> | Placeholder<...>; ... 6 more ...; skipIf?: unknown; }): PgInsertBase<...>', gave the following error.
    Type 'number | undefined' is not assignable to type 'number | SQL<unknown> | Placeholder<string, any>'.
      Type 'undefined' is not assignable to type 'number | SQL<unknown> | Placeholder<string, any>'.
  Overload 2 of 2, '(values: { title: string | SQL<unknown> | Placeholder<string, any>; workflowId: string | SQL<unknown> | Placeholder<string, any>; order: number | SQL<unknown> | Placeholder<...>; ... 6 more ...; skipIf?: unknown; }[]): PgInsertBase<...>', gave the following error.
    Object literal may only specify known properties, and 'workflowId' does not exist in type '{ title: string | SQL<unknown> | Placeholder<string, any>; workflowId: string | SQL<unknown> | Placeholder<string, any>; order: number | SQL<unknown> | Placeholder<...>; ... 6 more ...; skipIf?: unknown; }[]'.
server/services/WorkflowService.ts(759,67): error TS2769: No overload matches this call.
  Overload 1 of 3, '(left: PgColumn<{ name: "section_id"; tableName: "steps"; dataType: "string"; columnType: "PgUUID"; data: string; driverParam: string; notNull: true; hasDefault: false; isPrimaryKey: false; isAutoincrement: false; ... 4 more ...; generated: undefined; }, {}, {}>, right: string | SQLWrapper): SQL<...>', gave the following error.
    Argument of type 'string | undefined' is not assignable to parameter of type 'string | SQLWrapper'.
      Type 'undefined' is not assignable to type 'string | SQLWrapper'.
  Overload 2 of 3, '(left: Aliased<string | undefined>, right: string | SQLWrapper | undefined): SQL<unknown>', gave the following error.
    Argument of type 'PgColumn<{ name: "section_id"; tableName: "steps"; dataType: "string"; columnType: "PgUUID"; data: string; driverParam: string; notNull: true; hasDefault: false; isPrimaryKey: false; isAutoincrement: false; ... 4 more ...; generated: undefined; }, {}, {}>' is not assignable to parameter of type 'Aliased<string | undefined>'.
      Type 'PgColumn<{ name: "section_id"; tableName: "steps"; dataType: "string"; columnType: "PgUUID"; data: string; driverParam: string; notNull: true; hasDefault: false; isPrimaryKey: false; isAutoincrement: false; ... 4 more ...; generated: undefined; }, {}, {}>' is missing the following properties from type 'Aliased<string | undefined>': sql, fieldAlias
  Overload 3 of 3, '(left: never, right: unknown): SQL<unknown>', gave the following error.
    Argument of type 'PgColumn<{ name: "section_id"; tableName: "steps"; dataType: "string"; columnType: "PgUUID"; data: string; driverParam: string; notNull: true; hasDefault: false; isPrimaryKey: false; isAutoincrement: false; ... 4 more ...; generated: undefined; }, {}, {}>' is not assignable to parameter of type 'never'.
server/services/WorkflowService.ts(774,19): error TS2322: Type 'string' is not assignable to type '"number" | "boolean" | "text" | "date" | "datetime" | "email" | "phone" | SQL<unknown> | PgColumn<ColumnBaseConfig<ColumnDataType, string>, {}, {}> | ... 31 more ... | undefined'.
server/services/WorkflowService.ts(782,19): error TS2769: No overload matches this call.
  Overload 2 of 2, '(values: { type: "number" | "boolean" | "text" | "date" | "datetime" | "email" | "phone" | SQL<unknown> | "short_text" | "long_text" | "multiple_choice" | "radio" | "yes_no" | "date_time" | ... 25 more ... | Placeholder<...>; ... 13 more ...; repeaterConfig?: unknown; }[]): PgInsertBase<...>', gave the following error.
    Object literal may only specify known properties, and 'sectionId' does not exist in type '{ type: "number" | "boolean" | "text" | "date" | "datetime" | "email" | "phone" | SQL<unknown> | "short_text" | "long_text" | "multiple_choice" | "radio" | "yes_no" | "date_time" | ... 25 more ... | Placeholder<...>; ... 13 more ...; repeaterConfig?: unknown; }[]'.
server/services/WorkflowService.ts(814,11): error TS2769: No overload matches this call.
  Overload 1 of 2, '(value: { workflowId: string | SQL<unknown> | Placeholder<string, any>; action: SQL<unknown> | "show" | "hide" | "require" | "make_optional" | "skip_to" | Placeholder<string, any>; ... 10 more ...; logicalOperator?: string | ... 3 more ... | undefined; }): PgInsertBase<...>', gave the following error.
    Argument of type '{ workflowId: string; conditionStepAlias: string; operator: string; conditionValue: string; targetType: "section" | "step"; targetAlias: string; action: string; }[]' is not assignable to parameter of type '{ workflowId: string | SQL<unknown> | Placeholder<string, any>; action: SQL<unknown> | "show" | "hide" | "require" | "make_optional" | "skip_to" | Placeholder<string, any>; ... 10 more ...; logicalOperator?: string | ... 3 more ... | undefined; }'.
      Type '{ workflowId: string; conditionStepAlias: string; operator: string; conditionValue: string; targetType: "section" | "step"; targetAlias: string; action: string; }[]' is missing the following properties from type '{ workflowId: string | SQL<unknown> | Placeholder<string, any>; action: SQL<unknown> | "show" | "hide" | "require" | "make_optional" | "skip_to" | Placeholder<string, any>; ... 10 more ...; logicalOperator?: string | ... 3 more ... | undefined; }': workflowId, action, conditionStepId, operator, and 2 more.
  Overload 2 of 2, '(values: { workflowId: string | SQL<unknown> | Placeholder<string, any>; action: SQL<unknown> | "show" | "hide" | "require" | "make_optional" | "skip_to" | Placeholder<string, any>; ... 10 more ...; logicalOperator?: string | ... 3 more ... | undefined; }[]): PgInsertBase<...>', gave the following error.
    Argument of type '{ workflowId: string; conditionStepAlias: string; operator: string; conditionValue: string; targetType: "section" | "step"; targetAlias: string; action: string; }[]' is not assignable to parameter of type '{ workflowId: string | SQL<unknown> | Placeholder<string, any>; action: SQL<unknown> | "show" | "hide" | "require" | "make_optional" | "skip_to" | Placeholder<string, any>; ... 10 more ...; logicalOperator?: string | ... 3 more ... | undefined; }[]'.
      Property 'conditionStepId' is missing in type '{ workflowId: string; conditionStepAlias: string; operator: string; conditionValue: string; targetType: "section" | "step"; targetAlias: string; action: string; }' but required in type '{ workflowId: string | SQL<unknown> | Placeholder<string, any>; action: SQL<unknown> | "show" | "hide" | "require" | "make_optional" | "skip_to" | Placeholder<string, any>; ... 10 more ...; logicalOperator?: string | ... 3 more ... | undefined; }'.
server/services/WorkflowService.ts(827,9): error TS2769: No overload matches this call.
  Overload 1 of 2, '(value: { action: string | SQL<unknown> | Placeholder<string, any>; entityType: string | SQL<unknown> | Placeholder<string, any>; entityId: string | SQL<unknown> | Placeholder<...>; ... 11 more ...; timestamp?: SQL<...> | ... 3 more ... | undefined; }): PgInsertBase<...>', gave the following error.
    Object literal may only specify known properties, and 'actorId' does not exist in type '{ action: string | SQL<unknown> | Placeholder<string, any>; entityType: string | SQL<unknown> | Placeholder<string, any>; entityId: string | SQL<unknown> | Placeholder<...>; ... 11 more ...; timestamp?: SQL<...> | ... 3 more ... | undefined; }'.
  Overload 2 of 2, '(values: { action: string | SQL<unknown> | Placeholder<string, any>; entityType: string | SQL<unknown> | Placeholder<string, any>; entityId: string | SQL<unknown> | Placeholder<...>; ... 11 more ...; timestamp?: SQL<...> | ... 3 more ... | undefined; }[]): PgInsertBase<...>', gave the following error.
    Object literal may only specify known properties, and 'actorId' does not exist in type '{ action: string | SQL<unknown> | Placeholder<string, any>; entityType: string | SQL<unknown> | Placeholder<string, any>; entityId: string | SQL<unknown> | Placeholder<...>; ... 11 more ...; timestamp?: SQL<...> | ... 3 more ... | undefined; }[]'.
server/services/WorkflowTemplateService.ts(1,33): error TS2724: '"@shared/schema"' has no exported member named 'InsertWorkflowTemplate'. Did you mean 'WorkflowTemplate'?
server/utils/stepConfigUtils.ts(389,26): error TS2339: Property 'allowMultiple' does not exist on type 'ChoiceAdvancedConfig | LegacyMultipleChoiceConfig'.
  Property 'allowMultiple' does not exist on type 'LegacyMultipleChoiceConfig'.
server/utils/stepConfigUtils.ts(735,28): error TS2339: Property 'allowMultiple' does not exist on type 'ChoiceAdvancedConfig | LegacyMultipleChoiceConfig'.
  Property 'allowMultiple' does not exist on type 'LegacyMultipleChoiceConfig'.
server/utils/variableResolver.ts(1,15): error TS2305: Module '"@shared/schema"' has no exported member 'WorkflowVariable'.
shared/schema/relations.ts(23,8): error TS2307: Cannot find module './legacy' or its corresponding type declarations.
tests/helpers/authMocks.ts(78,5): error TS2353: Object literal may only specify known properties, and 'session' does not exist in type 'Partial<Request<ParamsDictionary, any, any, ParsedQs, Record<string, any>>>'.
tests/integration/analytics_preservation.test.ts(5,17): error TS2305: Module '"@shared/schema"' has no exported member 'systemStats'.
tests/integration/auth.flows.real.test.ts(48,3): error TS2304: Cannot find name 'afterEach'.
tests/integration/auth/protected.routes.test.ts(523,20): error TS18048: 'run' is possibly 'undefined'.
tests/integration/auth/protected.routes.test.ts(566,20): error TS18048: 'run' is possibly 'undefined'.
tests/integration/externalSends.test.ts(9,10): error TS2724: '"@shared/schema"' has no exported member named 'InsertTenant'. Did you mean 'InsertTeam'?
tests/integration/workflow_versioning.test.ts(5,115): error TS2305: Module '"@shared/schema"' has no exported member 'auditEvents'.
tests/ListTools.test.ts(88,60): error TS2345: Argument of type '{ id: string; workflowId: string; type: "list_tools"; phase: "onNext"; config: ListToolsConfig; createdAt: Date; updatedAt: Date; enabled: boolean; order: number; }' is not assignable to parameter of type '{ id: string; createdAt: Date | null; updatedAt: Date | null; type: "write" | "query" | "prefill" | "validate" | "branch" | "create_record" | "update_record" | "find_record" | "delete_record" | "external_send" | "read_table" | "list_tools"; ... 6 more ...; virtualStepId: string | null; }'.
  Type '{ id: string; workflowId: string; type: "list_tools"; phase: "onNext"; config: ListToolsConfig; createdAt: Date; updatedAt: Date; enabled: boolean; order: number; }' is missing the following properties from type '{ id: string; createdAt: Date | null; updatedAt: Date | null; type: "write" | "query" | "prefill" | "validate" | "branch" | "create_record" | "update_record" | "find_record" | "delete_record" | "external_send" | "read_table" | "list_tools"; ... 6 more ...; virtualStepId: string | null; }': sectionId, virtualStepId
tests/ListTools.test.ts(119,60): error TS2345: Argument of type '{ id: string; workflowId: string; type: "list_tools"; phase: "onNext"; config: ListToolsConfig; createdAt: Date; updatedAt: Date; enabled: boolean; order: number; }' is not assignable to parameter of type '{ id: string; createdAt: Date | null; updatedAt: Date | null; type: "write" | "query" | "prefill" | "validate" | "branch" | "create_record" | "update_record" | "find_record" | "delete_record" | "external_send" | "read_table" | "list_tools"; ... 6 more ...; virtualStepId: string | null; }'.
  Type '{ id: string; workflowId: string; type: "list_tools"; phase: "onNext"; config: ListToolsConfig; createdAt: Date; updatedAt: Date; enabled: boolean; order: number; }' is missing the following properties from type '{ id: string; createdAt: Date | null; updatedAt: Date | null; type: "write" | "query" | "prefill" | "validate" | "branch" | "create_record" | "update_record" | "find_record" | "delete_record" | "external_send" | "read_table" | "list_tools"; ... 6 more ...; virtualStepId: string | null; }': sectionId, virtualStepId
tests/ListTools.test.ts(151,60): error TS2345: Argument of type '{ id: string; workflowId: string; type: "list_tools"; phase: "onNext"; config: ListToolsConfig; createdAt: Date; updatedAt: Date; enabled: boolean; order: number; }' is not assignable to parameter of type '{ id: string; createdAt: Date | null; updatedAt: Date | null; type: "write" | "query" | "prefill" | "validate" | "branch" | "create_record" | "update_record" | "find_record" | "delete_record" | "external_send" | "read_table" | "list_tools"; ... 6 more ...; virtualStepId: string | null; }'.
  Type '{ id: string; workflowId: string; type: "list_tools"; phase: "onNext"; config: ListToolsConfig; createdAt: Date; updatedAt: Date; enabled: boolean; order: number; }' is missing the following properties from type '{ id: string; createdAt: Date | null; updatedAt: Date | null; type: "write" | "query" | "prefill" | "validate" | "branch" | "create_record" | "update_record" | "find_record" | "delete_record" | "external_send" | "read_table" | "list_tools"; ... 6 more ...; virtualStepId: string | null; }': sectionId, virtualStepId
tests/ListTools.test.ts(182,60): error TS2345: Argument of type '{ id: string; workflowId: string; type: "list_tools"; phase: "onNext"; config: ListToolsConfig; createdAt: Date; updatedAt: Date; enabled: boolean; order: number; }' is not assignable to parameter of type '{ id: string; createdAt: Date | null; updatedAt: Date | null; type: "write" | "query" | "prefill" | "validate" | "branch" | "create_record" | "update_record" | "find_record" | "delete_record" | "external_send" | "read_table" | "list_tools"; ... 6 more ...; virtualStepId: string | null; }'.
  Type '{ id: string; workflowId: string; type: "list_tools"; phase: "onNext"; config: ListToolsConfig; createdAt: Date; updatedAt: Date; enabled: boolean; order: number; }' is missing the following properties from type '{ id: string; createdAt: Date | null; updatedAt: Date | null; type: "write" | "query" | "prefill" | "validate" | "branch" | "create_record" | "update_record" | "find_record" | "delete_record" | "external_send" | "read_table" | "list_tools"; ... 6 more ...; virtualStepId: string | null; }': sectionId, virtualStepId
tests/ListTools.test.ts(211,60): error TS2345: Argument of type '{ id: string; workflowId: string; type: "list_tools"; phase: "onNext"; config: ListToolsConfig; createdAt: Date; updatedAt: Date; enabled: boolean; order: number; }' is not assignable to parameter of type '{ id: string; createdAt: Date | null; updatedAt: Date | null; type: "write" | "query" | "prefill" | "validate" | "branch" | "create_record" | "update_record" | "find_record" | "delete_record" | "external_send" | "read_table" | "list_tools"; ... 6 more ...; virtualStepId: string | null; }'.
  Type '{ id: string; workflowId: string; type: "list_tools"; phase: "onNext"; config: ListToolsConfig; createdAt: Date; updatedAt: Date; enabled: boolean; order: number; }' is missing the following properties from type '{ id: string; createdAt: Date | null; updatedAt: Date | null; type: "write" | "query" | "prefill" | "validate" | "branch" | "create_record" | "update_record" | "find_record" | "delete_record" | "external_send" | "read_table" | "list_tools"; ... 6 more ...; virtualStepId: string | null; }': sectionId, virtualStepId
tests/ListTools.test.ts(239,60): error TS2345: Argument of type '{ id: string; workflowId: string; type: "list_tools"; phase: "onNext"; config: ListToolsConfig; createdAt: Date; updatedAt: Date; enabled: boolean; order: number; }' is not assignable to parameter of type '{ id: string; createdAt: Date | null; updatedAt: Date | null; type: "write" | "query" | "prefill" | "validate" | "branch" | "create_record" | "update_record" | "find_record" | "delete_record" | "external_send" | "read_table" | "list_tools"; ... 6 more ...; virtualStepId: string | null; }'.
  Type '{ id: string; workflowId: string; type: "list_tools"; phase: "onNext"; config: ListToolsConfig; createdAt: Date; updatedAt: Date; enabled: boolean; order: number; }' is missing the following properties from type '{ id: string; createdAt: Date | null; updatedAt: Date | null; type: "write" | "query" | "prefill" | "validate" | "branch" | "create_record" | "update_record" | "find_record" | "delete_record" | "external_send" | "read_table" | "list_tools"; ... 6 more ...; virtualStepId: string | null; }': sectionId, virtualStepId
tests/ListTools.test.ts(268,60): error TS2345: Argument of type '{ id: string; workflowId: string; type: "list_tools"; phase: "onNext"; config: ListToolsConfig; createdAt: Date; updatedAt: Date; enabled: boolean; order: number; }' is not assignable to parameter of type '{ id: string; createdAt: Date | null; updatedAt: Date | null; type: "write" | "query" | "prefill" | "validate" | "branch" | "create_record" | "update_record" | "find_record" | "delete_record" | "external_send" | "read_table" | "list_tools"; ... 6 more ...; virtualStepId: string | null; }'.
  Type '{ id: string; workflowId: string; type: "list_tools"; phase: "onNext"; config: ListToolsConfig; createdAt: Date; updatedAt: Date; enabled: boolean; order: number; }' is missing the following properties from type '{ id: string; createdAt: Date | null; updatedAt: Date | null; type: "write" | "query" | "prefill" | "validate" | "branch" | "create_record" | "update_record" | "find_record" | "delete_record" | "external_send" | "read_table" | "list_tools"; ... 6 more ...; virtualStepId: string | null; }': sectionId, virtualStepId
tests/ListTools.test.ts(298,60): error TS2345: Argument of type '{ id: string; workflowId: string; type: "list_tools"; phase: "onNext"; config: ListToolsConfig; createdAt: Date; updatedAt: Date; enabled: boolean; order: number; }' is not assignable to parameter of type '{ id: string; createdAt: Date | null; updatedAt: Date | null; type: "write" | "query" | "prefill" | "validate" | "branch" | "create_record" | "update_record" | "find_record" | "delete_record" | "external_send" | "read_table" | "list_tools"; ... 6 more ...; virtualStepId: string | null; }'.
  Type '{ id: string; workflowId: string; type: "list_tools"; phase: "onNext"; config: ListToolsConfig; createdAt: Date; updatedAt: Date; enabled: boolean; order: number; }' is missing the following properties from type '{ id: string; createdAt: Date | null; updatedAt: Date | null; type: "write" | "query" | "prefill" | "validate" | "branch" | "create_record" | "update_record" | "find_record" | "delete_record" | "external_send" | "read_table" | "list_tools"; ... 6 more ...; virtualStepId: string | null; }': sectionId, virtualStepId
tests/ListTools.test.ts(323,60): error TS2345: Argument of type '{ id: string; workflowId: string; type: "list_tools"; phase: "onNext"; config: ListToolsConfig; createdAt: Date; updatedAt: Date; enabled: boolean; order: number; }' is not assignable to parameter of type '{ id: string; createdAt: Date | null; updatedAt: Date | null; type: "write" | "query" | "prefill" | "validate" | "branch" | "create_record" | "update_record" | "find_record" | "delete_record" | "external_send" | "read_table" | "list_tools"; ... 6 more ...; virtualStepId: string | null; }'.
  Type '{ id: string; workflowId: string; type: "list_tools"; phase: "onNext"; config: ListToolsConfig; createdAt: Date; updatedAt: Date; enabled: boolean; order: number; }' is missing the following properties from type '{ id: string; createdAt: Date | null; updatedAt: Date | null; type: "write" | "query" | "prefill" | "validate" | "branch" | "create_record" | "update_record" | "find_record" | "delete_record" | "external_send" | "read_table" | "list_tools"; ... 6 more ...; virtualStepId: string | null; }': sectionId, virtualStepId
tests/ListTools.test.ts(350,60): error TS2345: Argument of type '{ id: string; workflowId: string; type: "list_tools"; phase: "onNext"; config: ListToolsConfig; createdAt: Date; updatedAt: Date; enabled: boolean; order: number; }' is not assignable to parameter of type '{ id: string; createdAt: Date | null; updatedAt: Date | null; type: "write" | "query" | "prefill" | "validate" | "branch" | "create_record" | "update_record" | "find_record" | "delete_record" | "external_send" | "read_table" | "list_tools"; ... 6 more ...; virtualStepId: string | null; }'.
  Type '{ id: string; workflowId: string; type: "list_tools"; phase: "onNext"; config: ListToolsConfig; createdAt: Date; updatedAt: Date; enabled: boolean; order: number; }' is missing the following properties from type '{ id: string; createdAt: Date | null; updatedAt: Date | null; type: "write" | "query" | "prefill" | "validate" | "branch" | "create_record" | "update_record" | "find_record" | "delete_record" | "external_send" | "read_table" | "list_tools"; ... 6 more ...; virtualStepId: string | null; }': sectionId, virtualStepId
tests/ListTools.test.ts(379,60): error TS2345: Argument of type '{ id: string; workflowId: string; type: "list_tools"; phase: "onNext"; config: ListToolsConfig; createdAt: Date; updatedAt: Date; enabled: boolean; order: number; }' is not assignable to parameter of type '{ id: string; createdAt: Date | null; updatedAt: Date | null; type: "write" | "query" | "prefill" | "validate" | "branch" | "create_record" | "update_record" | "find_record" | "delete_record" | "external_send" | "read_table" | "list_tools"; ... 6 more ...; virtualStepId: string | null; }'.
  Type '{ id: string; workflowId: string; type: "list_tools"; phase: "onNext"; config: ListToolsConfig; createdAt: Date; updatedAt: Date; enabled: boolean; order: number; }' is missing the following properties from type '{ id: string; createdAt: Date | null; updatedAt: Date | null; type: "write" | "query" | "prefill" | "validate" | "branch" | "create_record" | "update_record" | "find_record" | "delete_record" | "external_send" | "read_table" | "list_tools"; ... 6 more ...; virtualStepId: string | null; }': sectionId, virtualStepId
tests/ListTools.test.ts(417,60): error TS2345: Argument of type '{ id: string; workflowId: string; type: "list_tools"; phase: "onNext"; config: ListToolsConfig; createdAt: Date; updatedAt: Date; enabled: boolean; order: number; }' is not assignable to parameter of type '{ id: string; createdAt: Date | null; updatedAt: Date | null; type: "write" | "query" | "prefill" | "validate" | "branch" | "create_record" | "update_record" | "find_record" | "delete_record" | "external_send" | "read_table" | "list_tools"; ... 6 more ...; virtualStepId: string | null; }'.
  Type '{ id: string; workflowId: string; type: "list_tools"; phase: "onNext"; config: ListToolsConfig; createdAt: Date; updatedAt: Date; enabled: boolean; order: number; }' is missing the following properties from type '{ id: string; createdAt: Date | null; updatedAt: Date | null; type: "write" | "query" | "prefill" | "validate" | "branch" | "create_record" | "update_record" | "find_record" | "delete_record" | "external_send" | "read_table" | "list_tools"; ... 6 more ...; virtualStepId: string | null; }': sectionId, virtualStepId
tests/ListTools.test.ts(450,60): error TS2345: Argument of type '{ id: string; workflowId: string; type: "list_tools"; phase: "onNext"; config: ListToolsConfig; createdAt: Date; updatedAt: Date; enabled: boolean; order: number; }' is not assignable to parameter of type '{ id: string; createdAt: Date | null; updatedAt: Date | null; type: "write" | "query" | "prefill" | "validate" | "branch" | "create_record" | "update_record" | "find_record" | "delete_record" | "external_send" | "read_table" | "list_tools"; ... 6 more ...; virtualStepId: string | null; }'.
  Type '{ id: string; workflowId: string; type: "list_tools"; phase: "onNext"; config: ListToolsConfig; createdAt: Date; updatedAt: Date; enabled: boolean; order: number; }' is missing the following properties from type '{ id: string; createdAt: Date | null; updatedAt: Date | null; type: "write" | "query" | "prefill" | "validate" | "branch" | "create_record" | "update_record" | "find_record" | "delete_record" | "external_send" | "read_table" | "list_tools"; ... 6 more ...; virtualStepId: string | null; }': sectionId, virtualStepId
tests/ListTools.test.ts(478,60): error TS2345: Argument of type '{ id: string; workflowId: string; type: "list_tools"; phase: "onNext"; config: ListToolsConfig; createdAt: Date; updatedAt: Date; enabled: boolean; order: number; }' is not assignable to parameter of type '{ id: string; createdAt: Date | null; updatedAt: Date | null; type: "write" | "query" | "prefill" | "validate" | "branch" | "create_record" | "update_record" | "find_record" | "delete_record" | "external_send" | "read_table" | "list_tools"; ... 6 more ...; virtualStepId: string | null; }'.
  Type '{ id: string; workflowId: string; type: "list_tools"; phase: "onNext"; config: ListToolsConfig; createdAt: Date; updatedAt: Date; enabled: boolean; order: number; }' is missing the following properties from type '{ id: string; createdAt: Date | null; updatedAt: Date | null; type: "write" | "query" | "prefill" | "validate" | "branch" | "create_record" | "update_record" | "find_record" | "delete_record" | "external_send" | "read_table" | "list_tools"; ... 6 more ...; virtualStepId: string | null; }': sectionId, virtualStepId
tests/ListTools.test.ts(522,60): error TS2345: Argument of type '{ id: string; workflowId: string; type: "list_tools"; phase: "onNext"; config: ListToolsConfig; createdAt: Date; updatedAt: Date; enabled: boolean; order: number; }' is not assignable to parameter of type '{ id: string; createdAt: Date | null; updatedAt: Date | null; type: "write" | "query" | "prefill" | "validate" | "branch" | "create_record" | "update_record" | "find_record" | "delete_record" | "external_send" | "read_table" | "list_tools"; ... 6 more ...; virtualStepId: string | null; }'.
  Type '{ id: string; workflowId: string; type: "list_tools"; phase: "onNext"; config: ListToolsConfig; createdAt: Date; updatedAt: Date; enabled: boolean; order: number; }' is missing the following properties from type '{ id: string; createdAt: Date | null; updatedAt: Date | null; type: "write" | "query" | "prefill" | "validate" | "branch" | "create_record" | "update_record" | "find_record" | "delete_record" | "external_send" | "read_table" | "list_tools"; ... 6 more ...; virtualStepId: string | null; }': sectionId, virtualStepId
tests/ListTools.test.ts(570,60): error TS2345: Argument of type '{ id: string; workflowId: string; type: "list_tools"; phase: "onNext"; config: ListToolsConfig; createdAt: Date; updatedAt: Date; enabled: boolean; order: number; }' is not assignable to parameter of type '{ id: string; createdAt: Date | null; updatedAt: Date | null; type: "write" | "query" | "prefill" | "validate" | "branch" | "create_record" | "update_record" | "find_record" | "delete_record" | "external_send" | "read_table" | "list_tools"; ... 6 more ...; virtualStepId: string | null; }'.
  Type '{ id: string; workflowId: string; type: "list_tools"; phase: "onNext"; config: ListToolsConfig; createdAt: Date; updatedAt: Date; enabled: boolean; order: number; }' is missing the following properties from type '{ id: string; createdAt: Date | null; updatedAt: Date | null; type: "write" | "query" | "prefill" | "validate" | "branch" | "create_record" | "update_record" | "find_record" | "delete_record" | "external_send" | "read_table" | "list_tools"; ... 6 more ...; virtualStepId: string | null; }': sectionId, virtualStepId
tests/ListTools.test.ts(594,60): error TS2345: Argument of type '{ id: string; workflowId: string; type: "list_tools"; phase: "onNext"; config: ListToolsConfig; createdAt: Date; updatedAt: Date; enabled: boolean; order: number; }' is not assignable to parameter of type '{ id: string; createdAt: Date | null; updatedAt: Date | null; type: "write" | "query" | "prefill" | "validate" | "branch" | "create_record" | "update_record" | "find_record" | "delete_record" | "external_send" | "read_table" | "list_tools"; ... 6 more ...; virtualStepId: string | null; }'.
  Type '{ id: string; workflowId: string; type: "list_tools"; phase: "onNext"; config: ListToolsConfig; createdAt: Date; updatedAt: Date; enabled: boolean; order: number; }' is missing the following properties from type '{ id: string; createdAt: Date | null; updatedAt: Date | null; type: "write" | "query" | "prefill" | "validate" | "branch" | "create_record" | "update_record" | "find_record" | "delete_record" | "external_send" | "read_table" | "list_tools"; ... 6 more ...; virtualStepId: string | null; }': sectionId, virtualStepId
tests/ListTools.test.ts(624,60): error TS2345: Argument of type '{ id: string; workflowId: string; type: "list_tools"; phase: "onNext"; config: ListToolsConfig; createdAt: Date; updatedAt: Date; enabled: boolean; order: number; }' is not assignable to parameter of type '{ id: string; createdAt: Date | null; updatedAt: Date | null; type: "write" | "query" | "prefill" | "validate" | "branch" | "create_record" | "update_record" | "find_record" | "delete_record" | "external_send" | "read_table" | "list_tools"; ... 6 more ...; virtualStepId: string | null; }'.
  Type '{ id: string; workflowId: string; type: "list_tools"; phase: "onNext"; config: ListToolsConfig; createdAt: Date; updatedAt: Date; enabled: boolean; order: number; }' is missing the following properties from type '{ id: string; createdAt: Date | null; updatedAt: Date | null; type: "write" | "query" | "prefill" | "validate" | "branch" | "create_record" | "update_record" | "find_record" | "delete_record" | "external_send" | "read_table" | "list_tools"; ... 6 more ...; virtualStepId: string | null; }': sectionId, virtualStepId
tests/unit/BlockRunner.validate.test.ts(29,62): error TS2345: Argument of type '{ id: string; workflowId: string; type: "validate"; phase: "onNext"; config: {}; createdAt: Date; updatedAt: Date; enabled: boolean; order: number; }' is not assignable to parameter of type '{ id: string; createdAt: Date | null; updatedAt: Date | null; type: "write" | "query" | "prefill" | "validate" | "branch" | "create_record" | "update_record" | "find_record" | "delete_record" | "external_send" | "read_table" | "list_tools"; ... 6 more ...; virtualStepId: string | null; }'.
  Type '{ id: string; workflowId: string; type: "validate"; phase: "onNext"; config: {}; createdAt: Date; updatedAt: Date; enabled: boolean; order: number; }' is missing the following properties from type '{ id: string; createdAt: Date | null; updatedAt: Date | null; type: "write" | "query" | "prefill" | "validate" | "branch" | "create_record" | "update_record" | "find_record" | "delete_record" | "external_send" | "read_table" | "list_tools"; ... 6 more ...; virtualStepId: string | null; }': sectionId, virtualStepId
tests/unit/BlockRunner.validate.test.ts(46,66): error TS2345: Argument of type '{ id: string; workflowId: string; type: "validate"; phase: "onNext"; config: {}; createdAt: Date; updatedAt: Date; enabled: boolean; order: number; }' is not assignable to parameter of type '{ id: string; createdAt: Date | null; updatedAt: Date | null; type: "write" | "query" | "prefill" | "validate" | "branch" | "create_record" | "update_record" | "find_record" | "delete_record" | "external_send" | "read_table" | "list_tools"; ... 6 more ...; virtualStepId: string | null; }'.
  Type '{ id: string; workflowId: string; type: "validate"; phase: "onNext"; config: {}; createdAt: Date; updatedAt: Date; enabled: boolean; order: number; }' is missing the following properties from type '{ id: string; createdAt: Date | null; updatedAt: Date | null; type: "write" | "query" | "prefill" | "validate" | "branch" | "create_record" | "update_record" | "find_record" | "delete_record" | "external_send" | "read_table" | "list_tools"; ... 6 more ...; virtualStepId: string | null; }': sectionId, virtualStepId
tests/unit/BlockRunner.validate.test.ts(52,66): error TS2345: Argument of type '{ id: string; workflowId: string; type: "validate"; phase: "onNext"; config: {}; createdAt: Date; updatedAt: Date; enabled: boolean; order: number; }' is not assignable to parameter of type '{ id: string; createdAt: Date | null; updatedAt: Date | null; type: "write" | "query" | "prefill" | "validate" | "branch" | "create_record" | "update_record" | "find_record" | "delete_record" | "external_send" | "read_table" | "list_tools"; ... 6 more ...; virtualStepId: string | null; }'.
  Type '{ id: string; workflowId: string; type: "validate"; phase: "onNext"; config: {}; createdAt: Date; updatedAt: Date; enabled: boolean; order: number; }' is missing the following properties from type '{ id: string; createdAt: Date | null; updatedAt: Date | null; type: "write" | "query" | "prefill" | "validate" | "branch" | "create_record" | "update_record" | "find_record" | "delete_record" | "external_send" | "read_table" | "list_tools"; ... 6 more ...; virtualStepId: string | null; }': sectionId, virtualStepId
tests/unit/BlockRunner.validate.test.ts(63,69): error TS2345: Argument of type '{ id: string; workflowId: string; type: "validate"; phase: "onNext"; config: {}; createdAt: Date; updatedAt: Date; enabled: boolean; order: number; }' is not assignable to parameter of type '{ id: string; createdAt: Date | null; updatedAt: Date | null; type: "write" | "query" | "prefill" | "validate" | "branch" | "create_record" | "update_record" | "find_record" | "delete_record" | "external_send" | "read_table" | "list_tools"; ... 6 more ...; virtualStepId: string | null; }'.
  Type '{ id: string; workflowId: string; type: "validate"; phase: "onNext"; config: {}; createdAt: Date; updatedAt: Date; enabled: boolean; order: number; }' is missing the following properties from type '{ id: string; createdAt: Date | null; updatedAt: Date | null; type: "write" | "query" | "prefill" | "validate" | "branch" | "create_record" | "update_record" | "find_record" | "delete_record" | "external_send" | "read_table" | "list_tools"; ... 6 more ...; virtualStepId: string | null; }': sectionId, virtualStepId
tests/unit/BlockRunner.validate.test.ts(82,66): error TS2345: Argument of type '{ id: string; workflowId: string; type: "validate"; phase: "onNext"; config: {}; createdAt: Date; updatedAt: Date; enabled: boolean; order: number; }' is not assignable to parameter of type '{ id: string; createdAt: Date | null; updatedAt: Date | null; type: "write" | "query" | "prefill" | "validate" | "branch" | "create_record" | "update_record" | "find_record" | "delete_record" | "external_send" | "read_table" | "list_tools"; ... 6 more ...; virtualStepId: string | null; }'.
  Type '{ id: string; workflowId: string; type: "validate"; phase: "onNext"; config: {}; createdAt: Date; updatedAt: Date; enabled: boolean; order: number; }' is missing the following properties from type '{ id: string; createdAt: Date | null; updatedAt: Date | null; type: "write" | "query" | "prefill" | "validate" | "branch" | "create_record" | "update_record" | "find_record" | "delete_record" | "external_send" | "read_table" | "list_tools"; ... 6 more ...; virtualStepId: string | null; }': sectionId, virtualStepId
tests/unit/BlockRunner.validate.test.ts(92,66): error TS2345: Argument of type '{ id: string; workflowId: string; type: "validate"; phase: "onNext"; config: {}; createdAt: Date; updatedAt: Date; enabled: boolean; order: number; }' is not assignable to parameter of type '{ id: string; createdAt: Date | null; updatedAt: Date | null; type: "write" | "query" | "prefill" | "validate" | "branch" | "create_record" | "update_record" | "find_record" | "delete_record" | "external_send" | "read_table" | "list_tools"; ... 6 more ...; virtualStepId: string | null; }'.
  Type '{ id: string; workflowId: string; type: "validate"; phase: "onNext"; config: {}; createdAt: Date; updatedAt: Date; enabled: boolean; order: number; }' is missing the following properties from type '{ id: string; createdAt: Date | null; updatedAt: Date | null; type: "write" | "query" | "prefill" | "validate" | "branch" | "create_record" | "update_record" | "find_record" | "delete_record" | "external_send" | "read_table" | "list_tools"; ... 6 more ...; virtualStepId: string | null; }': sectionId, virtualStepId
tests/unit/BlockRunner.validate.test.ts(122,66): error TS2345: Argument of type '{ id: string; workflowId: string; type: "validate"; phase: "onNext"; config: {}; createdAt: Date; updatedAt: Date; enabled: boolean; order: number; }' is not assignable to parameter of type '{ id: string; createdAt: Date | null; updatedAt: Date | null; type: "write" | "query" | "prefill" | "validate" | "branch" | "create_record" | "update_record" | "find_record" | "delete_record" | "external_send" | "read_table" | "list_tools"; ... 6 more ...; virtualStepId: string | null; }'.
  Type '{ id: string; workflowId: string; type: "validate"; phase: "onNext"; config: {}; createdAt: Date; updatedAt: Date; enabled: boolean; order: number; }' is missing the following properties from type '{ id: string; createdAt: Date | null; updatedAt: Date | null; type: "write" | "query" | "prefill" | "validate" | "branch" | "create_record" | "update_record" | "find_record" | "delete_record" | "external_send" | "read_table" | "list_tools"; ... 6 more ...; virtualStepId: string | null; }': sectionId, virtualStepId
tests/unit/listPipeline.semantics.test.ts(28,17): error TS2322: Type '"test"' is not assignable to type '"query" | "read_table" | "list_tools"'.
tests/unit/listPipeline.semantics.test.ts(671,21): error TS2322: Type '"test"' is not assignable to type '"query" | "read_table" | "list_tools"'.
tests/unit/schema/collections.test.ts(435,13): error TS2741: Property 'order' is missing in type '{ id: string; collectionId: string; name: string; slug: string; type: "text"; isRequired: true; options: null; defaultValue: null; createdAt: Date; updatedAt: Date; }' but required in type '{ id: string; name: string; createdAt: Date | null; updatedAt: Date | null; type: "number" | "boolean" | "text" | "date" | "datetime" | "json" | "select" | "file" | "multi_select"; ... 5 more ...; order: number | null; }'.
tests/unit/utils/variableResolver.test.ts(3,15): error TS2305: Module '"@shared/schema"' has no exported member 'WorkflowVariable'.
