npm warn Unknown project config "puppeteer_skip_download". This will stop working in the next major version of npm.

[1m[44m DEV [49m[22m [34mv4.0.5 [39m[90mC:/Users/scoot/poll/VaultLogic[39m

[90mstdout[2m | tests/integration/datavault-v4-regression.test.ts
[22m[39m[dotenv@17.2.3] injecting env (11) from .env -- tip: â‰¡Æ’Ã¶Ã¦ add access controls to secrets: https://dotenvx.com/ops

{"level":40,"time":1764869178753,"env":"test","module":"auth-service","msg":"JWT_SECRET not set - falling back to SESSION_SECRET. This is acceptable for development but should be fixed for production."}
{"level":30,"time":1764869180784,"env":"test","multerImportKeys":["diskStorage","memoryStorage","MulterError"],"multerInstanceKeys":["diskStorage","memoryStorage","MulterError"],"multerInstanceType":"function","uploadKeys":["storage","limits","preservePath","fileFilter"],"uploadType":"object","uploadPrototype":{},"msg":"Debug Multer Import"}
[90mstdout[2m | tests/integration/datavault-v4-regression.test.ts
[22m[39mâ‰¡Æ’ÂºÂ¬ Setting up test environment...

{"level":30,"time":1764869182226,"env":"test","module":"file-routes","outputsDir":"C:\\Users\\scoot\\poll\\VaultLogic\\server\\files\\outputs","msg":"Secure file routes registered"}
{"level":30,"time":1764869182226,"env":"test","module":"ai-routes","msg":"AI workflow generation routes registered"}
{"level":30,"time":1764869182232,"env":"test","module":"collab-server","msg":"Initializing WebSocket collaboration server"}
{"level":40,"time":1764869182232,"env":"test","module":"collab-persistence","msg":"REDIS_URL not configured, multi-instance collab will not work"}
{"level":30,"time":1764869182232,"env":"test","module":"collab-server","msg":"WebSocket collaboration server initialized"}
{"level":30,"time":1764869182232,"env":"test","module":"routes","msg":"Real-time collaboration server initialized"}
{"level":30,"time":1764869182684,"env":"test","module":"auth","hasToken":true,"origin":"http://localhost:5000","ip":"::ffff:127.0.0.1","msg":"OAuth2 login attempt"}
{"level":30,"time":1764869182685,"env":"test","module":"auth","email":"testuser@example.com","msg":"Token verified successfully"}
{"level":30,"time":1764869182725,"env":"test","module":"auth","userId":"google-user-id","msg":"User upserted successfully"}
{"level":30,"time":1764869182812,"env":"test","module":"auth","email":"testuser@example.com","msg":"OAuth2 login successful"}
[90mstdout[2m | tests/integration/datavault-v4-regression.test.ts[2m > [22m[2mDataVault v4 Regression Tests
[22m[39mLogin Status: [33m200[39m
Login Body: {
  "message": "Authentication successful",
  "token": "eyJhbGciOiJIUzI1NiIsInR5cCI6IkpXVCJ9.eyJ1c2VySWQiOiJnb29nbGUtdXNlci1pZCIsImVtYWlsIjoidGVzdHVzZXJAZXhhbXBsZS5jb20iLCJ0ZW5hbnRJZCI6IjZiZDU5MWM3LTNjMjQtNDZjYi05NmZlLTYwZGMzZmNlYjcyNCIsInJvbGUiOiJvd25lciIsImlhdCI6MTc2NDg2OTE4MiwiZXhwIjoxNzY1NDczOTgyfQ.R3gpQgn-NwU0CkaBROKTCnnC2hQXpqFsH4o3E7WIJ7w",
  "user": {
    "id": "google-user-id",
    "email": "testuser@example.com",
    "firstName": "Test",
    "lastName": "User",
    "profileImageUrl": "https://example.com/avatar.jpg",
    "tenantId": "6bd591c7-3c24-46cb-96fe-60dc3fceb724",
    "tenantRole": "owner"
  }
}

{"level":30,"time":1764869182821,"env":"test","module":"auth","hasToken":true,"origin":"http://localhost:5000","ip":"::ffff:127.0.0.1","msg":"OAuth2 login attempt"}
{"level":30,"time":1764869182821,"env":"test","module":"auth","email":"other@example.com","msg":"Token verified successfully"}
{"level":30,"time":1764869182859,"env":"test","module":"auth","userId":"other-user-id","msg":"User upserted successfully"}
{"level":30,"time":1764869182944,"env":"test","module":"auth","email":"other@example.com","msg":"OAuth2 login successful"}
{"level":50,"time":1764869184907,"env":"test","error":{},"msg":"Error creating DataVault row"}
[90mstdout[2m | tests/integration/datavault-v4-regression.test.ts[2m > [22m[2mDataVault v4 Regression Tests[2m > [22m[2mSelect/Multiselect Columns[2m > [22m[2mshould validate select value against options
[22m[39mRow creation error message: Column 'Status' value must be one of: active, inactive

[90mstdout[2m | tests/integration/datavault-v4-regression.test.ts[2m > [22m[2mDataVault v4 Regression Tests[2m > [22m[2mRow Notes[2m > [22m[2mshould create a note for a row
[22m[39mCreated note: d834bf57-962a-4af4-87d4-a73e7709ae5a tenantId: 6bd591c7-3c24-46cb-96fe-60dc3fceb724 userId: google-user-id

[90mstdout[2m | tests/integration/datavault-v4-regression.test.ts[2m > [22m[2mDataVault v4 Regression Tests[2m > [22m[2mRow Notes[2m > [22m[2mshould get all notes for a row
[22m[39mCreated note: 4e9f658c-96ba-4cdb-affb-eed22069a418 tenantId: 6bd591c7-3c24-46cb-96fe-60dc3fceb724 userId: google-user-id

[90mstdout[2m | tests/integration/datavault-v4-regression.test.ts[2m > [22m[2mDataVault v4 Regression Tests[2m > [22m[2mRow Notes[2m > [22m[2mshould get all notes for a row
[22m[39mCreated note: 8f33c349-b953-46be-a744-e53e8640d194 tenantId: 6bd591c7-3c24-46cb-96fe-60dc3fceb724 userId: google-user-id

[90mstdout[2m | tests/integration/datavault-v4-regression.test.ts[2m > [22m[2mDataVault v4 Regression Tests[2m > [22m[2mRow Notes[2m > [22m[2mshould delete a note
[22m[39mCreated note: 9ae51b88-f61f-47d7-8a52-044b9d2f5792 tenantId: 6bd591c7-3c24-46cb-96fe-60dc3fceb724 userId: google-user-id

[90mstdout[2m | tests/integration/datavault-v4-regression.test.ts[2m > [22m[2mDataVault v4 Regression Tests[2m > [22m[2mRow Notes[2m > [22m[2mshould not allow deleting notes by other users
[22m[39mCreated note: 000a680c-31be-45a1-921b-208311b3999b tenantId: 6bd591c7-3c24-46cb-96fe-60dc3fceb724 userId: google-user-id

{"level":50,"time":1764869189261,"env":"test","error":{},"msg":"Error deleting row note"}
{"level":40,"time":1764869190406,"env":"test","module":"auth-middleware","path":"/datavault/databases/4ef33cd1-10ce-4036-9b75-8b5713fce351/tables","msg":"No valid authentication found"}
[90mstdout[2m | tests/integration/datavault-v4-regression.test.ts[2m > [22m[2mDataVault v4 Regression Tests[2m > [22m[2mTable Permissions[2m > [22m[2mshould grant table permission
[22m[39mupsert result: {"id":"cc0f4146-4a10-4248-8882-f9ba3a57274e","tableId":"56e93479-e8ad-426b-a9a1-40d56d187334","userId":"other-user-id","role":"read","createdAt":"2025-12-04T17:26:32.131Z"}

[90mstdout[2m | tests/integration/datavault-v4-regression.test.ts[2m > [22m[2mDataVault v4 Regression Tests[2m > [22m[2mTable Permissions[2m > [22m[2mshould grant table permission
[22m[39mGrant permission success, sending 201. Permission: {"id":"cc0f4146-4a10-4248-8882-f9ba3a57274e","tableId":"56e93479-e8ad-426b-a9a1-40d56d187334","userId":"other-user-id","role":"read","createdAt":"2025-12-04T17:26:32.131Z"}

[90mstdout[2m | tests/integration/datavault-v4-regression.test.ts[2m > [22m[2mDataVault v4 Regression Tests[2m > [22m[2mTable Permissions[2m > [22m[2mshould update table permission role
[22m[39mupsert result: {"id":"d2a61c92-314b-4356-a53d-7abe6aa60587","tableId":"cb7382e1-b55d-43a0-9589-18cd660c2ac9","userId":"other-user-id","role":"read","createdAt":"2025-12-04T17:26:32.682Z"}

[90mstdout[2m | tests/integration/datavault-v4-regression.test.ts[2m > [22m[2mDataVault v4 Regression Tests[2m > [22m[2mTable Permissions[2m > [22m[2mshould update table permission role
[22m[39mGrant permission success, sending 201. Permission: {"id":"d2a61c92-314b-4356-a53d-7abe6aa60587","tableId":"cb7382e1-b55d-43a0-9589-18cd660c2ac9","userId":"other-user-id","role":"read","createdAt":"2025-12-04T17:26:32.682Z"}

[90mstdout[2m | tests/integration/datavault-v4-regression.test.ts[2m > [22m[2mDataVault v4 Regression Tests[2m > [22m[2mTable Permissions[2m > [22m[2mshould update table permission role
[22m[39mupsert result: {"id":"d2a61c92-314b-4356-a53d-7abe6aa60587","tableId":"cb7382e1-b55d-43a0-9589-18cd660c2ac9","userId":"other-user-id","role":"write","createdAt":"2025-12-04T17:26:32.682Z"}

[90mstdout[2m | tests/integration/datavault-v4-regression.test.ts[2m > [22m[2mDataVault v4 Regression Tests[2m > [22m[2mTable Permissions[2m > [22m[2mshould update table permission role
[22m[39mGrant permission success, sending 201. Permission: {"id":"d2a61c92-314b-4356-a53d-7abe6aa60587","tableId":"cb7382e1-b55d-43a0-9589-18cd660c2ac9","userId":"other-user-id","role":"write","createdAt":"2025-12-04T17:26:32.682Z"}

[90mstdout[2m | tests/integration/datavault-v4-regression.test.ts[2m > [22m[2mDataVault v4 Regression Tests[2m > [22m[2mTable Permissions[2m > [22m[2mshould update table permission role
[22m[39mUpdate permission failed: {
  id: [32m'd2a61c92-314b-4356-a53d-7abe6aa60587'[39m,
  tableId: [32m'cb7382e1-b55d-43a0-9589-18cd660c2ac9'[39m,
  userId: [32m'other-user-id'[39m,
  role: [32m'write'[39m,
  createdAt: [32m'2025-12-04T17:26:32.682Z'[39m
}

[90mstdout[2m | tests/integration/datavault-v4-regression.test.ts[2m > [22m[2mDataVault v4 Regression Tests[2m > [22m[2mTable Permissions[2m > [22m[2mshould revoke table permission
[22m[39mupsert result: {"id":"002ef461-a9cf-4693-ada5-4c96d6123f7b","tableId":"ef53c5e0-403d-4c66-a632-25ce3dee5de3","userId":"other-user-id","role":"read","createdAt":"2025-12-04T17:26:33.183Z"}

[90mstdout[2m | tests/integration/datavault-v4-regression.test.ts[2m > [22m[2mDataVault v4 Regression Tests[2m > [22m[2mTable Permissions[2m > [22m[2mshould revoke table permission
[22m[39mGrant permission success, sending 201. Permission: {"id":"002ef461-a9cf-4693-ada5-4c96d6123f7b","tableId":"ef53c5e0-403d-4c66-a632-25ce3dee5de3","userId":"other-user-id","role":"read","createdAt":"2025-12-04T17:26:33.183Z"}

[90mstdout[2m | tests/integration/datavault-v4-regression.test.ts[2m > [22m[2mDataVault v4 Regression Tests[2m > [22m[2mTable Permissions[2m > [22m[2mshould revoke table permission
[22m[39mrevokePermission called for permission: 002ef461-a9cf-4693-ada5-4c96d6123f7b

{"level":50,"time":1764869192339,"env":"test","error":{},"msg":"Error granting table permission"}
[90mstdout[2m | tests/integration/datavault-v4-regression.test.ts[2m > [22m[2mDataVault v4 Regression Tests[2m > [22m[2mTable Permissions[2m > [22m[2mshould enforce RBAC - only owners can manage permissions
[22m[39mGrant permission catch block entered Error: Access denied - owner permission required
    at DatavaultTablePermissionsService.requirePermission (C:/Users/scoot/poll/VaultLogic/server/services/DatavaultTablePermissionsService.ts:108:13)
[90m    at processTicksAndRejections (node:internal/process/task_queues:103:5)[39m
    at DatavaultTablePermissionsService.grantPermission (C:/Users/scoot/poll/VaultLogic/server/services/DatavaultTablePermissionsService.ts:138:5)
    at C:/Users/scoot/poll/VaultLogic/server/routes/datavault.routes.ts:1155:26

{"level":50,"time":1764869193618,"env":"test","error":{"issues":[{"received":"invalid_type","code":"invalid_enum_value","options":["text","number","boolean","date","datetime","email","phone","url","json","auto_number","autonumber","reference","select","multiselect"],"path":["type"],"message":"Invalid enum value. Expected 'text' | 'number' | 'boolean' | 'date' | 'datetime' | 'email' | 'phone' | 'url' | 'json' | 'auto_number' | 'autonumber' | 'reference' | 'select' | 'multiselect', received 'invalid_type'"}],"name":"ZodError"},"msg":"Error creating DataVault column"}
{"level":50,"time":1764869194278,"env":"test","error":{},"msg":"Error creating DataVault row"}
[90mstdout[2m | tests/integration/datavault-v4-regression.test.ts[2m > [22m[2mDataVault v4 Regression Tests[2m > [22m[2mError Handling[2m > [22m[2mshould return user-friendly error for missing required fields
[22m[39mRow creation error message: Required column 'Required Field' is missing

{"level":50,"time":1764869194487,"env":"test","error":{"length":144,"name":"error","severity":"ERROR","code":"22P02","where":"unnamed portal parameter $1 = '...'","file":"uuid.c","line":"138","routine":"string_to_uuid"},"msg":"Error fetching DataVault rows"}
[90mstdout[2m | tests/integration/datavault-v4-regression.test.ts
[22m[39mâ‰¡Æ’Âºâ•£ Cleaning up test environment...

 [32mÎ“Â£Ã´[39m tests/integration/datavault-v4-regression.test.ts [2m([22m[2m27 tests[22m[2m | [22m[33m4 skipped[39m[2m)[22m[33m 12312[2mms[22m[39m
       [33m[2mÎ“Â£Ã´[22m[39m should create a select column with options [33m 435[2mms[22m[39m
       [33m[2mÎ“Â£Ã´[22m[39m should create a multiselect column with options [33m 386[2mms[22m[39m
       [33m[2mÎ“Â£Ã´[22m[39m should validate select value against options [33m 1140[2mms[22m[39m
       [33m[2mÎ“Â£Ã´[22m[39m should validate multiselect values as array [33m 784[2mms[22m[39m
       [33m[2mÎ“Â£Ã´[22m[39m should create an autonumber column with sequence [33m 372[2mms[22m[39m
       [33m[2mÎ“Â£Ã´[22m[39m should format autonumber with prefix [33m 832[2mms[22m[39m
       [33m[2mÎ“Â£Ã´[22m[39m should create a note for a row [33m 338[2mms[22m[39m
       [33m[2mÎ“Â£Ã´[22m[39m should get all notes for a row [33m 751[2mms[22m[39m
       [33m[2mÎ“Â£Ã´[22m[39m should delete a note [33m 671[2mms[22m[39m
       [33m[2mÎ“Â£Ã´[22m[39m should not allow deleting notes by other users [33m 606[2mms[22m[39m
       [33m[2mÎ“Â£Ã´[22m[39m should revoke (delete) an API token [33m 537[2mms[22m[39m
       [33m[2mÎ“Â£Ã´[22m[39m should grant table permission [33m 342[2mms[22m[39m
       [33m[2mÎ“Â£Ã´[22m[39m should update table permission role [33m 509[2mms[22m[39m
       [33m[2mÎ“Â£Ã´[22m[39m should revoke table permission [33m 583[2mms[22m[39m
       [33m[2mÎ“Â£Ã´[22m[39m should paginate rows efficiently [33m 1070[2mms[22m[39m
       [33m[2mÎ“Â£Ã´[22m[39m should return user-friendly error for missing required fields [33m 662[2mms[22m[39m

[2m Test Files [22m [1m[32m1 passed[39m[22m[90m (1)[39m
[2m      Tests [22m [1m[32m23 passed[39m[22m[2m | [22m[33m4 skipped[39m[90m (27)[39m
[2m   Start at [22m 11:26:15
[2m   Duration [22m 18.70s[2m (transform 2.58s, setup 737ms, collect 4.92s, tests 12.31s, environment 0ms, prepare 22ms)[22m

[1m[42m PASS [49m[22m [32mWaiting for file changes...[39m
       [2mpress [22m[1mh[22m[2m to show help[22m[2m, [22m[2mpress [22m[1mq[22m[2m to quit[22m
c[3J[1m[44m RERUN [49m[22m [34m[2mtests/integration/datavault-v4-regression.test.ts [22m[34mx1 [34m[39m
       [2m Filename pattern: [22m[34mtests/integration/datavault-v4-regression.test.ts[39m

[90mstdout[2m | tests/integration/datavault-v4-regression.test.ts
[22m[39m[dotenv@17.2.3] injecting env (11) from .env -- tip: Î“ÃœÃ–âˆ©â••Ã…  write to custom object with { processEnv: myObject }

{"level":40,"time":1764869576904,"env":"test","module":"auth-service","msg":"JWT_SECRET not set - falling back to SESSION_SECRET. This is acceptable for development but should be fixed for production."}
{"level":30,"time":1764869578063,"env":"test","multerImportKeys":["diskStorage","memoryStorage","MulterError"],"multerInstanceKeys":["diskStorage","memoryStorage","MulterError"],"multerInstanceType":"function","uploadKeys":["storage","limits","preservePath","fileFilter"],"uploadType":"object","uploadPrototype":{},"msg":"Debug Multer Import"}
[90mstdout[2m | tests/integration/datavault-v4-regression.test.ts
[22m[39mâ‰¡Æ’ÂºÂ¬ Setting up test environment...

{"level":30,"time":1764869579217,"env":"test","module":"file-routes","outputsDir":"C:\\Users\\scoot\\poll\\VaultLogic\\server\\files\\outputs","msg":"Secure file routes registered"}
{"level":30,"time":1764869579217,"env":"test","module":"ai-routes","msg":"AI workflow generation routes registered"}
{"level":30,"time":1764869579224,"env":"test","module":"collab-server","msg":"Initializing WebSocket collaboration server"}
{"level":40,"time":1764869579224,"env":"test","module":"collab-persistence","msg":"REDIS_URL not configured, multi-instance collab will not work"}
{"level":30,"time":1764869579225,"env":"test","module":"collab-server","msg":"WebSocket collaboration server initialized"}
{"level":30,"time":1764869579225,"env":"test","module":"routes","msg":"Real-time collaboration server initialized"}
{"level":30,"time":1764869580165,"env":"test","module":"auth","hasToken":true,"origin":"http://localhost:5000","ip":"::ffff:127.0.0.1","msg":"OAuth2 login attempt"}
{"level":30,"time":1764869580166,"env":"test","module":"auth","email":"testuser@example.com","msg":"Token verified successfully"}
{"level":30,"time":1764869580210,"env":"test","module":"auth","userId":"google-user-id","msg":"User upserted successfully"}
{"level":30,"time":1764869580328,"env":"test","module":"auth","email":"testuser@example.com","msg":"OAuth2 login successful"}
[90mstdout[2m | tests/integration/datavault-v4-regression.test.ts[2m > [22m[2mDataVault v4 Regression Tests
[22m[39mLogin Status: [33m200[39m
Login Body: {
  "message": "Authentication successful",
  "token": "eyJhbGciOiJIUzI1NiIsInR5cCI6IkpXVCJ9.eyJ1c2VySWQiOiJnb29nbGUtdXNlci1pZCIsImVtYWlsIjoidGVzdHVzZXJAZXhhbXBsZS5jb20iLCJ0ZW5hbnRJZCI6Ijc3MzlmMzNmLTdjODItNGZmZi1iNzNkLTFiMWJiZDBlYWI0NSIsInJvbGUiOiJvd25lciIsImlhdCI6MTc2NDg2OTU4MCwiZXhwIjoxNzY1NDc0MzgwfQ.akJDv_wj3ytAmJtHMSLN32g9z2HFqxu39weTT8Zxd7Y",
  "user": {
    "id": "google-user-id",
    "email": "testuser@example.com",
    "firstName": "Test",
    "lastName": "User",
    "profileImageUrl": "https://example.com/avatar.jpg",
    "tenantId": "7739f33f-7c82-4fff-b73d-1b1bbd0eab45",
    "tenantRole": "owner"
  }
}

{"level":30,"time":1764869580336,"env":"test","module":"auth","hasToken":true,"origin":"http://localhost:5000","ip":"::ffff:127.0.0.1","msg":"OAuth2 login attempt"}
{"level":30,"time":1764869580337,"env":"test","module":"auth","email":"other@example.com","msg":"Token verified successfully"}
{"level":30,"time":1764869580374,"env":"test","module":"auth","userId":"other-user-id","msg":"User upserted successfully"}
{"level":30,"time":1764869580455,"env":"test","module":"auth","email":"other@example.com","msg":"OAuth2 login successful"}
{"level":50,"time":1764869582371,"env":"test","error":{},"msg":"Error creating DataVault row"}
[90mstdout[2m | tests/integration/datavault-v4-regression.test.ts[2m > [22m[2mDataVault v4 Regression Tests[2m > [22m[2mSelect/Multiselect Columns[2m > [22m[2mshould validate select value against options
[22m[39mRow creation error message: Column 'Status' value must be one of: active, inactive

[90mstdout[2m | tests/integration/datavault-v4-regression.test.ts[2m > [22m[2mDataVault v4 Regression Tests[2m > [22m[2mRow Notes[2m > [22m[2mshould create a note for a row
[22m[39mCreated note: ec095407-83ae-456a-8bbe-f32f20565578 tenantId: 7739f33f-7c82-4fff-b73d-1b1bbd0eab45 userId: google-user-id

[90mstdout[2m | tests/integration/datavault-v4-regression.test.ts[2m > [22m[2mDataVault v4 Regression Tests[2m > [22m[2mRow Notes[2m > [22m[2mshould get all notes for a row
[22m[39mCreated note: c45bbad4-13db-4cba-99a3-d0a9b878b302 tenantId: 7739f33f-7c82-4fff-b73d-1b1bbd0eab45 userId: google-user-id

[90mstdout[2m | tests/integration/datavault-v4-regression.test.ts[2m > [22m[2mDataVault v4 Regression Tests[2m > [22m[2mRow Notes[2m > [22m[2mshould get all notes for a row
[22m[39mCreated note: 4a7edd16-4da7-49d2-966b-88950b94ee3f tenantId: 7739f33f-7c82-4fff-b73d-1b1bbd0eab45 userId: google-user-id

[90mstdout[2m | tests/integration/datavault-v4-regression.test.ts[2m > [22m[2mDataVault v4 Regression Tests[2m > [22m[2mRow Notes[2m > [22m[2mshould delete a note
[22m[39mCreated note: ce216976-112a-41f6-825c-a287eab36bd3 tenantId: 7739f33f-7c82-4fff-b73d-1b1bbd0eab45 userId: google-user-id

[90mstdout[2m | tests/integration/datavault-v4-regression.test.ts[2m > [22m[2mDataVault v4 Regression Tests[2m > [22m[2mRow Notes[2m > [22m[2mshould not allow deleting notes by other users
[22m[39mCreated note: 6c35361a-49ac-4e08-9693-f3a2b00c03b2 tenantId: 7739f33f-7c82-4fff-b73d-1b1bbd0eab45 userId: google-user-id

{"level":50,"time":1764869586939,"env":"test","error":{},"msg":"Error deleting row note"}
{"level":40,"time":1764869588082,"env":"test","module":"auth-middleware","path":"/datavault/databases/16950f1f-fdf4-4c45-8ebe-e722897c5677/tables","msg":"No valid authentication found"}
[90mstdout[2m | tests/integration/datavault-v4-regression.test.ts[2m > [22m[2mDataVault v4 Regression Tests[2m > [22m[2mTable Permissions[2m > [22m[2mshould grant table permission
[22m[39mupsert result: {"id":"90be7a35-15a4-4951-a82d-490d9206d618","tableId":"718c41df-f9f5-4754-9100-3fcd720baafa","userId":"other-user-id","role":"read","createdAt":"2025-12-04T17:33:09.755Z"}

[90mstdout[2m | tests/integration/datavault-v4-regression.test.ts[2m > [22m[2mDataVault v4 Regression Tests[2m > [22m[2mTable Permissions[2m > [22m[2mshould grant table permission
[22m[39mGrant permission success, sending 201. Permission: {"id":"90be7a35-15a4-4951-a82d-490d9206d618","tableId":"718c41df-f9f5-4754-9100-3fcd720baafa","userId":"other-user-id","role":"read","createdAt":"2025-12-04T17:33:09.755Z"}

[90mstdout[2m | tests/integration/datavault-v4-regression.test.ts[2m > [22m[2mDataVault v4 Regression Tests[2m > [22m[2mTable Permissions[2m > [22m[2mshould update table permission role
[22m[39mupsert result: {"id":"76506b6f-6acc-49bb-b549-da3a146eba8d","tableId":"2f5af0df-52cf-4d97-9111-e7557a577db7","userId":"other-user-id","role":"read","createdAt":"2025-12-04T17:33:10.314Z"}

[90mstdout[2m | tests/integration/datavault-v4-regression.test.ts[2m > [22m[2mDataVault v4 Regression Tests[2m > [22m[2mTable Permissions[2m > [22m[2mshould update table permission role
[22m[39mGrant permission success, sending 201. Permission: {"id":"76506b6f-6acc-49bb-b549-da3a146eba8d","tableId":"2f5af0df-52cf-4d97-9111-e7557a577db7","userId":"other-user-id","role":"read","createdAt":"2025-12-04T17:33:10.314Z"}

[90mstdout[2m | tests/integration/datavault-v4-regression.test.ts[2m > [22m[2mDataVault v4 Regression Tests[2m > [22m[2mTable Permissions[2m > [22m[2mshould update table permission role
[22m[39mupsert result: {"id":"76506b6f-6acc-49bb-b549-da3a146eba8d","tableId":"2f5af0df-52cf-4d97-9111-e7557a577db7","userId":"other-user-id","role":"write","createdAt":"2025-12-04T17:33:10.314Z"}

[90mstdout[2m | tests/integration/datavault-v4-regression.test.ts[2m > [22m[2mDataVault v4 Regression Tests[2m > [22m[2mTable Permissions[2m > [22m[2mshould update table permission role
[22m[39mGrant permission success, sending 201. Permission: {"id":"76506b6f-6acc-49bb-b549-da3a146eba8d","tableId":"2f5af0df-52cf-4d97-9111-e7557a577db7","userId":"other-user-id","role":"write","createdAt":"2025-12-04T17:33:10.314Z"}

[90mstdout[2m | tests/integration/datavault-v4-regression.test.ts[2m > [22m[2mDataVault v4 Regression Tests[2m > [22m[2mTable Permissions[2m > [22m[2mshould update table permission role
[22m[39mUpdate permission failed: {
  id: [32m'76506b6f-6acc-49bb-b549-da3a146eba8d'[39m,
  tableId: [32m'2f5af0df-52cf-4d97-9111-e7557a577db7'[39m,
  userId: [32m'other-user-id'[39m,
  role: [32m'write'[39m,
  createdAt: [32m'2025-12-04T17:33:10.314Z'[39m
}

[90mstdout[2m | tests/integration/datavault-v4-regression.test.ts[2m > [22m[2mDataVault v4 Regression Tests[2m > [22m[2mTable Permissions[2m > [22m[2mshould revoke table permission
[22m[39mupsert result: {"id":"03a52a34-4014-47c6-9b96-412cad7ad90a","tableId":"8ba170b8-ca63-432d-852f-56aed0da09cd","userId":"other-user-id","role":"read","createdAt":"2025-12-04T17:33:10.801Z"}

[90mstdout[2m | tests/integration/datavault-v4-regression.test.ts[2m > [22m[2mDataVault v4 Regression Tests[2m > [22m[2mTable Permissions[2m > [22m[2mshould revoke table permission
[22m[39mGrant permission success, sending 201. Permission: {"id":"03a52a34-4014-47c6-9b96-412cad7ad90a","tableId":"8ba170b8-ca63-432d-852f-56aed0da09cd","userId":"other-user-id","role":"read","createdAt":"2025-12-04T17:33:10.801Z"}

[90mstdout[2m | tests/integration/datavault-v4-regression.test.ts[2m > [22m[2mDataVault v4 Regression Tests[2m > [22m[2mTable Permissions[2m > [22m[2mshould revoke table permission
[22m[39mrevokePermission called for permission: 03a52a34-4014-47c6-9b96-412cad7ad90a

{"level":50,"time":1764869589927,"env":"test","error":{},"msg":"Error granting table permission"}
[90mstdout[2m | tests/integration/datavault-v4-regression.test.ts[2m > [22m[2mDataVault v4 Regression Tests[2m > [22m[2mTable Permissions[2m > [22m[2mshould enforce RBAC - only owners can manage permissions
[22m[39mGrant permission catch block entered Error: Access denied - owner permission required
    at DatavaultTablePermissionsService.requirePermission (C:/Users/scoot/poll/VaultLogic/server/services/DatavaultTablePermissionsService.ts:108:13)
[90m    at processTicksAndRejections (node:internal/process/task_queues:103:5)[39m
    at DatavaultTablePermissionsService.grantPermission (C:/Users/scoot/poll/VaultLogic/server/services/DatavaultTablePermissionsService.ts:138:5)
    at C:/Users/scoot/poll/VaultLogic/server/routes/datavault.routes.ts:1155:26

{"level":50,"time":1764869591167,"env":"test","error":{"issues":[{"received":"invalid_type","code":"invalid_enum_value","options":["text","number","boolean","date","datetime","email","phone","url","json","auto_number","autonumber","reference","select","multiselect"],"path":["type"],"message":"Invalid enum value. Expected 'text' | 'number' | 'boolean' | 'date' | 'datetime' | 'email' | 'phone' | 'url' | 'json' | 'auto_number' | 'autonumber' | 'reference' | 'select' | 'multiselect', received 'invalid_type'"}],"name":"ZodError"},"msg":"Error creating DataVault column"}
{"level":50,"time":1764869591828,"env":"test","error":{},"msg":"Error creating DataVault row"}
[90mstdout[2m | tests/integration/datavault-v4-regression.test.ts[2m > [22m[2mDataVault v4 Regression Tests[2m > [22m[2mError Handling[2m > [22m[2mshould return user-friendly error for missing required fields
[22m[39mRow creation error message: Required column 'Required Field' is missing

{"level":50,"time":1764869592043,"env":"test","error":{"length":144,"name":"error","severity":"ERROR","code":"22P02","where":"unnamed portal parameter $1 = '...'","file":"uuid.c","line":"138","routine":"string_to_uuid"},"msg":"Error fetching DataVault rows"}
[90mstdout[2m | tests/integration/datavault-v4-regression.test.ts
[22m[39mâ‰¡Æ’Âºâ•£ Cleaning up test environment...

 [31mÎ“Â¥Â»[39m tests/integration/datavault-v4-regression.test.ts [2m([22m[2m23 tests[22m[2m)[22m[33m 12873[2mms[22m[39m
       [33m[2mÎ“Â£Ã´[22m[39m should create a select column with options [33m 448[2mms[22m[39m
       [33m[2mÎ“Â£Ã´[22m[39m should create a multiselect column with options [33m 363[2mms[22m[39m
       [33m[2mÎ“Â£Ã´[22m[39m should validate select value against options [33m 1104[2mms[22m[39m
       [33m[2mÎ“Â£Ã´[22m[39m should validate multiselect values as array [33m 760[2mms[22m[39m
       [33m[2mÎ“Â£Ã´[22m[39m should create an autonumber column with sequence [33m 369[2mms[22m[39m
       [33m[2mÎ“Â£Ã´[22m[39m should format autonumber with prefix [33m 830[2mms[22m[39m
       [33m[2mÎ“Â£Ã´[22m[39m should create a note for a row [33m 349[2mms[22m[39m
       [33m[2mÎ“Â£Ã´[22m[39m should get all notes for a row [33m 741[2mms[22m[39m
       [33m[2mÎ“Â£Ã´[22m[39m should delete a note [33m 648[2mms[22m[39m
       [33m[2mÎ“Â£Ã´[22m[39m should not allow deleting notes by other users [33m 871[2mms[22m[39m
       [33m[2mÎ“Â£Ã´[22m[39m should create an API token [33m 310[2mms[22m[39m
       [32mÎ“Â£Ã´[39m should validate API token scopes[32m 167[2mms[22m[39m
       [33m[2mÎ“Â£Ã´[22m[39m should revoke (delete) an API token [33m 531[2mms[22m[39m
       [32mÎ“Â£Ã´[39m should deny access with expired token[32m 132[2mms[22m[39m
       [32mÎ“Â£Ã´[39m should grant table permission[32m 293[2mms[22m[39m
       [32mÎ“Â£Ã´[39m should list table permissions[32m 256[2mms[22m[39m
       [33m[2mÎ“Â£Ã´[22m[39m should update table permission role [33m 489[2mms[22m[39m
       [33m[2mÎ“Â£Ã´[22m[39m should revoke table permission [33m 564[2mms[22m[39m
       [32mÎ“Â£Ã´[39m should enforce RBAC - only owners can manage permissions[32m 244[2mms[22m[39m
       [33m[2mÎ“Â£Ã´[22m[39m should paginate rows efficiently [33m 1029[2mms[22m[39m
       [32mÎ“Â£Ã´[39m should return user-friendly error for invalid column type[32m 211[2mms[22m[39m
       [33m[2mÎ“Â£Ã´[22m[39m should return user-friendly error for missing required fields [33m 663[2mms[22m[39m
       [32mÎ“Â£Ã´[39m should handle network errors gracefully[32m 214[2mms[22m[39m

Î“Ã„Â»Î“Ã„Â»Î“Ã„Â»Î“Ã„Â»Î“Ã„Â»Î“Ã„Â» Failed Suites 1 Î“Ã„Â»Î“Ã„Â»Î“Ã„Â»Î“Ã„Â»Î“Ã„Â»Î“Ã„Â»Î“Ã„Â»

 FAIL  tests/integration/datavault-v4-regression.test.ts > DataVault v4 Regression Tests > Row History
Error: No test found in suite Row History
Î“Ã„Â»Î“Ã„Â»Î“Ã„Â»Î“Ã„Â»Î“Ã„Â»Î“Ã„Â»Î“Ã„Â»Î“Ã„Â»Î“Ã„Â»Î“Ã„Â»Î“Ã„Â»Î“Ã„Â»Î“Ã„Â»Î“Ã„Â»Î“Ã„Â»Î“Ã„Â»Î“Ã„Â»Î“Ã„Â»Î“Ã„Â»Î“Ã„Â»Î“Ã„Â»Î“Ã„Â»Î“Ã„Â»Î“Ã„Â»[1/1]Î“Ã„Â»


[2m Test Files [22m [1m[31m1 failed[39m[22m[90m (1)[39m
[2m      Tests [22m [1m[32m23 passed[39m[22m[90m (23)[39m
[2m   Start at [22m 11:32:55
[2m   Duration [22m 16.47s

[1m[41m FAIL [49m[22m [31mTests failed. Watching for file changes...[39m
       [2mpress [22m[1mh[22m[2m to show help[22m[2m, [22m[2mpress [22m[1mq[22m[2m to quit[22m
c[3J[1m[44m RERUN [49m[22m [34m[2mtests/integration/datavault-v4-regression.test.ts [22m[34mx2 [34m[39m
       [2m Filename pattern: [22m[34mtests/integration/datavault-v4-regression.test.ts[39m

[90mstdout[2m | tests/integration/datavault-v4-regression.test.ts
[22m[39m[dotenv@17.2.3] injecting env (11) from .env -- tip: â‰¡Æ’Ã´Ã­ add observability to secrets: https://dotenvx.com/ops

{"level":40,"time":1764869744499,"env":"test","module":"auth-service","msg":"JWT_SECRET not set - falling back to SESSION_SECRET. This is acceptable for development but should be fixed for production."}
{"level":30,"time":1764869745624,"env":"test","multerImportKeys":["diskStorage","memoryStorage","MulterError"],"multerInstanceKeys":["diskStorage","memoryStorage","MulterError"],"multerInstanceType":"function","uploadKeys":["storage","limits","preservePath","fileFilter"],"uploadType":"object","uploadPrototype":{},"msg":"Debug Multer Import"}
[90mstdout[2m | tests/integration/datavault-v4-regression.test.ts
[22m[39mâ‰¡Æ’ÂºÂ¬ Setting up test environment...

{"level":30,"time":1764869746825,"env":"test","module":"file-routes","outputsDir":"C:\\Users\\scoot\\poll\\VaultLogic\\server\\files\\outputs","msg":"Secure file routes registered"}
{"level":30,"time":1764869746826,"env":"test","module":"ai-routes","msg":"AI workflow generation routes registered"}
{"level":30,"time":1764869746836,"env":"test","module":"collab-server","msg":"Initializing WebSocket collaboration server"}
{"level":40,"time":1764869746836,"env":"test","module":"collab-persistence","msg":"REDIS_URL not configured, multi-instance collab will not work"}
{"level":30,"time":1764869746837,"env":"test","module":"collab-server","msg":"WebSocket collaboration server initialized"}
{"level":30,"time":1764869746837,"env":"test","module":"routes","msg":"Real-time collaboration server initialized"}
{"level":30,"time":1764869747242,"env":"test","module":"auth","hasToken":true,"origin":"http://localhost:5000","ip":"::ffff:127.0.0.1","msg":"OAuth2 login attempt"}
{"level":30,"time":1764869747243,"env":"test","module":"auth","email":"testuser@example.com","msg":"Token verified successfully"}
{"level":30,"time":1764869747287,"env":"test","module":"auth","userId":"google-user-id","msg":"User upserted successfully"}
{"level":30,"time":1764869747380,"env":"test","module":"auth","email":"testuser@example.com","msg":"OAuth2 login successful"}
[90mstdout[2m | tests/integration/datavault-v4-regression.test.ts[2m > [22m[2mDataVault v4 Regression Tests
[22m[39mLogin Status: [33m200[39m
Login Body: {
  "message": "Authentication successful",
  "token": "eyJhbGciOiJIUzI1NiIsInR5cCI6IkpXVCJ9.eyJ1c2VySWQiOiJnb29nbGUtdXNlci1pZCIsImVtYWlsIjoidGVzdHVzZXJAZXhhbXBsZS5jb20iLCJ0ZW5hbnRJZCI6IjAwOTk3ODViLTAyODctNGExNy1hYmZjLTEzZDY3ZTg5NDczOSIsInJvbGUiOiJvd25lciIsImlhdCI6MTc2NDg2OTc0NywiZXhwIjoxNzY1NDc0NTQ3fQ.rNRdZqoXc-L8fqLUfcTY1-GfZGs9VeZW9Ued0K7vmzg",
  "user": {
    "id": "google-user-id",
    "email": "testuser@example.com",
    "firstName": "Test",
    "lastName": "User",
    "profileImageUrl": "https://example.com/avatar.jpg",
    "tenantId": "0099785b-0287-4a17-abfc-13d67e894739",
    "tenantRole": "owner"
  }
}

{"level":30,"time":1764869747390,"env":"test","module":"auth","hasToken":true,"origin":"http://localhost:5000","ip":"::ffff:127.0.0.1","msg":"OAuth2 login attempt"}
{"level":30,"time":1764869747390,"env":"test","module":"auth","email":"other@example.com","msg":"Token verified successfully"}
{"level":30,"time":1764869747435,"env":"test","module":"auth","userId":"other-user-id","msg":"User upserted successfully"}
{"level":30,"time":1764869747524,"env":"test","module":"auth","email":"other@example.com","msg":"OAuth2 login successful"}
{"level":50,"time":1764869747753,"env":"test","error":{},"msg":"Error creating DataVault column"}
{"level":50,"time":1764869747982,"env":"test","error":{},"msg":"Error creating DataVault column"}
{"level":50,"time":1764869748206,"env":"test","error":{},"msg":"Error creating DataVault column"}
{"level":50,"time":1764869748334,"env":"test","error":{},"msg":"Error creating DataVault row"}
[90mstdout[2m | tests/integration/datavault-v4-regression.test.ts[2m > [22m[2mDataVault v4 Regression Tests[2m > [22m[2mSelect/Multiselect Columns[2m > [22m[2mshould validate select value against options
[22m[39mRow creation error message: Access denied - write permission required

{"level":50,"time":1764869748547,"env":"test","error":{},"msg":"Error creating DataVault column"}
{"level":50,"time":1764869748679,"env":"test","error":{},"msg":"Error creating DataVault row"}
[90mstdout[2m | tests/integration/datavault-v4-regression.test.ts[2m > [22m[2mDataVault v4 Regression Tests[2m > [22m[2mSelect/Multiselect Columns[2m > [22m[2mshould validate multiselect values as array
[22m[39mRow creation error message: Access denied - write permission required

{"level":50,"time":1764869748908,"env":"test","error":{},"msg":"Error creating DataVault column"}
{"level":50,"time":1764869749128,"env":"test","error":{},"msg":"Error creating DataVault column"}
{"level":50,"time":1764869749255,"env":"test","error":{},"msg":"Error creating DataVault row"}
[90mstdout[2m | tests/integration/datavault-v4-regression.test.ts[2m > [22m[2mDataVault v4 Regression Tests[2m > [22m[2mAutonumber Columns[2m > [22m[2mshould format autonumber with prefix
[22m[39mRow creation error message: Access denied - write permission required

{"level":50,"time":1764869749573,"env":"test","error":{},"msg":"Error creating row note"}
{"level":50,"time":1764869749879,"env":"test","error":{},"msg":"Error creating row note"}
{"level":50,"time":1764869750059,"env":"test","error":{},"msg":"Error creating row note"}
{"level":50,"time":1764869750251,"env":"test","error":{},"msg":"Error fetching row notes"}
{"level":50,"time":1764869750568,"env":"test","error":{},"msg":"Error creating row note"}
{"level":50,"time":1764869750710,"env":"test","error":{"length":141,"name":"error","severity":"ERROR","code":"22P02","where":"unnamed portal parameter $1 = '...'","file":"uuid.c","line":"138","routine":"string_to_uuid"},"msg":"Error deleting row note"}
{"level":50,"time":1764869751147,"env":"test","error":{},"msg":"Error creating row note"}
{"level":50,"time":1764869751263,"env":"test","error":{"length":141,"name":"error","severity":"ERROR","code":"22P02","where":"unnamed portal parameter $1 = '...'","file":"uuid.c","line":"138","routine":"string_to_uuid"},"msg":"Error deleting row note"}
{"level":50,"time":1764869751599,"env":"test","error":{},"databaseId":"985aff65-097c-41db-af52-1a26ae4f7b47","msg":"Error creating API token"}
{"level":50,"time":1764869751986,"env":"test","error":{},"databaseId":"ed018604-55fa-4b68-a3ce-80ac1c94d036","msg":"Error creating API token"}
{"level":40,"time":1764869752123,"env":"test","module":"auth-middleware","path":"/datavault/databases/64386dfd-f8b5-4a8f-b16d-88bde893b419/tables","msg":"No valid authentication found"}
{"level":50,"time":1764869752331,"env":"test","error":{},"msg":"Error granting table permission"}
[90mstdout[2m | tests/integration/datavault-v4-regression.test.ts[2m > [22m[2mDataVault v4 Regression Tests[2m > [22m[2mTable Permissions[2m > [22m[2mshould grant table permission
[22m[39mGrant permission catch block entered Error: Access denied - owner permission required
    at DatavaultTablePermissionsService.requirePermission (C:/Users/scoot/poll/VaultLogic/server/services/DatavaultTablePermissionsService.ts:108:13)
[90m    at processTicksAndRejections (node:internal/process/task_queues:103:5)[39m
    at DatavaultTablePermissionsService.grantPermission (C:/Users/scoot/poll/VaultLogic/server/services/DatavaultTablePermissionsService.ts:138:5)
    at C:/Users/scoot/poll/VaultLogic/server/routes/datavault.routes.ts:1155:26

{"level":50,"time":1764869752544,"env":"test","error":{},"msg":"Error fetching table permissions"}
{"level":50,"time":1764869752758,"env":"test","error":{},"msg":"Error granting table permission"}
[90mstdout[2m | tests/integration/datavault-v4-regression.test.ts[2m > [22m[2mDataVault v4 Regression Tests[2m > [22m[2mTable Permissions[2m > [22m[2mshould update table permission role
[22m[39mGrant permission catch block entered Error: Access denied - owner permission required
    at DatavaultTablePermissionsService.requirePermission (C:/Users/scoot/poll/VaultLogic/server/services/DatavaultTablePermissionsService.ts:108:13)
[90m    at processTicksAndRejections (node:internal/process/task_queues:103:5)[39m
    at DatavaultTablePermissionsService.grantPermission (C:/Users/scoot/poll/VaultLogic/server/services/DatavaultTablePermissionsService.ts:138:5)
    at C:/Users/scoot/poll/VaultLogic/server/routes/datavault.routes.ts:1155:26

{"level":50,"time":1764869752890,"env":"test","error":{},"msg":"Error granting table permission"}
[90mstdout[2m | tests/integration/datavault-v4-regression.test.ts[2m > [22m[2mDataVault v4 Regression Tests[2m > [22m[2mTable Permissions[2m > [22m[2mshould update table permission role
[22m[39mGrant permission catch block entered Error: Access denied - owner permission required
    at DatavaultTablePermissionsService.requirePermission (C:/Users/scoot/poll/VaultLogic/server/services/DatavaultTablePermissionsService.ts:108:13)
[90m    at processTicksAndRejections (node:internal/process/task_queues:103:5)[39m
    at DatavaultTablePermissionsService.grantPermission (C:/Users/scoot/poll/VaultLogic/server/services/DatavaultTablePermissionsService.ts:138:5)
    at C:/Users/scoot/poll/VaultLogic/server/routes/datavault.routes.ts:1155:26

[90mstdout[2m | tests/integration/datavault-v4-regression.test.ts[2m > [22m[2mDataVault v4 Regression Tests[2m > [22m[2mTable Permissions[2m > [22m[2mshould update table permission role
[22m[39mUpdate permission failed: { message: [32m'Access denied - owner permission required'[39m }

{"level":50,"time":1764869753098,"env":"test","error":{},"msg":"Error granting table permission"}
[90mstdout[2m | tests/integration/datavault-v4-regression.test.ts[2m > [22m[2mDataVault v4 Regression Tests[2m > [22m[2mTable Permissions[2m > [22m[2mshould revoke table permission
[22m[39mGrant permission catch block entered Error: Access denied - owner permission required
    at DatavaultTablePermissionsService.requirePermission (C:/Users/scoot/poll/VaultLogic/server/services/DatavaultTablePermissionsService.ts:108:13)
[90m    at processTicksAndRejections (node:internal/process/task_queues:103:5)[39m
    at DatavaultTablePermissionsService.grantPermission (C:/Users/scoot/poll/VaultLogic/server/services/DatavaultTablePermissionsService.ts:138:5)
    at C:/Users/scoot/poll/VaultLogic/server/routes/datavault.routes.ts:1155:26

[90mstdout[2m | tests/integration/datavault-v4-regression.test.ts[2m > [22m[2mDataVault v4 Regression Tests[2m > [22m[2mTable Permissions[2m > [22m[2mshould revoke table permission
[22m[39mrevokePermission called for permission: undefined

{"level":50,"time":1764869753227,"env":"test","error":{},"msg":"Error revoking table permission"}
{"level":50,"time":1764869753447,"env":"test","error":{},"msg":"Error granting table permission"}
[90mstdout[2m | tests/integration/datavault-v4-regression.test.ts[2m > [22m[2mDataVault v4 Regression Tests[2m > [22m[2mTable Permissions[2m > [22m[2mshould enforce RBAC - only owners can manage permissions
[22m[39mGrant permission catch block entered Error: Access denied - owner permission required
    at DatavaultTablePermissionsService.requirePermission (C:/Users/scoot/poll/VaultLogic/server/services/DatavaultTablePermissionsService.ts:108:13)
[90m    at processTicksAndRejections (node:internal/process/task_queues:103:5)[39m
    at DatavaultTablePermissionsService.grantPermission (C:/Users/scoot/poll/VaultLogic/server/services/DatavaultTablePermissionsService.ts:138:5)
    at C:/Users/scoot/poll/VaultLogic/server/routes/datavault.routes.ts:1155:26

{"level":50,"time":1764869754275,"env":"test","error":{},"msg":"Error fetching DataVault rows"}
{"level":50,"time":1764869754489,"env":"test","error":{},"msg":"Error creating DataVault column"}
{"level":50,"time":1764869754713,"env":"test","error":{},"msg":"Error creating DataVault column"}
{"level":50,"time":1764869754845,"env":"test","error":{},"msg":"Error creating DataVault row"}
[90mstdout[2m | tests/integration/datavault-v4-regression.test.ts[2m > [22m[2mDataVault v4 Regression Tests[2m > [22m[2mError Handling[2m > [22m[2mshould return user-friendly error for missing required fields
[22m[39mRow creation error message: Access denied - write permission required

{"level":50,"time":1764869755066,"env":"test","error":{"length":144,"name":"error","severity":"ERROR","code":"22P02","where":"unnamed portal parameter $1 = '...'","file":"uuid.c","line":"138","routine":"string_to_uuid"},"msg":"Error fetching DataVault rows"}
[90mstdout[2m | tests/integration/datavault-v4-regression.test.ts
[22m[39mâ‰¡Æ’Âºâ•£ Cleaning up test environment...

 [31mÎ“Â¥Â»[39m tests/integration/datavault-v4-regression.test.ts [2m([22m[2m23 tests[22m[2m | [22m[31m19 failed[39m[2m)[22m[33m 8293[2mms[22m[39m
[31m       [31mâ”œÃ¹[31m should create a select column with options[39m[32m 235[2mms[22m[39m
[31m       [31mâ”œÃ¹[31m should create a multiselect column with options[39m[32m 224[2mms[22m[39m
[31m       [31mâ”œÃ¹[31m should validate select value against options[39m[33m 353[2mms[22m[39m
[31m       [31mâ”œÃ¹[31m should validate multiselect values as array[39m[33m 344[2mms[22m[39m
[31m       [31mâ”œÃ¹[31m should create an autonumber column with sequence[39m[32m 231[2mms[22m[39m
[31m       [31mâ”œÃ¹[31m should format autonumber with prefix[39m[33m 344[2mms[22m[39m
[31m       [31mâ”œÃ¹[31m should create a note for a row[39m[33m 319[2mms[22m[39m
[31m       [31mâ”œÃ¹[31m should get all notes for a row[39m[33m 679[2mms[22m[39m
[31m       [31mâ”œÃ¹[31m should delete a note[39m[33m 459[2mms[22m[39m
[31m       [31mâ”œÃ¹[31m should not allow deleting notes by other users[39m[33m 553[2mms[22m[39m
[31m       [31mâ”œÃ¹[31m should create an API token[39m[33m 336[2mms[22m[39m
       [32mÎ“Â£Ã´[39m should validate API token scopes[32m 174[2mms[22m[39m
[31m       [31mâ”œÃ¹[31m should revoke (delete) an API token[39m[32m 212[2mms[22m[39m
       [32mÎ“Â£Ã´[39m should deny access with expired token[32m 136[2mms[22m[39m
[31m       [31mâ”œÃ¹[31m should grant table permission[39m[32m 210[2mms[22m[39m
[31m       [31mâ”œÃ¹[31m should list table permissions[39m[32m 213[2mms[22m[39m
[31m       [31mâ”œÃ¹[31m should update table permission role[39m[33m 347[2mms[22m[39m
[31m       [31mâ”œÃ¹[31m should revoke table permission[39m[33m 336[2mms[22m[39m
       [32mÎ“Â£Ã´[39m should enforce RBAC - only owners can manage permissions[32m 220[2mms[22m[39m
[31m       [31mâ”œÃ¹[31m should paginate rows efficiently[39m[33m 829[2mms[22m[39m
[31m       [31mâ”œÃ¹[31m should return user-friendly error for invalid column type[39m[32m 214[2mms[22m[39m
[31m       [31mâ”œÃ¹[31m should return user-friendly error for missing required fields[39m[33m 356[2mms[22m[39m
       [32mÎ“Â£Ã´[39m should handle network errors gracefully[32m 221[2mms[22m[39m

Î“Ã„Â»Î“Ã„Â»Î“Ã„Â»Î“Ã„Â»Î“Ã„Â»Î“Ã„Â» Failed Tests 19 Î“Ã„Â»Î“Ã„Â»Î“Ã„Â»Î“Ã„Â»Î“Ã„Â»Î“Ã„Â»Î“Ã„Â»

 FAIL  tests/integration/datavault-v4-regression.test.ts > DataVault v4 Regression Tests > Select/Multiselect Columns > should create a select column with options
AssertionError: expected 403 to be 201 // Object.is equality

- Expected
+ Received

- 201
+ 403

 Î“Â¥Â» tests/integration/datavault-v4-regression.test.ts:298:31
    296|         });
    297| 
    298|       expect(response.status).toBe(201);
       |                               ^
    299|       expect(response.body).toBeDefined();
    300|       expect(response.body.type).toBe('select');

Î“Ã„Â»Î“Ã„Â»Î“Ã„Â»Î“Ã„Â»Î“Ã„Â»Î“Ã„Â»Î“Ã„Â»Î“Ã„Â»Î“Ã„Â»Î“Ã„Â»Î“Ã„Â»Î“Ã„Â»Î“Ã„Â»Î“Ã„Â»Î“Ã„Â»Î“Ã„Â»Î“Ã„Â»Î“Ã„Â»Î“Ã„Â»Î“Ã„Â»Î“Ã„Â»Î“Ã„Â»Î“Ã„Â»[1/19]Î“Ã„Â»

 FAIL  tests/integration/datavault-v4-regression.test.ts > DataVault v4 Regression Tests > Select/Multiselect Columns > should create a multiselect column with options
AssertionError: expected 403 to be 201 // Object.is equality

- Expected
+ Received

- 201
+ 403

 Î“Â¥Â» tests/integration/datavault-v4-regression.test.ts:321:31
    319|         });
    320| 
    321|       expect(response.status).toBe(201);
       |                               ^
    322|       expect(response.body).toBeDefined();
    323|       expect(response.body.type).toBe('multiselect');

Î“Ã„Â»Î“Ã„Â»Î“Ã„Â»Î“Ã„Â»Î“Ã„Â»Î“Ã„Â»Î“Ã„Â»Î“Ã„Â»Î“Ã„Â»Î“Ã„Â»Î“Ã„Â»Î“Ã„Â»Î“Ã„Â»Î“Ã„Â»Î“Ã„Â»Î“Ã„Â»Î“Ã„Â»Î“Ã„Â»Î“Ã„Â»Î“Ã„Â»Î“Ã„Â»Î“Ã„Â»Î“Ã„Â»[2/19]Î“Ã„Â»

 FAIL  tests/integration/datavault-v4-regression.test.ts > DataVault v4 Regression Tests > Select/Multiselect Columns > should validate select value against options
AssertionError: expected 403 to be 201 // Object.is equality

- Expected
+ Received

- 201
+ 403

 Î“Â¥Â» tests/integration/datavault-v4-regression.test.ts:356:36
    354|         });
    355| 
    356|       expect(validResponse.status).toBe(201);
       |                                    ^
    357| 
    358|       // Create row with invalid value should fail

Î“Ã„Â»Î“Ã„Â»Î“Ã„Â»Î“Ã„Â»Î“Ã„Â»Î“Ã„Â»Î“Ã„Â»Î“Ã„Â»Î“Ã„Â»Î“Ã„Â»Î“Ã„Â»Î“Ã„Â»Î“Ã„Â»Î“Ã„Â»Î“Ã„Â»Î“Ã„Â»Î“Ã„Â»Î“Ã„Â»Î“Ã„Â»Î“Ã„Â»Î“Ã„Â»Î“Ã„Â»Î“Ã„Â»[3/19]Î“Ã„Â»

 FAIL  tests/integration/datavault-v4-regression.test.ts > DataVault v4 Regression Tests > Select/Multiselect Columns > should validate multiselect values as array
AssertionError: expected 403 to be 201 // Object.is equality

- Expected
+ Received

- 201
+ 403

 Î“Â¥Â» tests/integration/datavault-v4-regression.test.ts:401:36
    399|         });
    400| 
    401|       expect(validResponse.status).toBe(201);
       |                                    ^
    402|       expect(validResponse.body.values[testColumnId]).toEqual(['urgentÎ“Ã‡Âª
    403|     });

Î“Ã„Â»Î“Ã„Â»Î“Ã„Â»Î“Ã„Â»Î“Ã„Â»Î“Ã„Â»Î“Ã„Â»Î“Ã„Â»Î“Ã„Â»Î“Ã„Â»Î“Ã„Â»Î“Ã„Â»Î“Ã„Â»Î“Ã„Â»Î“Ã„Â»Î“Ã„Â»Î“Ã„Â»Î“Ã„Â»Î“Ã„Â»Î“Ã„Â»Î“Ã„Â»Î“Ã„Â»Î“Ã„Â»[4/19]Î“Ã„Â»

 FAIL  tests/integration/datavault-v4-regression.test.ts > DataVault v4 Regression Tests > Autonumber Columns > should create an autonumber column with sequence
AssertionError: expected 403 to be 201 // Object.is equality

- Expected
+ Received

- 201
+ 403

 Î“Â¥Â» tests/integration/datavault-v4-regression.test.ts:421:31
    419|         });
    420| 
    421|       expect(response.status).toBe(201);
       |                               ^
    422|       expect(response.body).toBeDefined();
    423|       expect(response.body.type).toBe('autonumber');

Î“Ã„Â»Î“Ã„Â»Î“Ã„Â»Î“Ã„Â»Î“Ã„Â»Î“Ã„Â»Î“Ã„Â»Î“Ã„Â»Î“Ã„Â»Î“Ã„Â»Î“Ã„Â»Î“Ã„Â»Î“Ã„Â»Î“Ã„Â»Î“Ã„Â»Î“Ã„Â»Î“Ã„Â»Î“Ã„Â»Î“Ã„Â»Î“Ã„Â»Î“Ã„Â»Î“Ã„Â»Î“Ã„Â»[5/19]Î“Ã„Â»

 FAIL  tests/integration/datavault-v4-regression.test.ts > DataVault v4 Regression Tests > Autonumber Columns > should format autonumber with prefix
AssertionError: expected 403 to be 201 // Object.is equality

- Expected
+ Received

- 201
+ 403

 Î“Â¥Â» tests/integration/datavault-v4-regression.test.ts:455:34
    453|         .send({ values: {} });
    454| 
    455|       expect(rowResponse.status).toBe(201);
       |                                  ^
    456|       // Check if formatted value is stored or displayed
    457|       // This depends on implementation - adjust as needed

Î“Ã„Â»Î“Ã„Â»Î“Ã„Â»Î“Ã„Â»Î“Ã„Â»Î“Ã„Â»Î“Ã„Â»Î“Ã„Â»Î“Ã„Â»Î“Ã„Â»Î“Ã„Â»Î“Ã„Â»Î“Ã„Â»Î“Ã„Â»Î“Ã„Â»Î“Ã„Â»Î“Ã„Â»Î“Ã„Â»Î“Ã„Â»Î“Ã„Â»Î“Ã„Â»Î“Ã„Â»Î“Ã„Â»[6/19]Î“Ã„Â»

 FAIL  tests/integration/datavault-v4-regression.test.ts > DataVault v4 Regression Tests > Row Notes > should create a note for a row
AssertionError: expected 403 to be 201 // Object.is equality

- Expected
+ Received

- 201
+ 403

 Î“Â¥Â» tests/integration/datavault-v4-regression.test.ts:481:31
    479|         });
    480| 
    481|       expect(response.status).toBe(201);
       |                               ^
    482|       expect(response.body).toBeDefined();
    483|       expect(response.body.text).toBe('This is a test note');

Î“Ã„Â»Î“Ã„Â»Î“Ã„Â»Î“Ã„Â»Î“Ã„Â»Î“Ã„Â»Î“Ã„Â»Î“Ã„Â»Î“Ã„Â»Î“Ã„Â»Î“Ã„Â»Î“Ã„Â»Î“Ã„Â»Î“Ã„Â»Î“Ã„Â»Î“Ã„Â»Î“Ã„Â»Î“Ã„Â»Î“Ã„Â»Î“Ã„Â»Î“Ã„Â»Î“Ã„Â»Î“Ã„Â»[7/19]Î“Ã„Â»

 FAIL  tests/integration/datavault-v4-regression.test.ts > DataVault v4 Regression Tests > Row Notes > should get all notes for a row
AssertionError: expected 403 to be 200 // Object.is equality

- Expected
+ Received

- 200
+ 403

 Î“Â¥Â» tests/integration/datavault-v4-regression.test.ts:507:31
    505|         .set('Cookie', authCookie);
    506| 
    507|       expect(response.status).toBe(200);
       |                               ^
    508|       expect(response.body).toHaveLength(2);
    509|     });

Î“Ã„Â»Î“Ã„Â»Î“Ã„Â»Î“Ã„Â»Î“Ã„Â»Î“Ã„Â»Î“Ã„Â»Î“Ã„Â»Î“Ã„Â»Î“Ã„Â»Î“Ã„Â»Î“Ã„Â»Î“Ã„Â»Î“Ã„Â»Î“Ã„Â»Î“Ã„Â»Î“Ã„Â»Î“Ã„Â»Î“Ã„Â»Î“Ã„Â»Î“Ã„Â»Î“Ã„Â»Î“Ã„Â»[8/19]Î“Ã„Â»

 FAIL  tests/integration/datavault-v4-regression.test.ts > DataVault v4 Regression Tests > Row Notes > should delete a note
AssertionError: expected 500 to be 200 // Object.is equality

- Expected
+ Received

- 200
+ 500

 Î“Â¥Â» tests/integration/datavault-v4-regression.test.ts:527:37
    525|         .set('Cookie', authCookie);
    526| 
    527|       expect(deleteResponse.status).toBe(200);
       |                                     ^
    528| 
    529|       // Verify note is deleted

Î“Ã„Â»Î“Ã„Â»Î“Ã„Â»Î“Ã„Â»Î“Ã„Â»Î“Ã„Â»Î“Ã„Â»Î“Ã„Â»Î“Ã„Â»Î“Ã„Â»Î“Ã„Â»Î“Ã„Â»Î“Ã„Â»Î“Ã„Â»Î“Ã„Â»Î“Ã„Â»Î“Ã„Â»Î“Ã„Â»Î“Ã„Â»Î“Ã„Â»Î“Ã„Â»Î“Ã„Â»Î“Ã„Â»[9/19]Î“Ã„Â»

 FAIL  tests/integration/datavault-v4-regression.test.ts > DataVault v4 Regression Tests > Row Notes > should not allow deleting notes by other users
AssertionError: expected 500 to be 403 // Object.is equality

- Expected
+ Received

- 403
+ 500

 Î“Â¥Â» tests/integration/datavault-v4-regression.test.ts:554:37
    552|         .set('Cookie', otherUserCookie);
    553| 
    554|       expect(deleteResponse.status).toBe(403);
       |                                     ^
    555|     });
    556|   });

Î“Ã„Â»Î“Ã„Â»Î“Ã„Â»Î“Ã„Â»Î“Ã„Â»Î“Ã„Â»Î“Ã„Â»Î“Ã„Â»Î“Ã„Â»Î“Ã„Â»Î“Ã„Â»Î“Ã„Â»Î“Ã„Â»Î“Ã„Â»Î“Ã„Â»Î“Ã„Â»Î“Ã„Â»Î“Ã„Â»Î“Ã„Â»Î“Ã„Â»Î“Ã„Â»Î“Ã„Â»[10/19]Î“Ã„Â»

 FAIL  tests/integration/datavault-v4-regression.test.ts > DataVault v4 Regression Tests > API Tokens > should create an API token
AssertionError: expected 403 to be 201 // Object.is equality

- Expected
+ Received

- 201
+ 403

 Î“Â¥Â» tests/integration/datavault-v4-regression.test.ts:574:31
    572|       // Assuming DB exists (created in beforeAll).
    573|       // If 404 persists, we might need to debug route registration.
    574|       expect(response.status).toBe(201);
       |                               ^
    575|       expect(response.body).toBeDefined();
    576|       // plainToken is not returned in the object, it might be separatÎ“Ã‡Âª

Î“Ã„Â»Î“Ã„Â»Î“Ã„Â»Î“Ã„Â»Î“Ã„Â»Î“Ã„Â»Î“Ã„Â»Î“Ã„Â»Î“Ã„Â»Î“Ã„Â»Î“Ã„Â»Î“Ã„Â»Î“Ã„Â»Î“Ã„Â»Î“Ã„Â»Î“Ã„Â»Î“Ã„Â»Î“Ã„Â»Î“Ã„Â»Î“Ã„Â»Î“Ã„Â»Î“Ã„Â»[11/19]Î“Ã„Â»

 FAIL  tests/integration/datavault-v4-regression.test.ts > DataVault v4 Regression Tests > API Tokens > should revoke (delete) an API token
TypeError: Cannot read properties of undefined (reading 'id')
 Î“Â¥Â» tests/integration/datavault-v4-regression.test.ts:608:49
    606|         });
    607| 
    608|       const tokenId = createResponse.body.token.id;
       |                                                 ^
    609| 
    610|       // Revoke token

Î“Ã„Â»Î“Ã„Â»Î“Ã„Â»Î“Ã„Â»Î“Ã„Â»Î“Ã„Â»Î“Ã„Â»Î“Ã„Â»Î“Ã„Â»Î“Ã„Â»Î“Ã„Â»Î“Ã„Â»Î“Ã„Â»Î“Ã„Â»Î“Ã„Â»Î“Ã„Â»Î“Ã„Â»Î“Ã„Â»Î“Ã„Â»Î“Ã„Â»Î“Ã„Â»Î“Ã„Â»[12/19]Î“Ã„Â»

 FAIL  tests/integration/datavault-v4-regression.test.ts > DataVault v4 Regression Tests > Table Permissions > should grant table permission
AssertionError: expected 403 to be 201 // Object.is equality

- Expected
+ Received

- 201
+ 403

 Î“Â¥Â» tests/integration/datavault-v4-regression.test.ts:668:31
    666|         });
    667| 
    668|       expect(response.status).toBe(201);
       |                               ^
    669|       expect(response.body).toBeDefined();
    670|       expect(response.body.role).toBe('read');

Î“Ã„Â»Î“Ã„Â»Î“Ã„Â»Î“Ã„Â»Î“Ã„Â»Î“Ã„Â»Î“Ã„Â»Î“Ã„Â»Î“Ã„Â»Î“Ã„Â»Î“Ã„Â»Î“Ã„Â»Î“Ã„Â»Î“Ã„Â»Î“Ã„Â»Î“Ã„Â»Î“Ã„Â»Î“Ã„Â»Î“Ã„Â»Î“Ã„Â»Î“Ã„Â»Î“Ã„Â»[13/19]Î“Ã„Â»

 FAIL  tests/integration/datavault-v4-regression.test.ts > DataVault v4 Regression Tests > Table Permissions > should list table permissions
AssertionError: expected 403 to be 200 // Object.is equality

- Expected
+ Received

- 200
+ 403

 Î“Â¥Â» tests/integration/datavault-v4-regression.test.ts:680:31
    678|         .set('Cookie', authCookie);
    679| 
    680|       expect(response.status).toBe(200);
       |                               ^
    681|       expect(response.body).toBeDefined();
    682|       expect(Array.isArray(response.body)).toBe(true);

Î“Ã„Â»Î“Ã„Â»Î“Ã„Â»Î“Ã„Â»Î“Ã„Â»Î“Ã„Â»Î“Ã„Â»Î“Ã„Â»Î“Ã„Â»Î“Ã„Â»Î“Ã„Â»Î“Ã„Â»Î“Ã„Â»Î“Ã„Â»Î“Ã„Â»Î“Ã„Â»Î“Ã„Â»Î“Ã„Â»Î“Ã„Â»Î“Ã„Â»Î“Ã„Â»Î“Ã„Â»[14/19]Î“Ã„Â»

 FAIL  tests/integration/datavault-v4-regression.test.ts > DataVault v4 Regression Tests > Table Permissions > should update table permission role
AssertionError: expected 403 to be 201 // Object.is equality

- Expected
+ Received

- 201
+ 403

 Î“Â¥Â» tests/integration/datavault-v4-regression.test.ts:713:37
    711|         console.log('Update permission failed:', updateResponse.body);
    712|       }
    713|       expect(updateResponse.status).toBe(201);
       |                                     ^
    714|       expect(updateResponse.body.role).toBe('write');
    715|     });

Î“Ã„Â»Î“Ã„Â»Î“Ã„Â»Î“Ã„Â»Î“Ã„Â»Î“Ã„Â»Î“Ã„Â»Î“Ã„Â»Î“Ã„Â»Î“Ã„Â»Î“Ã„Â»Î“Ã„Â»Î“Ã„Â»Î“Ã„Â»Î“Ã„Â»Î“Ã„Â»Î“Ã„Â»Î“Ã„Â»Î“Ã„Â»Î“Ã„Â»Î“Ã„Â»Î“Ã„Â»[15/19]Î“Ã„Â»

 FAIL  tests/integration/datavault-v4-regression.test.ts > DataVault v4 Regression Tests > Table Permissions > should revoke table permission
AssertionError: expected 403 to be 200 // Object.is equality

- Expected
+ Received

- 200
+ 403

 Î“Â¥Â» tests/integration/datavault-v4-regression.test.ts:739:37
    737| 
    738|       // Revoke returns 200 with message
    739|       expect(revokeResponse.status).toBe(200);
       |                                     ^
    740| 
    741|       // Verify permission is deleted

Î“Ã„Â»Î“Ã„Â»Î“Ã„Â»Î“Ã„Â»Î“Ã„Â»Î“Ã„Â»Î“Ã„Â»Î“Ã„Â»Î“Ã„Â»Î“Ã„Â»Î“Ã„Â»Î“Ã„Â»Î“Ã„Â»Î“Ã„Â»Î“Ã„Â»Î“Ã„Â»Î“Ã„Â»Î“Ã„Â»Î“Ã„Â»Î“Ã„Â»Î“Ã„Â»Î“Ã„Â»[16/19]Î“Ã„Â»

 FAIL  tests/integration/datavault-v4-regression.test.ts > DataVault v4 Regression Tests > Grid Performance > should paginate rows efficiently
AssertionError: expected 403 to be 200 // Object.is equality

- Expected
+ Received

- 200
+ 403

 Î“Â¥Â» tests/integration/datavault-v4-regression.test.ts:787:31
    785|         .set('Cookie', authCookie);
    786| 
    787|       expect(response.status).toBe(200);
       |                               ^
    788|       expect(response.body.rows).toHaveLength(25);
    789|       expect(response.body.pagination.total).toBe(100);

Î“Ã„Â»Î“Ã„Â»Î“Ã„Â»Î“Ã„Â»Î“Ã„Â»Î“Ã„Â»Î“Ã„Â»Î“Ã„Â»Î“Ã„Â»Î“Ã„Â»Î“Ã„Â»Î“Ã„Â»Î“Ã„Â»Î“Ã„Â»Î“Ã„Â»Î“Ã„Â»Î“Ã„Â»Î“Ã„Â»Î“Ã„Â»Î“Ã„Â»Î“Ã„Â»Î“Ã„Â»[17/19]Î“Ã„Â»

 FAIL  tests/integration/datavault-v4-regression.test.ts > DataVault v4 Regression Tests > Error Handling > should return user-friendly error for invalid column type
AssertionError: expected 403 to be 400 // Object.is equality

- Expected
+ Received

- 400
+ 403

 Î“Â¥Â» tests/integration/datavault-v4-regression.test.ts:807:31
    805|         });
    806| 
    807|       expect(response.status).toBe(400);
       |                               ^
    808|       expect(response.body.errors).toBeDefined();
    809|       // expect(response.body.error).toContain('Invalid column type');

Î“Ã„Â»Î“Ã„Â»Î“Ã„Â»Î“Ã„Â»Î“Ã„Â»Î“Ã„Â»Î“Ã„Â»Î“Ã„Â»Î“Ã„Â»Î“Ã„Â»Î“Ã„Â»Î“Ã„Â»Î“Ã„Â»Î“Ã„Â»Î“Ã„Â»Î“Ã„Â»Î“Ã„Â»Î“Ã„Â»Î“Ã„Â»Î“Ã„Â»Î“Ã„Â»Î“Ã„Â»[18/19]Î“Ã„Â»

 FAIL  tests/integration/datavault-v4-regression.test.ts > DataVault v4 Regression Tests > Error Handling > should return user-friendly error for missing required fields
AssertionError: expected 403 to be 400 // Object.is equality

- Expected
+ Received

- 400
+ 403

 Î“Â¥Â» tests/integration/datavault-v4-regression.test.ts:834:31
    832| 
    833|       // Improved error handling returns 400
    834|       expect(response.status).toBe(400);
       |                               ^
    835|       expect(response.body.message).toBeDefined();
    836|       expect(response.body.message).toContain('Required');

Î“Ã„Â»Î“Ã„Â»Î“Ã„Â»Î“Ã„Â»Î“Ã„Â»Î“Ã„Â»Î“Ã„Â»Î“Ã„Â»Î“Ã„Â»Î“Ã„Â»Î“Ã„Â»Î“Ã„Â»Î“Ã„Â»Î“Ã„Â»Î“Ã„Â»Î“Ã„Â»Î“Ã„Â»Î“Ã„Â»Î“Ã„Â»Î“Ã„Â»Î“Ã„Â»Î“Ã„Â»[19/19]Î“Ã„Â»


[2m Test Files [22m [1m[31m1 failed[39m[22m[90m (1)[39m
[2m      Tests [22m [1m[31m19 failed[39m[22m[2m | [22m[1m[32m4 passed[39m[22m[90m (23)[39m
[2m   Start at [22m 11:35:42
[2m   Duration [22m 12.04s

[1m[41m FAIL [49m[22m [31mTests failed. Watching for file changes...[39m
       [2mpress [22m[1mh[22m[2m to show help[22m[2m, [22m[2mpress [22m[1mq[22m[2m to quit[22m
