npm warn Unknown project config "puppeteer_skip_download". This will stop working in the next major version of npm.
 DEPRECATED  `test.poolOptions` was removed in Vitest 4. All previous `poolOptions` are now top-level options. Please, refer to the migration guide: https://vitest.dev/guide/migration#pool-rework

[1m[46m RUN [49m[22m [36mv4.0.16 [39m[90mC:/Users/scoot/poll/VaultLogic[39m

[90mstdout[2m | tests/integration/datavault.permissions.test.ts
[22m[39m[dotenv@17.2.3] injecting env (20) from .env -- tip: â‰¡Æ’Ã¶Ã¤ add secrets lifecycle management: https://dotenvx.com/ops

[90mstdout[2m | tests/ui/datavault/TableCard.test.tsx
[22m[39m[dotenv@17.2.3] injecting env (20) from .env -- tip: Î“ÃœÃ–âˆ©â••Ã…  load multiple .env files with { path: ['.env.local', '.env'] }

[90mstdout[2m | tests/ui/datavault/EditableCell.test.tsx
[22m[39m[dotenv@17.2.3] injecting env (20) from .env -- tip: â‰¡Æ’Ã´Ã­ add observability to secrets: https://dotenvx.com/ops

[90mstdout[2m | tests/integration/datavault.permissions.test.ts
[22m[39m[dotenv@17.2.3] injecting env (0) from .env -- tip: â‰¡Æ’Ã¦Ã‘ sync secrets across teammates & machines: https://dotenvx.com/ops

[90mstdout[2m | tests/ui/datavault/EditableCell.test.tsx
[22m[39m[dotenv@17.2.3] injecting env (0) from .env -- tip: â‰¡Æ’Ã¶Ã‰ prevent building .env in docker: https://dotenvx.com/prebuild

[90mstdout[2m | tests/ui/datavault/EditableCell.test.tsx
[22m[39mâ‰¡Æ’ÂºÂ¬ Setting up test environment...

[90mstdout[2m | tests/ui/datavault/TableCard.test.tsx
[22m[39m[dotenv@17.2.3] injecting env (0) from .env -- tip: â‰¡Æ’Ã´Ã­ add observability to secrets: https://dotenvx.com/ops

[90mstdout[2m | tests/ui/datavault/TableCard.test.tsx
[22m[39mâ‰¡Æ’ÂºÂ¬ Setting up test environment...

[90mstdout[2m | tests/ui/datavault/EditableCell.test.tsx
[22m[39mÎ“Â£Ã  Database initialized for tests
â‰¡Æ’Ã¶Ã¤ Running test migrations...

stderr | tests/ui/datavault/EditableCell.test.tsx
Î“ÃœÃ¡âˆ©â••Ã… Migrations failed (non-fatal if DB exists): Error: No file ./migrations/0008_flashy_jimmy_woo.sql found in ./migrations folder
    at readMigrationFiles (file:///C:/Users/scoot/poll/VaultLogic/node_modules/drizzle-orm/migrator.js:26:13)
    at Module.migrate (file:///C:/Users/scoot/poll/VaultLogic/node_modules/drizzle-orm/node-postgres/migrator.js:3:22)
    at C:/Users/scoot/poll/VaultLogic/tests/setup.ts:120:17
    at processTicksAndRejections (node:internal/process/task_queues:103:5)

[90mstdout[2m | tests/ui/datavault/TableCard.test.tsx
[22m[39mÎ“Â£Ã  Database initialized for tests
â‰¡Æ’Ã¶Ã¤ Running test migrations...

stderr | tests/ui/datavault/TableCard.test.tsx
Î“ÃœÃ¡âˆ©â••Ã… Migrations failed (non-fatal if DB exists): Error: No file ./migrations/0008_flashy_jimmy_woo.sql found in ./migrations folder
    at readMigrationFiles (file:///C:/Users/scoot/poll/VaultLogic/node_modules/drizzle-orm/migrator.js:26:13)
    at Module.migrate (file:///C:/Users/scoot/poll/VaultLogic/node_modules/drizzle-orm/node-postgres/migrator.js:3:22)
    at C:/Users/scoot/poll/VaultLogic/tests/setup.ts:120:17
    at processTicksAndRejections (node:internal/process/task_queues:103:5)

stderr | tests/ui/datavault/EditableCell.test.tsx > EditableCell Component > Error Handling > reverts value on save error
Failed to save cell: Error: Network error
    at C:/Users/scoot/poll/VaultLogic/tests/ui/datavault/EditableCell.test.tsx:204:36
    at file:///C:/Users/scoot/poll/VaultLogic/node_modules/@vitest/runner/dist/index.js:145:11
    at file:///C:/Users/scoot/poll/VaultLogic/node_modules/@vitest/runner/dist/index.js:915:26
    at file:///C:/Users/scoot/poll/VaultLogic/node_modules/@vitest/runner/dist/index.js:1243:20
    at new Promise (<anonymous>)
    at runWithTimeout (file:///C:/Users/scoot/poll/VaultLogic/node_modules/@vitest/runner/dist/index.js:1209:10)
    at file:///C:/Users/scoot/poll/VaultLogic/node_modules/@vitest/runner/dist/index.js:1653:37
    at Traces.$ (file:///C:/Users/scoot/poll/VaultLogic/node_modules/vitest/dist/chunks/traces.U4xDYhzZ.js:115:27)
    at trace (file:///C:/Users/scoot/poll/VaultLogic/node_modules/vitest/dist/chunks/test.B8ej_ZHS.js:239:21)
    at runTest (file:///C:/Users/scoot/poll/VaultLogic/node_modules/@vitest/runner/dist/index.js:1653:12)

[90mstdout[2m | tests/integration/datavault.permissions.test.ts
[22m[39mâ‰¡Æ’ÂºÂ¬ Setting up test environment...

[90mstdout[2m | tests/integration/datavault.permissions.test.ts
[22m[39mÎ“Â£Ã  Database initialized for tests
â‰¡Æ’Ã¶Ã¤ Running test migrations...

stderr | tests/integration/datavault.permissions.test.ts
Î“ÃœÃ¡âˆ©â••Ã… Migrations failed (non-fatal if DB exists): Error: No file ./migrations/0008_flashy_jimmy_woo.sql found in ./migrations folder
    at readMigrationFiles (file:///C:/Users/scoot/poll/VaultLogic/node_modules/drizzle-orm/migrator.js:26:13)
    at Module.migrate (file:///C:/Users/scoot/poll/VaultLogic/node_modules/drizzle-orm/node-postgres/migrator.js:3:22)
    at C:/Users/scoot/poll/VaultLogic/tests/setup.ts:120:17
    at processTicksAndRejections (node:internal/process/task_queues:103:5)

stderr | tests/ui/datavault/EditableCell.test.tsx > EditableCell Component > Error Handling > displays error indicator on save failure
Failed to save cell: Error: Network error
    at C:/Users/scoot/poll/VaultLogic/tests/ui/datavault/EditableCell.test.tsx:220:36
    at file:///C:/Users/scoot/poll/VaultLogic/node_modules/@vitest/runner/dist/index.js:145:11
    at file:///C:/Users/scoot/poll/VaultLogic/node_modules/@vitest/runner/dist/index.js:915:26
    at file:///C:/Users/scoot/poll/VaultLogic/node_modules/@vitest/runner/dist/index.js:1243:20
    at new Promise (<anonymous>)
    at runWithTimeout (file:///C:/Users/scoot/poll/VaultLogic/node_modules/@vitest/runner/dist/index.js:1209:10)
    at file:///C:/Users/scoot/poll/VaultLogic/node_modules/@vitest/runner/dist/index.js:1653:37
    at Traces.$ (file:///C:/Users/scoot/poll/VaultLogic/node_modules/vitest/dist/chunks/traces.U4xDYhzZ.js:115:27)
    at trace (file:///C:/Users/scoot/poll/VaultLogic/node_modules/vitest/dist/chunks/test.B8ej_ZHS.js:239:21)
    at runTest (file:///C:/Users/scoot/poll/VaultLogic/node_modules/@vitest/runner/dist/index.js:1653:12)

stderr | tests/ui/datavault/EditableCell.test.tsx > EditableCell Component > Boolean Type (Checkbox) > shows loading spinner when saving checkbox
Warning: An update to EditableCell inside a test was not wrapped in act(...).

When testing, code that causes React state updates should be wrapped into act(...):

act(() => {
  /* fire events that update state */
});
/* assert on the output */

This ensures that you're testing the behavior the user would see in the browser. Learn more at https://reactjs.org/link/wrap-tests-with-act
    at EditableCell (C:/Users/scoot/poll/VaultLogic/client/src/components/datavault/EditableCell.tsx:12:25)

[90mstdout[2m | tests/ui/datavault/EditableCell.test.tsx
[22m[39mâ‰¡Æ’Âºâ•£ Cleaning up test environment...

 [32mÎ“Â£Ã´[39m tests/ui/datavault/EditableCell.test.tsx [2m([22m[2m29 tests[22m[2m)[22m[33m 2259[2mms[22m[39m
[90mstdout[2m | tests/ui/datavault/TableCard.test.tsx
[22m[39mâ‰¡Æ’Âºâ•£ Cleaning up test environment...

 [31mÎ“Â¥Â»[39m tests/ui/datavault/TableCard.test.tsx [2m([22m[2m8 tests[22m[2m | [22m[31m1 failed[39m[2m)[22m[33m 2255[2mms[22m[39m
     [32mÎ“Â£Ã´[39m should render table name and description[32m 87[2mms[22m[39m
     [32mÎ“Â£Ã´[39m should render table slug[32m 13[2mms[22m[39m
     [32mÎ“Â£Ã´[39m should render table slug[32m 0[2mms[22m[39m
     [32mÎ“Â£Ã´[39m should render column and row counts[32m 14[2mms[22m[39m
     [32mÎ“Â£Ã´[39m should call onClick when card is clicked[32m 15[2mms[22m[39m
[31m     [31mâ”œÃ¹[31m should call onDelete when delete button is clicked[39m[33m 1163[2mms[22m[39m
     [32mÎ“Â£Ã´[39m should show placeholder when description is missing[32m 6[2mms[22m[39m
     [32mÎ“Â£Ã´[39m should format dates correctly[32m 5[2mms[22m[39m
{"level":50,"time":1768063411526,"env":"test","module":"auth-middleware","error":{"name":"UnauthorizedError","code":"AUTH_008","statusCode":401,"isOperational":true},"msg":"Hybrid auth error"}
{"level":50,"time":1768063411541,"env":"test","module":"auth-middleware","error":{"name":"UnauthorizedError","code":"AUTH_008","statusCode":401,"isOperational":true},"msg":"Hybrid auth error"}
{"level":50,"time":1768063411547,"env":"test","module":"auth-middleware","error":{"name":"UnauthorizedError","code":"AUTH_008","statusCode":401,"isOperational":true},"msg":"Hybrid auth error"}
{"level":50,"time":1768063411553,"env":"test","module":"auth-middleware","error":{"name":"UnauthorizedError","code":"AUTH_008","statusCode":401,"isOperational":true},"msg":"Hybrid auth error"}
{"level":50,"time":1768063411568,"env":"test","module":"auth-middleware","error":{"name":"UnauthorizedError","code":"AUTH_008","statusCode":401,"isOperational":true},"msg":"Hybrid auth error"}
{"level":50,"time":1768063411573,"env":"test","module":"auth-middleware","error":{"name":"UnauthorizedError","code":"AUTH_008","statusCode":401,"isOperational":true},"msg":"Hybrid auth error"}
{"level":50,"time":1768063411578,"env":"test","module":"auth-middleware","error":{"name":"UnauthorizedError","code":"AUTH_008","statusCode":401,"isOperational":true},"msg":"Hybrid auth error"}
{"level":50,"time":1768063411582,"env":"test","module":"auth-middleware","error":{"name":"UnauthorizedError","code":"AUTH_008","statusCode":401,"isOperational":true},"msg":"Hybrid auth error"}
{"level":50,"time":1768063411587,"env":"test","module":"auth-middleware","error":{"name":"UnauthorizedError","code":"AUTH_008","statusCode":401,"isOperational":true},"msg":"Hybrid auth error"}
{"level":50,"time":1768063411592,"env":"test","module":"auth-middleware","error":{"name":"UnauthorizedError","code":"AUTH_008","statusCode":401,"isOperational":true},"msg":"Hybrid auth error"}
{"level":50,"time":1768063411596,"env":"test","module":"auth-middleware","error":{"name":"UnauthorizedError","code":"AUTH_008","statusCode":401,"isOperational":true},"msg":"Hybrid auth error"}
{"level":50,"time":1768063411599,"env":"test","module":"auth-middleware","error":{"name":"UnauthorizedError","code":"AUTH_008","statusCode":401,"isOperational":true},"msg":"Hybrid auth error"}
{"level":50,"time":1768063411604,"env":"test","module":"auth-middleware","error":{"name":"UnauthorizedError","code":"AUTH_008","statusCode":401,"isOperational":true},"msg":"Hybrid auth error"}
{"level":50,"time":1768063411609,"env":"test","module":"auth-middleware","error":{"name":"UnauthorizedError","code":"AUTH_008","statusCode":401,"isOperational":true},"msg":"Hybrid auth error"}
{"level":50,"time":1768063411613,"env":"test","module":"auth-middleware","error":{"name":"UnauthorizedError","code":"AUTH_008","statusCode":401,"isOperational":true},"msg":"Hybrid auth error"}
{"level":50,"time":1768063411620,"env":"test","module":"auth-middleware","error":{"name":"UnauthorizedError","code":"AUTH_008","statusCode":401,"isOperational":true},"msg":"Hybrid auth error"}
{"level":50,"time":1768063411625,"env":"test","module":"auth-middleware","error":{"name":"UnauthorizedError","code":"AUTH_008","statusCode":401,"isOperational":true},"msg":"Hybrid auth error"}
{"level":50,"time":1768063411678,"env":"test","module":"auth-middleware","error":{"name":"UnauthorizedError","code":"AUTH_008","statusCode":401,"isOperational":true},"msg":"Hybrid auth error"}
{"level":50,"time":1768063411728,"env":"test","module":"auth-middleware","error":{"name":"UnauthorizedError","code":"AUTH_008","statusCode":401,"isOperational":true},"msg":"Hybrid auth error"}
{"level":50,"time":1768063411731,"env":"test","module":"auth-middleware","error":{"name":"UnauthorizedError","code":"AUTH_008","statusCode":401,"isOperational":true},"msg":"Hybrid auth error"}
{"level":50,"time":1768063411736,"env":"test","module":"auth-middleware","error":{"name":"UnauthorizedError","code":"AUTH_008","statusCode":401,"isOperational":true},"msg":"Hybrid auth error"}
{"level":50,"time":1768063411740,"env":"test","module":"auth-middleware","error":{"name":"UnauthorizedError","code":"AUTH_008","statusCode":401,"isOperational":true},"msg":"Hybrid auth error"}
[90mstdout[2m | tests/integration/datavault.permissions.test.ts
[22m[39mâ‰¡Æ’Âºâ•£ Cleaning up test environment...

 [31mÎ“Â¥Â»[39m tests/integration/datavault.permissions.test.ts [2m([22m[2m22 tests[22m[2m | [22m[31m22 failed[39m[2m)[22m[33m 1275[2mms[22m[39m
[31m       [31mâ”œÃ¹[31m should allow owner to read table[39m[32m 23[2mms[22m[39m
[31m       [31mâ”œÃ¹[31m should allow writer to read table[39m[32m 6[2mms[22m[39m
[31m       [31mâ”œÃ¹[31m should allow reader to read table[39m[32m 5[2mms[22m[39m
[31m       [31mâ”œÃ¹[31m should deny non-member from reading table[39m[32m 7[2mms[22m[39m
[31m       [31mâ”œÃ¹[31m should allow owner to update table[39m[32m 14[2mms[22m[39m
[31m       [31mâ”œÃ¹[31m should deny writer from updating table[39m[32m 5[2mms[22m[39m
[31m       [31mâ”œÃ¹[31m should deny reader from updating table[39m[32m 4[2mms[22m[39m
[31m       [31mâ”œÃ¹[31m should deny writer from deleting table[39m[32m 5[2mms[22m[39m
[31m       [31mâ”œÃ¹[31m should deny reader from deleting table[39m[32m 6[2mms[22m[39m
[31m       [31mâ”œÃ¹[31m should deny non-member from deleting table[39m[32m 4[2mms[22m[39m
[31m       [31mâ”œÃ¹[31m should allow owner to view permissions[39m[32m 3[2mms[22m[39m
[31m       [31mâ”œÃ¹[31m should deny writer from viewing permissions[39m[32m 3[2mms[22m[39m
[31m       [31mâ”œÃ¹[31m should deny reader from viewing permissions[39m[32m 5[2mms[22m[39m
[31m       [31mâ”œÃ¹[31m should allow owner to grant permissions[39m[32m 5[2mms[22m[39m
[31m       [31mâ”œÃ¹[31m should allow owner to update existing permission (upsert)[39m[32m 5[2mms[22m[39m
[31m       [31mâ”œÃ¹[31m should deny writer from granting permissions[39m[32m 6[2mms[22m[39m
[31m       [31mâ”œÃ¹[31m should prevent modifying table owner permissions[39m[32m 5[2mms[22m[39m
[31m       [31mâ”œÃ¹[31m should allow owner to revoke permissions[39m[32m 53[2mms[22m[39m
[31m       [31mâ”œÃ¹[31m should deny writer from revoking permissions[39m[32m 50[2mms[22m[39m
[31m       [31mâ”œÃ¹[31m should enforce owner includes write and read[39m[32m 3[2mms[22m[39m
[31m       [31mâ”œÃ¹[31m should enforce write includes read but not owner[39m[32m 5[2mms[22m[39m
[31m       [31mâ”œÃ¹[31m should enforce read is read-only[39m[32m 4[2mms[22m[39m

Î“Ã„Â»Î“Ã„Â»Î“Ã„Â»Î“Ã„Â»Î“Ã„Â»Î“Ã„Â» Failed Tests 23 Î“Ã„Â»Î“Ã„Â»Î“Ã„Â»Î“Ã„Â»Î“Ã„Â»Î“Ã„Â»Î“Ã„Â»

 FAIL  tests/integration/datavault.permissions.test.ts > DataVault Table Permissions API (v4 Micro-Phase 6) > GET /api/datavault/tables/:tableId > should allow owner to read table
AssertionError: expected 401 to be 200 // Object.is equality

- Expected
+ Received

- 200
+ 401

 Î“Â¥Â» tests/integration/datavault.permissions.test.ts:154:26
    152|         .set('Cookie', ownerCookie);
    153| 
    154|       expect(res.status).toBe(200);
       |                          ^
    155|       expect(res.body.id).toBe(tableId);
    156|     });

Î“Ã„Â»Î“Ã„Â»Î“Ã„Â»Î“Ã„Â»Î“Ã„Â»Î“Ã„Â»Î“Ã„Â»Î“Ã„Â»Î“Ã„Â»Î“Ã„Â»Î“Ã„Â»Î“Ã„Â»Î“Ã„Â»Î“Ã„Â»Î“Ã„Â»Î“Ã„Â»Î“Ã„Â»Î“Ã„Â»Î“Ã„Â»Î“Ã„Â»Î“Ã„Â»Î“Ã„Â»Î“Ã„Â»[1/23]Î“Ã„Â»

 FAIL  tests/integration/datavault.permissions.test.ts > DataVault Table Permissions API (v4 Micro-Phase 6) > GET /api/datavault/tables/:tableId > should allow writer to read table
AssertionError: expected 401 to be 200 // Object.is equality

- Expected
+ Received

- 200
+ 401

 Î“Â¥Â» tests/integration/datavault.permissions.test.ts:163:26
    161|         .set('Cookie', writerCookie);
    162| 
    163|       expect(res.status).toBe(200);
       |                          ^
    164|       expect(res.body.id).toBe(tableId);
    165|     });

Î“Ã„Â»Î“Ã„Â»Î“Ã„Â»Î“Ã„Â»Î“Ã„Â»Î“Ã„Â»Î“Ã„Â»Î“Ã„Â»Î“Ã„Â»Î“Ã„Â»Î“Ã„Â»Î“Ã„Â»Î“Ã„Â»Î“Ã„Â»Î“Ã„Â»Î“Ã„Â»Î“Ã„Â»Î“Ã„Â»Î“Ã„Â»Î“Ã„Â»Î“Ã„Â»Î“Ã„Â»Î“Ã„Â»[2/23]Î“Ã„Â»

 FAIL  tests/integration/datavault.permissions.test.ts > DataVault Table Permissions API (v4 Micro-Phase 6) > GET /api/datavault/tables/:tableId > should allow reader to read table
AssertionError: expected 401 to be 200 // Object.is equality

- Expected
+ Received

- 200
+ 401

 Î“Â¥Â» tests/integration/datavault.permissions.test.ts:172:26
    170|         .set('Cookie', readerCookie);
    171| 
    172|       expect(res.status).toBe(200);
       |                          ^
    173|       expect(res.body.id).toBe(tableId);
    174|     });

Î“Ã„Â»Î“Ã„Â»Î“Ã„Â»Î“Ã„Â»Î“Ã„Â»Î“Ã„Â»Î“Ã„Â»Î“Ã„Â»Î“Ã„Â»Î“Ã„Â»Î“Ã„Â»Î“Ã„Â»Î“Ã„Â»Î“Ã„Â»Î“Ã„Â»Î“Ã„Â»Î“Ã„Â»Î“Ã„Â»Î“Ã„Â»Î“Ã„Â»Î“Ã„Â»Î“Ã„Â»Î“Ã„Â»[3/23]Î“Ã„Â»

 FAIL  tests/integration/datavault.permissions.test.ts > DataVault Table Permissions API (v4 Micro-Phase 6) > GET /api/datavault/tables/:tableId > should deny non-member from reading table
AssertionError: expected 401 to be 403 // Object.is equality

- Expected
+ Received

- 403
+ 401

 Î“Â¥Â» tests/integration/datavault.permissions.test.ts:181:26
    179|         .set('Cookie', nonMemberCookie);
    180| 
    181|       expect(res.status).toBe(403);
       |                          ^
    182|       expect(res.body.message).toContain('Access denied');
    183|     });

Î“Ã„Â»Î“Ã„Â»Î“Ã„Â»Î“Ã„Â»Î“Ã„Â»Î“Ã„Â»Î“Ã„Â»Î“Ã„Â»Î“Ã„Â»Î“Ã„Â»Î“Ã„Â»Î“Ã„Â»Î“Ã„Â»Î“Ã„Â»Î“Ã„Â»Î“Ã„Â»Î“Ã„Â»Î“Ã„Â»Î“Ã„Â»Î“Ã„Â»Î“Ã„Â»Î“Ã„Â»Î“Ã„Â»[4/23]Î“Ã„Â»

 FAIL  tests/integration/datavault.permissions.test.ts > DataVault Table Permissions API (v4 Micro-Phase 6) > PATCH /api/datavault/tables/:tableId > should allow owner to update table
AssertionError: expected 401 to be 200 // Object.is equality

- Expected
+ Received

- 200
+ 401

 Î“Â¥Â» tests/integration/datavault.permissions.test.ts:193:26
    191|         .send({ description: 'Updated by owner' });
    192| 
    193|       expect(res.status).toBe(200);
       |                          ^
    194|     });
    195| 

Î“Ã„Â»Î“Ã„Â»Î“Ã„Â»Î“Ã„Â»Î“Ã„Â»Î“Ã„Â»Î“Ã„Â»Î“Ã„Â»Î“Ã„Â»Î“Ã„Â»Î“Ã„Â»Î“Ã„Â»Î“Ã„Â»Î“Ã„Â»Î“Ã„Â»Î“Ã„Â»Î“Ã„Â»Î“Ã„Â»Î“Ã„Â»Î“Ã„Â»Î“Ã„Â»Î“Ã„Â»Î“Ã„Â»[5/23]Î“Ã„Â»

 FAIL  tests/integration/datavault.permissions.test.ts > DataVault Table Permissions API (v4 Micro-Phase 6) > PATCH /api/datavault/tables/:tableId > should deny writer from updating table
AssertionError: expected 401 to be 403 // Object.is equality

- Expected
+ Received

- 403
+ 401

 Î“Â¥Â» tests/integration/datavault.permissions.test.ts:202:26
    200|         .send({ description: 'Attempt by writer' });
    201| 
    202|       expect(res.status).toBe(403);
       |                          ^
    203|       expect(res.body.message).toContain('Access denied');
    204|     });

Î“Ã„Â»Î“Ã„Â»Î“Ã„Â»Î“Ã„Â»Î“Ã„Â»Î“Ã„Â»Î“Ã„Â»Î“Ã„Â»Î“Ã„Â»Î“Ã„Â»Î“Ã„Â»Î“Ã„Â»Î“Ã„Â»Î“Ã„Â»Î“Ã„Â»Î“Ã„Â»Î“Ã„Â»Î“Ã„Â»Î“Ã„Â»Î“Ã„Â»Î“Ã„Â»Î“Ã„Â»Î“Ã„Â»[6/23]Î“Ã„Â»

 FAIL  tests/integration/datavault.permissions.test.ts > DataVault Table Permissions API (v4 Micro-Phase 6) > PATCH /api/datavault/tables/:tableId > should deny reader from updating table
AssertionError: expected 401 to be 403 // Object.is equality

- Expected
+ Received

- 403
+ 401

 Î“Â¥Â» tests/integration/datavault.permissions.test.ts:212:26
    210|         .send({ description: 'Attempt by reader' });
    211| 
    212|       expect(res.status).toBe(403);
       |                          ^
    213|       expect(res.body.message).toContain('Access denied');
    214|     });

Î“Ã„Â»Î“Ã„Â»Î“Ã„Â»Î“Ã„Â»Î“Ã„Â»Î“Ã„Â»Î“Ã„Â»Î“Ã„Â»Î“Ã„Â»Î“Ã„Â»Î“Ã„Â»Î“Ã„Â»Î“Ã„Â»Î“Ã„Â»Î“Ã„Â»Î“Ã„Â»Î“Ã„Â»Î“Ã„Â»Î“Ã„Â»Î“Ã„Â»Î“Ã„Â»Î“Ã„Â»Î“Ã„Â»[7/23]Î“Ã„Â»

 FAIL  tests/integration/datavault.permissions.test.ts > DataVault Table Permissions API (v4 Micro-Phase 6) > DELETE /api/datavault/tables/:tableId > should deny writer from deleting table
AssertionError: expected 401 to be 403 // Object.is equality

- Expected
+ Received

- 403
+ 401

 Î“Â¥Â» tests/integration/datavault.permissions.test.ts:223:26
    221|         .set('Cookie', writerCookie);
    222| 
    223|       expect(res.status).toBe(403);
       |                          ^
    224|       expect(res.body.message).toContain('Access denied');
    225|     });

Î“Ã„Â»Î“Ã„Â»Î“Ã„Â»Î“Ã„Â»Î“Ã„Â»Î“Ã„Â»Î“Ã„Â»Î“Ã„Â»Î“Ã„Â»Î“Ã„Â»Î“Ã„Â»Î“Ã„Â»Î“Ã„Â»Î“Ã„Â»Î“Ã„Â»Î“Ã„Â»Î“Ã„Â»Î“Ã„Â»Î“Ã„Â»Î“Ã„Â»Î“Ã„Â»Î“Ã„Â»Î“Ã„Â»[8/23]Î“Ã„Â»

 FAIL  tests/integration/datavault.permissions.test.ts > DataVault Table Permissions API (v4 Micro-Phase 6) > DELETE /api/datavault/tables/:tableId > should deny reader from deleting table
AssertionError: expected 401 to be 403 // Object.is equality

- Expected
+ Received

- 403
+ 401

 Î“Â¥Â» tests/integration/datavault.permissions.test.ts:232:26
    230|         .set('Cookie', readerCookie);
    231| 
    232|       expect(res.status).toBe(403);
       |                          ^
    233|       expect(res.body.message).toContain('Access denied');
    234|     });

Î“Ã„Â»Î“Ã„Â»Î“Ã„Â»Î“Ã„Â»Î“Ã„Â»Î“Ã„Â»Î“Ã„Â»Î“Ã„Â»Î“Ã„Â»Î“Ã„Â»Î“Ã„Â»Î“Ã„Â»Î“Ã„Â»Î“Ã„Â»Î“Ã„Â»Î“Ã„Â»Î“Ã„Â»Î“Ã„Â»Î“Ã„Â»Î“Ã„Â»Î“Ã„Â»Î“Ã„Â»Î“Ã„Â»[9/23]Î“Ã„Â»

 FAIL  tests/integration/datavault.permissions.test.ts > DataVault Table Permissions API (v4 Micro-Phase 6) > DELETE /api/datavault/tables/:tableId > should deny non-member from deleting table
AssertionError: expected 401 to be 403 // Object.is equality

- Expected
+ Received

- 403
+ 401

 Î“Â¥Â» tests/integration/datavault.permissions.test.ts:241:26
    239|         .set('Cookie', nonMemberCookie);
    240| 
    241|       expect(res.status).toBe(403);
       |                          ^
    242|       expect(res.body.message).toContain('Access denied');
    243|     });

Î“Ã„Â»Î“Ã„Â»Î“Ã„Â»Î“Ã„Â»Î“Ã„Â»Î“Ã„Â»Î“Ã„Â»Î“Ã„Â»Î“Ã„Â»Î“Ã„Â»Î“Ã„Â»Î“Ã„Â»Î“Ã„Â»Î“Ã„Â»Î“Ã„Â»Î“Ã„Â»Î“Ã„Â»Î“Ã„Â»Î“Ã„Â»Î“Ã„Â»Î“Ã„Â»Î“Ã„Â»[10/23]Î“Ã„Â»

 FAIL  tests/integration/datavault.permissions.test.ts > DataVault Table Permissions API (v4 Micro-Phase 6) > GET /api/datavault/tables/:tableId/permissions > should allow owner to view permissions
AssertionError: expected 401 to be 200 // Object.is equality

- Expected
+ Received

- 200
+ 401

 Î“Â¥Â» tests/integration/datavault.permissions.test.ts:252:26
    250|         .set('Cookie', ownerCookie);
    251| 
    252|       expect(res.status).toBe(200);
       |                          ^
    253|       expect(Array.isArray(res.body)).toBe(true);
    254|       expect(res.body.length).toBe(2); // writer and reader

Î“Ã„Â»Î“Ã„Â»Î“Ã„Â»Î“Ã„Â»Î“Ã„Â»Î“Ã„Â»Î“Ã„Â»Î“Ã„Â»Î“Ã„Â»Î“Ã„Â»Î“Ã„Â»Î“Ã„Â»Î“Ã„Â»Î“Ã„Â»Î“Ã„Â»Î“Ã„Â»Î“Ã„Â»Î“Ã„Â»Î“Ã„Â»Î“Ã„Â»Î“Ã„Â»Î“Ã„Â»[11/23]Î“Ã„Â»

 FAIL  tests/integration/datavault.permissions.test.ts > DataVault Table Permissions API (v4 Micro-Phase 6) > GET /api/datavault/tables/:tableId/permissions > should deny writer from viewing permissions
AssertionError: expected 401 to be 403 // Object.is equality

- Expected
+ Received

- 403
+ 401

 Î“Â¥Â» tests/integration/datavault.permissions.test.ts:262:26
    260|         .set('Cookie', writerCookie);
    261| 
    262|       expect(res.status).toBe(403);
       |                          ^
    263|       expect(res.body.message).toContain('Access denied');
    264|     });

Î“Ã„Â»Î“Ã„Â»Î“Ã„Â»Î“Ã„Â»Î“Ã„Â»Î“Ã„Â»Î“Ã„Â»Î“Ã„Â»Î“Ã„Â»Î“Ã„Â»Î“Ã„Â»Î“Ã„Â»Î“Ã„Â»Î“Ã„Â»Î“Ã„Â»Î“Ã„Â»Î“Ã„Â»Î“Ã„Â»Î“Ã„Â»Î“Ã„Â»Î“Ã„Â»Î“Ã„Â»[12/23]Î“Ã„Â»

 FAIL  tests/integration/datavault.permissions.test.ts > DataVault Table Permissions API (v4 Micro-Phase 6) > GET /api/datavault/tables/:tableId/permissions > should deny reader from viewing permissions
AssertionError: expected 401 to be 403 // Object.is equality

- Expected
+ Received

- 403
+ 401

 Î“Â¥Â» tests/integration/datavault.permissions.test.ts:271:26
    269|         .set('Cookie', readerCookie);
    270| 
    271|       expect(res.status).toBe(403);
       |                          ^
    272|       expect(res.body.message).toContain('Access denied');
    273|     });

Î“Ã„Â»Î“Ã„Â»Î“Ã„Â»Î“Ã„Â»Î“Ã„Â»Î“Ã„Â»Î“Ã„Â»Î“Ã„Â»Î“Ã„Â»Î“Ã„Â»Î“Ã„Â»Î“Ã„Â»Î“Ã„Â»Î“Ã„Â»Î“Ã„Â»Î“Ã„Â»Î“Ã„Â»Î“Ã„Â»Î“Ã„Â»Î“Ã„Â»Î“Ã„Â»Î“Ã„Â»[13/23]Î“Ã„Â»

 FAIL  tests/integration/datavault.permissions.test.ts > DataVault Table Permissions API (v4 Micro-Phase 6) > POST /api/datavault/tables/:tableId/permissions > should allow owner to grant permissions
AssertionError: expected 401 to be 201 // Object.is equality

- Expected
+ Received

- 201
+ 401

 Î“Â¥Â» tests/integration/datavault.permissions.test.ts:283:26
    281|         .send({ userId: nonMemberId, role: 'read' });
    282| 
    283|       expect(res.status).toBe(201);
       |                          ^
    284|       expect(res.body.userId).toBe(nonMemberId);
    285|       expect(res.body.role).toBe('read');

Î“Ã„Â»Î“Ã„Â»Î“Ã„Â»Î“Ã„Â»Î“Ã„Â»Î“Ã„Â»Î“Ã„Â»Î“Ã„Â»Î“Ã„Â»Î“Ã„Â»Î“Ã„Â»Î“Ã„Â»Î“Ã„Â»Î“Ã„Â»Î“Ã„Â»Î“Ã„Â»Î“Ã„Â»Î“Ã„Â»Î“Ã„Â»Î“Ã„Â»Î“Ã„Â»Î“Ã„Â»[14/23]Î“Ã„Â»

 FAIL  tests/integration/datavault.permissions.test.ts > DataVault Table Permissions API (v4 Micro-Phase 6) > POST /api/datavault/tables/:tableId/permissions > should allow owner to update existing permission (upsert)
AssertionError: expected 401 to be 201 // Object.is equality

- Expected
+ Received

- 201
+ 401

 Î“Â¥Â» tests/integration/datavault.permissions.test.ts:301:26
    299|         .send({ userId: readerId, role: 'write' }); // Upgrade reader Î“Ã‡Âª
    300| 
    301|       expect(res.status).toBe(201);
       |                          ^
    302|       expect(res.body.role).toBe('write');
    303| 

Î“Ã„Â»Î“Ã„Â»Î“Ã„Â»Î“Ã„Â»Î“Ã„Â»Î“Ã„Â»Î“Ã„Â»Î“Ã„Â»Î“Ã„Â»Î“Ã„Â»Î“Ã„Â»Î“Ã„Â»Î“Ã„Â»Î“Ã„Â»Î“Ã„Â»Î“Ã„Â»Î“Ã„Â»Î“Ã„Â»Î“Ã„Â»Î“Ã„Â»Î“Ã„Â»Î“Ã„Â»[15/23]Î“Ã„Â»

 FAIL  tests/integration/datavault.permissions.test.ts > DataVault Table Permissions API (v4 Micro-Phase 6) > POST /api/datavault/tables/:tableId/permissions > should deny writer from granting permissions
AssertionError: expected 401 to be 403 // Object.is equality

- Expected
+ Received

- 403
+ 401

 Î“Â¥Â» tests/integration/datavault.permissions.test.ts:317:26
    315|         .send({ userId: nonMemberId, role: 'read' });
    316| 
    317|       expect(res.status).toBe(403);
       |                          ^
    318|       expect(res.body.message).toContain('Access denied');
    319|     });

Î“Ã„Â»Î“Ã„Â»Î“Ã„Â»Î“Ã„Â»Î“Ã„Â»Î“Ã„Â»Î“Ã„Â»Î“Ã„Â»Î“Ã„Â»Î“Ã„Â»Î“Ã„Â»Î“Ã„Â»Î“Ã„Â»Î“Ã„Â»Î“Ã„Â»Î“Ã„Â»Î“Ã„Â»Î“Ã„Â»Î“Ã„Â»Î“Ã„Â»Î“Ã„Â»Î“Ã„Â»[16/23]Î“Ã„Â»

 FAIL  tests/integration/datavault.permissions.test.ts > DataVault Table Permissions API (v4 Micro-Phase 6) > POST /api/datavault/tables/:tableId/permissions > should prevent modifying table owner permissions
AssertionError: expected 401 to be 500 // Object.is equality

- Expected
+ Received

- 500
+ 401

 Î“Â¥Â» tests/integration/datavault.permissions.test.ts:327:26
    325|         .send({ userId: ownerId, role: 'read' });
    326| 
    327|       expect(res.status).toBe(500);
       |                          ^
    328|       expect(res.body.message).toContain('Cannot modify permissions foÎ“Ã‡Âª
    329|     });

Î“Ã„Â»Î“Ã„Â»Î“Ã„Â»Î“Ã„Â»Î“Ã„Â»Î“Ã„Â»Î“Ã„Â»Î“Ã„Â»Î“Ã„Â»Î“Ã„Â»Î“Ã„Â»Î“Ã„Â»Î“Ã„Â»Î“Ã„Â»Î“Ã„Â»Î“Ã„Â»Î“Ã„Â»Î“Ã„Â»Î“Ã„Â»Î“Ã„Â»Î“Ã„Â»Î“Ã„Â»[17/23]Î“Ã„Â»

 FAIL  tests/integration/datavault.permissions.test.ts > DataVault Table Permissions API (v4 Micro-Phase 6) > DELETE /api/datavault/permissions/:permissionId > should allow owner to revoke permissions
AssertionError: expected 401 to be 200 // Object.is equality

- Expected
+ Received

- 200
+ 401

 Î“Â¥Â» tests/integration/datavault.permissions.test.ts:347:26
    345|         .set('Cookie', ownerCookie);
    346| 
    347|       expect(res.status).toBe(200);
       |                          ^
    348|       expect(res.body.success).toBe(true);
    349| 

Î“Ã„Â»Î“Ã„Â»Î“Ã„Â»Î“Ã„Â»Î“Ã„Â»Î“Ã„Â»Î“Ã„Â»Î“Ã„Â»Î“Ã„Â»Î“Ã„Â»Î“Ã„Â»Î“Ã„Â»Î“Ã„Â»Î“Ã„Â»Î“Ã„Â»Î“Ã„Â»Î“Ã„Â»Î“Ã„Â»Î“Ã„Â»Î“Ã„Â»Î“Ã„Â»Î“Ã„Â»[18/23]Î“Ã„Â»

 FAIL  tests/integration/datavault.permissions.test.ts > DataVault Table Permissions API (v4 Micro-Phase 6) > DELETE /api/datavault/permissions/:permissionId > should deny writer from revoking permissions
AssertionError: expected 401 to be 403 // Object.is equality

- Expected
+ Received

- 403
+ 401

 Î“Â¥Â» tests/integration/datavault.permissions.test.ts:370:26
    368|         .set('Cookie', writerCookie);
    369| 
    370|       expect(res.status).toBe(403);
       |                          ^
    371|       expect(res.body.message).toContain('Access denied');
    372|     });

Î“Ã„Â»Î“Ã„Â»Î“Ã„Â»Î“Ã„Â»Î“Ã„Â»Î“Ã„Â»Î“Ã„Â»Î“Ã„Â»Î“Ã„Â»Î“Ã„Â»Î“Ã„Â»Î“Ã„Â»Î“Ã„Â»Î“Ã„Â»Î“Ã„Â»Î“Ã„Â»Î“Ã„Â»Î“Ã„Â»Î“Ã„Â»Î“Ã„Â»Î“Ã„Â»Î“Ã„Â»[19/23]Î“Ã„Â»

 FAIL  tests/integration/datavault.permissions.test.ts > DataVault Table Permissions API (v4 Micro-Phase 6) > Permission hierarchy > should enforce owner includes write and read
AssertionError: expected 401 to be 200 // Object.is equality

- Expected
+ Received

- 200
+ 401

 Î“Â¥Â» tests/integration/datavault.permissions.test.ts:381:30
    379|         .get(`/api/datavault/tables/${tableId}`)
    380|         .set('Cookie', ownerCookie);
    381|       expect(readRes.status).toBe(200);
       |                              ^
    382| 
    383|       // Owner can update table

Î“Ã„Â»Î“Ã„Â»Î“Ã„Â»Î“Ã„Â»Î“Ã„Â»Î“Ã„Â»Î“Ã„Â»Î“Ã„Â»Î“Ã„Â»Î“Ã„Â»Î“Ã„Â»Î“Ã„Â»Î“Ã„Â»Î“Ã„Â»Î“Ã„Â»Î“Ã„Â»Î“Ã„Â»Î“Ã„Â»Î“Ã„Â»Î“Ã„Â»Î“Ã„Â»Î“Ã„Â»[20/23]Î“Ã„Â»

 FAIL  tests/integration/datavault.permissions.test.ts > DataVault Table Permissions API (v4 Micro-Phase 6) > Permission hierarchy > should enforce write includes read but not owner
AssertionError: expected 401 to be 200 // Object.is equality

- Expected
+ Received

- 200
+ 401

 Î“Â¥Â» tests/integration/datavault.permissions.test.ts:396:30
    394|         .get(`/api/datavault/tables/${tableId}`)
    395|         .set('Cookie', writerCookie);
    396|       expect(readRes.status).toBe(200);
       |                              ^
    397| 
    398|       // Writer cannot update table schema

Î“Ã„Â»Î“Ã„Â»Î“Ã„Â»Î“Ã„Â»Î“Ã„Â»Î“Ã„Â»Î“Ã„Â»Î“Ã„Â»Î“Ã„Â»Î“Ã„Â»Î“Ã„Â»Î“Ã„Â»Î“Ã„Â»Î“Ã„Â»Î“Ã„Â»Î“Ã„Â»Î“Ã„Â»Î“Ã„Â»Î“Ã„Â»Î“Ã„Â»Î“Ã„Â»Î“Ã„Â»[21/23]Î“Ã„Â»

 FAIL  tests/integration/datavault.permissions.test.ts > DataVault Table Permissions API (v4 Micro-Phase 6) > Permission hierarchy > should enforce read is read-only
AssertionError: expected 401 to be 200 // Object.is equality

- Expected
+ Received

- 200
+ 401

 Î“Â¥Â» tests/integration/datavault.permissions.test.ts:411:30
    409|         .get(`/api/datavault/tables/${tableId}`)
    410|         .set('Cookie', readerCookie);
    411|       expect(readRes.status).toBe(200);
       |                              ^
    412| 
    413|       // Reader cannot update

Î“Ã„Â»Î“Ã„Â»Î“Ã„Â»Î“Ã„Â»Î“Ã„Â»Î“Ã„Â»Î“Ã„Â»Î“Ã„Â»Î“Ã„Â»Î“Ã„Â»Î“Ã„Â»Î“Ã„Â»Î“Ã„Â»Î“Ã„Â»Î“Ã„Â»Î“Ã„Â»Î“Ã„Â»Î“Ã„Â»Î“Ã„Â»Î“Ã„Â»Î“Ã„Â»Î“Ã„Â»[22/23]Î“Ã„Â»

 FAIL  tests/ui/datavault/TableCard.test.tsx > TableCard Component > should call onDelete when delete button is clicked
TestingLibraryElementError: Unable to find an element with the text: Delete. This could be because the text is broken up by multiple elements. In this case, you can provide a function for your text matcher to make your matcher more flexible.

Ignored nodes: comments, script, style
<body>
  <div>
    <div
      class="rounded-lg border bg-card text-card-foreground shadow-sm cursor-pointer hover:shadow-md transition-shadow group relative"
    >
      <div>
        <div
          class="p-4 sm:p-6 flex flex-row items-start justify-between space-y-0 pb-2"
        >
          <div
            class="space-y-1 flex-1 min-w-0 pr-2"
          >
            <div
              class="sm:text-xl md:text-2xl tracking-tight text-lg font-semibold truncate"
            >
              Test Table
            </div>
            <p
              class="text-sm text-muted-foreground mb-4 line-clamp-2"
            >
              Test table description
            </p>
          </div>
          <button
            aria-expanded="false"
            aria-haspopup="menu"
            aria-label="Actions"
            class="inline-flex items-center justify-center gap-2 whitespace-nowrap rounded-md text-sm font-medium ring-offset-background focus-visible:outline-none focus-visible:ring-2 focus-visible:ring-ring focus-visible:ring-offset-2 disabled:pointer-events-none disabled:opacity-50 [&_svg]:pointer-events-none [&_svg]:size-4 [&_svg]:shrink-0 hover:bg-accent hover:text-accent-foreground h-8 w-8 p-0 opacity-0 group-hover:opacity-100 transition-opacity"
            data-state="closed"
            id="radix-:r8:"
            type="button"
          >
            <span
              class="sr-only"
            >
              Open menu
            </span>
            <svg
              class="lucide lucide-ellipsis-vertical h-4 w-4"
              fill="none"
              height="24"
              stroke="currentColor"
              stroke-linecap="round"
              stroke-linejoin="round"
              stroke-width="2"
              viewBox="0 0 24 24"
              width="24"
              xmlns="http://www.w3.org/2000/svg"
            >
              <circle
                cx="12"
                cy="12"
                r="1"
              />
              <circle
                cx="12"
                cy="5"
                r="1"
              />
              <circle
                cx="12"
                cy="19"
                r="1"
              />
            </svg>
          </button>
        </div>
        <div
          class="p-4 sm:p-6 pt-0"
        >
          <p
            class="text-sm text-muted-foreground mb-4 line-clamp-2"
          >
            Test table description
          </p>
          <div
            class="flex items-center space-x-4 text-xs text-muted-foreground"
          >
            <div
              class="flex items-center"
            >
              <i
                class="fas fa-columns mr-1"
              />
              <span>
                5
                 columns
              </span>
            </div>
            <div
              class="flex items-center"
            >
              <i
                class="fas fa-database mr-1"
              />
              <span>
                42
                 rows
              </span>
            </div>
            <div
              class="flex items-center ml-auto"
            >
              <i
                class="fas fa-clock mr-1"
              />
              <span>
                1/2/2024
              </span>
            </div>
          </div>
        </div>
      </div>
    </div>
  </div>
</body>

Ignored nodes: comments, script, style
<html>
  <head />
  <body>
    <div>
      <div
        class="rounded-lg border bg-card text-card-foreground shadow-sm cursor-pointer hover:shadow-md transition-shadow group relative"
      >
        <div>
          <div
            class="p-4 sm:p-6 flex flex-row items-start justify-between space-y-0 pb-2"
          >
            <div
              class="space-y-1 flex-1 min-w-0 pr-2"
            >
              <div
                class="sm:text-xl md:text-2xl tracking-tight text-lg font-semibold truncate"
              >
                Test Table
              </div>
              <p
                class="text-sm text-muted-foreground mb-4 line-clamp-2"
              >
                Test table description
              </p>
            </div>
            <button
              aria-expanded="false"
              aria-haspopup="menu"
              aria-label="Actions"
              class="inline-flex items-center justify-center gap-2 whitespace-nowrap rounded-md text-sm font-medium ring-offset-background focus-visible:outline-none focus-visible:ring-2 focus-visible:ring-ring focus-visible:ring-offset-2 disabled:pointer-events-none disabled:opacity-50 [&_svg]:pointer-events-none [&_svg]:size-4 [&_svg]:shrink-0 hover:bg-accent hover:text-accent-foreground h-8 w-8 p-0 opacity-0 group-hover:opacity-100 transition-opacity"
              data-state="closed"
              id="radix-:r8:"
              type="button"
            >
              <span
                class="sr-only"
              >
                Open menu
              </span>
              <svg
                class="lucide lucide-ellipsis-vertical h-4 w-4"
                fill="none"
                height="24"
                stroke="currentColor"
                stroke-linecap="round"
                stroke-linejoin="round"
                stroke-width="2"
                viewBox="0 0 24 24"
                width="24"
                xmlns="http://www.w3.org/2000/svg"
              >
                <circle
                  cx="12"
                  cy="12"
                  r="1"
                />
                <circle
                  cx="12"
                  cy="5"
                  r="1"
                />
                <circle
                  cx="12"
                  cy="19"
                  r="1"
                />
              </svg>
            </button>
          </div>
          <div
            class="p-4 sm:p-6 pt-0"
          >
            <p
              class="text-sm text-muted-foreground mb-4 line-clamp-2"
            >
              Test table description
            </p>
            <div
              class="flex items-center space-x-4 text-xs text-muted-foreground"
            >
              <div
                class="flex items-center"
              >
                <i
                  class="fas fa-columns mr-1"
                />
                <span>
                  5
                   columns
                </span>
              </div>
              <div
                class="flex items-center"
              >
                <i
                  class="fas fa-database mr-1"
                />
                <span>
                  42
                   rows
                </span>
              </div>
              <div
                class="flex items-center ml-auto"
              >
                <i
                  class="fas fa-clock mr-1"
                />
                <span>
                  1/2/2024
                </span>
              </div>
            </div>
          </div>
        </div>
      </div>
    </div>
  </body>
</html>
 Î“Â¥Â» waitForWrapper node_modules/@testing-library/dom/dist/wait-for.js:163:27
 Î“Â¥Â» tests/ui/datavault/TableCard.test.tsx:80:11
     78| 
     79|     // Click delete
     80|     await waitFor(() => {
       |           ^
     81|       const deleteButton = screen.getByText('Delete');
     82|       fireEvent.click(deleteButton);

Î“Ã„Â»Î“Ã„Â»Î“Ã„Â»Î“Ã„Â»Î“Ã„Â»Î“Ã„Â»Î“Ã„Â»Î“Ã„Â»Î“Ã„Â»Î“Ã„Â»Î“Ã„Â»Î“Ã„Â»Î“Ã„Â»Î“Ã„Â»Î“Ã„Â»Î“Ã„Â»Î“Ã„Â»Î“Ã„Â»Î“Ã„Â»Î“Ã„Â»Î“Ã„Â»Î“Ã„Â»[23/23]Î“Ã„Â»


[2m Test Files [22m [1m[31m2 failed[39m[22m[2m | [22m[1m[32m1 passed[39m[22m[90m (3)[39m
[2m      Tests [22m [1m[31m23 failed[39m[22m[2m | [22m[1m[32m36 passed[39m[22m[90m (59)[39m
[2m   Start at [22m 10:43:27
[2m   Duration [22m 4.85s[2m (transform 1.09s, setup 513ms, import 3.63s, tests 5.79s, environment 1.80s)[22m

