npm warn Unknown project config "puppeteer_skip_download". This will stop working in the next major version of npm.

[1m[46m RUN [49m[22m [36mv4.0.16 [39m[90mC:/Users/scoot/poll/VaultLogic[39m

[90mstdout[2m | tests/integration/ai/workflowEdit.test.ts
[22m[39mSETUP: Loading setup.ts...
[dotenv@17.2.3] injecting env (20) from .env -- tip: Î“ÃœÃ–âˆ©â••Ã…  suppress all logs with { quiet: true }

[90mstdout[2m | tests/integration/ai/workflowEdit.test.ts
[22m[39m[dotenv@17.2.3] injecting env (0) from .env -- tip: â‰¡Æ’Ã¶Ã¦ add access controls to secrets: https://dotenvx.com/ops
DB: Skipping auto-init because NODE_ENV=test

[90mstdout[2m | tests/integration/ai/workflowEdit.test.ts
[22m[39m[SchemaManager] Creating isolated schema: test_schema_w0

[90mstdout[2m | tests/integration/ai/workflowEdit.test.ts
[22m[39m[SchemaManager] Processing URL: ep-gentle-leaf-ahsz38kq-pooler.c-3.us-east-1.aws.neon.tech (Port: )
[SchemaManager] Removing -pooler from hostname: ep-gentle-leaf-ahsz38kq-pooler.c-3.us-east-1.aws.neon.tech
[SchemaManager] Switched to Direct Connection for schema isolation.
[SchemaManager] Final Connection String (Host): ep-gentle-leaf-ahsz38kq.c-3.us-east-1.aws.neon.tech
[SchemaManager] Final Connection String (Options): -c search_path=test_schema_w0,public

[90mstdout[2m | tests/integration/ai/workflowEdit.test.ts
[22m[39mâ‰¡Æ’Ã¶Ã† Test Schema Isolated: test_schema_w0 (Reused: false)
[SETUP] DATABASE_URL sent to db module: postgresql://neondb_owner:npg_LYP2cC3DhGsx@ep-gentle-leaf-ahsz38kq.c-3.us-east-1.aws.neon.tech/neondb?sslmode=require&options=-c+search_path%3Dtest_schema_w0%2Cpublic

{"level":30,"time":1768455757901,"env":"test","msg":"DB: initializing... Local"}
{"level":30,"time":1768455757923,"env":"test","msg":"DB: initialized flag set."}
[90mstdout[2m | tests/integration/ai/workflowEdit.test.ts
[22m[39mÎ“Â£Ã  Enforced search_path: test_schema_w0, public

[90mstdout[2m | tests/integration/ai/workflowEdit.test.ts
[22m[39mÎ“Â£Ã  Database initialized. Current schema: test_schema_w0
â‰¡Æ’Ã¶Ã¤ Running test migrations (manual file mode due to broken journal)...

[90mstdout[2m | tests/integration/ai/workflowEdit.test.ts
[22m[39m   Applying 0000_daffy_roughhouse.sql...

[90mstdout[2m | tests/integration/ai/workflowEdit.test.ts
[22m[39m   Applying 0001_remove_participants.sql...

[90mstdout[2m | tests/integration/ai/workflowEdit.test.ts
[22m[39m   Applying 0002_add_mode_columns.sql...

[90mstdout[2m | tests/integration/ai/workflowEdit.test.ts
[22m[39m   Applying 0003_add_step_aliases.sql...

[90mstdout[2m | tests/integration/ai/workflowEdit.test.ts
[22m[39mÎ“ÃœÃ¡âˆ©â••Ã… Partial failure in 0003_add_step_aliases.sql (Error: column "alias" of relation "steps" already exists), retrying statement-by-statement...

[90mstdout[2m | tests/integration/ai/workflowEdit.test.ts
[22m[39m   Applying 0004_add_teams_and_acls.sql...

[90mstdout[2m | tests/integration/ai/workflowEdit.test.ts
[22m[39mÎ“ÃœÃ¡âˆ©â••Ã… Partial failure in 0004_add_teams_and_acls.sql (Error: column "owner_id" of relation "projects" already exists), retrying statement-by-statement...

[90mstdout[2m | tests/integration/ai/workflowEdit.test.ts
[22m[39m   Applying 0005_add_transform_block_phases.sql...

[90mstdout[2m | tests/integration/ai/workflowEdit.test.ts
[22m[39mÎ“ÃœÃ¡âˆ©â••Ã… Partial failure in 0005_add_transform_block_phases.sql (Error: column "phase" of relation "transform_blocks" already exists), retrying statement-by-statement...

[90mstdout[2m | tests/integration/ai/workflowEdit.test.ts
[22m[39m   Applying 0006_add_updated_at_columns.sql...

[90mstdout[2m | tests/integration/ai/workflowEdit.test.ts
[22m[39m   Applying 0007_add_js_question_type.sql...

[90mstdout[2m | tests/integration/ai/workflowEdit.test.ts
[22m[39m   Applying 0007_lying_namor.sql...

[90mstdout[2m | tests/integration/ai/workflowEdit.test.ts
[22m[39mÎ“ÃœÃ¡âˆ©â••Ã… Partial failure in 0007_lying_namor.sql (Error: relation "sections" already exists), retrying statement-by-statement...

[90mstdout[2m | tests/integration/ai/workflowEdit.test.ts
[22m[39m   Applying 0008_add_virtual_steps_for_transform_blocks.sql...

[90mstdout[2m | tests/integration/ai/workflowEdit.test.ts
[22m[39m   Applying 0009_add_multi_tenant_data_model.sql...

[90mstdout[2m | tests/integration/ai/workflowEdit.test.ts
[22m[39m   Applying 0009_real_vapor.sql...

[90mstdout[2m | tests/integration/ai/workflowEdit.test.ts
[22m[39mÎ“ÃœÃ¡âˆ©â••Ã… Partial failure in 0009_real_vapor.sql (Error: constraint "workflow_run_events_run_id_workflow_runs_id_fk" for relation "workflow_run_events" already exists), retrying statement-by-statement...

[90mstdout[2m | tests/integration/ai/workflowEdit.test.ts
[22m[39m   Applying 0010_add_external_connections_and_secret_types.sql...

[90mstdout[2m | tests/integration/ai/workflowEdit.test.ts
[22m[39mÎ“ÃœÃ¡âˆ©â••Ã… Partial failure in 0010_add_external_connections_and_secret_types.sql (Error: type "secret_type" already exists), retrying statement-by-statement...

[90mstdout[2m | tests/integration/ai/workflowEdit.test.ts
[22m[39m   Applying 0010_nullable_creator_owner.sql...

[90mstdout[2m | tests/integration/ai/workflowEdit.test.ts
[22m[39m   Applying 0011_add_trace_and_error_to_runs.sql...

[90mstdout[2m | tests/integration/ai/workflowEdit.test.ts
[22m[39m   Applying 0012_add_analytics_sli_tables.sql...

[90mstdout[2m | tests/integration/ai/workflowEdit.test.ts
[22m[39mÎ“ÃœÃ¡âˆ©â••Ã… Partial failure in 0012_add_analytics_sli_tables.sql (Error: type "metrics_event_type" already exists), retrying statement-by-statement...

[90mstdout[2m | tests/integration/ai/workflowEdit.test.ts
[22m[39m   Applying 0013_add_intake_portal_columns.sql...

[90mstdout[2m | tests/integration/ai/workflowEdit.test.ts
[22m[39m   Applying 0014_add_workflow_versioning_columns.sql...

[90mstdout[2m | tests/integration/ai/workflowEdit.test.ts
[22m[39m   Applying 0015_add_intake_config.sql...

[90mstdout[2m | tests/integration/ai/workflowEdit.test.ts
[22m[39m   Applying 0016_add_review_and_esign_tables.sql...

[90mstdout[2m | tests/integration/ai/workflowEdit.test.ts
[22m[39m   Applying 0017_add_connections_table.sql...

[90mstdout[2m | tests/integration/ai/workflowEdit.test.ts
[22m[39m   Applying 0018_add_branding_and_domains.sql...

[90mstdout[2m | tests/integration/ai/workflowEdit.test.ts
[22m[39m   Applying 0019_add_collections_datastore.sql...

[90mstdout[2m | tests/integration/ai/workflowEdit.test.ts
[22m[39m   Applying 0020_add_collection_block_types.sql...

[90mstdout[2m | tests/integration/ai/workflowEdit.test.ts
[22m[39m   Applying 0021_add_page_conditions.sql...

[90mstdout[2m | tests/integration/ai/workflowEdit.test.ts
[22m[39mÎ“ÃœÃ¡âˆ©â••Ã… Partial failure in 0021_add_page_conditions.sql (Error: column "visible_if" of relation "sections" already exists), retrying statement-by-statement...

[90mstdout[2m | tests/integration/ai/workflowEdit.test.ts
[22m[39m   Applying 0022_add_question_conditions.sql...

[90mstdout[2m | tests/integration/ai/workflowEdit.test.ts
[22m[39mÎ“ÃœÃ¡âˆ©â••Ã… Partial failure in 0022_add_question_conditions.sql (Error: column "visible_if" of relation "steps" already exists), retrying statement-by-statement...

[90mstdout[2m | tests/integration/ai/workflowEdit.test.ts
[22m[39m   Applying 0023_add_repeater_type.sql...

[90mstdout[2m | tests/integration/ai/workflowEdit.test.ts
[22m[39m   Applying 0024_add_document_engine_tables.sql...

[90mstdout[2m | tests/integration/ai/workflowEdit.test.ts
[22m[39mÎ“ÃœÃ¡âˆ©â••Ã… Partial failure in 0024_add_document_engine_tables.sql (Error: type "output_status" already exists), retrying statement-by-statement...

[90mstdout[2m | tests/integration/ai/workflowEdit.test.ts
[22m[39m   Applying 0024_add_performance_indexes.sql...

[90mstdout[2m | tests/integration/ai/workflowEdit.test.ts
[22m[39m   Applying 0025_fix_workflows_missing_columns.sql...

[90mstdout[2m | tests/integration/ai/workflowEdit.test.ts
[22m[39m   Applying 0026_fix_schema_inconsistencies.sql...

[90mstdout[2m | tests/integration/ai/workflowEdit.test.ts
[22m[39m   Applying 0027_fix_metrics_rollups_unique_index.sql...

[90mstdout[2m | tests/integration/ai/workflowEdit.test.ts
[22m[39m   Applying 0028_fix_workflow_status_enum.sql...

[90mstdout[2m | tests/integration/ai/workflowEdit.test.ts
[22m[39m   Applying 0029_add_datavault_tables.sql...

[90mstdout[2m | tests/integration/ai/workflowEdit.test.ts
[22m[39mÎ“ÃœÃ¡âˆ©â••Ã… Partial failure in 0029_add_datavault_tables.sql (Error: type "datavault_column_type" already exists), retrying statement-by-statement...

[90mstdout[2m | tests/integration/ai/workflowEdit.test.ts
[22m[39m   Applying 0030_add_auto_number_column_type.sql...

[90mstdout[2m | tests/integration/ai/workflowEdit.test.ts
[22m[39m   Applying 0031_fix_survey_status_enum.sql...

[90mstdout[2m | tests/integration/ai/workflowEdit.test.ts
[22m[39m   Applying 0032_add_primary_key_and_unique_columns.sql...

[90mstdout[2m | tests/integration/ai/workflowEdit.test.ts
[22m[39mÎ“ÃœÃ¡âˆ©â••Ã… Partial failure in 0032_add_primary_key_and_unique_columns.sql (Error: column "is_primary_key" of relation "datavault_columns" already exists), retrying statement-by-statement...

[90mstdout[2m | tests/integration/ai/workflowEdit.test.ts
[22m[39m   Applying 0033_add_datavault_databases.sql...

[90mstdout[2m | tests/integration/ai/workflowEdit.test.ts
[22m[39mÎ“ÃœÃ¡âˆ©â••Ã… Partial failure in 0033_add_datavault_databases.sql (Error: type "datavault_scope_type" already exists), retrying statement-by-statement...

[90mstdout[2m | tests/integration/ai/workflowEdit.test.ts
[22m[39m   Applying 0034_add_reference_columns.sql...

[90mstdout[2m | tests/integration/ai/workflowEdit.test.ts
[22m[39m   Applying 0035_add_datavault_sequences.sql...

[90mstdout[2m | tests/integration/ai/workflowEdit.test.ts
[22m[39m   Applying 0036_add_column_descriptions.sql...

[90mstdout[2m | tests/integration/ai/workflowEdit.test.ts
[22m[39m   Applying 0036_add_reference_cascade_policy.sql...

[90mstdout[2m | tests/integration/ai/workflowEdit.test.ts
[22m[39m   Applying 0037_add_column_width.sql...

[90mstdout[2m | tests/integration/ai/workflowEdit.test.ts
[22m[39m   Applying 0038_add_row_archiving.sql...

[90mstdout[2m | tests/integration/ai/workflowEdit.test.ts
[22m[39m   Applying 0039_add_select_multiselect_columns.sql...

[90mstdout[2m | tests/integration/ai/workflowEdit.test.ts
[22m[39m   Applying 0040_add_autonumber_enhancements.sql...

[90mstdout[2m | tests/integration/ai/workflowEdit.test.ts
[22m[39mÎ“ÃœÃ¡âˆ©â••Ã… Partial failure in 0040_add_autonumber_enhancements.sql (Error: type "autonumber_reset_policy" already exists), retrying statement-by-statement...

[90mstdout[2m | tests/integration/ai/workflowEdit.test.ts
[22m[39m   Applying 0041_add_datavault_row_notes.sql...

[90mstdout[2m | tests/integration/ai/workflowEdit.test.ts
[22m[39m   Applying 0042_add_datavault_api_tokens.sql...

[90mstdout[2m | tests/integration/ai/workflowEdit.test.ts
[22m[39mÎ“ÃœÃ¡âˆ©â••Ã… Partial failure in 0042_add_datavault_api_tokens.sql (Error: relation "idx_datavault_api_tokens_database_id" already exists), retrying statement-by-statement...

[90mstdout[2m | tests/integration/ai/workflowEdit.test.ts
[22m[39m   Applying 0043_add_datavault_table_permissions.sql...

[90mstdout[2m | tests/integration/ai/workflowEdit.test.ts
[22m[39mÎ“ÃœÃ¡âˆ©â••Ã… Partial failure in 0043_add_datavault_table_permissions.sql (Error: type "datavault_table_role" already exists), retrying statement-by-statement...

[90mstdout[2m | tests/integration/ai/workflowEdit.test.ts
[22m[39m   Applying 0044_add_step_default_values.sql...

[90mstdout[2m | tests/integration/ai/workflowEdit.test.ts
[22m[39m   Applying 0045_sync_project_created_by.sql...

[90mstdout[2m | tests/integration/ai/workflowEdit.test.ts
[22m[39m   Applying 0046_add_final_documents_step_type.sql...

[90mstdout[2m | tests/integration/ai/workflowEdit.test.ts
[22m[39m   Applying 0046_fix_workflow_runs_section_constraint.sql...

[90mstdout[2m | tests/integration/ai/workflowEdit.test.ts
[22m[39m   Applying 0047_add_run_generated_documents_table.sql...

[90mstdout[2m | tests/integration/ai/workflowEdit.test.ts
[22m[39m   Applying 0048_fix_autonumber_function.sql...

[90mstdout[2m | tests/integration/ai/workflowEdit.test.ts
[22m[39m   Applying 0048_sync_project_tenant_from_creator.sql...

[90mstdout[2m | tests/integration/ai/workflowEdit.test.ts
[22m[39m   Applying 0049_add_format_to_autonumber.sql...

[90mstdout[2m | tests/integration/ai/workflowEdit.test.ts
[22m[39m   Applying 0049_add_sections_config_column.sql...

[90mstdout[2m | tests/integration/ai/workflowEdit.test.ts
[22m[39m   Applying 0050_add_workflow_snapshots.sql...

[90mstdout[2m | tests/integration/ai/workflowEdit.test.ts
[22m[39mÎ“ÃœÃ¡âˆ©â••Ã… Partial failure in 0050_add_workflow_snapshots.sql (Error: relation "workflow_snapshots" already exists), retrying statement-by-statement...

[90mstdout[2m | tests/integration/ai/workflowEdit.test.ts
[22m[39m   Applying 0051_add_new_block_types.sql...

[90mstdout[2m | tests/integration/ai/workflowEdit.test.ts
[22m[39m   Applying 0051_add_snapshot_version_hash.sql...

[90mstdout[2m | tests/integration/ai/workflowEdit.test.ts
[22m[39mÎ“ÃœÃ¡âˆ©â••Ã… Partial failure in 0051_add_snapshot_version_hash.sql (Error: column "version_hash" of relation "workflow_snapshots" already exists), retrying statement-by-statement...

[90mstdout[2m | tests/integration/ai/workflowEdit.test.ts
[22m[39m   Applying 0052_add_scripting_system.sql...

[90mstdout[2m | tests/integration/ai/workflowEdit.test.ts
[22m[39mÎ“ÃœÃ¡âˆ©â••Ã… Partial failure in 0052_add_scripting_system.sql (Error: type "lifecycle_hook_phase" already exists), retrying statement-by-statement...

[90mstdout[2m | tests/integration/ai/workflowEdit.test.ts
[22m[39m   Applying 0053_upgrade_data_sources.sql...

[90mstdout[2m | tests/integration/ai/workflowEdit.test.ts
[22m[39m   Applying 0054_create_workflow_queries.sql...

[90mstdout[2m | tests/integration/ai/workflowEdit.test.ts
[22m[39m   Applying 0055_add_query_block_support.sql...

[90mstdout[2m | tests/integration/ai/workflowEdit.test.ts
[22m[39mÎ“ÃœÃ¡âˆ©â••Ã… Partial failure in 0055_add_query_block_support.sql (Error: column "virtual_step_id" of relation "blocks" already exists), retrying statement-by-statement...

[90mstdout[2m | tests/integration/ai/workflowEdit.test.ts
[22m[39m   Applying 0056_add_datavault_block_types.sql...

[90mstdout[2m | tests/integration/ai/workflowEdit.test.ts
[22m[39m   Applying 0057_add_step_values_composite_index.sql...

[90mstdout[2m | tests/integration/ai/workflowEdit.test.ts
[22m[39m   Applying 0058_add_logic_rules_indexes.sql...

[90mstdout[2m | tests/integration/ai/workflowEdit.test.ts
[22m[39m   Applying 0059_add_performance_indexes.sql...

[90mstdout[2m | tests/integration/ai/workflowEdit.test.ts
[22m[39m   Applying 0060_flashy_jimmy_woo.sql...

[90mstdout[2m | tests/integration/ai/workflowEdit.test.ts
[22m[39mÎ“ÃœÃ¡âˆ©â••Ã… Partial failure in 0060_flashy_jimmy_woo.sql (Error: column "is_placeholder" of relation "users" already exists), retrying statement-by-statement...

[90mstdout[2m | tests/integration/ai/workflowEdit.test.ts
[22m[39m   Applying 0061_optimize_query_performance.sql...

[90mstdout[2m | tests/integration/ai/workflowEdit.test.ts
[22m[39m   Applying 0062_archive_and_remove_surveys.sql...

[90mstdout[2m | tests/integration/ai/workflowEdit.test.ts
[22m[39m   Applying 0063_fix_ai_settings.sql...

stderr | tests/integration/ai/workflowEdit.test.ts
Î“Â¥Ã® FAILED MIGRATION 0063_fix_ai_settings.sql: cannot drop type public.connection_type because other objects depend on it
Î“ÃœÃ¡âˆ©â••Ã… Migrations failed (non-fatal if DB exists): error: cannot drop type public.connection_type because other objects depend on it
    at C:\Users\scoot\poll\VaultLogic\node_modules\pg-pool\index.js:45:11
    at processTicksAndRejections (node:internal/process/task_queues:103:5)
    at C:/Users/scoot/poll/VaultLogic/tests/setup.ts:185:19 {
  length: 283,
  severity: 'ERROR',
  code: '2BP01',
  detail: 'column type of table public.connections depends on type public.connection_type',
  hint: 'Use DROP ... CASCADE to drop the dependent objects too.',
  position: undefined,
  internalPosition: undefined,
  internalQuery: undefined,
  where: undefined,
  schema: undefined,
  table: undefined,
  column: undefined,
  dataType: undefined,
  constraint: undefined,
  file: 'dependency.c',
  line: '1148',
  routine: 'reportDependentObjects'
}

[90mstdout[2m | tests/integration/ai/workflowEdit.test.ts
[22m[39mDEBUG: Existing functions: [
  {
    "proname": "datavault_get_next_autonumber",
    "proargnames": [
      "p_tenant_id",
      "p_table_id",
      "p_column_id",
      "p_prefix",
      "p_padding",
      "p_reset_policy"
    ],
    "proargtypes": "2950 2950 2950 25 23 25",
    "signature": "public.datavault_get_next_autonumber(uuid,uuid,uuid,text,integer,text)"
  },
  {
    "proname": "datavault_get_next_autonumber",
    "proargnames": [
      "p_tenant_id",
      "p_table_id",
      "p_column_id",
      "p_prefix",
      "p_padding",
      "p_reset_policy"
    ],
    "proargtypes": "2950 2950 2950 25 23 25",
    "signature": "datavault_get_next_autonumber(uuid,uuid,uuid,text,integer,text)"
  },
  {
    "proname": "datavault_get_next_autonumber",
    "proargnames": [
      "p_tenant_id",
      "p_table_id",
      "p_column_id",
      "p_prefix",
      "p_padding",
      "p_reset_policy",
      "p_format"
    ],
    "proargtypes": "2950 2950 2950 25 23 25 25",
    "signature": "datavault_get_next_autonumber(uuid,uuid,uuid,text,integer,text,text)"
  }
]

{"level":30,"time":1768455824730,"env":"test","workflowId":"27824dcb-51bc-49fd-afe6-1a09adaf66c6","userId":"a43cc123-7d67-42f6-90b4-1611defb34ba","sectionsCount":0,"stepsCount":0,"logicRulesCount":0,"msg":"getWorkflowWithDetails called"}
{"level":50,"time":1768455824838,"env":"test","module":"ai-workflow-edit-routes","error":{"length":178,"name":"error","severity":"ERROR","code":"42703","hint":"Perhaps you meant to reference the column \"aiSettings.updated_at\".","position":"54","file":"parse_relation.c","line":"3723","routine":"errorMissingColumn"},"workflowId":"27824dcb-51bc-49fd-afe6-1a09adaf66c6","msg":"AI model call failed"}
stderr | tests/integration/ai/workflowEdit.test.ts > POST /api/workflows/:workflowId/ai/edit - Integration Test > should create draft version on successful AI edit
DEBUG: INNER CATCH AI ERROR: error: column "created_at" does not exist
    at C:\Users\scoot\poll\VaultLogic\node_modules\pg-pool\index.js:45:11
    at processTicksAndRejections (node:internal/process/task_queues:103:5)
    at file:///C:/Users/scoot/poll/VaultLogic/node_modules/drizzle-orm/node-postgres/session.js:83:22
    at AiSettingsService.getEffectivePrompt (C:/Users/scoot/poll/VaultLogic/server/services/AiSettingsService.ts:39:32)
    at C:/Users/scoot/poll/VaultLogic/server/routes/ai/workflowEdit.routes.ts:71:40 {
  length: 178,
  severity: 'ERROR',
  code: '42703',
  detail: undefined,
  hint: 'Perhaps you meant to reference the column "aiSettings.updated_at".',
  position: '54',
  internalPosition: undefined,
  internalQuery: undefined,
  where: undefined,
  schema: undefined,
  table: undefined,
  column: undefined,
  dataType: undefined,
  constraint: undefined,
  file: 'parse_relation.c',
  line: '3723',
  routine: 'errorMissingColumn'
}
Stack: error: column "created_at" does not exist
    at C:\Users\scoot\poll\VaultLogic\node_modules\pg-pool\index.js:45:11
    at processTicksAndRejections (node:internal/process/task_queues:103:5)
    at file:///C:/Users/scoot/poll/VaultLogic/node_modules/drizzle-orm/node-postgres/session.js:83:22
    at AiSettingsService.getEffectivePrompt (C:/Users/scoot/poll/VaultLogic/server/services/AiSettingsService.ts:39:32)
    at C:/Users/scoot/poll/VaultLogic/server/routes/ai/workflowEdit.routes.ts:71:40

{"level":30,"time":1768455825357,"env":"test","workflowId":"4ff9a65c-3793-4a9f-8547-054ba2c8d03f","userId":"a43cc123-7d67-42f6-90b4-1611defb34ba","sectionsCount":0,"stepsCount":0,"logicRulesCount":0,"msg":"getWorkflowWithDetails called"}
{"level":50,"time":1768455825460,"env":"test","module":"ai-workflow-edit-routes","error":{"length":178,"name":"error","severity":"ERROR","code":"42703","hint":"Perhaps you meant to reference the column \"aiSettings.updated_at\".","position":"54","file":"parse_relation.c","line":"3723","routine":"errorMissingColumn"},"workflowId":"4ff9a65c-3793-4a9f-8547-054ba2c8d03f","msg":"AI model call failed"}
stderr | tests/integration/ai/workflowEdit.test.ts > POST /api/workflows/:workflowId/ai/edit - Integration Test > should enforce draft mode (revert active workflow to draft)
DEBUG: INNER CATCH AI ERROR: error: column "created_at" does not exist
    at C:\Users\scoot\poll\VaultLogic\node_modules\pg-pool\index.js:45:11
    at processTicksAndRejections (node:internal/process/task_queues:103:5)
    at file:///C:/Users/scoot/poll/VaultLogic/node_modules/drizzle-orm/node-postgres/session.js:83:22
    at AiSettingsService.getEffectivePrompt (C:/Users/scoot/poll/VaultLogic/server/services/AiSettingsService.ts:39:32)
    at C:/Users/scoot/poll/VaultLogic/server/routes/ai/workflowEdit.routes.ts:71:40 {
  length: 178,
  severity: 'ERROR',
  code: '42703',
  detail: undefined,
  hint: 'Perhaps you meant to reference the column "aiSettings.updated_at".',
  position: '54',
  internalPosition: undefined,
  internalQuery: undefined,
  where: undefined,
  schema: undefined,
  table: undefined,
  column: undefined,
  dataType: undefined,
  constraint: undefined,
  file: 'parse_relation.c',
  line: '3723',
  routine: 'errorMissingColumn'
}
Stack: error: column "created_at" does not exist
    at C:\Users\scoot\poll\VaultLogic\node_modules\pg-pool\index.js:45:11
    at processTicksAndRejections (node:internal/process/task_queues:103:5)
    at file:///C:/Users/scoot/poll/VaultLogic/node_modules/drizzle-orm/node-postgres/session.js:83:22
    at AiSettingsService.getEffectivePrompt (C:/Users/scoot/poll/VaultLogic/server/services/AiSettingsService.ts:39:32)
    at C:/Users/scoot/poll/VaultLogic/server/routes/ai/workflowEdit.routes.ts:71:40

{"level":30,"time":1768455825937,"env":"test","workflowId":"648bd0f6-12e5-4b41-9e7c-3d8c88cbbf9e","userId":"a43cc123-7d67-42f6-90b4-1611defb34ba","sectionsCount":0,"stepsCount":0,"logicRulesCount":0,"msg":"getWorkflowWithDetails called"}
{"level":50,"time":1768455826038,"env":"test","module":"ai-workflow-edit-routes","error":{"length":178,"name":"error","severity":"ERROR","code":"42703","hint":"Perhaps you meant to reference the column \"aiSettings.updated_at\".","position":"54","file":"parse_relation.c","line":"3723","routine":"errorMissingColumn"},"workflowId":"648bd0f6-12e5-4b41-9e7c-3d8c88cbbf9e","msg":"AI model call failed"}
stderr | tests/integration/ai/workflowEdit.test.ts > POST /api/workflows/:workflowId/ai/edit - Integration Test > should not create version when no changes detected (checksum match)
DEBUG: INNER CATCH AI ERROR: error: column "created_at" does not exist
    at C:\Users\scoot\poll\VaultLogic\node_modules\pg-pool\index.js:45:11
    at processTicksAndRejections (node:internal/process/task_queues:103:5)
    at file:///C:/Users/scoot/poll/VaultLogic/node_modules/drizzle-orm/node-postgres/session.js:83:22
    at AiSettingsService.getEffectivePrompt (C:/Users/scoot/poll/VaultLogic/server/services/AiSettingsService.ts:39:32)
    at C:/Users/scoot/poll/VaultLogic/server/routes/ai/workflowEdit.routes.ts:71:40 {
  length: 178,
  severity: 'ERROR',
  code: '42703',
  detail: undefined,
  hint: 'Perhaps you meant to reference the column "aiSettings.updated_at".',
  position: '54',
  internalPosition: undefined,
  internalQuery: undefined,
  where: undefined,
  schema: undefined,
  table: undefined,
  column: undefined,
  dataType: undefined,
  constraint: undefined,
  file: 'parse_relation.c',
  line: '3723',
  routine: 'errorMissingColumn'
}
Stack: error: column "created_at" does not exist
    at C:\Users\scoot\poll\VaultLogic\node_modules\pg-pool\index.js:45:11
    at processTicksAndRejections (node:internal/process/task_queues:103:5)
    at file:///C:/Users/scoot/poll/VaultLogic/node_modules/drizzle-orm/node-postgres/session.js:83:22
    at AiSettingsService.getEffectivePrompt (C:/Users/scoot/poll/VaultLogic/server/services/AiSettingsService.ts:39:32)
    at C:/Users/scoot/poll/VaultLogic/server/routes/ai/workflowEdit.routes.ts:71:40

{"level":30,"time":1768455826562,"env":"test","workflowId":"67e3bd69-ab87-4582-8d0f-466c492c77dd","userId":"a43cc123-7d67-42f6-90b4-1611defb34ba","sectionsCount":0,"stepsCount":0,"logicRulesCount":0,"msg":"getWorkflowWithDetails called"}
{"level":50,"time":1768455826674,"env":"test","module":"ai-workflow-edit-routes","error":{"length":178,"name":"error","severity":"ERROR","code":"42703","hint":"Perhaps you meant to reference the column \"aiSettings.updated_at\".","position":"54","file":"parse_relation.c","line":"3723","routine":"errorMissingColumn"},"workflowId":"67e3bd69-ab87-4582-8d0f-466c492c77dd","msg":"AI model call failed"}
stderr | tests/integration/ai/workflowEdit.test.ts > POST /api/workflows/:workflowId/ai/edit - Integration Test > should reject unsafe DataVault operations
DEBUG: INNER CATCH AI ERROR: error: column "created_at" does not exist
    at C:\Users\scoot\poll\VaultLogic\node_modules\pg-pool\index.js:45:11
    at processTicksAndRejections (node:internal/process/task_queues:103:5)
    at file:///C:/Users/scoot/poll/VaultLogic/node_modules/drizzle-orm/node-postgres/session.js:83:22
    at AiSettingsService.getEffectivePrompt (C:/Users/scoot/poll/VaultLogic/server/services/AiSettingsService.ts:39:32)
    at C:/Users/scoot/poll/VaultLogic/server/routes/ai/workflowEdit.routes.ts:71:40 {
  length: 178,
  severity: 'ERROR',
  code: '42703',
  detail: undefined,
  hint: 'Perhaps you meant to reference the column "aiSettings.updated_at".',
  position: '54',
  internalPosition: undefined,
  internalQuery: undefined,
  where: undefined,
  schema: undefined,
  table: undefined,
  column: undefined,
  dataType: undefined,
  constraint: undefined,
  file: 'parse_relation.c',
  line: '3723',
  routine: 'errorMissingColumn'
}
Stack: error: column "created_at" does not exist
    at C:\Users\scoot\poll\VaultLogic\node_modules\pg-pool\index.js:45:11
    at processTicksAndRejections (node:internal/process/task_queues:103:5)
    at file:///C:/Users/scoot/poll/VaultLogic/node_modules/drizzle-orm/node-postgres/session.js:83:22
    at AiSettingsService.getEffectivePrompt (C:/Users/scoot/poll/VaultLogic/server/services/AiSettingsService.ts:39:32)
    at C:/Users/scoot/poll/VaultLogic/server/routes/ai/workflowEdit.routes.ts:71:40

{"level":30,"time":1768455827134,"env":"test","workflowId":"3f25f45a-2a33-4814-91a4-95d4438f05a3","userId":"a43cc123-7d67-42f6-90b4-1611defb34ba","sectionsCount":0,"stepsCount":0,"logicRulesCount":0,"msg":"getWorkflowWithDetails called"}
{"level":50,"time":1768455827231,"env":"test","module":"ai-workflow-edit-routes","error":{"length":178,"name":"error","severity":"ERROR","code":"42703","hint":"Perhaps you meant to reference the column \"aiSettings.updated_at\".","position":"54","file":"parse_relation.c","line":"3723","routine":"errorMissingColumn"},"workflowId":"3f25f45a-2a33-4814-91a4-95d4438f05a3","msg":"AI model call failed"}
stderr | tests/integration/ai/workflowEdit.test.ts > POST /api/workflows/:workflowId/ai/edit - Integration Test > should handle multi-operation edits with tempId resolution
DEBUG: INNER CATCH AI ERROR: error: column "created_at" does not exist
    at C:\Users\scoot\poll\VaultLogic\node_modules\pg-pool\index.js:45:11
    at processTicksAndRejections (node:internal/process/task_queues:103:5)
    at file:///C:/Users/scoot/poll/VaultLogic/node_modules/drizzle-orm/node-postgres/session.js:83:22
    at AiSettingsService.getEffectivePrompt (C:/Users/scoot/poll/VaultLogic/server/services/AiSettingsService.ts:39:32)
    at C:/Users/scoot/poll/VaultLogic/server/routes/ai/workflowEdit.routes.ts:71:40 {
  length: 178,
  severity: 'ERROR',
  code: '42703',
  detail: undefined,
  hint: 'Perhaps you meant to reference the column "aiSettings.updated_at".',
  position: '54',
  internalPosition: undefined,
  internalQuery: undefined,
  where: undefined,
  schema: undefined,
  table: undefined,
  column: undefined,
  dataType: undefined,
  constraint: undefined,
  file: 'parse_relation.c',
  line: '3723',
  routine: 'errorMissingColumn'
}
Stack: error: column "created_at" does not exist
    at C:\Users\scoot\poll\VaultLogic\node_modules\pg-pool\index.js:45:11
    at processTicksAndRejections (node:internal/process/task_queues:103:5)
    at file:///C:/Users/scoot/poll/VaultLogic/node_modules/drizzle-orm/node-postgres/session.js:83:22
    at AiSettingsService.getEffectivePrompt (C:/Users/scoot/poll/VaultLogic/server/services/AiSettingsService.ts:39:32)
    at C:/Users/scoot/poll/VaultLogic/server/routes/ai/workflowEdit.routes.ts:71:40

{"level":30,"time":1768455827687,"env":"test","workflowId":"4c999ffb-7f98-4640-a367-c49d826aa55b","userId":"a43cc123-7d67-42f6-90b4-1611defb34ba","sectionsCount":0,"stepsCount":0,"logicRulesCount":0,"msg":"getWorkflowWithDetails called"}
{"level":50,"time":1768455827789,"env":"test","module":"ai-workflow-edit-routes","error":{"length":178,"name":"error","severity":"ERROR","code":"42703","hint":"Perhaps you meant to reference the column \"aiSettings.updated_at\".","position":"54","file":"parse_relation.c","line":"3723","routine":"errorMissingColumn"},"workflowId":"4c999ffb-7f98-4640-a367-c49d826aa55b","msg":"AI model call failed"}
stderr | tests/integration/ai/workflowEdit.test.ts > POST /api/workflows/:workflowId/ai/edit - Integration Test > should create BEFORE and AFTER snapshots
DEBUG: INNER CATCH AI ERROR: error: column "created_at" does not exist
    at C:\Users\scoot\poll\VaultLogic\node_modules\pg-pool\index.js:45:11
    at processTicksAndRejections (node:internal/process/task_queues:103:5)
    at file:///C:/Users/scoot/poll/VaultLogic/node_modules/drizzle-orm/node-postgres/session.js:83:22
    at AiSettingsService.getEffectivePrompt (C:/Users/scoot/poll/VaultLogic/server/services/AiSettingsService.ts:39:32)
    at C:/Users/scoot/poll/VaultLogic/server/routes/ai/workflowEdit.routes.ts:71:40 {
  length: 178,
  severity: 'ERROR',
  code: '42703',
  detail: undefined,
  hint: 'Perhaps you meant to reference the column "aiSettings.updated_at".',
  position: '54',
  internalPosition: undefined,
  internalQuery: undefined,
  where: undefined,
  schema: undefined,
  table: undefined,
  column: undefined,
  dataType: undefined,
  constraint: undefined,
  file: 'parse_relation.c',
  line: '3723',
  routine: 'errorMissingColumn'
}
Stack: error: column "created_at" does not exist
    at C:\Users\scoot\poll\VaultLogic\node_modules\pg-pool\index.js:45:11
    at processTicksAndRejections (node:internal/process/task_queues:103:5)
    at file:///C:/Users/scoot/poll/VaultLogic/node_modules/drizzle-orm/node-postgres/session.js:83:22
    at AiSettingsService.getEffectivePrompt (C:/Users/scoot/poll/VaultLogic/server/services/AiSettingsService.ts:39:32)
    at C:/Users/scoot/poll/VaultLogic/server/routes/ai/workflowEdit.routes.ts:71:40

{"level":30,"time":1768455828406,"env":"test","workflowId":"14cce756-fe78-4666-9e28-57486a11ec9b","userId":"a43cc123-7d67-42f6-90b4-1611defb34ba","sectionsCount":1,"stepsCount":1,"logicRulesCount":0,"msg":"getWorkflowWithDetails called"}
{"level":50,"time":1768455828507,"env":"test","module":"ai-workflow-edit-routes","error":{"length":178,"name":"error","severity":"ERROR","code":"42703","hint":"Perhaps you meant to reference the column \"aiSettings.updated_at\".","position":"54","file":"parse_relation.c","line":"3723","routine":"errorMissingColumn"},"workflowId":"14cce756-fe78-4666-9e28-57486a11ec9b","msg":"AI model call failed"}
stderr | tests/integration/ai/workflowEdit.test.ts > POST /api/workflows/:workflowId/ai/edit - Integration Test > should rollback on validation failure
DEBUG: INNER CATCH AI ERROR: error: column "created_at" does not exist
    at C:\Users\scoot\poll\VaultLogic\node_modules\pg-pool\index.js:45:11
    at processTicksAndRejections (node:internal/process/task_queues:103:5)
    at file:///C:/Users/scoot/poll/VaultLogic/node_modules/drizzle-orm/node-postgres/session.js:83:22
    at AiSettingsService.getEffectivePrompt (C:/Users/scoot/poll/VaultLogic/server/services/AiSettingsService.ts:39:32)
    at C:/Users/scoot/poll/VaultLogic/server/routes/ai/workflowEdit.routes.ts:71:40 {
  length: 178,
  severity: 'ERROR',
  code: '42703',
  detail: undefined,
  hint: 'Perhaps you meant to reference the column "aiSettings.updated_at".',
  position: '54',
  internalPosition: undefined,
  internalQuery: undefined,
  where: undefined,
  schema: undefined,
  table: undefined,
  column: undefined,
  dataType: undefined,
  constraint: undefined,
  file: 'parse_relation.c',
  line: '3723',
  routine: 'errorMissingColumn'
}
Stack: error: column "created_at" does not exist
    at C:\Users\scoot\poll\VaultLogic\node_modules\pg-pool\index.js:45:11
    at processTicksAndRejections (node:internal/process/task_queues:103:5)
    at file:///C:/Users/scoot/poll/VaultLogic/node_modules/drizzle-orm/node-postgres/session.js:83:22
    at AiSettingsService.getEffectivePrompt (C:/Users/scoot/poll/VaultLogic/server/services/AiSettingsService.ts:39:32)
    at C:/Users/scoot/poll/VaultLogic/server/routes/ai/workflowEdit.routes.ts:71:40

stderr | tests/integration/ai/workflowEdit.test.ts > POST /api/workflows/:workflowId/ai/edit - Integration Test
Î“ÃœÃ¡âˆ©â••Ã… Skipping auditEvents cleanup: auditEvents or testUserId is undefined {
  auditEvents: false,
  testUserId: 'a43cc123-7d67-42f6-90b4-1611defb34ba'
}

{"level":30,"time":1768455828837,"env":"test","msg":"DB: closing pool..."}
[90mstdout[2m | tests/integration/ai/workflowEdit.test.ts
[22m[39mâ‰¡Æ’Âºâ•£ Cleaning up test environment...

{"level":30,"time":1768455828837,"env":"test","msg":"DB: pool closed."}
 [31mÎ“Â¥Â»[39m tests/integration/ai/workflowEdit.test.ts [2m([22m[2m8 tests[22m[2m | [22m[31m7 failed[39m[2m)[22m[33m 71459[2mms[22m[39m
[31m     [31mâ”œÃ¹[31m should create draft version on successful AI edit[39m[33m 621[2mms[22m[39m
[31m     [31mâ”œÃ¹[31m should enforce draft mode (revert active workflow to draft)[39m[33m 618[2mms[22m[39m
[31m     [31mâ”œÃ¹[31m should not create version when no changes detected (checksum match)[39m[33m 577[2mms[22m[39m
     [32mÎ“Â£Ã´[39m should reject unauthorized access[32m 58[2mms[22m[39m
[31m     [31mâ”œÃ¹[31m should reject unsafe DataVault operations[39m[33m 578[2mms[22m[39m
[31m     [31mâ”œÃ¹[31m should handle multi-operation edits with tempId resolution[39m[33m 556[2mms[22m[39m
[31m     [31mâ”œÃ¹[31m should create BEFORE and AFTER snapshots[39m[33m 559[2mms[22m[39m
[31m     [31mâ”œÃ¹[31m should rollback on validation failure[39m[33m 717[2mms[22m[39m

Î“Ã„Â»Î“Ã„Â»Î“Ã„Â»Î“Ã„Â»Î“Ã„Â»Î“Ã„Â»Î“Ã„Â» Failed Tests 7 Î“Ã„Â»Î“Ã„Â»Î“Ã„Â»Î“Ã„Â»Î“Ã„Â»Î“Ã„Â»Î“Ã„Â»

 FAIL  tests/integration/ai/workflowEdit.test.ts > POST /api/workflows/:workflowId/ai/edit - Integration Test > should create draft version on successful AI edit
Error: expected 200 "OK", got 500 "Internal Server Error"
 Î“Â¥Â» tests/integration/ai/workflowEdit.test.ts:179:8
    177|         },
    178|       })
    179|       .expect(200);
       |        ^
    180| 
    181|     expect(response.body.success).toBe(true);
 Î“Â¥Â» Test._assertStatus node_modules/supertest/lib/test.js:309:14
 Î“Â¥Â» node_modules/supertest/lib/test.js:365:13
 Î“Â¥Â» Test._assertFunction node_modules/supertest/lib/test.js:342:13
 Î“Â¥Â» Test.assert node_modules/supertest/lib/test.js:195:23
 Î“Â¥Â» localAssert node_modules/supertest/lib/test.js:138:14
 Î“Â¥Â» Server.<anonymous> node_modules/supertest/lib/test.js:152:11

Î“Ã„Â»Î“Ã„Â»Î“Ã„Â»Î“Ã„Â»Î“Ã„Â»Î“Ã„Â»Î“Ã„Â»Î“Ã„Â»Î“Ã„Â»Î“Ã„Â»Î“Ã„Â»Î“Ã„Â»Î“Ã„Â»Î“Ã„Â»Î“Ã„Â»Î“Ã„Â»Î“Ã„Â»Î“Ã„Â»Î“Ã„Â»Î“Ã„Â»Î“Ã„Â»Î“Ã„Â»Î“Ã„Â»Î“Ã„Â»[1/7]Î“Ã„Â»

 FAIL  tests/integration/ai/workflowEdit.test.ts > POST /api/workflows/:workflowId/ai/edit - Integration Test > should enforce draft mode (revert active workflow to draft)
Error: expected 200 "OK", got 500 "Internal Server Error"
 Î“Â¥Â» tests/integration/ai/workflowEdit.test.ts:219:8
    217|         userMessage: 'Add a phone number field',
    218|       })
    219|       .expect(200);
       |        ^
    220| 
    221|     // Verify workflow is now draft
 Î“Â¥Â» Test._assertStatus node_modules/supertest/lib/test.js:309:14
 Î“Â¥Â» node_modules/supertest/lib/test.js:365:13
 Î“Â¥Â» Test._assertFunction node_modules/supertest/lib/test.js:342:13
 Î“Â¥Â» Test.assert node_modules/supertest/lib/test.js:195:23
 Î“Â¥Â» localAssert node_modules/supertest/lib/test.js:138:14
 Î“Â¥Â» Server.<anonymous> node_modules/supertest/lib/test.js:152:11

Î“Ã„Â»Î“Ã„Â»Î“Ã„Â»Î“Ã„Â»Î“Ã„Â»Î“Ã„Â»Î“Ã„Â»Î“Ã„Â»Î“Ã„Â»Î“Ã„Â»Î“Ã„Â»Î“Ã„Â»Î“Ã„Â»Î“Ã„Â»Î“Ã„Â»Î“Ã„Â»Î“Ã„Â»Î“Ã„Â»Î“Ã„Â»Î“Ã„Â»Î“Ã„Â»Î“Ã„Â»Î“Ã„Â»Î“Ã„Â»[2/7]Î“Ã„Â»

 FAIL  tests/integration/ai/workflowEdit.test.ts > POST /api/workflows/:workflowId/ai/edit - Integration Test > should not create version when no changes detected (checksum match)
Error: expected 200 "OK", got 500 "Internal Server Error"
 Î“Â¥Â» tests/integration/ai/workflowEdit.test.ts:236:8
    234|         userMessage: 'Add contact section',
    235|       })
    236|       .expect(200);
       |        ^
    237| 
    238|     const versionId1 = response1.body.data.versionId;
 Î“Â¥Â» Test._assertStatus node_modules/supertest/lib/test.js:309:14
 Î“Â¥Â» node_modules/supertest/lib/test.js:365:13
 Î“Â¥Â» Test._assertFunction node_modules/supertest/lib/test.js:342:13
 Î“Â¥Â» Test.assert node_modules/supertest/lib/test.js:195:23
 Î“Â¥Â» localAssert node_modules/supertest/lib/test.js:138:14
 Î“Â¥Â» Server.<anonymous> node_modules/supertest/lib/test.js:152:11

Î“Ã„Â»Î“Ã„Â»Î“Ã„Â»Î“Ã„Â»Î“Ã„Â»Î“Ã„Â»Î“Ã„Â»Î“Ã„Â»Î“Ã„Â»Î“Ã„Â»Î“Ã„Â»Î“Ã„Â»Î“Ã„Â»Î“Ã„Â»Î“Ã„Â»Î“Ã„Â»Î“Ã„Â»Î“Ã„Â»Î“Ã„Â»Î“Ã„Â»Î“Ã„Â»Î“Ã„Â»Î“Ã„Â»Î“Ã„Â»[3/7]Î“Ã„Â»

 FAIL  tests/integration/ai/workflowEdit.test.ts > POST /api/workflows/:workflowId/ai/edit - Integration Test > should reject unsafe DataVault operations
Error: expected 400 "Bad Request", got 500 "Internal Server Error"
 Î“Â¥Â» tests/integration/ai/workflowEdit.test.ts:319:8
    317|         userMessage: 'Delete all data',
    318|       })
    319|       .expect(400);
       |        ^
    320| 
    321|     expect(response.body.success).toBe(false);
 Î“Â¥Â» Test._assertStatus node_modules/supertest/lib/test.js:309:14
 Î“Â¥Â» node_modules/supertest/lib/test.js:365:13
 Î“Â¥Â» Test._assertFunction node_modules/supertest/lib/test.js:342:13
 Î“Â¥Â» Test.assert node_modules/supertest/lib/test.js:195:23
 Î“Â¥Â» localAssert node_modules/supertest/lib/test.js:138:14
 Î“Â¥Â» Server.<anonymous> node_modules/supertest/lib/test.js:152:11

Î“Ã„Â»Î“Ã„Â»Î“Ã„Â»Î“Ã„Â»Î“Ã„Â»Î“Ã„Â»Î“Ã„Â»Î“Ã„Â»Î“Ã„Â»Î“Ã„Â»Î“Ã„Â»Î“Ã„Â»Î“Ã„Â»Î“Ã„Â»Î“Ã„Â»Î“Ã„Â»Î“Ã„Â»Î“Ã„Â»Î“Ã„Â»Î“Ã„Â»Î“Ã„Â»Î“Ã„Â»Î“Ã„Â»Î“Ã„Â»[4/7]Î“Ã„Â»

 FAIL  tests/integration/ai/workflowEdit.test.ts > POST /api/workflows/:workflowId/ai/edit - Integration Test > should handle multi-operation edits with tempId resolution
Error: expected 200 "OK", got 500 "Internal Server Error"
 Î“Â¥Â» tests/integration/ai/workflowEdit.test.ts:390:8
    388|         userMessage: 'Add emergency contact section with name and phonÎ“Ã‡Âª
    389|       })
    390|       .expect(200);
       |        ^
    391| 
    392|     expect(response.body.success).toBe(true);
 Î“Â¥Â» Test._assertStatus node_modules/supertest/lib/test.js:309:14
 Î“Â¥Â» node_modules/supertest/lib/test.js:365:13
 Î“Â¥Â» Test._assertFunction node_modules/supertest/lib/test.js:342:13
 Î“Â¥Â» Test.assert node_modules/supertest/lib/test.js:195:23
 Î“Â¥Â» localAssert node_modules/supertest/lib/test.js:138:14
 Î“Â¥Â» Server.<anonymous> node_modules/supertest/lib/test.js:152:11

Î“Ã„Â»Î“Ã„Â»Î“Ã„Â»Î“Ã„Â»Î“Ã„Â»Î“Ã„Â»Î“Ã„Â»Î“Ã„Â»Î“Ã„Â»Î“Ã„Â»Î“Ã„Â»Î“Ã„Â»Î“Ã„Â»Î“Ã„Â»Î“Ã„Â»Î“Ã„Â»Î“Ã„Â»Î“Ã„Â»Î“Ã„Â»Î“Ã„Â»Î“Ã„Â»Î“Ã„Â»Î“Ã„Â»Î“Ã„Â»[5/7]Î“Ã„Â»

 FAIL  tests/integration/ai/workflowEdit.test.ts > POST /api/workflows/:workflowId/ai/edit - Integration Test > should create BEFORE and AFTER snapshots
Error: expected 200 "OK", got 500 "Internal Server Error"
 Î“Â¥Â» tests/integration/ai/workflowEdit.test.ts:427:8
    425|         userMessage: 'Add a simple field',
    426|       })
    427|       .expect(200);
       |        ^
    428| 
    429|     const versionId = response.body.data.versionId;
 Î“Â¥Â» Test._assertStatus node_modules/supertest/lib/test.js:309:14
 Î“Â¥Â» node_modules/supertest/lib/test.js:365:13
 Î“Â¥Â» Test._assertFunction node_modules/supertest/lib/test.js:342:13
 Î“Â¥Â» Test.assert node_modules/supertest/lib/test.js:195:23
 Î“Â¥Â» localAssert node_modules/supertest/lib/test.js:138:14
 Î“Â¥Â» Server.<anonymous> node_modules/supertest/lib/test.js:152:11

Î“Ã„Â»Î“Ã„Â»Î“Ã„Â»Î“Ã„Â»Î“Ã„Â»Î“Ã„Â»Î“Ã„Â»Î“Ã„Â»Î“Ã„Â»Î“Ã„Â»Î“Ã„Â»Î“Ã„Â»Î“Ã„Â»Î“Ã„Â»Î“Ã„Â»Î“Ã„Â»Î“Ã„Â»Î“Ã„Â»Î“Ã„Â»Î“Ã„Â»Î“Ã„Â»Î“Ã„Â»Î“Ã„Â»Î“Ã„Â»[6/7]Î“Ã„Â»

 FAIL  tests/integration/ai/workflowEdit.test.ts > POST /api/workflows/:workflowId/ai/edit - Integration Test > should rollback on validation failure
Error: expected 400 "Bad Request", got 500 "Internal Server Error"
 Î“Â¥Â» tests/integration/ai/workflowEdit.test.ts:496:8
    494|         userMessage: 'Add backup email field',
    495|       })
    496|       .expect(400);
       |        ^
    497| 
    498|     expect(response.body.success).toBe(false);
 Î“Â¥Â» Test._assertStatus node_modules/supertest/lib/test.js:309:14
 Î“Â¥Â» node_modules/supertest/lib/test.js:365:13
 Î“Â¥Â» Test._assertFunction node_modules/supertest/lib/test.js:342:13
 Î“Â¥Â» Test.assert node_modules/supertest/lib/test.js:195:23
 Î“Â¥Â» localAssert node_modules/supertest/lib/test.js:138:14
 Î“Â¥Â» Server.<anonymous> node_modules/supertest/lib/test.js:152:11

Î“Ã„Â»Î“Ã„Â»Î“Ã„Â»Î“Ã„Â»Î“Ã„Â»Î“Ã„Â»Î“Ã„Â»Î“Ã„Â»Î“Ã„Â»Î“Ã„Â»Î“Ã„Â»Î“Ã„Â»Î“Ã„Â»Î“Ã„Â»Î“Ã„Â»Î“Ã„Â»Î“Ã„Â»Î“Ã„Â»Î“Ã„Â»Î“Ã„Â»Î“Ã„Â»Î“Ã„Â»Î“Ã„Â»Î“Ã„Â»[7/7]Î“Ã„Â»


[2m Test Files [22m [1m[31m1 failed[39m[22m[90m (1)[39m
[2m      Tests [22m [1m[31m7 failed[39m[22m[2m | [22m[1m[32m1 passed[39m[22m[90m (8)[39m
[2m   Start at [22m 23:42:35
[2m   Duration [22m 73.37s[2m (transform 696ms, setup 133ms, import 1.39s, tests 71.46s, environment 0ms)[22m

