npm warn Unknown project config "puppeteer_skip_download". This will stop working in the next major version of npm.

[1m[46m RUN [49m[22m [36mv4.0.16 [39m[90mC:/Users/scoot/poll/VaultLogic[39m

[90mstdout[2m | tests/integration/ai/workflowEdit.test.ts
[22m[39mSETUP: Loading setup.ts...
[dotenv@17.2.3] injecting env (20) from .env -- tip: Î“ÃœÃ–âˆ©â••Ã…  enable debug logging with { debug: true }

[90mstdout[2m | tests/integration/ai/workflowEdit.test.ts
[22m[39m[dotenv@17.2.3] injecting env (0) from .env -- tip: Î“Â£Ã  audit secrets and track compliance: https://dotenvx.com/ops
DB: Skipping auto-init because NODE_ENV=test

{"level":30,"time":1768439444713,"env":"test","msg":"DB: initializing... Local"}
{"level":30,"time":1768439444737,"env":"test","msg":"DB: initialized flag set."}
[90mstdout[2m | tests/integration/ai/workflowEdit.test.ts
[22m[39mÎ“Â£Ã  Database initialized for tests
â‰¡Æ’Ã¶Ã¤ Running test migrations...

stderr | tests/integration/ai/workflowEdit.test.ts
Î“ÃœÃ¡âˆ©â••Ã… Migrations failed (non-fatal if DB exists): Error: No file ./migrations/0010_dazzling_bushwacker.sql found in ./migrations folder
    at readMigrationFiles (file:///C:/Users/scoot/poll/VaultLogic/node_modules/drizzle-orm/migrator.js:26:13)
    at Module.migrate (file:///C:/Users/scoot/poll/VaultLogic/node_modules/drizzle-orm/node-postgres/migrator.js:3:22)
    at C:/Users/scoot/poll/VaultLogic/tests/setup.ts:155:19
    at processTicksAndRejections (node:internal/process/task_queues:103:5)

[90mstdout[2m | tests/integration/ai/workflowEdit.test.ts
[22m[39mDEBUG: Existing functions: [
  {
    "proname": "datavault_get_next_autonumber",
    "proargnames": [
      "p_tenant_id",
      "p_table_id",
      "p_column_id",
      "p_prefix",
      "p_padding",
      "p_reset_policy"
    ],
    "proargtypes": "2950 2950 2950 25 23 25",
    "signature": "datavault_get_next_autonumber(uuid,uuid,uuid,text,integer,text)"
  },
  {
    "proname": "datavault_get_next_autonumber",
    "proargnames": [
      "p_tenant_id",
      "p_table_id",
      "p_column_id",
      "p_context_key",
      "p_min_digits",
      "p_prefix",
      "p_format"
    ],
    "proargtypes": "2950 2950 2950 25 23 25 25",
    "signature": "datavault_get_next_autonumber(uuid,uuid,uuid,text,integer,text,text)"
  }
]

{"level":30,"time":1768439445998,"env":"test","workflowId":"d1d3a961-da6c-4ebc-8b95-d1b1ef36e0c8","userId":"9625b2ef-59a0-4279-a204-6c792732b79c","sectionsCount":0,"stepsCount":0,"logicRulesCount":0,"msg":"getWorkflowWithDetails called"}
{"level":50,"time":1768439446097,"env":"test","module":"ai-workflow-edit-routes","error":{"length":178,"name":"error","severity":"ERROR","code":"42703","hint":"Perhaps you meant to reference the column \"aiSettings.updated_at\".","position":"54","file":"parse_relation.c","line":"3723","routine":"errorMissingColumn"},"workflowId":"d1d3a961-da6c-4ebc-8b95-d1b1ef36e0c8","msg":"AI model call failed"}
stderr | tests/integration/ai/workflowEdit.test.ts > POST /api/workflows/:workflowId/ai/edit - Integration Test > should create draft version on successful AI edit
DEBUG: INNER CATCH AI ERROR: error: column "created_at" does not exist
    at C:\Users\scoot\poll\VaultLogic\node_modules\pg-pool\index.js:45:11
    at processTicksAndRejections (node:internal/process/task_queues:103:5)
    at file:///C:/Users/scoot/poll/VaultLogic/node_modules/drizzle-orm/node-postgres/session.js:83:22
    at AiSettingsService.getEffectivePrompt (C:/Users/scoot/poll/VaultLogic/server/services/AiSettingsService.ts:39:32)
    at C:/Users/scoot/poll/VaultLogic/server/routes/ai/workflowEdit.routes.ts:71:40 {
  length: 178,
  severity: 'ERROR',
  code: '42703',
  detail: undefined,
  hint: 'Perhaps you meant to reference the column "aiSettings.updated_at".',
  position: '54',
  internalPosition: undefined,
  internalQuery: undefined,
  where: undefined,
  schema: undefined,
  table: undefined,
  column: undefined,
  dataType: undefined,
  constraint: undefined,
  file: 'parse_relation.c',
  line: '3723',
  routine: 'errorMissingColumn'
}
Stack: error: column "created_at" does not exist
    at C:\Users\scoot\poll\VaultLogic\node_modules\pg-pool\index.js:45:11
    at processTicksAndRejections (node:internal/process/task_queues:103:5)
    at file:///C:/Users/scoot/poll/VaultLogic/node_modules/drizzle-orm/node-postgres/session.js:83:22
    at AiSettingsService.getEffectivePrompt (C:/Users/scoot/poll/VaultLogic/server/services/AiSettingsService.ts:39:32)
    at C:/Users/scoot/poll/VaultLogic/server/routes/ai/workflowEdit.routes.ts:71:40

{"level":30,"time":1768439446617,"env":"test","workflowId":"df607b6a-fddc-460b-b4b1-70acf1da2095","userId":"9625b2ef-59a0-4279-a204-6c792732b79c","sectionsCount":0,"stepsCount":0,"logicRulesCount":0,"msg":"getWorkflowWithDetails called"}
{"level":50,"time":1768439446715,"env":"test","module":"ai-workflow-edit-routes","error":{"length":178,"name":"error","severity":"ERROR","code":"42703","hint":"Perhaps you meant to reference the column \"aiSettings.updated_at\".","position":"54","file":"parse_relation.c","line":"3723","routine":"errorMissingColumn"},"workflowId":"df607b6a-fddc-460b-b4b1-70acf1da2095","msg":"AI model call failed"}
stderr | tests/integration/ai/workflowEdit.test.ts > POST /api/workflows/:workflowId/ai/edit - Integration Test > should enforce draft mode (revert active workflow to draft)
DEBUG: INNER CATCH AI ERROR: error: column "created_at" does not exist
    at C:\Users\scoot\poll\VaultLogic\node_modules\pg-pool\index.js:45:11
    at processTicksAndRejections (node:internal/process/task_queues:103:5)
    at file:///C:/Users/scoot/poll/VaultLogic/node_modules/drizzle-orm/node-postgres/session.js:83:22
    at AiSettingsService.getEffectivePrompt (C:/Users/scoot/poll/VaultLogic/server/services/AiSettingsService.ts:39:32)
    at C:/Users/scoot/poll/VaultLogic/server/routes/ai/workflowEdit.routes.ts:71:40 {
  length: 178,
  severity: 'ERROR',
  code: '42703',
  detail: undefined,
  hint: 'Perhaps you meant to reference the column "aiSettings.updated_at".',
  position: '54',
  internalPosition: undefined,
  internalQuery: undefined,
  where: undefined,
  schema: undefined,
  table: undefined,
  column: undefined,
  dataType: undefined,
  constraint: undefined,
  file: 'parse_relation.c',
  line: '3723',
  routine: 'errorMissingColumn'
}
Stack: error: column "created_at" does not exist
    at C:\Users\scoot\poll\VaultLogic\node_modules\pg-pool\index.js:45:11
    at processTicksAndRejections (node:internal/process/task_queues:103:5)
    at file:///C:/Users/scoot/poll/VaultLogic/node_modules/drizzle-orm/node-postgres/session.js:83:22
    at AiSettingsService.getEffectivePrompt (C:/Users/scoot/poll/VaultLogic/server/services/AiSettingsService.ts:39:32)
    at C:/Users/scoot/poll/VaultLogic/server/routes/ai/workflowEdit.routes.ts:71:40

{"level":30,"time":1768439447189,"env":"test","workflowId":"c46a69e7-a51e-41a1-9e5a-01eb514dbb10","userId":"9625b2ef-59a0-4279-a204-6c792732b79c","sectionsCount":0,"stepsCount":0,"logicRulesCount":0,"msg":"getWorkflowWithDetails called"}
{"level":50,"time":1768439447288,"env":"test","module":"ai-workflow-edit-routes","error":{"length":178,"name":"error","severity":"ERROR","code":"42703","hint":"Perhaps you meant to reference the column \"aiSettings.updated_at\".","position":"54","file":"parse_relation.c","line":"3723","routine":"errorMissingColumn"},"workflowId":"c46a69e7-a51e-41a1-9e5a-01eb514dbb10","msg":"AI model call failed"}
stderr | tests/integration/ai/workflowEdit.test.ts > POST /api/workflows/:workflowId/ai/edit - Integration Test > should not create version when no changes detected (checksum match)
DEBUG: INNER CATCH AI ERROR: error: column "created_at" does not exist
    at C:\Users\scoot\poll\VaultLogic\node_modules\pg-pool\index.js:45:11
    at processTicksAndRejections (node:internal/process/task_queues:103:5)
    at file:///C:/Users/scoot/poll/VaultLogic/node_modules/drizzle-orm/node-postgres/session.js:83:22
    at AiSettingsService.getEffectivePrompt (C:/Users/scoot/poll/VaultLogic/server/services/AiSettingsService.ts:39:32)
    at C:/Users/scoot/poll/VaultLogic/server/routes/ai/workflowEdit.routes.ts:71:40 {
  length: 178,
  severity: 'ERROR',
  code: '42703',
  detail: undefined,
  hint: 'Perhaps you meant to reference the column "aiSettings.updated_at".',
  position: '54',
  internalPosition: undefined,
  internalQuery: undefined,
  where: undefined,
  schema: undefined,
  table: undefined,
  column: undefined,
  dataType: undefined,
  constraint: undefined,
  file: 'parse_relation.c',
  line: '3723',
  routine: 'errorMissingColumn'
}
Stack: error: column "created_at" does not exist
    at C:\Users\scoot\poll\VaultLogic\node_modules\pg-pool\index.js:45:11
    at processTicksAndRejections (node:internal/process/task_queues:103:5)
    at file:///C:/Users/scoot/poll/VaultLogic/node_modules/drizzle-orm/node-postgres/session.js:83:22
    at AiSettingsService.getEffectivePrompt (C:/Users/scoot/poll/VaultLogic/server/services/AiSettingsService.ts:39:32)
    at C:/Users/scoot/poll/VaultLogic/server/routes/ai/workflowEdit.routes.ts:71:40

{"level":30,"time":1768439447791,"env":"test","workflowId":"9f3fea45-826d-40b4-97fa-b065046f5ac4","userId":"9625b2ef-59a0-4279-a204-6c792732b79c","sectionsCount":0,"stepsCount":0,"logicRulesCount":0,"msg":"getWorkflowWithDetails called"}
{"level":50,"time":1768439447888,"env":"test","module":"ai-workflow-edit-routes","error":{"length":178,"name":"error","severity":"ERROR","code":"42703","hint":"Perhaps you meant to reference the column \"aiSettings.updated_at\".","position":"54","file":"parse_relation.c","line":"3723","routine":"errorMissingColumn"},"workflowId":"9f3fea45-826d-40b4-97fa-b065046f5ac4","msg":"AI model call failed"}
stderr | tests/integration/ai/workflowEdit.test.ts > POST /api/workflows/:workflowId/ai/edit - Integration Test > should reject unsafe DataVault operations
DEBUG: INNER CATCH AI ERROR: error: column "created_at" does not exist
    at C:\Users\scoot\poll\VaultLogic\node_modules\pg-pool\index.js:45:11
    at processTicksAndRejections (node:internal/process/task_queues:103:5)
    at file:///C:/Users/scoot/poll/VaultLogic/node_modules/drizzle-orm/node-postgres/session.js:83:22
    at AiSettingsService.getEffectivePrompt (C:/Users/scoot/poll/VaultLogic/server/services/AiSettingsService.ts:39:32)
    at C:/Users/scoot/poll/VaultLogic/server/routes/ai/workflowEdit.routes.ts:71:40 {
  length: 178,
  severity: 'ERROR',
  code: '42703',
  detail: undefined,
  hint: 'Perhaps you meant to reference the column "aiSettings.updated_at".',
  position: '54',
  internalPosition: undefined,
  internalQuery: undefined,
  where: undefined,
  schema: undefined,
  table: undefined,
  column: undefined,
  dataType: undefined,
  constraint: undefined,
  file: 'parse_relation.c',
  line: '3723',
  routine: 'errorMissingColumn'
}
Stack: error: column "created_at" does not exist
    at C:\Users\scoot\poll\VaultLogic\node_modules\pg-pool\index.js:45:11
    at processTicksAndRejections (node:internal/process/task_queues:103:5)
    at file:///C:/Users/scoot/poll/VaultLogic/node_modules/drizzle-orm/node-postgres/session.js:83:22
    at AiSettingsService.getEffectivePrompt (C:/Users/scoot/poll/VaultLogic/server/services/AiSettingsService.ts:39:32)
    at C:/Users/scoot/poll/VaultLogic/server/routes/ai/workflowEdit.routes.ts:71:40

{"level":30,"time":1768439448341,"env":"test","workflowId":"825b8579-388b-4724-9f7d-f35d7229ef8b","userId":"9625b2ef-59a0-4279-a204-6c792732b79c","sectionsCount":0,"stepsCount":0,"logicRulesCount":0,"msg":"getWorkflowWithDetails called"}
{"level":50,"time":1768439448448,"env":"test","module":"ai-workflow-edit-routes","error":{"length":178,"name":"error","severity":"ERROR","code":"42703","hint":"Perhaps you meant to reference the column \"aiSettings.updated_at\".","position":"54","file":"parse_relation.c","line":"3723","routine":"errorMissingColumn"},"workflowId":"825b8579-388b-4724-9f7d-f35d7229ef8b","msg":"AI model call failed"}
stderr | tests/integration/ai/workflowEdit.test.ts > POST /api/workflows/:workflowId/ai/edit - Integration Test > should handle multi-operation edits with tempId resolution
DEBUG: INNER CATCH AI ERROR: error: column "created_at" does not exist
    at C:\Users\scoot\poll\VaultLogic\node_modules\pg-pool\index.js:45:11
    at processTicksAndRejections (node:internal/process/task_queues:103:5)
    at file:///C:/Users/scoot/poll/VaultLogic/node_modules/drizzle-orm/node-postgres/session.js:83:22
    at AiSettingsService.getEffectivePrompt (C:/Users/scoot/poll/VaultLogic/server/services/AiSettingsService.ts:39:32)
    at C:/Users/scoot/poll/VaultLogic/server/routes/ai/workflowEdit.routes.ts:71:40 {
  length: 178,
  severity: 'ERROR',
  code: '42703',
  detail: undefined,
  hint: 'Perhaps you meant to reference the column "aiSettings.updated_at".',
  position: '54',
  internalPosition: undefined,
  internalQuery: undefined,
  where: undefined,
  schema: undefined,
  table: undefined,
  column: undefined,
  dataType: undefined,
  constraint: undefined,
  file: 'parse_relation.c',
  line: '3723',
  routine: 'errorMissingColumn'
}
Stack: error: column "created_at" does not exist
    at C:\Users\scoot\poll\VaultLogic\node_modules\pg-pool\index.js:45:11
    at processTicksAndRejections (node:internal/process/task_queues:103:5)
    at file:///C:/Users/scoot/poll/VaultLogic/node_modules/drizzle-orm/node-postgres/session.js:83:22
    at AiSettingsService.getEffectivePrompt (C:/Users/scoot/poll/VaultLogic/server/services/AiSettingsService.ts:39:32)
    at C:/Users/scoot/poll/VaultLogic/server/routes/ai/workflowEdit.routes.ts:71:40

{"level":30,"time":1768439448919,"env":"test","workflowId":"b628510f-30c7-4abe-a8fe-e6c9f15927ae","userId":"9625b2ef-59a0-4279-a204-6c792732b79c","sectionsCount":0,"stepsCount":0,"logicRulesCount":0,"msg":"getWorkflowWithDetails called"}
{"level":50,"time":1768439449015,"env":"test","module":"ai-workflow-edit-routes","error":{"length":178,"name":"error","severity":"ERROR","code":"42703","hint":"Perhaps you meant to reference the column \"aiSettings.updated_at\".","position":"54","file":"parse_relation.c","line":"3723","routine":"errorMissingColumn"},"workflowId":"b628510f-30c7-4abe-a8fe-e6c9f15927ae","msg":"AI model call failed"}
stderr | tests/integration/ai/workflowEdit.test.ts > POST /api/workflows/:workflowId/ai/edit - Integration Test > should create BEFORE and AFTER snapshots
DEBUG: INNER CATCH AI ERROR: error: column "created_at" does not exist
    at C:\Users\scoot\poll\VaultLogic\node_modules\pg-pool\index.js:45:11
    at processTicksAndRejections (node:internal/process/task_queues:103:5)
    at file:///C:/Users/scoot/poll/VaultLogic/node_modules/drizzle-orm/node-postgres/session.js:83:22
    at AiSettingsService.getEffectivePrompt (C:/Users/scoot/poll/VaultLogic/server/services/AiSettingsService.ts:39:32)
    at C:/Users/scoot/poll/VaultLogic/server/routes/ai/workflowEdit.routes.ts:71:40 {
  length: 178,
  severity: 'ERROR',
  code: '42703',
  detail: undefined,
  hint: 'Perhaps you meant to reference the column "aiSettings.updated_at".',
  position: '54',
  internalPosition: undefined,
  internalQuery: undefined,
  where: undefined,
  schema: undefined,
  table: undefined,
  column: undefined,
  dataType: undefined,
  constraint: undefined,
  file: 'parse_relation.c',
  line: '3723',
  routine: 'errorMissingColumn'
}
Stack: error: column "created_at" does not exist
    at C:\Users\scoot\poll\VaultLogic\node_modules\pg-pool\index.js:45:11
    at processTicksAndRejections (node:internal/process/task_queues:103:5)
    at file:///C:/Users/scoot/poll/VaultLogic/node_modules/drizzle-orm/node-postgres/session.js:83:22
    at AiSettingsService.getEffectivePrompt (C:/Users/scoot/poll/VaultLogic/server/services/AiSettingsService.ts:39:32)
    at C:/Users/scoot/poll/VaultLogic/server/routes/ai/workflowEdit.routes.ts:71:40

{"level":30,"time":1768439449661,"env":"test","workflowId":"bffd722b-cda9-447e-9cbf-47603802fb2a","userId":"9625b2ef-59a0-4279-a204-6c792732b79c","sectionsCount":1,"stepsCount":1,"logicRulesCount":0,"msg":"getWorkflowWithDetails called"}
{"level":50,"time":1768439449760,"env":"test","module":"ai-workflow-edit-routes","error":{"length":178,"name":"error","severity":"ERROR","code":"42703","hint":"Perhaps you meant to reference the column \"aiSettings.updated_at\".","position":"54","file":"parse_relation.c","line":"3723","routine":"errorMissingColumn"},"workflowId":"bffd722b-cda9-447e-9cbf-47603802fb2a","msg":"AI model call failed"}
stderr | tests/integration/ai/workflowEdit.test.ts > POST /api/workflows/:workflowId/ai/edit - Integration Test > should rollback on validation failure
DEBUG: INNER CATCH AI ERROR: error: column "created_at" does not exist
    at C:\Users\scoot\poll\VaultLogic\node_modules\pg-pool\index.js:45:11
    at processTicksAndRejections (node:internal/process/task_queues:103:5)
    at file:///C:/Users/scoot/poll/VaultLogic/node_modules/drizzle-orm/node-postgres/session.js:83:22
    at AiSettingsService.getEffectivePrompt (C:/Users/scoot/poll/VaultLogic/server/services/AiSettingsService.ts:39:32)
    at C:/Users/scoot/poll/VaultLogic/server/routes/ai/workflowEdit.routes.ts:71:40 {
  length: 178,
  severity: 'ERROR',
  code: '42703',
  detail: undefined,
  hint: 'Perhaps you meant to reference the column "aiSettings.updated_at".',
  position: '54',
  internalPosition: undefined,
  internalQuery: undefined,
  where: undefined,
  schema: undefined,
  table: undefined,
  column: undefined,
  dataType: undefined,
  constraint: undefined,
  file: 'parse_relation.c',
  line: '3723',
  routine: 'errorMissingColumn'
}
Stack: error: column "created_at" does not exist
    at C:\Users\scoot\poll\VaultLogic\node_modules\pg-pool\index.js:45:11
    at processTicksAndRejections (node:internal/process/task_queues:103:5)
    at file:///C:/Users/scoot/poll/VaultLogic/node_modules/drizzle-orm/node-postgres/session.js:83:22
    at AiSettingsService.getEffectivePrompt (C:/Users/scoot/poll/VaultLogic/server/services/AiSettingsService.ts:39:32)
    at C:/Users/scoot/poll/VaultLogic/server/routes/ai/workflowEdit.routes.ts:71:40

{"level":30,"time":1768439449763,"env":"test","msg":"DB: closing pool..."}
[90mstdout[2m | tests/integration/ai/workflowEdit.test.ts
[22m[39mâ‰¡Æ’Âºâ•£ Cleaning up test environment...

{"level":30,"time":1768439449763,"env":"test","msg":"DB: pool closed."}
 [31mÎ“Â¥Â»[39m tests/integration/ai/workflowEdit.test.ts [2m([22m[2m8 tests[22m[2m | [22m[31m7 failed[39m[2m)[22m[33m 5052[2mms[22m[39m
[31m     [31mâ”œÃ¹[31m should create draft version on successful AI edit[39m[33m 578[2mms[22m[39m
[31m     [31mâ”œÃ¹[31m should enforce draft mode (revert active workflow to draft)[39m[33m 614[2mms[22m[39m
[31m     [31mâ”œÃ¹[31m should not create version when no changes detected (checksum match)[39m[33m 571[2mms[22m[39m
     [32mÎ“Â£Ã´[39m should reject unauthorized access[32m 58[2mms[22m[39m
[31m     [31mâ”œÃ¹[31m should reject unsafe DataVault operations[39m[33m 541[2mms[22m[39m
[31m     [31mâ”œÃ¹[31m should handle multi-operation edits with tempId resolution[39m[33m 560[2mms[22m[39m
[31m     [31mâ”œÃ¹[31m should create BEFORE and AFTER snapshots[39m[33m 567[2mms[22m[39m
[31m     [31mâ”œÃ¹[31m should rollback on validation failure[39m[33m 746[2mms[22m[39m

Î“Ã„Â»Î“Ã„Â»Î“Ã„Â»Î“Ã„Â»Î“Ã„Â»Î“Ã„Â» Failed Suites 1 Î“Ã„Â»Î“Ã„Â»Î“Ã„Â»Î“Ã„Â»Î“Ã„Â»Î“Ã„Â»Î“Ã„Â»

 FAIL  tests/integration/ai/workflowEdit.test.ts > POST /api/workflows/:workflowId/ai/edit - Integration Test
TypeError: Cannot read properties of undefined (reading 'actorId')
 Î“Â¥Â» tests/integration/ai/workflowEdit.test.ts:149:55
    147|     // Steps are deleted via cascade when sections are deleted
    148|     // Delete audit events first to avoid FK constraint violations
    149|     await db.delete(auditEvents).where(eq(auditEvents.actorId, testUseÎ“Ã‡Âª
       |                                                       ^
    150|     await db.delete(sections).where(eq(sections.workflowId, testWorkflÎ“Ã‡Âª
    151|     await db.delete(workflowVersions).where(eq(workflowVersions.workflÎ“Ã‡Âª

Î“Ã„Â»Î“Ã„Â»Î“Ã„Â»Î“Ã„Â»Î“Ã„Â»Î“Ã„Â»Î“Ã„Â»Î“Ã„Â»Î“Ã„Â»Î“Ã„Â»Î“Ã„Â»Î“Ã„Â»Î“Ã„Â»Î“Ã„Â»Î“Ã„Â»Î“Ã„Â»Î“Ã„Â»Î“Ã„Â»Î“Ã„Â»Î“Ã„Â»Î“Ã„Â»Î“Ã„Â»Î“Ã„Â»Î“Ã„Â»[1/8]Î“Ã„Â»


Î“Ã„Â»Î“Ã„Â»Î“Ã„Â»Î“Ã„Â»Î“Ã„Â»Î“Ã„Â»Î“Ã„Â» Failed Tests 7 Î“Ã„Â»Î“Ã„Â»Î“Ã„Â»Î“Ã„Â»Î“Ã„Â»Î“Ã„Â»Î“Ã„Â»

 FAIL  tests/integration/ai/workflowEdit.test.ts > POST /api/workflows/:workflowId/ai/edit - Integration Test > should create draft version on successful AI edit
Error: expected 200 "OK", got 500 "Internal Server Error"
 Î“Â¥Â» tests/integration/ai/workflowEdit.test.ts:170:8
    168|         },
    169|       })
    170|       .expect(200);
       |        ^
    171| 
    172|     expect(response.body.success).toBe(true);
 Î“Â¥Â» Test._assertStatus node_modules/supertest/lib/test.js:309:14
 Î“Â¥Â» node_modules/supertest/lib/test.js:365:13
 Î“Â¥Â» Test._assertFunction node_modules/supertest/lib/test.js:342:13
 Î“Â¥Â» Test.assert node_modules/supertest/lib/test.js:195:23
 Î“Â¥Â» localAssert node_modules/supertest/lib/test.js:138:14
 Î“Â¥Â» Server.<anonymous> node_modules/supertest/lib/test.js:152:11

Î“Ã„Â»Î“Ã„Â»Î“Ã„Â»Î“Ã„Â»Î“Ã„Â»Î“Ã„Â»Î“Ã„Â»Î“Ã„Â»Î“Ã„Â»Î“Ã„Â»Î“Ã„Â»Î“Ã„Â»Î“Ã„Â»Î“Ã„Â»Î“Ã„Â»Î“Ã„Â»Î“Ã„Â»Î“Ã„Â»Î“Ã„Â»Î“Ã„Â»Î“Ã„Â»Î“Ã„Â»Î“Ã„Â»Î“Ã„Â»[2/8]Î“Ã„Â»

 FAIL  tests/integration/ai/workflowEdit.test.ts > POST /api/workflows/:workflowId/ai/edit - Integration Test > should enforce draft mode (revert active workflow to draft)
Error: expected 200 "OK", got 500 "Internal Server Error"
 Î“Â¥Â» tests/integration/ai/workflowEdit.test.ts:210:8
    208|         userMessage: 'Add a phone number field',
    209|       })
    210|       .expect(200);
       |        ^
    211| 
    212|     // Verify workflow is now draft
 Î“Â¥Â» Test._assertStatus node_modules/supertest/lib/test.js:309:14
 Î“Â¥Â» node_modules/supertest/lib/test.js:365:13
 Î“Â¥Â» Test._assertFunction node_modules/supertest/lib/test.js:342:13
 Î“Â¥Â» Test.assert node_modules/supertest/lib/test.js:195:23
 Î“Â¥Â» localAssert node_modules/supertest/lib/test.js:138:14
 Î“Â¥Â» Server.<anonymous> node_modules/supertest/lib/test.js:152:11

Î“Ã„Â»Î“Ã„Â»Î“Ã„Â»Î“Ã„Â»Î“Ã„Â»Î“Ã„Â»Î“Ã„Â»Î“Ã„Â»Î“Ã„Â»Î“Ã„Â»Î“Ã„Â»Î“Ã„Â»Î“Ã„Â»Î“Ã„Â»Î“Ã„Â»Î“Ã„Â»Î“Ã„Â»Î“Ã„Â»Î“Ã„Â»Î“Ã„Â»Î“Ã„Â»Î“Ã„Â»Î“Ã„Â»Î“Ã„Â»[3/8]Î“Ã„Â»

 FAIL  tests/integration/ai/workflowEdit.test.ts > POST /api/workflows/:workflowId/ai/edit - Integration Test > should not create version when no changes detected (checksum match)
Error: expected 200 "OK", got 500 "Internal Server Error"
 Î“Â¥Â» tests/integration/ai/workflowEdit.test.ts:227:8
    225|         userMessage: 'Add contact section',
    226|       })
    227|       .expect(200);
       |        ^
    228| 
    229|     const versionId1 = response1.body.data.versionId;
 Î“Â¥Â» Test._assertStatus node_modules/supertest/lib/test.js:309:14
 Î“Â¥Â» node_modules/supertest/lib/test.js:365:13
 Î“Â¥Â» Test._assertFunction node_modules/supertest/lib/test.js:342:13
 Î“Â¥Â» Test.assert node_modules/supertest/lib/test.js:195:23
 Î“Â¥Â» localAssert node_modules/supertest/lib/test.js:138:14
 Î“Â¥Â» Server.<anonymous> node_modules/supertest/lib/test.js:152:11

Î“Ã„Â»Î“Ã„Â»Î“Ã„Â»Î“Ã„Â»Î“Ã„Â»Î“Ã„Â»Î“Ã„Â»Î“Ã„Â»Î“Ã„Â»Î“Ã„Â»Î“Ã„Â»Î“Ã„Â»Î“Ã„Â»Î“Ã„Â»Î“Ã„Â»Î“Ã„Â»Î“Ã„Â»Î“Ã„Â»Î“Ã„Â»Î“Ã„Â»Î“Ã„Â»Î“Ã„Â»Î“Ã„Â»Î“Ã„Â»[4/8]Î“Ã„Â»

 FAIL  tests/integration/ai/workflowEdit.test.ts > POST /api/workflows/:workflowId/ai/edit - Integration Test > should reject unsafe DataVault operations
Error: expected 400 "Bad Request", got 500 "Internal Server Error"
 Î“Â¥Â» tests/integration/ai/workflowEdit.test.ts:310:8
    308|         userMessage: 'Delete all data',
    309|       })
    310|       .expect(400);
       |        ^
    311| 
    312|     expect(response.body.success).toBe(false);
 Î“Â¥Â» Test._assertStatus node_modules/supertest/lib/test.js:309:14
 Î“Â¥Â» node_modules/supertest/lib/test.js:365:13
 Î“Â¥Â» Test._assertFunction node_modules/supertest/lib/test.js:342:13
 Î“Â¥Â» Test.assert node_modules/supertest/lib/test.js:195:23
 Î“Â¥Â» localAssert node_modules/supertest/lib/test.js:138:14
 Î“Â¥Â» Server.<anonymous> node_modules/supertest/lib/test.js:152:11

Î“Ã„Â»Î“Ã„Â»Î“Ã„Â»Î“Ã„Â»Î“Ã„Â»Î“Ã„Â»Î“Ã„Â»Î“Ã„Â»Î“Ã„Â»Î“Ã„Â»Î“Ã„Â»Î“Ã„Â»Î“Ã„Â»Î“Ã„Â»Î“Ã„Â»Î“Ã„Â»Î“Ã„Â»Î“Ã„Â»Î“Ã„Â»Î“Ã„Â»Î“Ã„Â»Î“Ã„Â»Î“Ã„Â»Î“Ã„Â»[5/8]Î“Ã„Â»

 FAIL  tests/integration/ai/workflowEdit.test.ts > POST /api/workflows/:workflowId/ai/edit - Integration Test > should handle multi-operation edits with tempId resolution
Error: expected 200 "OK", got 500 "Internal Server Error"
 Î“Â¥Â» tests/integration/ai/workflowEdit.test.ts:381:8
    379|         userMessage: 'Add emergency contact section with name and phonÎ“Ã‡Âª
    380|       })
    381|       .expect(200);
       |        ^
    382| 
    383|     expect(response.body.success).toBe(true);
 Î“Â¥Â» Test._assertStatus node_modules/supertest/lib/test.js:309:14
 Î“Â¥Â» node_modules/supertest/lib/test.js:365:13
 Î“Â¥Â» Test._assertFunction node_modules/supertest/lib/test.js:342:13
 Î“Â¥Â» Test.assert node_modules/supertest/lib/test.js:195:23
 Î“Â¥Â» localAssert node_modules/supertest/lib/test.js:138:14
 Î“Â¥Â» Server.<anonymous> node_modules/supertest/lib/test.js:152:11

Î“Ã„Â»Î“Ã„Â»Î“Ã„Â»Î“Ã„Â»Î“Ã„Â»Î“Ã„Â»Î“Ã„Â»Î“Ã„Â»Î“Ã„Â»Î“Ã„Â»Î“Ã„Â»Î“Ã„Â»Î“Ã„Â»Î“Ã„Â»Î“Ã„Â»Î“Ã„Â»Î“Ã„Â»Î“Ã„Â»Î“Ã„Â»Î“Ã„Â»Î“Ã„Â»Î“Ã„Â»Î“Ã„Â»Î“Ã„Â»[6/8]Î“Ã„Â»

 FAIL  tests/integration/ai/workflowEdit.test.ts > POST /api/workflows/:workflowId/ai/edit - Integration Test > should create BEFORE and AFTER snapshots
Error: expected 200 "OK", got 500 "Internal Server Error"
 Î“Â¥Â» tests/integration/ai/workflowEdit.test.ts:418:8
    416|         userMessage: 'Add a simple field',
    417|       })
    418|       .expect(200);
       |        ^
    419| 
    420|     const versionId = response.body.data.versionId;
 Î“Â¥Â» Test._assertStatus node_modules/supertest/lib/test.js:309:14
 Î“Â¥Â» node_modules/supertest/lib/test.js:365:13
 Î“Â¥Â» Test._assertFunction node_modules/supertest/lib/test.js:342:13
 Î“Â¥Â» Test.assert node_modules/supertest/lib/test.js:195:23
 Î“Â¥Â» localAssert node_modules/supertest/lib/test.js:138:14
 Î“Â¥Â» Server.<anonymous> node_modules/supertest/lib/test.js:152:11

Î“Ã„Â»Î“Ã„Â»Î“Ã„Â»Î“Ã„Â»Î“Ã„Â»Î“Ã„Â»Î“Ã„Â»Î“Ã„Â»Î“Ã„Â»Î“Ã„Â»Î“Ã„Â»Î“Ã„Â»Î“Ã„Â»Î“Ã„Â»Î“Ã„Â»Î“Ã„Â»Î“Ã„Â»Î“Ã„Â»Î“Ã„Â»Î“Ã„Â»Î“Ã„Â»Î“Ã„Â»Î“Ã„Â»Î“Ã„Â»[7/8]Î“Ã„Â»

 FAIL  tests/integration/ai/workflowEdit.test.ts > POST /api/workflows/:workflowId/ai/edit - Integration Test > should rollback on validation failure
Error: expected 400 "Bad Request", got 500 "Internal Server Error"
 Î“Â¥Â» tests/integration/ai/workflowEdit.test.ts:487:8
    485|         userMessage: 'Add backup email field',
    486|       })
    487|       .expect(400);
       |        ^
    488| 
    489|     expect(response.body.success).toBe(false);
 Î“Â¥Â» Test._assertStatus node_modules/supertest/lib/test.js:309:14
 Î“Â¥Â» node_modules/supertest/lib/test.js:365:13
 Î“Â¥Â» Test._assertFunction node_modules/supertest/lib/test.js:342:13
 Î“Â¥Â» Test.assert node_modules/supertest/lib/test.js:195:23
 Î“Â¥Â» localAssert node_modules/supertest/lib/test.js:138:14
 Î“Â¥Â» Server.<anonymous> node_modules/supertest/lib/test.js:152:11

Î“Ã„Â»Î“Ã„Â»Î“Ã„Â»Î“Ã„Â»Î“Ã„Â»Î“Ã„Â»Î“Ã„Â»Î“Ã„Â»Î“Ã„Â»Î“Ã„Â»Î“Ã„Â»Î“Ã„Â»Î“Ã„Â»Î“Ã„Â»Î“Ã„Â»Î“Ã„Â»Î“Ã„Â»Î“Ã„Â»Î“Ã„Â»Î“Ã„Â»Î“Ã„Â»Î“Ã„Â»Î“Ã„Â»Î“Ã„Â»[8/8]Î“Ã„Â»


[2m Test Files [22m [1m[31m1 failed[39m[22m[90m (1)[39m
[2m      Tests [22m [1m[31m7 failed[39m[22m[2m | [22m[1m[32m1 passed[39m[22m[90m (8)[39m
[2m   Start at [22m 19:10:42
[2m   Duration [22m 7.13s[2m (transform 773ms, setup 194ms, import 1.38s, tests 5.05s, environment 0ms)[22m

