npm warn Unknown project config "puppeteer_skip_download". This will stop working in the next major version of npm.

[1m[46m RUN [49m[22m [36mv4.0.16 [39m[90mC:/Users/scoot/poll/VaultLogic[39m

[90mstdout[2m | tests/integration/ai/workflowEdit.test.ts
[22m[39mSETUP: Loading setup.ts...
[dotenv@17.2.3] injecting env (20) from .env -- tip: Î“ÃœÃ–âˆ©â••Ã…  specify custom .env file path with { path: '/custom/path/.env' }

[90mstdout[2m | tests/integration/ai/workflowEdit.test.ts
[22m[39m[dotenv@17.2.3] injecting env (0) from .env -- tip: â‰¡Æ’Ã¦Ã‘ sync secrets across teammates & machines: https://dotenvx.com/ops
DB: Skipping auto-init because NODE_ENV=test

{"level":30,"time":1768453012501,"env":"test","msg":"DB: initializing... Local"}
{"level":30,"time":1768453012527,"env":"test","msg":"DB: initialized flag set."}
[90mstdout[2m | tests/integration/ai/workflowEdit.test.ts
[22m[39mÎ“Â£Ã  Database initialized for tests
â‰¡Æ’Ã¶Ã¤ Running test migrations (manual file mode due to broken journal)...

stderr | tests/integration/ai/workflowEdit.test.ts
Î“Â¥Ã® FAILED MIGRATION 0061_optimize_query_performance.sql: column "created_at" does not exist
Î“ÃœÃ¡âˆ©â••Ã… Migrations failed (non-fatal if DB exists): error: column "created_at" does not exist
    at C:\Users\scoot\poll\VaultLogic\node_modules\pg-pool\index.js:45:11
    at processTicksAndRejections (node:internal/process/task_queues:103:5)
    at C:/Users/scoot/poll/VaultLogic/tests/setup.ts:169:19 {
  length: 100,
  severity: 'ERROR',
  code: '42703',
  detail: undefined,
  hint: undefined,
  position: undefined,
  internalPosition: undefined,
  internalQuery: undefined,
  where: undefined,
  schema: undefined,
  table: undefined,
  column: undefined,
  dataType: undefined,
  constraint: undefined,
  file: 'indexcmds.c',
  line: '1888',
  routine: 'ComputeIndexAttrs'
}

[90mstdout[2m | tests/integration/ai/workflowEdit.test.ts
[22m[39mDEBUG: Existing functions: [
  {
    "proname": "datavault_get_next_autonumber",
    "proargnames": [
      "p_tenant_id",
      "p_table_id",
      "p_column_id",
      "p_prefix",
      "p_padding",
      "p_reset_policy"
    ],
    "proargtypes": "2950 2950 2950 25 23 25",
    "signature": "datavault_get_next_autonumber(uuid,uuid,uuid,text,integer,text)"
  },
  {
    "proname": "datavault_get_next_autonumber",
    "proargnames": [
      "p_tenant_id",
      "p_table_id",
      "p_column_id",
      "p_prefix",
      "p_padding",
      "p_reset_policy",
      "p_format"
    ],
    "proargtypes": "2950 2950 2950 25 23 25 25",
    "signature": "datavault_get_next_autonumber(uuid,uuid,uuid,text,integer,text,text)"
  }
]

{"level":30,"time":1768453025176,"env":"test","workflowId":"ed49c9c9-8d23-48e1-9f36-e21d5dc48aad","userId":"ceed553d-8437-44de-aee6-e94a7708dcd0","sectionsCount":0,"stepsCount":0,"logicRulesCount":0,"msg":"getWorkflowWithDetails called"}
{"level":50,"time":1768453025274,"env":"test","module":"ai-workflow-edit-routes","error":{"length":178,"name":"error","severity":"ERROR","code":"42703","hint":"Perhaps you meant to reference the column \"aiSettings.updated_at\".","position":"54","file":"parse_relation.c","line":"3723","routine":"errorMissingColumn"},"workflowId":"ed49c9c9-8d23-48e1-9f36-e21d5dc48aad","msg":"AI model call failed"}
stderr | tests/integration/ai/workflowEdit.test.ts > POST /api/workflows/:workflowId/ai/edit - Integration Test > should create draft version on successful AI edit
DEBUG: INNER CATCH AI ERROR: error: column "created_at" does not exist
    at C:\Users\scoot\poll\VaultLogic\node_modules\pg-pool\index.js:45:11
    at processTicksAndRejections (node:internal/process/task_queues:103:5)
    at file:///C:/Users/scoot/poll/VaultLogic/node_modules/drizzle-orm/node-postgres/session.js:83:22
    at AiSettingsService.getEffectivePrompt (C:/Users/scoot/poll/VaultLogic/server/services/AiSettingsService.ts:39:32)
    at C:/Users/scoot/poll/VaultLogic/server/routes/ai/workflowEdit.routes.ts:71:40 {
  length: 178,
  severity: 'ERROR',
  code: '42703',
  detail: undefined,
  hint: 'Perhaps you meant to reference the column "aiSettings.updated_at".',
  position: '54',
  internalPosition: undefined,
  internalQuery: undefined,
  where: undefined,
  schema: undefined,
  table: undefined,
  column: undefined,
  dataType: undefined,
  constraint: undefined,
  file: 'parse_relation.c',
  line: '3723',
  routine: 'errorMissingColumn'
}
Stack: error: column "created_at" does not exist
    at C:\Users\scoot\poll\VaultLogic\node_modules\pg-pool\index.js:45:11
    at processTicksAndRejections (node:internal/process/task_queues:103:5)
    at file:///C:/Users/scoot/poll/VaultLogic/node_modules/drizzle-orm/node-postgres/session.js:83:22
    at AiSettingsService.getEffectivePrompt (C:/Users/scoot/poll/VaultLogic/server/services/AiSettingsService.ts:39:32)
    at C:/Users/scoot/poll/VaultLogic/server/routes/ai/workflowEdit.routes.ts:71:40

{"level":30,"time":1768453025769,"env":"test","workflowId":"d6737f69-c027-4f5f-8ea7-5e3b66239889","userId":"ceed553d-8437-44de-aee6-e94a7708dcd0","sectionsCount":0,"stepsCount":0,"logicRulesCount":0,"msg":"getWorkflowWithDetails called"}
{"level":50,"time":1768453025860,"env":"test","module":"ai-workflow-edit-routes","error":{"length":178,"name":"error","severity":"ERROR","code":"42703","hint":"Perhaps you meant to reference the column \"aiSettings.updated_at\".","position":"54","file":"parse_relation.c","line":"3723","routine":"errorMissingColumn"},"workflowId":"d6737f69-c027-4f5f-8ea7-5e3b66239889","msg":"AI model call failed"}
stderr | tests/integration/ai/workflowEdit.test.ts > POST /api/workflows/:workflowId/ai/edit - Integration Test > should enforce draft mode (revert active workflow to draft)
DEBUG: INNER CATCH AI ERROR: error: column "created_at" does not exist
    at C:\Users\scoot\poll\VaultLogic\node_modules\pg-pool\index.js:45:11
    at processTicksAndRejections (node:internal/process/task_queues:103:5)
    at file:///C:/Users/scoot/poll/VaultLogic/node_modules/drizzle-orm/node-postgres/session.js:83:22
    at AiSettingsService.getEffectivePrompt (C:/Users/scoot/poll/VaultLogic/server/services/AiSettingsService.ts:39:32)
    at C:/Users/scoot/poll/VaultLogic/server/routes/ai/workflowEdit.routes.ts:71:40 {
  length: 178,
  severity: 'ERROR',
  code: '42703',
  detail: undefined,
  hint: 'Perhaps you meant to reference the column "aiSettings.updated_at".',
  position: '54',
  internalPosition: undefined,
  internalQuery: undefined,
  where: undefined,
  schema: undefined,
  table: undefined,
  column: undefined,
  dataType: undefined,
  constraint: undefined,
  file: 'parse_relation.c',
  line: '3723',
  routine: 'errorMissingColumn'
}
Stack: error: column "created_at" does not exist
    at C:\Users\scoot\poll\VaultLogic\node_modules\pg-pool\index.js:45:11
    at processTicksAndRejections (node:internal/process/task_queues:103:5)
    at file:///C:/Users/scoot/poll/VaultLogic/node_modules/drizzle-orm/node-postgres/session.js:83:22
    at AiSettingsService.getEffectivePrompt (C:/Users/scoot/poll/VaultLogic/server/services/AiSettingsService.ts:39:32)
    at C:/Users/scoot/poll/VaultLogic/server/routes/ai/workflowEdit.routes.ts:71:40

{"level":30,"time":1768453026324,"env":"test","workflowId":"40e4b113-b1cc-491f-9e9d-fb799039fde6","userId":"ceed553d-8437-44de-aee6-e94a7708dcd0","sectionsCount":0,"stepsCount":0,"logicRulesCount":0,"msg":"getWorkflowWithDetails called"}
{"level":50,"time":1768453026417,"env":"test","module":"ai-workflow-edit-routes","error":{"length":178,"name":"error","severity":"ERROR","code":"42703","hint":"Perhaps you meant to reference the column \"aiSettings.updated_at\".","position":"54","file":"parse_relation.c","line":"3723","routine":"errorMissingColumn"},"workflowId":"40e4b113-b1cc-491f-9e9d-fb799039fde6","msg":"AI model call failed"}
stderr | tests/integration/ai/workflowEdit.test.ts > POST /api/workflows/:workflowId/ai/edit - Integration Test > should not create version when no changes detected (checksum match)
DEBUG: INNER CATCH AI ERROR: error: column "created_at" does not exist
    at C:\Users\scoot\poll\VaultLogic\node_modules\pg-pool\index.js:45:11
    at processTicksAndRejections (node:internal/process/task_queues:103:5)
    at file:///C:/Users/scoot/poll/VaultLogic/node_modules/drizzle-orm/node-postgres/session.js:83:22
    at AiSettingsService.getEffectivePrompt (C:/Users/scoot/poll/VaultLogic/server/services/AiSettingsService.ts:39:32)
    at C:/Users/scoot/poll/VaultLogic/server/routes/ai/workflowEdit.routes.ts:71:40 {
  length: 178,
  severity: 'ERROR',
  code: '42703',
  detail: undefined,
  hint: 'Perhaps you meant to reference the column "aiSettings.updated_at".',
  position: '54',
  internalPosition: undefined,
  internalQuery: undefined,
  where: undefined,
  schema: undefined,
  table: undefined,
  column: undefined,
  dataType: undefined,
  constraint: undefined,
  file: 'parse_relation.c',
  line: '3723',
  routine: 'errorMissingColumn'
}
Stack: error: column "created_at" does not exist
    at C:\Users\scoot\poll\VaultLogic\node_modules\pg-pool\index.js:45:11
    at processTicksAndRejections (node:internal/process/task_queues:103:5)
    at file:///C:/Users/scoot/poll/VaultLogic/node_modules/drizzle-orm/node-postgres/session.js:83:22
    at AiSettingsService.getEffectivePrompt (C:/Users/scoot/poll/VaultLogic/server/services/AiSettingsService.ts:39:32)
    at C:/Users/scoot/poll/VaultLogic/server/routes/ai/workflowEdit.routes.ts:71:40

{"level":30,"time":1768453026911,"env":"test","workflowId":"e138d701-6164-48ad-a6f6-8686bd4084de","userId":"ceed553d-8437-44de-aee6-e94a7708dcd0","sectionsCount":0,"stepsCount":0,"logicRulesCount":0,"msg":"getWorkflowWithDetails called"}
{"level":50,"time":1768453027000,"env":"test","module":"ai-workflow-edit-routes","error":{"length":178,"name":"error","severity":"ERROR","code":"42703","hint":"Perhaps you meant to reference the column \"aiSettings.updated_at\".","position":"54","file":"parse_relation.c","line":"3723","routine":"errorMissingColumn"},"workflowId":"e138d701-6164-48ad-a6f6-8686bd4084de","msg":"AI model call failed"}
stderr | tests/integration/ai/workflowEdit.test.ts > POST /api/workflows/:workflowId/ai/edit - Integration Test > should reject unsafe DataVault operations
DEBUG: INNER CATCH AI ERROR: error: column "created_at" does not exist
    at C:\Users\scoot\poll\VaultLogic\node_modules\pg-pool\index.js:45:11
    at processTicksAndRejections (node:internal/process/task_queues:103:5)
    at file:///C:/Users/scoot/poll/VaultLogic/node_modules/drizzle-orm/node-postgres/session.js:83:22
    at AiSettingsService.getEffectivePrompt (C:/Users/scoot/poll/VaultLogic/server/services/AiSettingsService.ts:39:32)
    at C:/Users/scoot/poll/VaultLogic/server/routes/ai/workflowEdit.routes.ts:71:40 {
  length: 178,
  severity: 'ERROR',
  code: '42703',
  detail: undefined,
  hint: 'Perhaps you meant to reference the column "aiSettings.updated_at".',
  position: '54',
  internalPosition: undefined,
  internalQuery: undefined,
  where: undefined,
  schema: undefined,
  table: undefined,
  column: undefined,
  dataType: undefined,
  constraint: undefined,
  file: 'parse_relation.c',
  line: '3723',
  routine: 'errorMissingColumn'
}
Stack: error: column "created_at" does not exist
    at C:\Users\scoot\poll\VaultLogic\node_modules\pg-pool\index.js:45:11
    at processTicksAndRejections (node:internal/process/task_queues:103:5)
    at file:///C:/Users/scoot/poll/VaultLogic/node_modules/drizzle-orm/node-postgres/session.js:83:22
    at AiSettingsService.getEffectivePrompt (C:/Users/scoot/poll/VaultLogic/server/services/AiSettingsService.ts:39:32)
    at C:/Users/scoot/poll/VaultLogic/server/routes/ai/workflowEdit.routes.ts:71:40

{"level":30,"time":1768453027452,"env":"test","workflowId":"053c2b70-c975-4e24-ba29-1c301e6fc695","userId":"ceed553d-8437-44de-aee6-e94a7708dcd0","sectionsCount":0,"stepsCount":0,"logicRulesCount":0,"msg":"getWorkflowWithDetails called"}
{"level":50,"time":1768453027544,"env":"test","module":"ai-workflow-edit-routes","error":{"length":178,"name":"error","severity":"ERROR","code":"42703","hint":"Perhaps you meant to reference the column \"aiSettings.updated_at\".","position":"54","file":"parse_relation.c","line":"3723","routine":"errorMissingColumn"},"workflowId":"053c2b70-c975-4e24-ba29-1c301e6fc695","msg":"AI model call failed"}
stderr | tests/integration/ai/workflowEdit.test.ts > POST /api/workflows/:workflowId/ai/edit - Integration Test > should handle multi-operation edits with tempId resolution
DEBUG: INNER CATCH AI ERROR: error: column "created_at" does not exist
    at C:\Users\scoot\poll\VaultLogic\node_modules\pg-pool\index.js:45:11
    at processTicksAndRejections (node:internal/process/task_queues:103:5)
    at file:///C:/Users/scoot/poll/VaultLogic/node_modules/drizzle-orm/node-postgres/session.js:83:22
    at AiSettingsService.getEffectivePrompt (C:/Users/scoot/poll/VaultLogic/server/services/AiSettingsService.ts:39:32)
    at C:/Users/scoot/poll/VaultLogic/server/routes/ai/workflowEdit.routes.ts:71:40 {
  length: 178,
  severity: 'ERROR',
  code: '42703',
  detail: undefined,
  hint: 'Perhaps you meant to reference the column "aiSettings.updated_at".',
  position: '54',
  internalPosition: undefined,
  internalQuery: undefined,
  where: undefined,
  schema: undefined,
  table: undefined,
  column: undefined,
  dataType: undefined,
  constraint: undefined,
  file: 'parse_relation.c',
  line: '3723',
  routine: 'errorMissingColumn'
}
Stack: error: column "created_at" does not exist
    at C:\Users\scoot\poll\VaultLogic\node_modules\pg-pool\index.js:45:11
    at processTicksAndRejections (node:internal/process/task_queues:103:5)
    at file:///C:/Users/scoot/poll/VaultLogic/node_modules/drizzle-orm/node-postgres/session.js:83:22
    at AiSettingsService.getEffectivePrompt (C:/Users/scoot/poll/VaultLogic/server/services/AiSettingsService.ts:39:32)
    at C:/Users/scoot/poll/VaultLogic/server/routes/ai/workflowEdit.routes.ts:71:40

{"level":30,"time":1768453027990,"env":"test","workflowId":"5427875f-d248-4497-b5cc-f0b9d5ec1e0e","userId":"ceed553d-8437-44de-aee6-e94a7708dcd0","sectionsCount":0,"stepsCount":0,"logicRulesCount":0,"msg":"getWorkflowWithDetails called"}
{"level":50,"time":1768453028085,"env":"test","module":"ai-workflow-edit-routes","error":{"length":178,"name":"error","severity":"ERROR","code":"42703","hint":"Perhaps you meant to reference the column \"aiSettings.updated_at\".","position":"54","file":"parse_relation.c","line":"3723","routine":"errorMissingColumn"},"workflowId":"5427875f-d248-4497-b5cc-f0b9d5ec1e0e","msg":"AI model call failed"}
stderr | tests/integration/ai/workflowEdit.test.ts > POST /api/workflows/:workflowId/ai/edit - Integration Test > should create BEFORE and AFTER snapshots
DEBUG: INNER CATCH AI ERROR: error: column "created_at" does not exist
    at C:\Users\scoot\poll\VaultLogic\node_modules\pg-pool\index.js:45:11
    at processTicksAndRejections (node:internal/process/task_queues:103:5)
    at file:///C:/Users/scoot/poll/VaultLogic/node_modules/drizzle-orm/node-postgres/session.js:83:22
    at AiSettingsService.getEffectivePrompt (C:/Users/scoot/poll/VaultLogic/server/services/AiSettingsService.ts:39:32)
    at C:/Users/scoot/poll/VaultLogic/server/routes/ai/workflowEdit.routes.ts:71:40 {
  length: 178,
  severity: 'ERROR',
  code: '42703',
  detail: undefined,
  hint: 'Perhaps you meant to reference the column "aiSettings.updated_at".',
  position: '54',
  internalPosition: undefined,
  internalQuery: undefined,
  where: undefined,
  schema: undefined,
  table: undefined,
  column: undefined,
  dataType: undefined,
  constraint: undefined,
  file: 'parse_relation.c',
  line: '3723',
  routine: 'errorMissingColumn'
}
Stack: error: column "created_at" does not exist
    at C:\Users\scoot\poll\VaultLogic\node_modules\pg-pool\index.js:45:11
    at processTicksAndRejections (node:internal/process/task_queues:103:5)
    at file:///C:/Users/scoot/poll/VaultLogic/node_modules/drizzle-orm/node-postgres/session.js:83:22
    at AiSettingsService.getEffectivePrompt (C:/Users/scoot/poll/VaultLogic/server/services/AiSettingsService.ts:39:32)
    at C:/Users/scoot/poll/VaultLogic/server/routes/ai/workflowEdit.routes.ts:71:40

{"level":30,"time":1768453028660,"env":"test","workflowId":"0479d03a-0c02-48b3-80a4-55427e3cbfe2","userId":"ceed553d-8437-44de-aee6-e94a7708dcd0","sectionsCount":1,"stepsCount":1,"logicRulesCount":0,"msg":"getWorkflowWithDetails called"}
{"level":50,"time":1768453028757,"env":"test","module":"ai-workflow-edit-routes","error":{"length":178,"name":"error","severity":"ERROR","code":"42703","hint":"Perhaps you meant to reference the column \"aiSettings.updated_at\".","position":"54","file":"parse_relation.c","line":"3723","routine":"errorMissingColumn"},"workflowId":"0479d03a-0c02-48b3-80a4-55427e3cbfe2","msg":"AI model call failed"}
stderr | tests/integration/ai/workflowEdit.test.ts > POST /api/workflows/:workflowId/ai/edit - Integration Test > should rollback on validation failure
DEBUG: INNER CATCH AI ERROR: error: column "created_at" does not exist
    at C:\Users\scoot\poll\VaultLogic\node_modules\pg-pool\index.js:45:11
    at processTicksAndRejections (node:internal/process/task_queues:103:5)
    at file:///C:/Users/scoot/poll/VaultLogic/node_modules/drizzle-orm/node-postgres/session.js:83:22
    at AiSettingsService.getEffectivePrompt (C:/Users/scoot/poll/VaultLogic/server/services/AiSettingsService.ts:39:32)
    at C:/Users/scoot/poll/VaultLogic/server/routes/ai/workflowEdit.routes.ts:71:40 {
  length: 178,
  severity: 'ERROR',
  code: '42703',
  detail: undefined,
  hint: 'Perhaps you meant to reference the column "aiSettings.updated_at".',
  position: '54',
  internalPosition: undefined,
  internalQuery: undefined,
  where: undefined,
  schema: undefined,
  table: undefined,
  column: undefined,
  dataType: undefined,
  constraint: undefined,
  file: 'parse_relation.c',
  line: '3723',
  routine: 'errorMissingColumn'
}
Stack: error: column "created_at" does not exist
    at C:\Users\scoot\poll\VaultLogic\node_modules\pg-pool\index.js:45:11
    at processTicksAndRejections (node:internal/process/task_queues:103:5)
    at file:///C:/Users/scoot/poll/VaultLogic/node_modules/drizzle-orm/node-postgres/session.js:83:22
    at AiSettingsService.getEffectivePrompt (C:/Users/scoot/poll/VaultLogic/server/services/AiSettingsService.ts:39:32)
    at C:/Users/scoot/poll/VaultLogic/server/routes/ai/workflowEdit.routes.ts:71:40

{"level":30,"time":1768453028759,"env":"test","msg":"DB: closing pool..."}
[90mstdout[2m | tests/integration/ai/workflowEdit.test.ts
[22m[39mâ‰¡Æ’Âºâ•£ Cleaning up test environment...

{"level":30,"time":1768453028760,"env":"test","msg":"DB: pool closed."}
 [31mÎ“Â¥Â»[39m tests/integration/ai/workflowEdit.test.ts [2m([22m[2m8 tests[22m[2m | [22m[31m7 failed[39m[2m)[22m[33m 16260[2mms[22m[39m
[31m     [31mâ”œÃ¹[31m should create draft version on successful AI edit[39m[33m 574[2mms[22m[39m
[31m     [31mâ”œÃ¹[31m should enforce draft mode (revert active workflow to draft)[39m[33m 576[2mms[22m[39m
[31m     [31mâ”œÃ¹[31m should not create version when no changes detected (checksum match)[39m[33m 557[2mms[22m[39m
     [32mÎ“Â£Ã´[39m should reject unauthorized access[32m 55[2mms[22m[39m
[31m     [31mâ”œÃ¹[31m should reject unsafe DataVault operations[39m[33m 527[2mms[22m[39m
[31m     [31mâ”œÃ¹[31m should handle multi-operation edits with tempId resolution[39m[33m 545[2mms[22m[39m
[31m     [31mâ”œÃ¹[31m should create BEFORE and AFTER snapshots[39m[33m 541[2mms[22m[39m
[31m     [31mâ”œÃ¹[31m should rollback on validation failure[39m[33m 672[2mms[22m[39m

Î“Ã„Â»Î“Ã„Â»Î“Ã„Â»Î“Ã„Â»Î“Ã„Â»Î“Ã„Â» Failed Suites 1 Î“Ã„Â»Î“Ã„Â»Î“Ã„Â»Î“Ã„Â»Î“Ã„Â»Î“Ã„Â»Î“Ã„Â»

 FAIL  tests/integration/ai/workflowEdit.test.ts > POST /api/workflows/:workflowId/ai/edit - Integration Test
TypeError: Cannot read properties of undefined (reading 'actorId')
 Î“Â¥Â» tests/integration/ai/workflowEdit.test.ts:149:55
    147|     // Steps are deleted via cascade when sections are deleted
    148|     // Delete audit events first to avoid FK constraint violations
    149|     await db.delete(auditEvents).where(eq(auditEvents.actorId, testUseÎ“Ã‡Âª
       |                                                       ^
    150|     await db.delete(sections).where(eq(sections.workflowId, testWorkflÎ“Ã‡Âª
    151|     await db.delete(workflowVersions).where(eq(workflowVersions.workflÎ“Ã‡Âª

Î“Ã„Â»Î“Ã„Â»Î“Ã„Â»Î“Ã„Â»Î“Ã„Â»Î“Ã„Â»Î“Ã„Â»Î“Ã„Â»Î“Ã„Â»Î“Ã„Â»Î“Ã„Â»Î“Ã„Â»Î“Ã„Â»Î“Ã„Â»Î“Ã„Â»Î“Ã„Â»Î“Ã„Â»Î“Ã„Â»Î“Ã„Â»Î“Ã„Â»Î“Ã„Â»Î“Ã„Â»Î“Ã„Â»Î“Ã„Â»[1/8]Î“Ã„Â»


Î“Ã„Â»Î“Ã„Â»Î“Ã„Â»Î“Ã„Â»Î“Ã„Â»Î“Ã„Â»Î“Ã„Â» Failed Tests 7 Î“Ã„Â»Î“Ã„Â»Î“Ã„Â»Î“Ã„Â»Î“Ã„Â»Î“Ã„Â»Î“Ã„Â»

 FAIL  tests/integration/ai/workflowEdit.test.ts > POST /api/workflows/:workflowId/ai/edit - Integration Test > should create draft version on successful AI edit
Error: expected 200 "OK", got 500 "Internal Server Error"
 Î“Â¥Â» tests/integration/ai/workflowEdit.test.ts:170:8
    168|         },
    169|       })
    170|       .expect(200);
       |        ^
    171| 
    172|     expect(response.body.success).toBe(true);
 Î“Â¥Â» Test._assertStatus node_modules/supertest/lib/test.js:309:14
 Î“Â¥Â» node_modules/supertest/lib/test.js:365:13
 Î“Â¥Â» Test._assertFunction node_modules/supertest/lib/test.js:342:13
 Î“Â¥Â» Test.assert node_modules/supertest/lib/test.js:195:23
 Î“Â¥Â» localAssert node_modules/supertest/lib/test.js:138:14
 Î“Â¥Â» Server.<anonymous> node_modules/supertest/lib/test.js:152:11

Î“Ã„Â»Î“Ã„Â»Î“Ã„Â»Î“Ã„Â»Î“Ã„Â»Î“Ã„Â»Î“Ã„Â»Î“Ã„Â»Î“Ã„Â»Î“Ã„Â»Î“Ã„Â»Î“Ã„Â»Î“Ã„Â»Î“Ã„Â»Î“Ã„Â»Î“Ã„Â»Î“Ã„Â»Î“Ã„Â»Î“Ã„Â»Î“Ã„Â»Î“Ã„Â»Î“Ã„Â»Î“Ã„Â»Î“Ã„Â»[2/8]Î“Ã„Â»

 FAIL  tests/integration/ai/workflowEdit.test.ts > POST /api/workflows/:workflowId/ai/edit - Integration Test > should enforce draft mode (revert active workflow to draft)
Error: expected 200 "OK", got 500 "Internal Server Error"
 Î“Â¥Â» tests/integration/ai/workflowEdit.test.ts:210:8
    208|         userMessage: 'Add a phone number field',
    209|       })
    210|       .expect(200);
       |        ^
    211| 
    212|     // Verify workflow is now draft
 Î“Â¥Â» Test._assertStatus node_modules/supertest/lib/test.js:309:14
 Î“Â¥Â» node_modules/supertest/lib/test.js:365:13
 Î“Â¥Â» Test._assertFunction node_modules/supertest/lib/test.js:342:13
 Î“Â¥Â» Test.assert node_modules/supertest/lib/test.js:195:23
 Î“Â¥Â» localAssert node_modules/supertest/lib/test.js:138:14
 Î“Â¥Â» Server.<anonymous> node_modules/supertest/lib/test.js:152:11

Î“Ã„Â»Î“Ã„Â»Î“Ã„Â»Î“Ã„Â»Î“Ã„Â»Î“Ã„Â»Î“Ã„Â»Î“Ã„Â»Î“Ã„Â»Î“Ã„Â»Î“Ã„Â»Î“Ã„Â»Î“Ã„Â»Î“Ã„Â»Î“Ã„Â»Î“Ã„Â»Î“Ã„Â»Î“Ã„Â»Î“Ã„Â»Î“Ã„Â»Î“Ã„Â»Î“Ã„Â»Î“Ã„Â»Î“Ã„Â»[3/8]Î“Ã„Â»

 FAIL  tests/integration/ai/workflowEdit.test.ts > POST /api/workflows/:workflowId/ai/edit - Integration Test > should not create version when no changes detected (checksum match)
Error: expected 200 "OK", got 500 "Internal Server Error"
 Î“Â¥Â» tests/integration/ai/workflowEdit.test.ts:227:8
    225|         userMessage: 'Add contact section',
    226|       })
    227|       .expect(200);
       |        ^
    228| 
    229|     const versionId1 = response1.body.data.versionId;
 Î“Â¥Â» Test._assertStatus node_modules/supertest/lib/test.js:309:14
 Î“Â¥Â» node_modules/supertest/lib/test.js:365:13
 Î“Â¥Â» Test._assertFunction node_modules/supertest/lib/test.js:342:13
 Î“Â¥Â» Test.assert node_modules/supertest/lib/test.js:195:23
 Î“Â¥Â» localAssert node_modules/supertest/lib/test.js:138:14
 Î“Â¥Â» Server.<anonymous> node_modules/supertest/lib/test.js:152:11

Î“Ã„Â»Î“Ã„Â»Î“Ã„Â»Î“Ã„Â»Î“Ã„Â»Î“Ã„Â»Î“Ã„Â»Î“Ã„Â»Î“Ã„Â»Î“Ã„Â»Î“Ã„Â»Î“Ã„Â»Î“Ã„Â»Î“Ã„Â»Î“Ã„Â»Î“Ã„Â»Î“Ã„Â»Î“Ã„Â»Î“Ã„Â»Î“Ã„Â»Î“Ã„Â»Î“Ã„Â»Î“Ã„Â»Î“Ã„Â»[4/8]Î“Ã„Â»

 FAIL  tests/integration/ai/workflowEdit.test.ts > POST /api/workflows/:workflowId/ai/edit - Integration Test > should reject unsafe DataVault operations
Error: expected 400 "Bad Request", got 500 "Internal Server Error"
 Î“Â¥Â» tests/integration/ai/workflowEdit.test.ts:310:8
    308|         userMessage: 'Delete all data',
    309|       })
    310|       .expect(400);
       |        ^
    311| 
    312|     expect(response.body.success).toBe(false);
 Î“Â¥Â» Test._assertStatus node_modules/supertest/lib/test.js:309:14
 Î“Â¥Â» node_modules/supertest/lib/test.js:365:13
 Î“Â¥Â» Test._assertFunction node_modules/supertest/lib/test.js:342:13
 Î“Â¥Â» Test.assert node_modules/supertest/lib/test.js:195:23
 Î“Â¥Â» localAssert node_modules/supertest/lib/test.js:138:14
 Î“Â¥Â» Server.<anonymous> node_modules/supertest/lib/test.js:152:11

Î“Ã„Â»Î“Ã„Â»Î“Ã„Â»Î“Ã„Â»Î“Ã„Â»Î“Ã„Â»Î“Ã„Â»Î“Ã„Â»Î“Ã„Â»Î“Ã„Â»Î“Ã„Â»Î“Ã„Â»Î“Ã„Â»Î“Ã„Â»Î“Ã„Â»Î“Ã„Â»Î“Ã„Â»Î“Ã„Â»Î“Ã„Â»Î“Ã„Â»Î“Ã„Â»Î“Ã„Â»Î“Ã„Â»Î“Ã„Â»[5/8]Î“Ã„Â»

 FAIL  tests/integration/ai/workflowEdit.test.ts > POST /api/workflows/:workflowId/ai/edit - Integration Test > should handle multi-operation edits with tempId resolution
Error: expected 200 "OK", got 500 "Internal Server Error"
 Î“Â¥Â» tests/integration/ai/workflowEdit.test.ts:381:8
    379|         userMessage: 'Add emergency contact section with name and phonÎ“Ã‡Âª
    380|       })
    381|       .expect(200);
       |        ^
    382| 
    383|     expect(response.body.success).toBe(true);
 Î“Â¥Â» Test._assertStatus node_modules/supertest/lib/test.js:309:14
 Î“Â¥Â» node_modules/supertest/lib/test.js:365:13
 Î“Â¥Â» Test._assertFunction node_modules/supertest/lib/test.js:342:13
 Î“Â¥Â» Test.assert node_modules/supertest/lib/test.js:195:23
 Î“Â¥Â» localAssert node_modules/supertest/lib/test.js:138:14
 Î“Â¥Â» Server.<anonymous> node_modules/supertest/lib/test.js:152:11

Î“Ã„Â»Î“Ã„Â»Î“Ã„Â»Î“Ã„Â»Î“Ã„Â»Î“Ã„Â»Î“Ã„Â»Î“Ã„Â»Î“Ã„Â»Î“Ã„Â»Î“Ã„Â»Î“Ã„Â»Î“Ã„Â»Î“Ã„Â»Î“Ã„Â»Î“Ã„Â»Î“Ã„Â»Î“Ã„Â»Î“Ã„Â»Î“Ã„Â»Î“Ã„Â»Î“Ã„Â»Î“Ã„Â»Î“Ã„Â»[6/8]Î“Ã„Â»

 FAIL  tests/integration/ai/workflowEdit.test.ts > POST /api/workflows/:workflowId/ai/edit - Integration Test > should create BEFORE and AFTER snapshots
Error: expected 200 "OK", got 500 "Internal Server Error"
 Î“Â¥Â» tests/integration/ai/workflowEdit.test.ts:418:8
    416|         userMessage: 'Add a simple field',
    417|       })
    418|       .expect(200);
       |        ^
    419| 
    420|     const versionId = response.body.data.versionId;
 Î“Â¥Â» Test._assertStatus node_modules/supertest/lib/test.js:309:14
 Î“Â¥Â» node_modules/supertest/lib/test.js:365:13
 Î“Â¥Â» Test._assertFunction node_modules/supertest/lib/test.js:342:13
 Î“Â¥Â» Test.assert node_modules/supertest/lib/test.js:195:23
 Î“Â¥Â» localAssert node_modules/supertest/lib/test.js:138:14
 Î“Â¥Â» Server.<anonymous> node_modules/supertest/lib/test.js:152:11

Î“Ã„Â»Î“Ã„Â»Î“Ã„Â»Î“Ã„Â»Î“Ã„Â»Î“Ã„Â»Î“Ã„Â»Î“Ã„Â»Î“Ã„Â»Î“Ã„Â»Î“Ã„Â»Î“Ã„Â»Î“Ã„Â»Î“Ã„Â»Î“Ã„Â»Î“Ã„Â»Î“Ã„Â»Î“Ã„Â»Î“Ã„Â»Î“Ã„Â»Î“Ã„Â»Î“Ã„Â»Î“Ã„Â»Î“Ã„Â»[7/8]Î“Ã„Â»

 FAIL  tests/integration/ai/workflowEdit.test.ts > POST /api/workflows/:workflowId/ai/edit - Integration Test > should rollback on validation failure
Error: expected 400 "Bad Request", got 500 "Internal Server Error"
 Î“Â¥Â» tests/integration/ai/workflowEdit.test.ts:487:8
    485|         userMessage: 'Add backup email field',
    486|       })
    487|       .expect(400);
       |        ^
    488| 
    489|     expect(response.body.success).toBe(false);
 Î“Â¥Â» Test._assertStatus node_modules/supertest/lib/test.js:309:14
 Î“Â¥Â» node_modules/supertest/lib/test.js:365:13
 Î“Â¥Â» Test._assertFunction node_modules/supertest/lib/test.js:342:13
 Î“Â¥Â» Test.assert node_modules/supertest/lib/test.js:195:23
 Î“Â¥Â» localAssert node_modules/supertest/lib/test.js:138:14
 Î“Â¥Â» Server.<anonymous> node_modules/supertest/lib/test.js:152:11

Î“Ã„Â»Î“Ã„Â»Î“Ã„Â»Î“Ã„Â»Î“Ã„Â»Î“Ã„Â»Î“Ã„Â»Î“Ã„Â»Î“Ã„Â»Î“Ã„Â»Î“Ã„Â»Î“Ã„Â»Î“Ã„Â»Î“Ã„Â»Î“Ã„Â»Î“Ã„Â»Î“Ã„Â»Î“Ã„Â»Î“Ã„Â»Î“Ã„Â»Î“Ã„Â»Î“Ã„Â»Î“Ã„Â»Î“Ã„Â»[8/8]Î“Ã„Â»


[2m Test Files [22m [1m[31m1 failed[39m[22m[90m (1)[39m
[2m      Tests [22m [1m[31m7 failed[39m[22m[2m | [22m[1m[32m1 passed[39m[22m[90m (8)[39m
[2m   Start at [22m 22:56:50
[2m   Duration [22m 18.07s[2m (transform 703ms, setup 131ms, import 1.33s, tests 16.26s, environment 0ms)[22m

