{"numTotalTestSuites":1174,"numPassedTestSuites":1060,"numFailedTestSuites":114,"numPendingTestSuites":0,"numTotalTests":2619,"numPassedTests":2429,"numFailedTests":140,"numPendingTests":50,"numTodoTests":0,"snapshot":{"added":0,"failure":false,"filesAdded":0,"filesRemoved":0,"filesRemovedList":[],"filesUnmatched":0,"filesUpdated":0,"matched":0,"total":0,"unchecked":0,"uncheckedKeysByFile":[],"unmatched":0,"updated":0,"didUpdate":false},"startTime":1768151557928,"success":false,"testResults":[{"assertionResults":[{"ancestorTitles":["List Tools Block","Filter Operations"],"fullName":"List Tools Block Filter Operations should filter rows by equals condition","status":"passed","title":"should filter rows by equals condition","duration":3.141900000000078,"failureMessages":[],"meta":{}},{"ancestorTitles":["List Tools Block","Filter Operations"],"fullName":"List Tools Block Filter Operations should filter with greater_than operator","status":"passed","title":"should filter with greater_than operator","duration":0.6289000000001579,"failureMessages":[],"meta":{}},{"ancestorTitles":["List Tools Block","Filter Operations"],"fullName":"List Tools Block Filter Operations should filter with AND combinator","status":"passed","title":"should filter with AND combinator","duration":0.4052000000001499,"failureMessages":[],"meta":{}},{"ancestorTitles":["List Tools Block","Filter Operations"],"fullName":"List Tools Block Filter Operations should filter with OR combinator","status":"passed","title":"should filter with OR combinator","duration":0.41549999999961074,"failureMessages":[],"meta":{}},{"ancestorTitles":["List Tools Block","Sort Operations"],"fullName":"List Tools Block Sort Operations should sort by single key ascending","status":"passed","title":"should sort by single key ascending","duration":1.57970000000023,"failureMessages":[],"meta":{}},{"ancestorTitles":["List Tools Block","Sort Operations"],"fullName":"List Tools Block Sort Operations should sort by single key descending","status":"passed","title":"should sort by single key descending","duration":0.5180999999997766,"failureMessages":[],"meta":{}},{"ancestorTitles":["List Tools Block","Sort Operations"],"fullName":"List Tools Block Sort Operations should sort by multiple keys","status":"passed","title":"should sort by multiple keys","duration":0.45149999999966894,"failureMessages":[],"meta":{}},{"ancestorTitles":["List Tools Block","Range Operations"],"fullName":"List Tools Block Range Operations should apply limit","status":"passed","title":"should apply limit","duration":0.4655999999999949,"failureMessages":[],"meta":{}},{"ancestorTitles":["List Tools Block","Range Operations"],"fullName":"List Tools Block Range Operations should apply offset","status":"passed","title":"should apply offset","duration":0.4323999999996886,"failureMessages":[],"meta":{}},{"ancestorTitles":["List Tools Block","Range Operations"],"fullName":"List Tools Block Range Operations should apply offset and limit together","status":"passed","title":"should apply offset and limit together","duration":0.5833000000002357,"failureMessages":[],"meta":{}},{"ancestorTitles":["List Tools Block","Select Operations"],"fullName":"List Tools Block Select Operations should select specific columns","status":"passed","title":"should select specific columns","duration":1.6495999999997366,"failureMessages":[],"meta":{}},{"ancestorTitles":["List Tools Block","Dedupe Operations"],"fullName":"List Tools Block Dedupe Operations should deduplicate by field","status":"passed","title":"should deduplicate by field","duration":0.49770000000035,"failureMessages":[],"meta":{}},{"ancestorTitles":["List Tools Block","Derived Outputs"],"fullName":"List Tools Block Derived Outputs should output count variable","status":"passed","title":"should output count variable","duration":0.30110000000013315,"failureMessages":[],"meta":{}},{"ancestorTitles":["List Tools Block","Derived Outputs"],"fullName":"List Tools Block Derived Outputs should output first row variable","status":"passed","title":"should output first row variable","duration":0.38340000000016516,"failureMessages":[],"meta":{}},{"ancestorTitles":["List Tools Block","Comprehensive Pipeline"],"fullName":"List Tools Block Comprehensive Pipeline should apply all operations in sequence","status":"passed","title":"should apply all operations in sequence","duration":0.5181999999999789,"failureMessages":[],"meta":{}},{"ancestorTitles":["List Tools Block","Edge Cases"],"fullName":"List Tools Block Edge Cases should handle empty input list","status":"passed","title":"should handle empty input list","duration":0.27289999999993597,"failureMessages":[],"meta":{}},{"ancestorTitles":["List Tools Block","Edge Cases"],"fullName":"List Tools Block Edge Cases should handle missing source list","status":"passed","title":"should handle missing source list","duration":1.3436999999998989,"failureMessages":[],"meta":{}},{"ancestorTitles":["List Tools Block","Edge Cases"],"fullName":"List Tools Block Edge Cases should handle plain arrays","status":"passed","title":"should handle plain arrays","duration":0.525300000000243,"failureMessages":[],"meta":{}}],"startTime":1768151643441,"endTime":1768151643456.5254,"status":"passed","message":"","name":"C:/Users/scoot/poll/VaultLogic/tests/ListTools.test.ts"},{"assertionResults":[{"ancestorTitles":["Analytics Preservation"],"fullName":"Analytics Preservation should preserve lifetime user count when a user is deleted","status":"passed","title":"should preserve lifetime user count when a user is deleted","duration":505.30780000000004,"failureMessages":[],"meta":{}}],"startTime":1768151640114,"endTime":1768151640619.3079,"status":"passed","message":"","name":"C:/Users/scoot/poll/VaultLogic/tests/integration/analytics_preservation.test.ts"},{"assertionResults":[{"ancestorTitles":["Analytics Service Integration"],"fullName":"Analytics Service Integration should generate events and metrics on run completion","status":"failed","title":"should generate events and metrics on run completion","duration":68.6902999999993,"failureMessages":["Error: Workflow is not active\n    at RunAuthResolver.verifyCreateAccess (C:/Users/scoot/poll/VaultLogic/server/services/runs/RunAuthResolver.ts:110:53)\n    at processTicksAndRejections (node:internal/process/task_queues:103:5)\n    at RunService.createRun (C:/Users/scoot/poll/VaultLogic/server/services/RunService.ts:202:22)\n    at C:/Users/scoot/poll/VaultLogic/tests/integration/analytics_service.test.ts:42:21\n    at file:///C:/Users/scoot/poll/VaultLogic/node_modules/@vitest/runner/dist/index.js:915:20"],"meta":{}}],"startTime":1768151592389,"endTime":1768151592457.6902,"status":"failed","message":"","name":"C:/Users/scoot/poll/VaultLogic/tests/integration/analytics_service.test.ts"},{"assertionResults":[{"ancestorTitles":["AI Document Assistant API Integration Tests","POST /api/ai/doc/analyze"],"fullName":"AI Document Assistant API Integration Tests POST /api/ai/doc/analyze should analyze a DOCX file and return variables","status":"failed","title":"should analyze a DOCX file and return variables","duration":51.78809999999976,"failureMessages":["AssertionError: expected 500 to be 200 // Object.is equality\n    at C:/Users/scoot/poll/VaultLogic/tests/integration/api.ai.doc.test.ts:143:37\n    at processTicksAndRejections (node:internal/process/task_queues:103:5)\n    at file:///C:/Users/scoot/poll/VaultLogic/node_modules/@vitest/runner/dist/index.js:915:20"],"meta":{}},{"ancestorTitles":["AI Document Assistant API Integration Tests","POST /api/ai/doc/analyze"],"fullName":"AI Document Assistant API Integration Tests POST /api/ai/doc/analyze should fail if no file is provided","status":"failed","title":"should fail if no file is provided","duration":13.722599999999147,"failureMessages":["Error: expected 400 \"Bad Request\", got 500 \"Internal Server Error\"\n    at C:/Users/scoot/poll/VaultLogic/tests/integration/api.ai.doc.test.ts:168:18\n    at file:///C:/Users/scoot/poll/VaultLogic/node_modules/@vitest/runner/dist/index.js:145:11\n    at file:///C:/Users/scoot/poll/VaultLogic/node_modules/@vitest/runner/dist/index.js:915:26\n    at file:///C:/Users/scoot/poll/VaultLogic/node_modules/@vitest/runner/dist/index.js:1243:20\n    at new Promise (<anonymous>)\n    at runWithTimeout (file:///C:/Users/scoot/poll/VaultLogic/node_modules/@vitest/runner/dist/index.js:1209:10)\n    at file:///C:/Users/scoot/poll/VaultLogic/node_modules/@vitest/runner/dist/index.js:1653:37\n    at Traces.$ (file:///C:/Users/scoot/poll/VaultLogic/node_modules/vitest/dist/chunks/traces.U4xDYhzZ.js:115:27)\n----\n    at Test._assertStatus (C:\\Users\\scoot\\poll\\VaultLogic\\node_modules\\supertest\\lib\\test.js:309:14)\n    at C:\\Users\\scoot\\poll\\VaultLogic\\node_modules\\supertest\\lib\\test.js:365:13\n    at Test._assertFunction (C:\\Users\\scoot\\poll\\VaultLogic\\node_modules\\supertest\\lib\\test.js:342:13)\n    at Test.assert (C:\\Users\\scoot\\poll\\VaultLogic\\node_modules\\supertest\\lib\\test.js:195:23)\n    at localAssert (C:\\Users\\scoot\\poll\\VaultLogic\\node_modules\\supertest\\lib\\test.js:138:14)\n    at C:\\Users\\scoot\\poll\\VaultLogic\\node_modules\\supertest\\lib\\test.js:156:7\n    at Test.Request.callback (C:\\Users\\scoot\\poll\\VaultLogic\\node_modules\\superagent\\lib\\node\\index.js:857:3)\n    at IncomingMessage.<anonymous> (C:\\Users\\scoot\\poll\\VaultLogic\\node_modules\\superagent\\lib\\node\\index.js:1102:18)\n    at IncomingMessage.emit (node:events:520:35)\n    at endReadableNT (node:internal/streams/readable:1701:12)"],"meta":{}},{"ancestorTitles":["AI Document Assistant API Integration Tests","POST /api/ai/doc/suggest-mappings"],"fullName":"AI Document Assistant API Integration Tests POST /api/ai/doc/suggest-mappings should suggest mappings between template and workflow variables","status":"passed","title":"should suggest mappings between template and workflow variables","duration":26.224599999999555,"failureMessages":[],"meta":{}},{"ancestorTitles":["AI Document Assistant API Integration Tests","POST /api/ai/doc/suggest-improvements"],"fullName":"AI Document Assistant API Integration Tests POST /api/ai/doc/suggest-improvements should return improvement suggestions","status":"passed","title":"should return improvement suggestions","duration":11.983899999999267,"failureMessages":[],"meta":{}}],"startTime":1768151597649,"endTime":1768151597752.984,"status":"failed","message":"","name":"C:/Users/scoot/poll/VaultLogic/tests/integration/api.ai.doc.test.ts"},{"assertionResults":[{"ancestorTitles":["Personalization API Integration Tests","POST /api/ai/personalize/block"],"fullName":"Personalization API Integration Tests POST /api/ai/personalize/block should rewrite text based on user settings","status":"passed","title":"should rewrite text based on user settings","duration":101.0005999999994,"failureMessages":[],"meta":{}},{"ancestorTitles":["Personalization API Integration Tests","POST /api/ai/personalize/help"],"fullName":"Personalization API Integration Tests POST /api/ai/personalize/help should generate help text","status":"passed","title":"should generate help text","duration":64.3159999999989,"failureMessages":[],"meta":{}},{"ancestorTitles":["Personalization API Integration Tests","POST /api/ai/personalize/settings"],"fullName":"Personalization API Integration Tests POST /api/ai/personalize/settings should update user settings","status":"passed","title":"should update user settings","duration":119.97869999999966,"failureMessages":[],"meta":{}}],"startTime":1768151650569,"endTime":1768151650854.9788,"status":"passed","message":"","name":"C:/Users/scoot/poll/VaultLogic/tests/integration/api.ai.personalization.test.ts"},{"assertionResults":[{"ancestorTitles":["AI API Endpoints","POST /api/ai/workflows/generate"],"fullName":"AI API Endpoints POST /api/ai/workflows/generate should require authentication","status":"passed","title":"should require authentication","duration":1.8807999999999083,"failureMessages":[],"meta":{}},{"ancestorTitles":["AI API Endpoints","POST /api/ai/workflows/generate"],"fullName":"AI API Endpoints POST /api/ai/workflows/generate should require builder or owner role","status":"passed","title":"should require builder or owner role","duration":0.29290000000037253,"failureMessages":[],"meta":{}},{"ancestorTitles":["AI API Endpoints","POST /api/ai/workflows/generate"],"fullName":"AI API Endpoints POST /api/ai/workflows/generate should validate request body with Zod schema","status":"passed","title":"should validate request body with Zod schema","duration":0.23670000000038272,"failureMessages":[],"meta":{}},{"ancestorTitles":["AI API Endpoints","POST /api/ai/workflows/generate"],"fullName":"AI API Endpoints POST /api/ai/workflows/generate should generate workflow and return success response","status":"passed","title":"should generate workflow and return success response","duration":0.22139999999990323,"failureMessages":[],"meta":{}},{"ancestorTitles":["AI API Endpoints","POST /api/ai/workflows/generate"],"fullName":"AI API Endpoints POST /api/ai/workflows/generate should enforce rate limiting (10 requests per minute)","status":"passed","title":"should enforce rate limiting (10 requests per minute)","duration":0.22919999999976426,"failureMessages":[],"meta":{}},{"ancestorTitles":["AI API Endpoints","POST /api/ai/workflows/generate"],"fullName":"AI API Endpoints POST /api/ai/workflows/generate should handle AI API rate limit errors with 429 status","status":"passed","title":"should handle AI API rate limit errors with 429 status","duration":0.17309999999997672,"failureMessages":[],"meta":{}},{"ancestorTitles":["AI API Endpoints","POST /api/ai/workflows/generate"],"fullName":"AI API Endpoints POST /api/ai/workflows/generate should handle AI API timeout errors with 504 status","status":"passed","title":"should handle AI API timeout errors with 504 status","duration":0.17249999999967258,"failureMessages":[],"meta":{}},{"ancestorTitles":["AI API Endpoints","POST /api/ai/workflows/generate"],"fullName":"AI API Endpoints POST /api/ai/workflows/generate should handle validation errors with 422 status","status":"passed","title":"should handle validation errors with 422 status","duration":0.1451999999999316,"failureMessages":[],"meta":{}},{"ancestorTitles":["AI API Endpoints","POST /api/ai/workflows/generate"],"fullName":"AI API Endpoints POST /api/ai/workflows/generate should include metadata in response","status":"passed","title":"should include metadata in response","duration":0.16829999999981737,"failureMessages":[],"meta":{}},{"ancestorTitles":["AI API Endpoints","POST /api/ai/workflows/generate"],"fullName":"AI API Endpoints POST /api/ai/workflows/generate should log request and response with appropriate detail","status":"passed","title":"should log request and response with appropriate detail","duration":0.27149999999983265,"failureMessages":[],"meta":{}},{"ancestorTitles":["AI API Endpoints","POST /api/ai/workflows/:id/suggest"],"fullName":"AI API Endpoints POST /api/ai/workflows/:id/suggest should require authentication","status":"passed","title":"should require authentication","duration":0.2189000000003034,"failureMessages":[],"meta":{}},{"ancestorTitles":["AI API Endpoints","POST /api/ai/workflows/:id/suggest"],"fullName":"AI API Endpoints POST /api/ai/workflows/:id/suggest should require builder or owner role","status":"passed","title":"should require builder or owner role","duration":0.16759999999976571,"failureMessages":[],"meta":{}},{"ancestorTitles":["AI API Endpoints","POST /api/ai/workflows/:id/suggest"],"fullName":"AI API Endpoints POST /api/ai/workflows/:id/suggest should validate workflow exists","status":"passed","title":"should validate workflow exists","duration":0.17419999999992797,"failureMessages":[],"meta":{}},{"ancestorTitles":["AI API Endpoints","POST /api/ai/workflows/:id/suggest"],"fullName":"AI API Endpoints POST /api/ai/workflows/:id/suggest should fetch existing workflow details","status":"passed","title":"should fetch existing workflow details","duration":0.12700000000040745,"failureMessages":[],"meta":{}},{"ancestorTitles":["AI API Endpoints","POST /api/ai/workflows/:id/suggest"],"fullName":"AI API Endpoints POST /api/ai/workflows/:id/suggest should generate suggestions based on user request","status":"passed","title":"should generate suggestions based on user request","duration":0.14960000000019136,"failureMessages":[],"meta":{}},{"ancestorTitles":["AI API Endpoints","POST /api/ai/workflows/:id/suggest"],"fullName":"AI API Endpoints POST /api/ai/workflows/:id/suggest should return suggestions in correct format","status":"passed","title":"should return suggestions in correct format","duration":0.11259999999992942,"failureMessages":[],"meta":{}},{"ancestorTitles":["AI API Endpoints","POST /api/ai/workflows/:id/suggest"],"fullName":"AI API Endpoints POST /api/ai/workflows/:id/suggest should enforce rate limiting","status":"passed","title":"should enforce rate limiting","duration":0.13000000000010914,"failureMessages":[],"meta":{}},{"ancestorTitles":["AI API Endpoints","POST /api/ai/templates/:templateId/bindings"],"fullName":"AI API Endpoints POST /api/ai/templates/:templateId/bindings should require authentication","status":"passed","title":"should require authentication","duration":0.12930000000005748,"failureMessages":[],"meta":{}},{"ancestorTitles":["AI API Endpoints","POST /api/ai/templates/:templateId/bindings"],"fullName":"AI API Endpoints POST /api/ai/templates/:templateId/bindings should require builder or owner role","status":"passed","title":"should require builder or owner role","duration":0.14810000000034051,"failureMessages":[],"meta":{}},{"ancestorTitles":["AI API Endpoints","POST /api/ai/templates/:templateId/bindings"],"fullName":"AI API Endpoints POST /api/ai/templates/:templateId/bindings should require placeholders to be provided","status":"passed","title":"should require placeholders to be provided","duration":0.1534999999998945,"failureMessages":[],"meta":{}},{"ancestorTitles":["AI API Endpoints","POST /api/ai/templates/:templateId/bindings"],"fullName":"AI API Endpoints POST /api/ai/templates/:templateId/bindings should fetch workflow variables","status":"passed","title":"should fetch workflow variables","duration":0.1323000000002139,"failureMessages":[],"meta":{}},{"ancestorTitles":["AI API Endpoints","POST /api/ai/templates/:templateId/bindings"],"fullName":"AI API Endpoints POST /api/ai/templates/:templateId/bindings should generate binding suggestions","status":"passed","title":"should generate binding suggestions","duration":0.15710000000035507,"failureMessages":[],"meta":{}},{"ancestorTitles":["AI API Endpoints","POST /api/ai/templates/:templateId/bindings"],"fullName":"AI API Endpoints POST /api/ai/templates/:templateId/bindings should include confidence scores in suggestions","status":"passed","title":"should include confidence scores in suggestions","duration":0.12139999999999418,"failureMessages":[],"meta":{}},{"ancestorTitles":["AI API Endpoints","POST /api/ai/templates/:templateId/bindings"],"fullName":"AI API Endpoints POST /api/ai/templates/:templateId/bindings should identify unmatched placeholders and variables","status":"passed","title":"should identify unmatched placeholders and variables","duration":0.15650000000005093,"failureMessages":[],"meta":{}},{"ancestorTitles":["AI API Endpoints","POST /api/ai/templates/:templateId/bindings"],"fullName":"AI API Endpoints POST /api/ai/templates/:templateId/bindings should enforce rate limiting","status":"passed","title":"should enforce rate limiting","duration":0.12220000000024811,"failureMessages":[],"meta":{}},{"ancestorTitles":["AI API Endpoints","Rate Limiting"],"fullName":"AI API Endpoints Rate Limiting should use user ID for rate limit key when authenticated","status":"passed","title":"should use user ID for rate limit key when authenticated","duration":0.1483000000002903,"failureMessages":[],"meta":{}},{"ancestorTitles":["AI API Endpoints","Rate Limiting"],"fullName":"AI API Endpoints Rate Limiting should fall back to IP address for anonymous users","status":"passed","title":"should fall back to IP address for anonymous users","duration":0.12930000000005748,"failureMessages":[],"meta":{}},{"ancestorTitles":["AI API Endpoints","Rate Limiting"],"fullName":"AI API Endpoints Rate Limiting should apply 10 requests per minute limit","status":"passed","title":"should apply 10 requests per minute limit","duration":0.13730000000032305,"failureMessages":[],"meta":{}},{"ancestorTitles":["AI API Endpoints","Rate Limiting"],"fullName":"AI API Endpoints Rate Limiting should reset limit after window expires","status":"passed","title":"should reset limit after window expires","duration":0.1172999999998865,"failureMessages":[],"meta":{}},{"ancestorTitles":["AI API Endpoints","Error Handling"],"fullName":"AI API Endpoints Error Handling should return user-friendly error messages","status":"passed","title":"should return user-friendly error messages","duration":0.12150000000019645,"failureMessages":[],"meta":{}},{"ancestorTitles":["AI API Endpoints","Error Handling"],"fullName":"AI API Endpoints Error Handling should include error details only in development mode","status":"passed","title":"should include error details only in development mode","duration":0.11900000000014188,"failureMessages":[],"meta":{}},{"ancestorTitles":["AI API Endpoints","Error Handling"],"fullName":"AI API Endpoints Error Handling should log errors with appropriate context","status":"passed","title":"should log errors with appropriate context","duration":0.09900000000016007,"failureMessages":[],"meta":{}}],"startTime":1768151638728,"endTime":1768151638736.1372,"status":"passed","message":"","name":"C:/Users/scoot/poll/VaultLogic/tests/integration/api.ai.test.ts"},{"assertionResults":[{"ancestorTitles":["Data Sources API - Native Catalog"],"fullName":"Data Sources API - Native Catalog should list databases and databases' tables in the catalog","status":"passed","title":"should list databases and databases' tables in the catalog","duration":406.0732000000007,"failureMessages":[],"meta":{}},{"ancestorTitles":["Data Sources API - Native Catalog"],"fullName":"Data Sources API - Native Catalog should create a native_table data source","status":"passed","title":"should create a native_table data source","duration":168.88780000000042,"failureMessages":[],"meta":{}}],"startTime":1768151632021,"endTime":1768151632595.8877,"status":"passed","message":"","name":"C:/Users/scoot/poll/VaultLogic/tests/integration/api.dataSources.native.test.ts"},{"assertionResults":[{"ancestorTitles":["Expression Validation API Integration Tests","POST /api/workflows/validateExpression"],"fullName":"Expression Validation API Integration Tests POST /api/workflows/validateExpression should validate a correct expression with valid variables","status":"passed","title":"should validate a correct expression with valid variables","duration":130.5012999999999,"failureMessages":[],"meta":{}},{"ancestorTitles":["Expression Validation API Integration Tests","POST /api/workflows/validateExpression"],"fullName":"Expression Validation API Integration Tests POST /api/workflows/validateExpression should validate expression with string concatenation","status":"passed","title":"should validate expression with string concatenation","duration":124.99090000000069,"failureMessages":[],"meta":{}},{"ancestorTitles":["Expression Validation API Integration Tests","POST /api/workflows/validateExpression"],"fullName":"Expression Validation API Integration Tests POST /api/workflows/validateExpression should reject expression with invalid syntax","status":"passed","title":"should reject expression with invalid syntax","duration":123.14860000000044,"failureMessages":[],"meta":{}},{"ancestorTitles":["Expression Validation API Integration Tests","POST /api/workflows/validateExpression"],"fullName":"Expression Validation API Integration Tests POST /api/workflows/validateExpression should reject without authentication","status":"passed","title":"should reject without authentication","duration":6.590299999999843,"failureMessages":[],"meta":{}},{"ancestorTitles":["Expression Validation API Integration Tests","POST /api/workflows/validateExpression"],"fullName":"Expression Validation API Integration Tests POST /api/workflows/validateExpression should reject missing required fields","status":"passed","title":"should reject missing required fields","duration":63.71550000000025,"failureMessages":[],"meta":{}},{"ancestorTitles":["Expression Validation API Integration Tests","GET /api/workflows/:id/availableVars/:nodeId"],"fullName":"Expression Validation API Integration Tests GET /api/workflows/:id/availableVars/:nodeId should return available variables for a node","status":"passed","title":"should return available variables for a node","duration":119.36519999999837,"failureMessages":[],"meta":{}},{"ancestorTitles":["Expression Validation API Integration Tests","GET /api/workflows/:id/availableVars/:nodeId"],"fullName":"Expression Validation API Integration Tests GET /api/workflows/:id/availableVars/:nodeId should reject without authentication","status":"passed","title":"should reject without authentication","duration":7.006500000001324,"failureMessages":[],"meta":{}},{"ancestorTitles":["Expression Validation API Integration Tests","GET /api/workflows/:id/availableVars/:nodeId"],"fullName":"Expression Validation API Integration Tests GET /api/workflows/:id/availableVars/:nodeId should reject non-existent workflow","status":"passed","title":"should reject non-existent workflow","duration":135.95920000000115,"failureMessages":[],"meta":{}},{"ancestorTitles":["Expression Validation API Integration Tests","GET /api/engine/helpers"],"fullName":"Expression Validation API Integration Tests GET /api/engine/helpers should return list of helper functions with metadata","status":"passed","title":"should return list of helper functions with metadata","duration":66.98279999999977,"failureMessages":[],"meta":{}},{"ancestorTitles":["Expression Validation API Integration Tests","GET /api/engine/helpers"],"fullName":"Expression Validation API Integration Tests GET /api/engine/helpers should reject without authentication","status":"passed","title":"should reject without authentication","duration":5.658299999999144,"failureMessages":[],"meta":{}}],"startTime":1768151630218,"endTime":1768151631002.6582,"status":"passed","message":"","name":"C:/Users/scoot/poll/VaultLogic/tests/integration/api.expression-validation.test.ts"},{"assertionResults":[{"ancestorTitles":["Projects API Integration Tests","POST /api/projects"],"fullName":"Projects API Integration Tests POST /api/projects should create a new project","status":"passed","title":"should create a new project","duration":125.19100000000071,"failureMessages":[],"meta":{}},{"ancestorTitles":["Projects API Integration Tests","POST /api/projects"],"fullName":"Projects API Integration Tests POST /api/projects should reject without authentication","status":"passed","title":"should reject without authentication","duration":8.503099999999904,"failureMessages":[],"meta":{}},{"ancestorTitles":["Projects API Integration Tests","POST /api/projects"],"fullName":"Projects API Integration Tests POST /api/projects should reject with invalid data","status":"passed","title":"should reject with invalid data","duration":64.70259999999871,"failureMessages":[],"meta":{}},{"ancestorTitles":["Projects API Integration Tests","GET /api/projects"],"fullName":"Projects API Integration Tests GET /api/projects should list projects for tenant","status":"passed","title":"should list projects for tenant","duration":249.03359999999884,"failureMessages":[],"meta":{}},{"ancestorTitles":["Projects API Integration Tests","GET /api/projects"],"fullName":"Projects API Integration Tests GET /api/projects should support pagination","status":"passed","title":"should support pagination","duration":235.13540000000103,"failureMessages":[],"meta":{}},{"ancestorTitles":["Projects API Integration Tests","GET /api/projects/:id"],"fullName":"Projects API Integration Tests GET /api/projects/:id should get project by ID","status":"passed","title":"should get project by ID","duration":249.09380000000056,"failureMessages":[],"meta":{}},{"ancestorTitles":["Projects API Integration Tests","GET /api/projects/:id"],"fullName":"Projects API Integration Tests GET /api/projects/:id should return 404 for non-existent project","status":"passed","title":"should return 404 for non-existent project","duration":236.22749999999905,"failureMessages":[],"meta":{}},{"ancestorTitles":["Projects API Integration Tests","PATCH /api/projects/:id"],"fullName":"Projects API Integration Tests PATCH /api/projects/:id should update project","status":"passed","title":"should update project","duration":313.2026999999998,"failureMessages":[],"meta":{}},{"ancestorTitles":["Projects API Integration Tests","DELETE /api/projects/:id"],"fullName":"Projects API Integration Tests DELETE /api/projects/:id should soft-delete project","status":"passed","title":"should soft-delete project","duration":348.10150000000067,"failureMessages":[],"meta":{}},{"ancestorTitles":["Projects API Integration Tests","Tenant Isolation"],"fullName":"Projects API Integration Tests Tenant Isolation should not allow cross-tenant access","status":"passed","title":"should not allow cross-tenant access","duration":954.7494999999999,"failureMessages":[],"meta":{}}],"startTime":1768151621733,"endTime":1768151624518.7495,"status":"passed","message":"","name":"C:/Users/scoot/poll/VaultLogic/tests/integration/api.projects.test.ts"},{"assertionResults":[{"ancestorTitles":["Runs API - DOCX Generation Integration Tests","POST /api/workflows/:id/run - Template Node Execution"],"fullName":"Runs API - DOCX Generation Integration Tests POST /api/workflows/:id/run - Template Node Execution should execute workflow with template node and generate DOCX","status":"passed","title":"should execute workflow with template node and generate DOCX","duration":3783.6767,"failureMessages":[],"meta":{}},{"ancestorTitles":["Runs API - DOCX Generation Integration Tests","POST /api/workflows/:id/run - Template Node Execution"],"fullName":"Runs API - DOCX Generation Integration Tests POST /api/workflows/:id/run - Template Node Execution should handle missing template data gracefully","status":"passed","title":"should handle missing template data gracefully","duration":3175.4079,"failureMessages":[],"meta":{}},{"ancestorTitles":["Runs API - DOCX Generation Integration Tests","GET /api/runs/:id/download - Download Generated DOCX"],"fullName":"Runs API - DOCX Generation Integration Tests GET /api/runs/:id/download - Download Generated DOCX should download DOCX output from successful run","status":"passed","title":"should download DOCX output from successful run","duration":187.4313000000002,"failureMessages":[],"meta":{}},{"ancestorTitles":["Runs API - DOCX Generation Integration Tests","GET /api/runs/:id/download - Download Generated DOCX"],"fullName":"Runs API - DOCX Generation Integration Tests GET /api/runs/:id/download - Download Generated DOCX should return 404 for PDF when not generated","status":"passed","title":"should return 404 for PDF when not generated","duration":211.84690000000046,"failureMessages":[],"meta":{}},{"ancestorTitles":["Runs API - DOCX Generation Integration Tests","GET /api/runs/:id/download - Download Generated DOCX"],"fullName":"Runs API - DOCX Generation Integration Tests GET /api/runs/:id/download - Download Generated DOCX should return 404 for non-existent run","status":"passed","title":"should return 404 for non-existent run","duration":116.52280000000246,"failureMessages":[],"meta":{}},{"ancestorTitles":["Runs API - DOCX Generation Integration Tests","Template Placeholder Extraction"],"fullName":"Runs API - DOCX Generation Integration Tests Template Placeholder Extraction should extract placeholders from uploaded template","status":"passed","title":"should extract placeholders from uploaded template","duration":117.34809999999925,"failureMessages":[],"meta":{}}],"startTime":1768151606514,"endTime":1768151616069.3481,"status":"passed","message":"","name":"C:/Users/scoot/poll/VaultLogic/tests/integration/api.runs.docx.test.ts"},{"assertionResults":[{"ancestorTitles":["Stage 8: Runs API Integration Tests","GET /api/runs"],"fullName":"Stage 8: Runs API Integration Tests GET /api/runs should list all runs with pagination","status":"passed","title":"should list all runs with pagination","duration":76.55559999999969,"failureMessages":[],"meta":{}},{"ancestorTitles":["Stage 8: Runs API Integration Tests","GET /api/runs"],"fullName":"Stage 8: Runs API Integration Tests GET /api/runs should filter runs by status","status":"passed","title":"should filter runs by status","duration":67.82879999999932,"failureMessages":[],"meta":{}},{"ancestorTitles":["Stage 8: Runs API Integration Tests","GET /api/runs"],"fullName":"Stage 8: Runs API Integration Tests GET /api/runs should filter runs by workflow","status":"passed","title":"should filter runs by workflow","duration":67.4442999999992,"failureMessages":[],"meta":{}},{"ancestorTitles":["Stage 8: Runs API Integration Tests","GET /api/runs"],"fullName":"Stage 8: Runs API Integration Tests GET /api/runs should filter runs by project","status":"passed","title":"should filter runs by project","duration":69.36169999999947,"failureMessages":[],"meta":{}},{"ancestorTitles":["Stage 8: Runs API Integration Tests","GET /api/runs"],"fullName":"Stage 8: Runs API Integration Tests GET /api/runs should filter runs by date range","status":"passed","title":"should filter runs by date range","duration":62.47980000000098,"failureMessages":[],"meta":{}},{"ancestorTitles":["Stage 8: Runs API Integration Tests","GET /api/runs"],"fullName":"Stage 8: Runs API Integration Tests GET /api/runs should search runs by query string","status":"passed","title":"should search runs by query string","duration":64.42669999999998,"failureMessages":[],"meta":{}},{"ancestorTitles":["Stage 8: Runs API Integration Tests","GET /api/runs/:id"],"fullName":"Stage 8: Runs API Integration Tests GET /api/runs/:id should get run by ID with all details","status":"passed","title":"should get run by ID with all details","duration":134.03329999999914,"failureMessages":[],"meta":{}},{"ancestorTitles":["Stage 8: Runs API Integration Tests","GET /api/runs/:id"],"fullName":"Stage 8: Runs API Integration Tests GET /api/runs/:id should return 404 for non-existent run","status":"passed","title":"should return 404 for non-existent run","duration":59.24279999999999,"failureMessages":[],"meta":{}},{"ancestorTitles":["Stage 8: Runs API Integration Tests","GET /api/runs/:id/logs"],"fullName":"Stage 8: Runs API Integration Tests GET /api/runs/:id/logs should get logs for a run","status":"passed","title":"should get logs for a run","duration":172.59950000000026,"failureMessages":[],"meta":{}},{"ancestorTitles":["Stage 8: Runs API Integration Tests","POST /api/runs/:id/rerun"],"fullName":"Stage 8: Runs API Integration Tests POST /api/runs/:id/rerun should re-run workflow with same inputs","status":"passed","title":"should re-run workflow with same inputs","duration":366.78939999999966,"failureMessages":[],"meta":{}},{"ancestorTitles":["Stage 8: Runs API Integration Tests","POST /api/runs/:id/rerun"],"fullName":"Stage 8: Runs API Integration Tests POST /api/runs/:id/rerun should re-run workflow with override inputs","status":"passed","title":"should re-run workflow with override inputs","duration":364.1867000000002,"failureMessages":[],"meta":{}},{"ancestorTitles":["Stage 8: Runs API Integration Tests","POST /api/runs/:id/rerun"],"fullName":"Stage 8: Runs API Integration Tests POST /api/runs/:id/rerun should return 404 for non-existent run","status":"passed","title":"should return 404 for non-existent run","duration":65.39869999999974,"failureMessages":[],"meta":{}},{"ancestorTitles":["Stage 8: Runs API Integration Tests","GET /api/runs/export.csv"],"fullName":"Stage 8: Runs API Integration Tests GET /api/runs/export.csv should export runs to CSV","status":"passed","title":"should export runs to CSV","duration":289.3207000000002,"failureMessages":[],"meta":{}},{"ancestorTitles":["Stage 8: Runs API Integration Tests","GET /api/runs/export.csv"],"fullName":"Stage 8: Runs API Integration Tests GET /api/runs/export.csv should export runs with filters applied","status":"passed","title":"should export runs with filters applied","duration":180.85740000000078,"failureMessages":[],"meta":{}},{"ancestorTitles":["Stage 8: Runs API Integration Tests","GET /api/runs/compare"],"fullName":"Stage 8: Runs API Integration Tests GET /api/runs/compare should compare two runs","status":"passed","title":"should compare two runs","duration":297.8145999999997,"failureMessages":[],"meta":{}},{"ancestorTitles":["Stage 8: Runs API Integration Tests","GET /api/runs/compare"],"fullName":"Stage 8: Runs API Integration Tests GET /api/runs/compare should identify changed input keys","status":"passed","title":"should identify changed input keys","duration":132.23589999999967,"failureMessages":[],"meta":{}},{"ancestorTitles":["Stage 8: Runs API Integration Tests","GET /api/runs/compare"],"fullName":"Stage 8: Runs API Integration Tests GET /api/runs/compare should return 404 if run A not found","status":"passed","title":"should return 404 if run A not found","duration":65.8161999999993,"failureMessages":[],"meta":{}},{"ancestorTitles":["Stage 8: Runs API Integration Tests","GET /api/runs/compare"],"fullName":"Stage 8: Runs API Integration Tests GET /api/runs/compare should return 404 if run B not found","status":"passed","title":"should return 404 if run B not found","duration":63.45980000000054,"failureMessages":[],"meta":{}},{"ancestorTitles":["Stage 8: Runs API Integration Tests","RBAC and Tenant Isolation"],"fullName":"Stage 8: Runs API Integration Tests RBAC and Tenant Isolation should enforce tenant isolation on runs list","status":"passed","title":"should enforce tenant isolation on runs list","duration":521.1912000000011,"failureMessages":[],"meta":{}}],"startTime":1768151621710,"endTime":1768151624832.1912,"status":"passed","message":"","name":"C:/Users/scoot/poll/VaultLogic/tests/integration/api.runs.graph.test.ts"},{"assertionResults":[{"ancestorTitles":["Stage 13: Workflow Snapshots & Versioning"],"fullName":"Stage 13: Workflow Snapshots & Versioning should maintain immutability of runs across versions","status":"failed","title":"should maintain immutability of runs across versions","duration":301.6936000000005,"failureMessages":["AssertionError: expected 401 to be 200 // Object.is equality\n    at C:/Users/scoot/poll/VaultLogic/tests/integration/api.snapshots.test.ts:199:37\n    at processTicksAndRejections (node:internal/process/task_queues:103:5)\n    at file:///C:/Users/scoot/poll/VaultLogic/node_modules/@vitest/runner/dist/index.js:915:20"],"meta":{}}],"startTime":1768151589799,"endTime":1768151590100.6936,"status":"failed","message":"","name":"C:/Users/scoot/poll/VaultLogic/tests/integration/api.snapshots.test.ts"},{"assertionResults":[{"ancestorTitles":["Templates and Runs API Integration Tests","Templates API","POST /api/projects/:ctx.projectId/templates"],"fullName":"Templates and Runs API Integration Tests Templates API POST /api/projects/:ctx.projectId/templates should create template with file upload","status":"passed","title":"should create template with file upload","duration":180.0589,"failureMessages":[],"meta":{}},{"ancestorTitles":["Templates and Runs API Integration Tests","Templates API","POST /api/projects/:ctx.projectId/templates"],"fullName":"Templates and Runs API Integration Tests Templates API POST /api/projects/:ctx.projectId/templates should reject non-docx files","status":"failed","title":"should reject non-docx files","duration":149.2383000000009,"failureMessages":["Error: expected 500 \"Internal Server Error\", got 400 \"Bad Request\"\n    at C:/Users/scoot/poll/VaultLogic/tests/integration/api.templates-runs.test.ts:119:12\n    at file:///C:/Users/scoot/poll/VaultLogic/node_modules/@vitest/runner/dist/index.js:145:11\n    at file:///C:/Users/scoot/poll/VaultLogic/node_modules/@vitest/runner/dist/index.js:915:26\n    at file:///C:/Users/scoot/poll/VaultLogic/node_modules/@vitest/runner/dist/index.js:1243:20\n    at new Promise (<anonymous>)\n    at runWithTimeout (file:///C:/Users/scoot/poll/VaultLogic/node_modules/@vitest/runner/dist/index.js:1209:10)\n    at file:///C:/Users/scoot/poll/VaultLogic/node_modules/@vitest/runner/dist/index.js:1653:37\n    at Traces.$ (file:///C:/Users/scoot/poll/VaultLogic/node_modules/vitest/dist/chunks/traces.U4xDYhzZ.js:115:27)\n    at trace (file:///C:/Users/scoot/poll/VaultLogic/node_modules/vitest/dist/chunks/test.B8ej_ZHS.js:239:21)\n    at runTest (file:///C:/Users/scoot/poll/VaultLogic/node_modules/@vitest/runner/dist/index.js:1653:12)\n    at processTicksAndRejections (node:internal/process/task_queues:103:5)\n    at runSuite (file:///C:/Users/scoot/poll/VaultLogic/node_modules/@vitest/runner/dist/index.js:1817:8)\n    at runSuite (file:///C:/Users/scoot/poll/VaultLogic/node_modules/@vitest/runner/dist/index.js:1817:8)\n    at runSuite (file:///C:/Users/scoot/poll/VaultLogic/node_modules/@vitest/runner/dist/index.js:1817:8)\n----\n    at Test._assertStatus (C:\\Users\\scoot\\poll\\VaultLogic\\node_modules\\supertest\\lib\\test.js:309:14)\n    at C:\\Users\\scoot\\poll\\VaultLogic\\node_modules\\supertest\\lib\\test.js:365:13\n    at Test._assertFunction (C:\\Users\\scoot\\poll\\VaultLogic\\node_modules\\supertest\\lib\\test.js:342:13)\n    at Test.assert (C:\\Users\\scoot\\poll\\VaultLogic\\node_modules\\supertest\\lib\\test.js:195:23)\n    at localAssert (C:\\Users\\scoot\\poll\\VaultLogic\\node_modules\\supertest\\lib\\test.js:138:14)\n    at C:\\Users\\scoot\\poll\\VaultLogic\\node_modules\\supertest\\lib\\test.js:156:7\n    at Test.Request.callback (C:\\Users\\scoot\\poll\\VaultLogic\\node_modules\\superagent\\lib\\node\\index.js:857:3)\n    at C:\\Users\\scoot\\poll\\VaultLogic\\node_modules\\superagent\\lib\\node\\index.js:1102:18\n    at IncomingMessage.<anonymous> (C:\\Users\\scoot\\poll\\VaultLogic\\node_modules\\superagent\\lib\\node\\parsers\\json.js:21:7)\n    at IncomingMessage.emit (node:events:520:35)\n    at endReadableNT (node:internal/streams/readable:1701:12)\n    at processTicksAndRejections (node:internal/process/task_queues:89:21)"],"meta":{}},{"ancestorTitles":["Templates and Runs API Integration Tests","Templates API","POST /api/projects/:ctx.projectId/templates"],"fullName":"Templates and Runs API Integration Tests Templates API POST /api/projects/:ctx.projectId/templates should reject without file","status":"passed","title":"should reject without file","duration":110.68470000000161,"failureMessages":[],"meta":{}},{"ancestorTitles":["Templates and Runs API Integration Tests","Templates API","GET /api/projects/:ctx.projectId/templates"],"fullName":"Templates and Runs API Integration Tests Templates API GET /api/projects/:ctx.projectId/templates should list templates","status":"passed","title":"should list templates","duration":326.2599999999984,"failureMessages":[],"meta":{}},{"ancestorTitles":["Templates and Runs API Integration Tests","Templates API","GET /api/templates/:id"],"fullName":"Templates and Runs API Integration Tests Templates API GET /api/templates/:id should get template by ID","status":"passed","title":"should get template by ID","duration":278.1671000000024,"failureMessages":[],"meta":{}},{"ancestorTitles":["Templates and Runs API Integration Tests","Templates API","GET /api/templates/:id/placeholders"],"fullName":"Templates and Runs API Integration Tests Templates API GET /api/templates/:id/placeholders should extract placeholders","status":"passed","title":"should extract placeholders","duration":277.6785999999993,"failureMessages":[],"meta":{}},{"ancestorTitles":["Templates and Runs API Integration Tests","Templates API","PATCH /api/templates/:id"],"fullName":"Templates and Runs API Integration Tests Templates API PATCH /api/templates/:id should update template name","status":"passed","title":"should update template name","duration":332.42459999999846,"failureMessages":[],"meta":{}},{"ancestorTitles":["Templates and Runs API Integration Tests","Templates API","DELETE /api/templates/:id"],"fullName":"Templates and Runs API Integration Tests Templates API DELETE /api/templates/:id should delete template","status":"passed","title":"should delete template","duration":448.8042999999998,"failureMessages":[],"meta":{}},{"ancestorTitles":["Templates and Runs API Integration Tests","Runs API","POST /api/workflows/:id/run"],"fullName":"Templates and Runs API Integration Tests Runs API POST /api/workflows/:id/run should execute workflow","status":"passed","title":"should execute workflow","duration":292.1395999999986,"failureMessages":[],"meta":{}},{"ancestorTitles":["Templates and Runs API Integration Tests","Runs API","POST /api/workflows/:id/run"],"fullName":"Templates and Runs API Integration Tests Runs API POST /api/workflows/:id/run should include logs in debug mode","status":"passed","title":"should include logs in debug mode","duration":275.6798999999992,"failureMessages":[],"meta":{}},{"ancestorTitles":["Templates and Runs API Integration Tests","Runs API","POST /api/workflows/:id/run"],"fullName":"Templates and Runs API Integration Tests Runs API POST /api/workflows/:id/run should reject without required permission","status":"failed","title":"should reject without required permission","duration":8.299200000001292,"failureMessages":["Error: expected 201 \"Created\", got 400 \"Bad Request\"\n    at C:/Users/scoot/poll/VaultLogic/tests/integration/api.templates-runs.test.ts:289:12\n    at file:///C:/Users/scoot/poll/VaultLogic/node_modules/@vitest/runner/dist/index.js:145:11\n    at file:///C:/Users/scoot/poll/VaultLogic/node_modules/@vitest/runner/dist/index.js:915:26\n    at file:///C:/Users/scoot/poll/VaultLogic/node_modules/@vitest/runner/dist/index.js:1243:20\n    at new Promise (<anonymous>)\n    at runWithTimeout (file:///C:/Users/scoot/poll/VaultLogic/node_modules/@vitest/runner/dist/index.js:1209:10)\n    at file:///C:/Users/scoot/poll/VaultLogic/node_modules/@vitest/runner/dist/index.js:1653:37\n    at Traces.$ (file:///C:/Users/scoot/poll/VaultLogic/node_modules/vitest/dist/chunks/traces.U4xDYhzZ.js:115:27)\n    at trace (file:///C:/Users/scoot/poll/VaultLogic/node_modules/vitest/dist/chunks/test.B8ej_ZHS.js:239:21)\n    at runTest (file:///C:/Users/scoot/poll/VaultLogic/node_modules/@vitest/runner/dist/index.js:1653:12)\n    at processTicksAndRejections (node:internal/process/task_queues:103:5)\n    at runSuite (file:///C:/Users/scoot/poll/VaultLogic/node_modules/@vitest/runner/dist/index.js:1817:8)\n    at runSuite (file:///C:/Users/scoot/poll/VaultLogic/node_modules/@vitest/runner/dist/index.js:1817:8)\n    at runSuite (file:///C:/Users/scoot/poll/VaultLogic/node_modules/@vitest/runner/dist/index.js:1817:8)\n----\n    at Test._assertStatus (C:\\Users\\scoot\\poll\\VaultLogic\\node_modules\\supertest\\lib\\test.js:309:14)\n    at C:\\Users\\scoot\\poll\\VaultLogic\\node_modules\\supertest\\lib\\test.js:365:13\n    at Test._assertFunction (C:\\Users\\scoot\\poll\\VaultLogic\\node_modules\\supertest\\lib\\test.js:342:13)\n    at Test.assert (C:\\Users\\scoot\\poll\\VaultLogic\\node_modules\\supertest\\lib\\test.js:195:23)\n    at localAssert (C:\\Users\\scoot\\poll\\VaultLogic\\node_modules\\supertest\\lib\\test.js:138:14)\n    at C:\\Users\\scoot\\poll\\VaultLogic\\node_modules\\supertest\\lib\\test.js:156:7\n    at Test.Request.callback (C:\\Users\\scoot\\poll\\VaultLogic\\node_modules\\superagent\\lib\\node\\index.js:857:3)\n    at C:\\Users\\scoot\\poll\\VaultLogic\\node_modules\\superagent\\lib\\node\\index.js:1102:18\n    at IncomingMessage.<anonymous> (C:\\Users\\scoot\\poll\\VaultLogic\\node_modules\\superagent\\lib\\node\\parsers\\json.js:21:7)\n    at IncomingMessage.emit (node:events:520:35)\n    at endReadableNT (node:internal/streams/readable:1701:12)\n    at processTicksAndRejections (node:internal/process/task_queues:89:21)"],"meta":{}},{"ancestorTitles":["Templates and Runs API Integration Tests","Runs API","GET /api/runs"],"fullName":"Templates and Runs API Integration Tests Runs API GET /api/runs should list runs","status":"passed","title":"should list runs","duration":385.01940000000104,"failureMessages":[],"meta":{}},{"ancestorTitles":["Templates and Runs API Integration Tests","Runs API","GET /api/runs"],"fullName":"Templates and Runs API Integration Tests Runs API GET /api/runs should filter by workflowId","status":"passed","title":"should filter by workflowId","duration":401.20920000000115,"failureMessages":[],"meta":{}},{"ancestorTitles":["Templates and Runs API Integration Tests","Runs API","GET /api/runs/:id"],"fullName":"Templates and Runs API Integration Tests Runs API GET /api/runs/:id should get run by ID","status":"passed","title":"should get run by ID","duration":448.3024000000005,"failureMessages":[],"meta":{}},{"ancestorTitles":["Templates and Runs API Integration Tests","Runs API","GET /api/runs/:id/logs"],"fullName":"Templates and Runs API Integration Tests Runs API GET /api/runs/:id/logs should get run logs","status":"passed","title":"should get run logs","duration":515.8843000000015,"failureMessages":[],"meta":{}}],"startTime":1768151575951,"endTime":1768151580382.8843,"status":"failed","message":"","name":"C:/Users/scoot/poll/VaultLogic/tests/integration/api.templates-runs.test.ts"},{"assertionResults":[{"ancestorTitles":["Workflows API Integration Tests","POST /api/projects/:ctx.projectId/workflows"],"fullName":"Workflows API Integration Tests POST /api/projects/:ctx.projectId/workflows should create a new draft workflow","status":"passed","title":"should create a new draft workflow","duration":404.3266000000003,"failureMessages":[],"meta":{}},{"ancestorTitles":["Workflows API Integration Tests","POST /api/projects/:ctx.projectId/workflows"],"fullName":"Workflows API Integration Tests POST /api/projects/:ctx.projectId/workflows should reject without permission","status":"passed","title":"should reject without permission","duration":735.7995999999985,"failureMessages":[],"meta":{}},{"ancestorTitles":["Workflows API Integration Tests","GET /api/projects/:ctx.projectId/workflows"],"fullName":"Workflows API Integration Tests GET /api/projects/:ctx.projectId/workflows should list workflows","status":"passed","title":"should list workflows","duration":544.2534000000014,"failureMessages":[],"meta":{}},{"ancestorTitles":["Workflows API Integration Tests","GET /api/projects/:ctx.projectId/workflows"],"fullName":"Workflows API Integration Tests GET /api/projects/:ctx.projectId/workflows should filter by status","status":"passed","title":"should filter by status","duration":547.2476999999999,"failureMessages":[],"meta":{}},{"ancestorTitles":["Workflows API Integration Tests","GET /api/projects/:ctx.projectId/workflows"],"fullName":"Workflows API Integration Tests GET /api/projects/:ctx.projectId/workflows should search by name","status":"passed","title":"should search by name","duration":916.5219999999972,"failureMessages":[],"meta":{}},{"ancestorTitles":["Workflows API Integration Tests","PATCH /api/workflows/:id"],"fullName":"Workflows API Integration Tests PATCH /api/workflows/:id should update draft workflow","status":"passed","title":"should update draft workflow","duration":706.6110000000008,"failureMessages":[],"meta":{}},{"ancestorTitles":["Workflows API Integration Tests","PATCH /api/workflows/:id"],"fullName":"Workflows API Integration Tests PATCH /api/workflows/:id should not allow editing published workflow","status":"passed","title":"should not allow editing published workflow","duration":884.9847000000009,"failureMessages":[],"meta":{}},{"ancestorTitles":["Workflows API Integration Tests","POST /api/workflows/:id/publish"],"fullName":"Workflows API Integration Tests POST /api/workflows/:id/publish should publish workflow","status":"passed","title":"should publish workflow","duration":741.4121999999988,"failureMessages":[],"meta":{}},{"ancestorTitles":["Workflows API Integration Tests","GET /api/workflows/:id/versions"],"fullName":"Workflows API Integration Tests GET /api/workflows/:id/versions should list workflow versions","status":"passed","title":"should list workflow versions","duration":905.6931000000004,"failureMessages":[],"meta":{}},{"ancestorTitles":["Workflows API Integration Tests","PUT /api/workflows/:id/move"],"fullName":"Workflows API Integration Tests PUT /api/workflows/:id/move should move workflow to a project","status":"passed","title":"should move workflow to a project","duration":1486.4521000000022,"failureMessages":[],"meta":{}},{"ancestorTitles":["Workflows API Integration Tests","PUT /api/workflows/:id/move"],"fullName":"Workflows API Integration Tests PUT /api/workflows/:id/move should move workflow to Main Folder (projectId = null)","status":"passed","title":"should move workflow to Main Folder (projectId = null)","duration":1483.1583000000028,"failureMessages":[],"meta":{}},{"ancestorTitles":["Workflows API Integration Tests","PUT /api/workflows/:id/move"],"fullName":"Workflows API Integration Tests PUT /api/workflows/:id/move should reject move to non-existent project","status":"passed","title":"should reject move to non-existent project","duration":666.1134999999995,"failureMessages":[],"meta":{}},{"ancestorTitles":["Workflows API Integration Tests","PUT /api/workflows/:id/move"],"fullName":"Workflows API Integration Tests PUT /api/workflows/:id/move should reject move without authentication","status":"passed","title":"should reject move without authentication","duration":514.5296000000017,"failureMessages":[],"meta":{}},{"ancestorTitles":["Workflows API Integration Tests","PUT /api/workflows/:id/move"],"fullName":"Workflows API Integration Tests PUT /api/workflows/:id/move should reject move of workflow user does not own","status":"passed","title":"should reject move of workflow user does not own","duration":1393.4838999999993,"failureMessages":[],"meta":{}},{"ancestorTitles":["Workflows API Integration Tests","PUT /api/workflows/:id/move"],"fullName":"Workflows API Integration Tests PUT /api/workflows/:id/move should reject move with invalid projectId format","status":"passed","title":"should reject move with invalid projectId format","duration":562.7103999999999,"failureMessages":[],"meta":{}},{"ancestorTitles":["Workflows API Integration Tests","PUT /api/workflows/:id/move"],"fullName":"Workflows API Integration Tests PUT /api/workflows/:id/move should reject move without projectId in body","status":"passed","title":"should reject move without projectId in body","duration":551.8508000000002,"failureMessages":[],"meta":{}},{"ancestorTitles":["Workflows API Integration Tests","PUT /api/workflows/:id/move"],"fullName":"Workflows API Integration Tests PUT /api/workflows/:id/move should reject move to project user does not have access to","status":"passed","title":"should reject move to project user does not have access to","duration":2245.0447999999997,"failureMessages":[],"meta":{}}],"startTime":1768151575197,"endTime":1768151590489.045,"status":"passed","message":"","name":"C:/Users/scoot/poll/VaultLogic/tests/integration/api.workflows.test.ts"},{"assertionResults":[{"ancestorTitles":["Auth Flows Integration Tests (REAL)","Complete Registration → Login Flow"],"fullName":"Auth Flows Integration Tests (REAL) Complete Registration → Login Flow should complete registration, verify email, then login","status":"failed","title":"should complete registration, verify email, then login","duration":1360.6419999999998,"failureMessages":["AssertionError: expected 401 to be 403 // Object.is equality\n    at C:/Users/scoot/poll/VaultLogic/tests/integration/auth.flows.real.test.ts:55:36\n    at processTicksAndRejections (node:internal/process/task_queues:103:5)\n    at file:///C:/Users/scoot/poll/VaultLogic/node_modules/@vitest/runner/dist/index.js:915:20"],"meta":{}},{"ancestorTitles":["Auth Flows Integration Tests (REAL)","Account Lockout Flow"],"fullName":"Auth Flows Integration Tests (REAL) Account Lockout Flow should lock account after 5 failed attempts, then unlock after waiting","status":"failed","title":"should lock account after 5 failed attempts, then unlock after waiting","duration":2505.0615,"failureMessages":["AssertionError: expected 401 to be 423 // Object.is equality\n    at C:/Users/scoot/poll/VaultLogic/tests/integration/auth.flows.real.test.ts:110:36\n    at processTicksAndRejections (node:internal/process/task_queues:103:5)\n    at file:///C:/Users/scoot/poll/VaultLogic/node_modules/@vitest/runner/dist/index.js:915:20"],"meta":{}},{"ancestorTitles":["Auth Flows Integration Tests (REAL)","Account Lockout Flow"],"fullName":"Auth Flows Integration Tests (REAL) Account Lockout Flow should record all login attempts","status":"failed","title":"should record all login attempts","duration":1675.3315000000002,"failureMessages":["AssertionError: expected 1 to be 3 // Object.is equality\n    at C:/Users/scoot/poll/VaultLogic/tests/integration/auth.flows.real.test.ts:145:31\n    at processTicksAndRejections (node:internal/process/task_queues:103:5)\n    at file:///C:/Users/scoot/poll/VaultLogic/node_modules/@vitest/runner/dist/index.js:915:20"],"meta":{}},{"ancestorTitles":["Auth Flows Integration Tests (REAL)","MFA Enrollment and Login Flow"],"fullName":"Auth Flows Integration Tests (REAL) MFA Enrollment and Login Flow should complete MFA setup and login with TOTP","status":"failed","title":"should complete MFA setup and login with TOTP","duration":1992.0602000000017,"failureMessages":["AssertionError: expected undefined to be defined\n    at C:/Users/scoot/poll/VaultLogic/tests/integration/auth.flows.real.test.ts:182:25\n    at processTicksAndRejections (node:internal/process/task_queues:103:5)\n    at file:///C:/Users/scoot/poll/VaultLogic/node_modules/@vitest/runner/dist/index.js:915:20"],"meta":{}},{"ancestorTitles":["Auth Flows Integration Tests (REAL)","MFA Enrollment and Login Flow"],"fullName":"Auth Flows Integration Tests (REAL) MFA Enrollment and Login Flow should login with backup code when TOTP unavailable","status":"failed","title":"should login with backup code when TOTP unavailable","duration":1964.5851000000002,"failureMessages":["TypeError: Cannot read properties of undefined (reading 'secret')\n    at C:/Users/scoot/poll/VaultLogic/tests/integration/auth.flows.real.test.ts:248:52\n    at processTicksAndRejections (node:internal/process/task_queues:103:5)\n    at file:///C:/Users/scoot/poll/VaultLogic/node_modules/@vitest/runner/dist/index.js:915:20"],"meta":{}},{"ancestorTitles":["Auth Flows Integration Tests (REAL)","Password Reset Flow"],"fullName":"Auth Flows Integration Tests (REAL) Password Reset Flow should complete full password reset flow","status":"failed","title":"should complete full password reset flow","duration":1760.7479000000021,"failureMessages":["AssertionError: expected 500 to be 200 // Object.is equality\n    at C:/Users/scoot/poll/VaultLogic/tests/integration/auth.flows.real.test.ts:332:36\n    at processTicksAndRejections (node:internal/process/task_queues:103:5)\n    at file:///C:/Users/scoot/poll/VaultLogic/node_modules/@vitest/runner/dist/index.js:915:20"],"meta":{}},{"ancestorTitles":["Auth Flows Integration Tests (REAL)","Password Reset Flow"],"fullName":"Auth Flows Integration Tests (REAL) Password Reset Flow should invalidate all sessions after password reset","status":"passed","title":"should invalidate all sessions after password reset","duration":2307.6983,"failureMessages":[],"meta":{}},{"ancestorTitles":["Auth Flows Integration Tests (REAL)","Token Refresh Flow"],"fullName":"Auth Flows Integration Tests (REAL) Token Refresh Flow should rotate refresh token on each use","status":"failed","title":"should rotate refresh token on each use","duration":1573.235700000001,"failureMessages":["AssertionError: expected 401 to be 200 // Object.is equality\n    at C:/Users/scoot/poll/VaultLogic/tests/integration/auth.flows.real.test.ts:415:40\n    at processTicksAndRejections (node:internal/process/task_queues:103:5)\n    at file:///C:/Users/scoot/poll/VaultLogic/node_modules/@vitest/runner/dist/index.js:915:20"],"meta":{}},{"ancestorTitles":["Auth Flows Integration Tests (REAL)","Token Refresh Flow"],"fullName":"Auth Flows Integration Tests (REAL) Token Refresh Flow should detect and prevent refresh token reuse (token theft)","status":"passed","title":"should detect and prevent refresh token reuse (token theft)","duration":1959.2878999999994,"failureMessages":[],"meta":{}},{"ancestorTitles":["Auth Flows Integration Tests (REAL)","Session Management Flow"],"fullName":"Auth Flows Integration Tests (REAL) Session Management Flow should list all active sessions","status":"failed","title":"should list all active sessions","duration":1785.3538999999982,"failureMessages":["AssertionError: expected 401 to be 200 // Object.is equality\n    at C:/Users/scoot/poll/VaultLogic/tests/integration/auth.flows.real.test.ts:492:39\n    at processTicksAndRejections (node:internal/process/task_queues:103:5)\n    at file:///C:/Users/scoot/poll/VaultLogic/node_modules/@vitest/runner/dist/index.js:915:20"],"meta":{}},{"ancestorTitles":["Auth Flows Integration Tests (REAL)","Session Management Flow"],"fullName":"Auth Flows Integration Tests (REAL) Session Management Flow should revoke specific session","status":"failed","title":"should revoke specific session","duration":1454.239300000001,"failureMessages":["TypeError: Cannot read properties of undefined (reading 'find')\n    at C:/Users/scoot/poll/VaultLogic/tests/integration/auth.flows.real.test.ts:517:40\n    at processTicksAndRejections (node:internal/process/task_queues:103:5)\n    at file:///C:/Users/scoot/poll/VaultLogic/node_modules/@vitest/runner/dist/index.js:915:20"],"meta":{}}],"startTime":1768151566480,"endTime":1768151586820.2393,"status":"failed","message":"","name":"C:/Users/scoot/poll/VaultLogic/tests/integration/auth.flows.real.test.ts"},{"assertionResults":[{"ancestorTitles":["Auth Routes Integration Tests (REAL)","POST /api/auth/register"],"fullName":"Auth Routes Integration Tests (REAL) POST /api/auth/register should register a new user successfully","status":"passed","title":"should register a new user successfully","duration":1581.1040000000012,"failureMessages":[],"meta":{}},{"ancestorTitles":["Auth Routes Integration Tests (REAL)","POST /api/auth/register"],"fullName":"Auth Routes Integration Tests (REAL) POST /api/auth/register should return 400 for invalid email format","status":"passed","title":"should return 400 for invalid email format","duration":834.416299999999,"failureMessages":[],"meta":{}},{"ancestorTitles":["Auth Routes Integration Tests (REAL)","POST /api/auth/register"],"fullName":"Auth Routes Integration Tests (REAL) POST /api/auth/register should return 400 for weak password","status":"passed","title":"should return 400 for weak password","duration":831.8155999999999,"failureMessages":[],"meta":{}},{"ancestorTitles":["Auth Routes Integration Tests (REAL)","POST /api/auth/register"],"fullName":"Auth Routes Integration Tests (REAL) POST /api/auth/register should return 409 for duplicate email","status":"passed","title":"should return 409 for duplicate email","duration":1463.3338000000003,"failureMessages":[],"meta":{}},{"ancestorTitles":["Auth Routes Integration Tests (REAL)","POST /api/auth/register"],"fullName":"Auth Routes Integration Tests (REAL) POST /api/auth/register should set httpOnly refresh token cookie","status":"passed","title":"should set httpOnly refresh token cookie","duration":1437.7916000000005,"failureMessages":[],"meta":{}},{"ancestorTitles":["Auth Routes Integration Tests (REAL)","POST /api/auth/login"],"fullName":"Auth Routes Integration Tests (REAL) POST /api/auth/login should login with valid credentials","status":"passed","title":"should login with valid credentials","duration":1821.4665999999997,"failureMessages":[],"meta":{}},{"ancestorTitles":["Auth Routes Integration Tests (REAL)","POST /api/auth/login"],"fullName":"Auth Routes Integration Tests (REAL) POST /api/auth/login should return 401 for invalid password","status":"passed","title":"should return 401 for invalid password","duration":1501.8238000000001,"failureMessages":[],"meta":{}},{"ancestorTitles":["Auth Routes Integration Tests (REAL)","POST /api/auth/login"],"fullName":"Auth Routes Integration Tests (REAL) POST /api/auth/login should return 401 for non-existent user","status":"passed","title":"should return 401 for non-existent user","duration":985.2410999999993,"failureMessages":[],"meta":{}},{"ancestorTitles":["Auth Routes Integration Tests (REAL)","POST /api/auth/login"],"fullName":"Auth Routes Integration Tests (REAL) POST /api/auth/login should return 403 for unverified email","status":"failed","title":"should return 403 for unverified email","duration":1636.8204000000005,"failureMessages":["AssertionError: expected 401 to be 403 // Object.is equality\n    at C:/Users/scoot/poll/VaultLogic/tests/integration/auth.routes.real.test.ts:192:31\n    at processTicksAndRejections (node:internal/process/task_queues:103:5)\n    at file:///C:/Users/scoot/poll/VaultLogic/node_modules/@vitest/runner/dist/index.js:915:20"],"meta":{}},{"ancestorTitles":["Auth Routes Integration Tests (REAL)","POST /api/auth/login"],"fullName":"Auth Routes Integration Tests (REAL) POST /api/auth/login should record failed login attempt","status":"passed","title":"should record failed login attempt","duration":1808.142100000001,"failureMessages":[],"meta":{}},{"ancestorTitles":["Auth Routes Integration Tests (REAL)","POST /api/auth/login"],"fullName":"Auth Routes Integration Tests (REAL) POST /api/auth/login should return requiresMfa=true for MFA-enabled users","status":"passed","title":"should return requiresMfa=true for MFA-enabled users","duration":2144.7438999999977,"failureMessages":[],"meta":{}},{"ancestorTitles":["Auth Routes Integration Tests (REAL)","POST /api/auth/login"],"fullName":"Auth Routes Integration Tests (REAL) POST /api/auth/login should lock account after 5 failed attempts","status":"failed","title":"should lock account after 5 failed attempts","duration":2846.1638999999996,"failureMessages":["AssertionError: expected 401 to be 423 // Object.is equality\n    at C:/Users/scoot/poll/VaultLogic/tests/integration/auth.routes.real.test.ts:250:31\n    at processTicksAndRejections (node:internal/process/task_queues:103:5)\n    at file:///C:/Users/scoot/poll/VaultLogic/node_modules/@vitest/runner/dist/index.js:915:20"],"meta":{}},{"ancestorTitles":["Auth Routes Integration Tests (REAL)","POST /api/auth/logout"],"fullName":"Auth Routes Integration Tests (REAL) POST /api/auth/logout should logout and clear refresh token cookie","status":"failed","title":"should logout and clear refresh token cookie","duration":1589.5139999999992,"failureMessages":["AssertionError: expected undefined to be defined\n    at C:/Users/scoot/poll/VaultLogic/tests/integration/auth.routes.real.test.ts:266:23\n    at processTicksAndRejections (node:internal/process/task_queues:103:5)\n    at file:///C:/Users/scoot/poll/VaultLogic/node_modules/@vitest/runner/dist/index.js:915:20"],"meta":{}},{"ancestorTitles":["Auth Routes Integration Tests (REAL)","POST /api/auth/refresh-token"],"fullName":"Auth Routes Integration Tests (REAL) POST /api/auth/refresh-token should refresh access token with valid refresh token","status":"failed","title":"should refresh access token with valid refresh token","duration":1518.2793999999994,"failureMessages":["AssertionError: expected undefined to be defined\n    at C:/Users/scoot/poll/VaultLogic/tests/integration/auth.routes.real.test.ts:295:23\n    at processTicksAndRejections (node:internal/process/task_queues:103:5)\n    at file:///C:/Users/scoot/poll/VaultLogic/node_modules/@vitest/runner/dist/index.js:915:20"],"meta":{}},{"ancestorTitles":["Auth Routes Integration Tests (REAL)","POST /api/auth/refresh-token"],"fullName":"Auth Routes Integration Tests (REAL) POST /api/auth/refresh-token should return 401 for missing refresh token","status":"passed","title":"should return 401 for missing refresh token","duration":842.1231999999982,"failureMessages":[],"meta":{}},{"ancestorTitles":["Auth Routes Integration Tests (REAL)","POST /api/auth/refresh-token"],"fullName":"Auth Routes Integration Tests (REAL) POST /api/auth/refresh-token should rotate refresh token after use","status":"passed","title":"should rotate refresh token after use","duration":2202.607699999997,"failureMessages":[],"meta":{}},{"ancestorTitles":["Auth Routes Integration Tests (REAL)","POST /api/auth/forgot-password"],"fullName":"Auth Routes Integration Tests (REAL) POST /api/auth/forgot-password should send password reset email for existing user","status":"passed","title":"should send password reset email for existing user","duration":1467.9452999999994,"failureMessages":[],"meta":{}},{"ancestorTitles":["Auth Routes Integration Tests (REAL)","POST /api/auth/forgot-password"],"fullName":"Auth Routes Integration Tests (REAL) POST /api/auth/forgot-password should not reveal if email exists (security)","status":"passed","title":"should not reveal if email exists (security)","duration":894.7433000000019,"failureMessages":[],"meta":{}},{"ancestorTitles":["Auth Routes Integration Tests (REAL)","POST /api/auth/reset-password"],"fullName":"Auth Routes Integration Tests (REAL) POST /api/auth/reset-password should reset password with valid token","status":"passed","title":"should reset password with valid token","duration":3260.3840000000055,"failureMessages":[],"meta":{}},{"ancestorTitles":["Auth Routes Integration Tests (REAL)","POST /api/auth/reset-password"],"fullName":"Auth Routes Integration Tests (REAL) POST /api/auth/reset-password should return 400 for invalid token","status":"passed","title":"should return 400 for invalid token","duration":892.560000000005,"failureMessages":[],"meta":{}},{"ancestorTitles":["Auth Routes Integration Tests (REAL)","POST /api/auth/reset-password"],"fullName":"Auth Routes Integration Tests (REAL) POST /api/auth/reset-password should return 400 for weak new password","status":"passed","title":"should return 400 for weak new password","duration":1687.9896999999983,"failureMessages":[],"meta":{}},{"ancestorTitles":["Auth Routes Integration Tests (REAL)","GET /api/auth/me"],"fullName":"Auth Routes Integration Tests (REAL) GET /api/auth/me should return current user for valid token","status":"passed","title":"should return current user for valid token","duration":1902.0936999999976,"failureMessages":[],"meta":{}},{"ancestorTitles":["Auth Routes Integration Tests (REAL)","GET /api/auth/me"],"fullName":"Auth Routes Integration Tests (REAL) GET /api/auth/me should return 401 for missing token","status":"passed","title":"should return 401 for missing token","duration":811.0446000000011,"failureMessages":[],"meta":{}},{"ancestorTitles":["Auth Routes Integration Tests (REAL)","GET /api/auth/me"],"fullName":"Auth Routes Integration Tests (REAL) GET /api/auth/me should return 401 for invalid token","status":"passed","title":"should return 401 for invalid token","duration":813.5437999999995,"failureMessages":[],"meta":{}},{"ancestorTitles":["Auth Routes Integration Tests (REAL)","MFA Routes","POST /api/auth/mfa/verify-login"],"fullName":"Auth Routes Integration Tests (REAL) MFA Routes POST /api/auth/mfa/verify-login should complete MFA login with valid TOTP code","status":"passed","title":"should complete MFA login with valid TOTP code","duration":2219.967499999999,"failureMessages":[],"meta":{}},{"ancestorTitles":["Auth Routes Integration Tests (REAL)","MFA Routes","POST /api/auth/mfa/verify-login"],"fullName":"Auth Routes Integration Tests (REAL) MFA Routes POST /api/auth/mfa/verify-login should reject invalid MFA code","status":"passed","title":"should reject invalid MFA code","duration":1705.9501000000018,"failureMessages":[],"meta":{}}],"startTime":1768151565885,"endTime":1768151606588.9502,"status":"failed","message":"","name":"C:/Users/scoot/poll/VaultLogic/tests/integration/auth.routes.real.test.ts"},{"assertionResults":[{"ancestorTitles":["Auth Routes Integration Tests","POST /api/auth/register"],"fullName":"Auth Routes Integration Tests POST /api/auth/register should register a new user successfully","status":"passed","title":"should register a new user successfully","duration":1.6096999999999753,"failureMessages":[],"meta":{}},{"ancestorTitles":["Auth Routes Integration Tests","POST /api/auth/register"],"fullName":"Auth Routes Integration Tests POST /api/auth/register should return 400 for invalid email format","status":"passed","title":"should return 400 for invalid email format","duration":0.365099999999984,"failureMessages":[],"meta":{}},{"ancestorTitles":["Auth Routes Integration Tests","POST /api/auth/register"],"fullName":"Auth Routes Integration Tests POST /api/auth/register should return 400 for weak password","status":"passed","title":"should return 400 for weak password","duration":0.28629999999975553,"failureMessages":[],"meta":{}},{"ancestorTitles":["Auth Routes Integration Tests","POST /api/auth/register"],"fullName":"Auth Routes Integration Tests POST /api/auth/register should return 409 for duplicate email","status":"passed","title":"should return 409 for duplicate email","duration":0.26230000000032305,"failureMessages":[],"meta":{}},{"ancestorTitles":["Auth Routes Integration Tests","POST /api/auth/register"],"fullName":"Auth Routes Integration Tests POST /api/auth/register should hash password before storing","status":"passed","title":"should hash password before storing","duration":0.23149999999986903,"failureMessages":[],"meta":{}},{"ancestorTitles":["Auth Routes Integration Tests","POST /api/auth/register"],"fullName":"Auth Routes Integration Tests POST /api/auth/register should send email verification token","status":"passed","title":"should send email verification token","duration":0.17630000000008295,"failureMessages":[],"meta":{}},{"ancestorTitles":["Auth Routes Integration Tests","POST /api/auth/login"],"fullName":"Auth Routes Integration Tests POST /api/auth/login should login with valid credentials","status":"passed","title":"should login with valid credentials","duration":0.2438999999999396,"failureMessages":[],"meta":{}},{"ancestorTitles":["Auth Routes Integration Tests","POST /api/auth/login"],"fullName":"Auth Routes Integration Tests POST /api/auth/login should return 401 for invalid password","status":"passed","title":"should return 401 for invalid password","duration":0.16780000000017026,"failureMessages":[],"meta":{}},{"ancestorTitles":["Auth Routes Integration Tests","POST /api/auth/login"],"fullName":"Auth Routes Integration Tests POST /api/auth/login should return 404 for non-existent user","status":"passed","title":"should return 404 for non-existent user","duration":0.21979999999985012,"failureMessages":[],"meta":{}},{"ancestorTitles":["Auth Routes Integration Tests","POST /api/auth/login"],"fullName":"Auth Routes Integration Tests POST /api/auth/login should return 403 for unverified email","status":"passed","title":"should return 403 for unverified email","duration":0.23610000000007858,"failureMessages":[],"meta":{}},{"ancestorTitles":["Auth Routes Integration Tests","POST /api/auth/login"],"fullName":"Auth Routes Integration Tests POST /api/auth/login should record successful login attempt","status":"passed","title":"should record successful login attempt","duration":0.17419999999992797,"failureMessages":[],"meta":{}},{"ancestorTitles":["Auth Routes Integration Tests","POST /api/auth/login"],"fullName":"Auth Routes Integration Tests POST /api/auth/login should record failed login attempt","status":"passed","title":"should record failed login attempt","duration":0.13810000000012224,"failureMessages":[],"meta":{}},{"ancestorTitles":["Auth Routes Integration Tests","POST /api/auth/login"],"fullName":"Auth Routes Integration Tests POST /api/auth/login should return requiresMfa=true for MFA-enabled users","status":"passed","title":"should return requiresMfa=true for MFA-enabled users","duration":0.14810000000034051,"failureMessages":[],"meta":{}},{"ancestorTitles":["Auth Routes Integration Tests","POST /api/auth/logout"],"fullName":"Auth Routes Integration Tests POST /api/auth/logout should logout and revoke refresh token","status":"passed","title":"should logout and revoke refresh token","duration":0.1467000000002372,"failureMessages":[],"meta":{}},{"ancestorTitles":["Auth Routes Integration Tests","POST /api/auth/logout"],"fullName":"Auth Routes Integration Tests POST /api/auth/logout should return 401 for unauthenticated request","status":"passed","title":"should return 401 for unauthenticated request","duration":0.13999999999987267,"failureMessages":[],"meta":{}},{"ancestorTitles":["Auth Routes Integration Tests","POST /api/auth/verify-email"],"fullName":"Auth Routes Integration Tests POST /api/auth/verify-email should verify email with valid token","status":"passed","title":"should verify email with valid token","duration":0.11210000000028231,"failureMessages":[],"meta":{}},{"ancestorTitles":["Auth Routes Integration Tests","POST /api/auth/verify-email"],"fullName":"Auth Routes Integration Tests POST /api/auth/verify-email should return 400 for invalid token","status":"passed","title":"should return 400 for invalid token","duration":0.1147000000000844,"failureMessages":[],"meta":{}},{"ancestorTitles":["Auth Routes Integration Tests","POST /api/auth/verify-email"],"fullName":"Auth Routes Integration Tests POST /api/auth/verify-email should return 400 for expired token","status":"passed","title":"should return 400 for expired token","duration":0.09510000000000218,"failureMessages":[],"meta":{}},{"ancestorTitles":["Auth Routes Integration Tests","POST /api/auth/verify-email"],"fullName":"Auth Routes Integration Tests POST /api/auth/verify-email should delete verification token after successful verification","status":"passed","title":"should delete verification token after successful verification","duration":0.11660000000028958,"failureMessages":[],"meta":{}},{"ancestorTitles":["Auth Routes Integration Tests","POST /api/auth/resend-verification"],"fullName":"Auth Routes Integration Tests POST /api/auth/resend-verification should resend verification email","status":"passed","title":"should resend verification email","duration":0.12750000000005457,"failureMessages":[],"meta":{}},{"ancestorTitles":["Auth Routes Integration Tests","POST /api/auth/resend-verification"],"fullName":"Auth Routes Integration Tests POST /api/auth/resend-verification should rate limit resend requests","status":"passed","title":"should rate limit resend requests","duration":0.09479999999985012,"failureMessages":[],"meta":{}},{"ancestorTitles":["Auth Routes Integration Tests","POST /api/auth/resend-verification"],"fullName":"Auth Routes Integration Tests POST /api/auth/resend-verification should return 404 for non-existent email","status":"passed","title":"should return 404 for non-existent email","duration":0.16570000000001528,"failureMessages":[],"meta":{}},{"ancestorTitles":["Auth Routes Integration Tests","POST /api/auth/forgot-password"],"fullName":"Auth Routes Integration Tests POST /api/auth/forgot-password should send password reset email","status":"passed","title":"should send password reset email","duration":0.12159999999994398,"failureMessages":[],"meta":{}},{"ancestorTitles":["Auth Routes Integration Tests","POST /api/auth/forgot-password"],"fullName":"Auth Routes Integration Tests POST /api/auth/forg
[...]
bustness should handle special characters in strings","status":"passed","title":"should handle special characters in strings","duration":0.18420000000014625,"failureMessages":[],"meta":{}},{"ancestorTitles":["validation","Edge cases and robustness"],"fullName":"validation Edge cases and robustness should handle unicode characters","status":"passed","title":"should handle unicode characters","duration":0.2656000000001768,"failureMessages":[],"meta":{}},{"ancestorTitles":["validation","Edge cases and robustness"],"fullName":"validation Edge cases and robustness should handle negative numbers","status":"passed","title":"should handle negative numbers","duration":0.29650000000037835,"failureMessages":[],"meta":{}},{"ancestorTitles":["validation","Edge cases and robustness"],"fullName":"validation Edge cases and robustness should handle decimal numbers","status":"passed","title":"should handle decimal numbers","duration":0.354200000000219,"failureMessages":[],"meta":{}},{"ancestorTitles":["validation","Edge cases and robustness"],"fullName":"validation Edge cases and robustness should handle very large numbers","status":"passed","title":"should handle very large numbers","duration":0.23070000000006985,"failureMessages":[],"meta":{}},{"ancestorTitles":["validation","Edge cases and robustness"],"fullName":"validation Edge cases and robustness should handle objects as values","status":"passed","title":"should handle objects as values","duration":0.21090000000003783,"failureMessages":[],"meta":{}},{"ancestorTitles":["validation","Edge cases and robustness"],"fullName":"validation Edge cases and robustness should handle arrays as values","status":"passed","title":"should handle arrays as values","duration":0.3389999999999418,"failureMessages":[],"meta":{}}],"startTime":1768151629502,"endTime":1768151629526.3542,"status":"passed","message":"","name":"C:/Users/scoot/poll/VaultLogic/tests/unit/workflows/validation.test.ts"},{"assertionResults":[{"ancestorTitles":["CellRenderer"],"fullName":"CellRenderer renders text value in display mode","status":"passed","title":"renders text value in display mode","duration":42.07669999999962,"failureMessages":[],"meta":{}},{"ancestorTitles":["CellRenderer"],"fullName":"CellRenderer renders number value correctly","status":"passed","title":"renders number value correctly","duration":5.595699999999852,"failureMessages":[],"meta":{}},{"ancestorTitles":["CellRenderer"],"fullName":"CellRenderer renders boolean value as Yes/No","status":"passed","title":"renders boolean value as Yes/No","duration":1039.2731999999996,"failureMessages":[],"meta":{}},{"ancestorTitles":["CellRenderer"],"fullName":"CellRenderer renders date value formatted","status":"passed","title":"renders date value formatted","duration":32.0641999999998,"failureMessages":[],"meta":{}},{"ancestorTitles":["CellRenderer"],"fullName":"CellRenderer shows text input in edit mode for text columns","status":"passed","title":"shows text input in edit mode for text columns","duration":46.56429999999909,"failureMessages":[],"meta":{}},{"ancestorTitles":["CellRenderer"],"fullName":"CellRenderer shows number input in edit mode for number columns","status":"passed","title":"shows number input in edit mode for number columns","duration":179.65409999999974,"failureMessages":[],"meta":{}},{"ancestorTitles":["CellRenderer"],"fullName":"CellRenderer shows checkbox in edit mode for boolean columns","status":"passed","title":"shows checkbox in edit mode for boolean columns","duration":198.89180000000124,"failureMessages":[],"meta":{}},{"ancestorTitles":["CellRenderer"],"fullName":"CellRenderer calls onCommit when Enter is pressed","status":"passed","title":"calls onCommit when Enter is pressed","duration":308.92349999999897,"failureMessages":[],"meta":{}},{"ancestorTitles":["CellRenderer"],"fullName":"CellRenderer calls onCancel when Escape is pressed","status":"passed","title":"calls onCancel when Escape is pressed","duration":90.77549999999974,"failureMessages":[],"meta":{}},{"ancestorTitles":["CellRenderer"],"fullName":"CellRenderer handles empty values","status":"passed","title":"handles empty values","duration":6.6163999999989755,"failureMessages":[],"meta":{}},{"ancestorTitles":["CellRenderer"],"fullName":"CellRenderer handles null values","status":"passed","title":"handles null values","duration":3.149600000000646,"failureMessages":[],"meta":{}},{"ancestorTitles":["CellRenderer"],"fullName":"CellRenderer shows \"Unsupported type\" for unknown column types","status":"passed","title":"shows \"Unsupported type\" for unknown column types","duration":8.545599999999467,"failureMessages":[],"meta":{}}],"startTime":1768151624237,"endTime":1768151626200.5457,"status":"passed","message":"","name":"C:/Users/scoot/poll/VaultLogic/tests/unit/components/datavault/CellRenderer.test.tsx"},{"assertionResults":[{"ancestorTitles":["SortableColumnHeader"],"fullName":"SortableColumnHeader renders column name","status":"passed","title":"renders column name","duration":104.83519999999953,"failureMessages":[],"meta":{}},{"ancestorTitles":["SortableColumnHeader"],"fullName":"SortableColumnHeader shows drag handle","status":"passed","title":"shows drag handle","duration":17.960900000000038,"failureMessages":[],"meta":{}},{"ancestorTitles":["SortableColumnHeader"],"fullName":"SortableColumnHeader shows type icon for text columns","status":"passed","title":"shows type icon for text columns","duration":118.55069999999978,"failureMessages":[],"meta":{}},{"ancestorTitles":["SortableColumnHeader"],"fullName":"SortableColumnHeader shows type icon for number columns","status":"passed","title":"shows type icon for number columns","duration":40.305099999999584,"failureMessages":[],"meta":{}},{"ancestorTitles":["SortableColumnHeader"],"fullName":"SortableColumnHeader shows type icon for boolean columns","status":"passed","title":"shows type icon for boolean columns","duration":15.96349999999984,"failureMessages":[],"meta":{}},{"ancestorTitles":["SortableColumnHeader"],"fullName":"SortableColumnHeader shows type icon for date columns","status":"passed","title":"shows type icon for date columns","duration":7.45089999999982,"failureMessages":[],"meta":{}},{"ancestorTitles":["SortableColumnHeader"],"fullName":"SortableColumnHeader shows primary key badge when column is PK","status":"passed","title":"shows primary key badge when column is PK","duration":28.277399999999943,"failureMessages":[],"meta":{}},{"ancestorTitles":["SortableColumnHeader"],"fullName":"SortableColumnHeader shows required indicator when column is required","status":"passed","title":"shows required indicator when column is required","duration":11.808899999999994,"failureMessages":[],"meta":{}},{"ancestorTitles":["SortableColumnHeader"],"fullName":"SortableColumnHeader shows both PK badge and required indicator","status":"passed","title":"shows both PK badge and required indicator","duration":29.81880000000001,"failureMessages":[],"meta":{}},{"ancestorTitles":["SortableColumnHeader"],"fullName":"SortableColumnHeader applies correct CSS classes","status":"passed","title":"applies correct CSS classes","duration":14.630400000000009,"failureMessages":[],"meta":{}}],"startTime":1768151630307,"endTime":1768151630704.6304,"status":"passed","message":"","name":"C:/Users/scoot/poll/VaultLogic/tests/unit/components/datavault/SortableColumnHeader.test.tsx"},{"assertionResults":[{"ancestorTitles":["TableGridView"],"fullName":"TableGridView loads table schema and rows","status":"passed","title":"loads table schema and rows","duration":893.8329000000003,"failureMessages":[],"meta":{}},{"ancestorTitles":["TableGridView"],"fullName":"TableGridView renders correct column headers","status":"passed","title":"renders correct column headers","duration":116.44369999999981,"failureMessages":[],"meta":{}},{"ancestorTitles":["TableGridView"],"fullName":"TableGridView displays empty state when no rows","status":"passed","title":"displays empty state when no rows","duration":160.66210000000046,"failureMessages":[],"meta":{}},{"ancestorTitles":["TableGridView"],"fullName":"TableGridView enters edit mode on double click","status":"passed","title":"enters edit mode on double click","duration":1031.9236999999994,"failureMessages":[],"meta":{}},{"ancestorTitles":["TableGridView"],"fullName":"TableGridView updates cell value on blur","status":"passed","title":"updates cell value on blur","duration":1686.9519,"failureMessages":[],"meta":{}},{"ancestorTitles":["TableGridView"],"fullName":"TableGridView renders Add Row button","status":"passed","title":"renders Add Row button","duration":36.98039999999855,"failureMessages":[],"meta":{}},{"ancestorTitles":["TableGridView"],"fullName":"TableGridView renders delete button for each row","status":"passed","title":"renders delete button for each row","duration":660.7060999999994,"failureMessages":[],"meta":{}},{"ancestorTitles":["TableGridView"],"fullName":"TableGridView handles API errors gracefully","status":"passed","title":"handles API errors gracefully","duration":51.44909999999982,"failureMessages":[],"meta":{}},{"ancestorTitles":["TableGridView"],"fullName":"TableGridView sorts columns by orderIndex","status":"passed","title":"sorts columns by orderIndex","duration":178.126400000001,"failureMessages":[],"meta":{}}],"startTime":1768151615863,"endTime":1768151620681.1265,"status":"passed","message":"","name":"C:/Users/scoot/poll/VaultLogic/tests/unit/components/datavault/TableGridView.test.tsx"},{"assertionResults":[{"ancestorTitles":["TableGridView - Drag & Drop"],"fullName":"TableGridView - Drag & Drop renders DndContext wrapper","status":"passed","title":"renders DndContext wrapper","duration":229.8748000000005,"failureMessages":[],"meta":{}},{"ancestorTitles":["TableGridView - Drag & Drop"],"fullName":"TableGridView - Drag & Drop renders SortableContext for columns","status":"passed","title":"renders SortableContext for columns","duration":253.6948000000002,"failureMessages":[],"meta":{}},{"ancestorTitles":["TableGridView - Drag & Drop"],"fullName":"TableGridView - Drag & Drop displays columns with type icons","status":"passed","title":"displays columns with type icons","duration":372.52409999999963,"failureMessages":[],"meta":{}},{"ancestorTitles":["TableGridView - Drag & Drop"],"fullName":"TableGridView - Drag & Drop displays PK badge for primary key columns","status":"passed","title":"displays PK badge for primary key columns","duration":194.1167000000005,"failureMessages":[],"meta":{}},{"ancestorTitles":["TableGridView - Drag & Drop"],"fullName":"TableGridView - Drag & Drop calls reorderColumns API when columns are reordered","status":"passed","title":"calls reorderColumns API when columns are reordered","duration":219.6301000000003,"failureMessages":[],"meta":{}},{"ancestorTitles":["TableGridView - Drag & Drop"],"fullName":"TableGridView - Drag & Drop displays columns in order based on orderIndex","status":"passed","title":"displays columns in order based on orderIndex","duration":1004.7266,"failureMessages":[],"meta":{}},{"ancestorTitles":["TableGridView - Drag & Drop"],"fullName":"TableGridView - Drag & Drop maintains column order after successful reorder","status":"passed","title":"maintains column order after successful reorder","duration":454.1993000000002,"failureMessages":[],"meta":{}}],"startTime":1768151616931,"endTime":1768151619660.1992,"status":"passed","message":"","name":"C:/Users/scoot/poll/VaultLogic/tests/unit/components/datavault/TableGridViewDragDrop.test.tsx"},{"assertionResults":[{"ancestorTitles":["QueryRunner"],"fullName":"QueryRunner should throw if tableId is missing","status":"passed","title":"should throw if tableId is missing","duration":3.862800000000334,"failureMessages":[],"meta":{}},{"ancestorTitles":["QueryRunner"],"fullName":"QueryRunner should execute basic query and return ListVariable","status":"passed","title":"should execute basic query and return ListVariable","duration":2.3801000000003114,"failureMessages":[],"meta":{}},{"ancestorTitles":["QueryRunner"],"fullName":"QueryRunner should resolve variable filters","status":"passed","title":"should resolve variable filters","duration":1.2316999999998188,"failureMessages":[],"meta":{}},{"ancestorTitles":["QueryRunner"],"fullName":"QueryRunner should throw for missing variables","status":"passed","title":"should throw for missing variables","duration":0.7759999999998399,"failureMessages":[],"meta":{}},{"ancestorTitles":["QueryRunner"],"fullName":"QueryRunner should apply limit","status":"passed","title":"should apply limit","duration":1.9880999999995765,"failureMessages":[],"meta":{}}],"startTime":1768151644301,"endTime":1768151644311.988,"status":"passed","message":"","name":"C:/Users/scoot/poll/VaultLogic/tests/unit/lib/queries/QueryRunner.test.ts"},{"assertionResults":[{"ancestorTitles":["PageValidator"],"fullName":"PageValidator should return valid if all blocks are valid","status":"passed","title":"should return valid if all blocks are valid","duration":4.075399999999718,"failureMessages":[],"meta":{}},{"ancestorTitles":["PageValidator"],"fullName":"PageValidator should aggregate errors from invalid blocks","status":"passed","title":"should aggregate errors from invalid blocks","duration":1.786200000000008,"failureMessages":[],"meta":{}},{"ancestorTitles":["PageValidator"],"fullName":"PageValidator should pass allValues context to validator","status":"passed","title":"should pass allValues context to validator","duration":3.1149999999997817,"failureMessages":[],"meta":{}}],"startTime":1768151638742,"endTime":1768151638751.115,"status":"passed","message":"","name":"C:/Users/scoot/poll/VaultLogic/tests/unit/shared/validation/PageValidator.test.ts"},{"assertionResults":[{"ancestorTitles":["Step Config Schemas","getConfigSchema"],"fullName":"Step Config Schemas getConfigSchema should return schema for known types","status":"passed","title":"should return schema for known types","duration":2.073899999999867,"failureMessages":[],"meta":{}},{"ancestorTitles":["Step Config Schemas","getConfigSchema"],"fullName":"Step Config Schemas getConfigSchema should return undefined for unknown types","status":"passed","title":"should return undefined for unknown types","duration":0.3471999999997024,"failureMessages":[],"meta":{}},{"ancestorTitles":["Step Config Schemas","validateStepConfig"],"fullName":"Step Config Schemas validateStepConfig should validate valid config","status":"passed","title":"should validate valid config","duration":3.6495999999997366,"failureMessages":[],"meta":{}},{"ancestorTitles":["Step Config Schemas","validateStepConfig"],"fullName":"Step Config Schemas validateStepConfig should fail invalid config (missing required fields)","status":"passed","title":"should fail invalid config (missing required fields)","duration":1.1463000000003376,"failureMessages":[],"meta":{}},{"ancestorTitles":["Step Config Schemas","validateStepConfig"],"fullName":"Step Config Schemas validateStepConfig should pass through if no schema exists","status":"passed","title":"should pass through if no schema exists","duration":0.3637999999996282,"failureMessages":[],"meta":{}},{"ancestorTitles":["Step Config Schemas","Specific Schema Validations","FinalBlockConfigSchema"],"fullName":"Step Config Schemas Specific Schema Validations FinalBlockConfigSchema should enforce unique aliases","status":"passed","title":"should enforce unique aliases","duration":1.4598000000000866,"failureMessages":[],"meta":{}},{"ancestorTitles":["Step Config Schemas","Specific Schema Validations","ChoiceAdvancedConfigSchema"],"fullName":"Step Config Schemas Specific Schema Validations ChoiceAdvancedConfigSchema should require at least one option","status":"passed","title":"should require at least one option","duration":0.4048000000002503,"failureMessages":[],"meta":{}},{"ancestorTitles":["Step Config Schemas","Specific Schema Validations","ChoiceAdvancedConfigSchema"],"fullName":"Step Config Schemas Specific Schema Validations ChoiceAdvancedConfigSchema should validate valid options","status":"passed","title":"should validate valid options","duration":0.28789999999980864,"failureMessages":[],"meta":{}}],"startTime":1768151635405,"endTime":1768151635416.2878,"status":"passed","message":"","name":"C:/Users/scoot/poll/VaultLogic/tests/unit/shared/validation/stepConfigSchemas.test.ts"},{"assertionResults":[{"ancestorTitles":["Validator","validateValue"],"fullName":"Validator validateValue should validate required values","status":"passed","title":"should validate required values","duration":3.284900000000107,"failureMessages":[],"meta":{}},{"ancestorTitles":["Validator","validateValue"],"fullName":"Validator validateValue should respect custom required message","status":"passed","title":"should respect custom required message","duration":0.44430000000011205,"failureMessages":[],"meta":{}},{"ancestorTitles":["Validator","validateValue"],"fullName":"Validator validateValue should skip other validation if value is empty and not required","status":"passed","title":"should skip other validation if value is empty and not required","duration":0.39370000000008076,"failureMessages":[],"meta":{}},{"ancestorTitles":["Validator","validateValue","Numeric Rules"],"fullName":"Validator validateValue Numeric Rules should validate minValue","status":"passed","title":"should validate minValue","duration":0.9475999999999658,"failureMessages":[],"meta":{}},{"ancestorTitles":["Validator","validateValue","Numeric Rules"],"fullName":"Validator validateValue Numeric Rules should validate maxValue","status":"passed","title":"should validate maxValue","duration":0.5740000000000691,"failureMessages":[],"meta":{}},{"ancestorTitles":["Validator","validateValue","Numeric Rules"],"fullName":"Validator validateValue Numeric Rules should validate maxDecimalPlaces","status":"passed","title":"should validate maxDecimalPlaces","duration":0.7395999999998821,"failureMessages":[],"meta":{}},{"ancestorTitles":["Validator","validateValue","String Rules"],"fullName":"Validator validateValue String Rules should validate minLength","status":"passed","title":"should validate minLength","duration":0.46800000000030195,"failureMessages":[],"meta":{}},{"ancestorTitles":["Validator","validateValue","String Rules"],"fullName":"Validator validateValue String Rules should validate maxLength","status":"passed","title":"should validate maxLength","duration":0.3647999999998319,"failureMessages":[],"meta":{}},{"ancestorTitles":["Validator","validateValue","String Rules"],"fullName":"Validator validateValue String Rules should validate email","status":"passed","title":"should validate email","duration":0.5872000000003936,"failureMessages":[],"meta":{}},{"ancestorTitles":["Validator","validateValue","String Rules"],"fullName":"Validator validateValue String Rules should validate url","status":"passed","title":"should validate url","duration":0.5783999999998741,"failureMessages":[],"meta":{}},{"ancestorTitles":["Validator","validateValue","String Rules"],"fullName":"Validator validateValue String Rules should validate pattern (regex)","status":"passed","title":"should validate pattern (regex)","duration":0.5493000000001302,"failureMessages":[],"meta":{}},{"ancestorTitles":["Validator","validateValue","Conditional Rules"],"fullName":"Validator validateValue Conditional Rules should pass if condition evaluates to true","status":"passed","title":"should pass if condition evaluates to true","duration":0.46159999999963475,"failureMessages":[],"meta":{}},{"ancestorTitles":["Validator","validateValue","Conditional Rules"],"fullName":"Validator validateValue Conditional Rules should fail if condition evaluates to false","status":"passed","title":"should fail if condition evaluates to false","duration":0.27719999999999345,"failureMessages":[],"meta":{}}],"startTime":1768151636128,"endTime":1768151636139.277,"status":"passed","message":"","name":"C:/Users/scoot/poll/VaultLogic/tests/unit/shared/validation/Validator.test.ts"}]}