{"numTotalTestSuites":752,"numPassedTestSuites":676,"numFailedTestSuites":76,"numPendingTestSuites":0,"numTotalTests":1691,"numPassedTests":1547,"numFailedTests":129,"numPendingTests":15,"numTodoTests":0,"snapshot":{"added":0,"failure":false,"filesAdded":0,"filesRemoved":0,"filesRemovedList":[],"filesUnmatched":0,"filesUpdated":0,"matched":0,"total":0,"unchecked":0,"uncheckedKeysByFile":[],"unmatched":0,"updated":0,"didUpdate":false},"startTime":1771123382865,"success":false,"testResults":[{"assertionResults":[{"ancestorTitles":["AIService","OpenAI Provider"],"fullName":"AIService OpenAI Provider should initialize with OpenAI configuration","status":"passed","title":"should initialize with OpenAI configuration","duration":2.7859000000007654,"failureMessages":[],"meta":{}},{"ancestorTitles":["AIService","OpenAI Provider"],"fullName":"AIService OpenAI Provider should generate a valid workflow from description","status":"passed","title":"should generate a valid workflow from description","duration":4.83809999999994,"failureMessages":[],"meta":{}},{"ancestorTitles":["AIService","OpenAI Provider"],"fullName":"AIService OpenAI Provider should validate unique section IDs","status":"passed","title":"should validate unique section IDs","duration":4.65480000000025,"failureMessages":[],"meta":{}},{"ancestorTitles":["AIService","OpenAI Provider"],"fullName":"AIService OpenAI Provider should validate unique step IDs","status":"passed","title":"should validate unique step IDs","duration":1.6123999999999796,"failureMessages":[],"meta":{}},{"ancestorTitles":["AIService","OpenAI Provider"],"fullName":"AIService OpenAI Provider should validate logic rules reference existing steps","status":"passed","title":"should validate logic rules reference existing steps","duration":1.384900000000016,"failureMessages":[],"meta":{}},{"ancestorTitles":["AIService","OpenAI Provider"],"fullName":"AIService OpenAI Provider should handle rate limit errors","status":"passed","title":"should handle rate limit errors","duration":1.443000000000211,"failureMessages":[],"meta":{}},{"ancestorTitles":["AIService","OpenAI Provider"],"fullName":"AIService OpenAI Provider should handle JSON parsing errors","status":"passed","title":"should handle JSON parsing errors","duration":1.6287999999995009,"failureMessages":[],"meta":{}},{"ancestorTitles":["AIService","Anthropic Provider"],"fullName":"AIService Anthropic Provider should initialize with Anthropic configuration","status":"passed","title":"should initialize with Anthropic configuration","duration":1.0816999999997279,"failureMessages":[],"meta":{}},{"ancestorTitles":["AIService","Anthropic Provider"],"fullName":"AIService Anthropic Provider should generate a valid workflow from description","status":"passed","title":"should generate a valid workflow from description","duration":1.1114999999999782,"failureMessages":[],"meta":{}},{"ancestorTitles":["AIService","Anthropic Provider"],"fullName":"AIService Anthropic Provider should strip markdown code blocks from Anthropic responses","status":"passed","title":"should strip markdown code blocks from Anthropic responses","duration":1.042699999999968,"failureMessages":[],"meta":{}},{"ancestorTitles":["AIService","Template Binding Suggestions"],"fullName":"AIService Template Binding Suggestions should generate binding suggestions","status":"passed","title":"should generate binding suggestions","duration":2.293300000000272,"failureMessages":[],"meta":{}}],"startTime":1771123395635,"endTime":1771123395659.2932,"status":"passed","message":"","name":"C:/Users/scoot/poll/ezBuildr/tests/unit/ai.service.test.ts"},{"assertionResults":[{"ancestorTitles":["AliasResolver","fromSteps"],"fullName":"AliasResolver fromSteps should create resolver from steps array","status":"passed","title":"should create resolver from steps array","duration":2.29970000000003,"failureMessages":[],"meta":{}},{"ancestorTitles":["AliasResolver","fromSteps"],"fullName":"AliasResolver fromSteps should resolve by ID as well as alias","status":"passed","title":"should resolve by ID as well as alias","duration":0.42039999999997235,"failureMessages":[],"meta":{}},{"ancestorTitles":["AliasResolver","fromSteps"],"fullName":"AliasResolver fromSteps should handle case-insensitive alias lookup","status":"passed","title":"should handle case-insensitive alias lookup","duration":0.40120000000024447,"failureMessages":[],"meta":{}},{"ancestorTitles":["AliasResolver","fromSteps"],"fullName":"AliasResolver fromSteps should handle steps without aliases","status":"passed","title":"should handle steps without aliases","duration":0.4270000000001346,"failureMessages":[],"meta":{}},{"ancestorTitles":["AliasResolver","fromSteps"],"fullName":"AliasResolver fromSteps should track duplicate aliases as errors","status":"passed","title":"should track duplicate aliases as errors","duration":0.38439999999991414,"failureMessages":[],"meta":{}},{"ancestorTitles":["AliasResolver","fromSteps"],"fullName":"AliasResolver fromSteps should track steps without IDs as errors","status":"passed","title":"should track steps without IDs as errors","duration":0.313499999999749,"failureMessages":[],"meta":{}},{"ancestorTitles":["AliasResolver","fromWorkflow"],"fullName":"AliasResolver fromWorkflow should create resolver from workflow with sections and steps","status":"passed","title":"should create resolver from workflow with sections and steps","duration":0.6789000000003398,"failureMessages":[],"meta":{}},{"ancestorTitles":["AliasResolver","fromWorkflow"],"fullName":"AliasResolver fromWorkflow should handle empty workflow","status":"passed","title":"should handle empty workflow","duration":0.7466999999996915,"failureMessages":[],"meta":{}},{"ancestorTitles":["AliasResolver","resolve methods"],"fullName":"AliasResolver resolve methods should return undefined for non-existent alias","status":"passed","title":"should return undefined for non-existent alias","duration":0.3506000000002132,"failureMessages":[],"meta":{}},{"ancestorTitles":["AliasResolver","resolve methods"],"fullName":"AliasResolver resolve methods should resolve with details","status":"passed","title":"should resolve with details","duration":0.3786000000000058,"failureMessages":[],"meta":{}},{"ancestorTitles":["AliasResolver","resolve methods"],"fullName":"AliasResolver resolve methods should throw on resolveOrThrow for non-existent alias","status":"passed","title":"should throw on resolveOrThrow for non-existent alias","duration":1.1379000000001724,"failureMessages":[],"meta":{}},{"ancestorTitles":["AliasResolver","resolve methods"],"fullName":"AliasResolver resolve methods should include suggestions in error for similar aliases","status":"passed","title":"should include suggestions in error for similar aliases","duration":0.93100000000004,"failureMessages":[],"meta":{}},{"ancestorTitles":["AliasResolver","resolve methods"],"fullName":"AliasResolver resolve methods should resolve many aliases at once","status":"passed","title":"should resolve many aliases at once","duration":0.2274000000002161,"failureMessages":[],"meta":{}},{"ancestorTitles":["AliasResolver","utility methods"],"fullName":"AliasResolver utility methods should check existence with has()","status":"passed","title":"should check existence with has()","duration":0.2535000000002583,"failureMessages":[],"meta":{}},{"ancestorTitles":["AliasResolver","utility methods"],"fullName":"AliasResolver utility methods should get alias from ID with getAlias()","status":"passed","title":"should get alias from ID with getAlias()","duration":0.22800000000006548,"failureMessages":[],"meta":{}},{"ancestorTitles":["AliasResolver","utility methods"],"fullName":"AliasResolver utility methods should return all aliases","status":"passed","title":"should return all aliases","duration":0.4030999999999949,"failureMessages":[],"meta":{}},{"ancestorTitles":["AliasResolver","utility methods"],"fullName":"AliasResolver utility methods should convert to alias map","status":"passed","title":"should convert to alias map","duration":0.26290000000017244,"failureMessages":[],"meta":{}},{"ancestorTitles":["AliasResolver","utility methods"],"fullName":"AliasResolver utility methods should convert to resolver function","status":"passed","title":"should convert to resolver function","duration":0.20770000000038635,"failureMessages":[],"meta":{}},{"ancestorTitles":["AliasResolver","static helper methods"],"fullName":"AliasResolver static helper methods should create inline resolver function","status":"passed","title":"should create inline resolver function","duration":0.209400000000187,"failureMessages":[],"meta":{}},{"ancestorTitles":["AliasResolver","static helper methods"],"fullName":"AliasResolver static helper methods should create alias map directly","status":"passed","title":"should create alias map directly","duration":0.19810000000006767,"failureMessages":[],"meta":{}},{"ancestorTitles":["AliasResolverUtils","resolveLogicRules"],"fullName":"AliasResolverUtils resolveLogicRules should resolve aliases in logic rules","status":"passed","title":"should resolve aliases in logic rules","duration":0.3710000000000946,"failureMessages":[],"meta":{}},{"ancestorTitles":["AliasResolverUtils","resolveLogicRules"],"fullName":"AliasResolverUtils resolveLogicRules should report errors for unresolved aliases","status":"passed","title":"should report errors for unresolved aliases","duration":0.21880000000010114,"failureMessages":[],"meta":{}},{"ancestorTitles":["AliasResolverUtils","buildDualKeyContext"],"fullName":"AliasResolverUtils buildDualKeyContext should build context with both ID and alias keys","status":"passed","title":"should build context with both ID and alias keys","duration":0.3240000000000691,"failureMessages":[],"meta":{}}],"startTime":1771123401324,"endTime":1771123401336.324,"status":"passed","message":"","name":"C:/Users/scoot/poll/ezBuildr/tests/unit/AliasResolver.test.ts"},{"assertionResults":[{"ancestorTitles":["AI Logic Routes","POST /api/ai/workflows/generate-logic"],"fullName":"AI Logic Routes POST /api/ai/workflows/generate-logic should return generated logic","status":"passed","title":"should return generated logic","duration":38.07179999999971,"failureMessages":[],"meta":{}},{"ancestorTitles":["AI Logic Routes","POST /api/ai/workflows/debug-logic"],"fullName":"AI Logic Routes POST /api/ai/workflows/debug-logic should return debug issues","status":"passed","title":"should return debug issues","duration":7.6983000000000175,"failureMessages":[],"meta":{}},{"ancestorTitles":["AI Logic Routes","POST /api/ai/workflows/visualize-logic"],"fullName":"AI Logic Routes POST /api/ai/workflows/visualize-logic should return graph data","status":"passed","title":"should return graph data","duration":5.4914000000007945,"failureMessages":[],"meta":{}}],"startTime":1771123405470,"endTime":1771123405521.4915,"status":"passed","message":"","name":"C:/Users/scoot/poll/ezBuildr/tests/unit/api.ai.logic.test.ts"},{"assertionResults":[{"ancestorTitles":["AI Routes Integration","POST /api/ai/workflows/revise"],"fullName":"AI Routes Integration POST /api/ai/workflows/revise should enqueue revision job and return 202","status":"passed","title":"should enqueue revision job and return 202","duration":37.01929999999993,"failureMessages":[],"meta":{}},{"ancestorTitles":["AI Routes Integration","POST /api/ai/workflows/revise"],"fullName":"AI Routes Integration POST /api/ai/workflows/revise should return 400 for invalid request usage","status":"passed","title":"should return 400 for invalid request usage","duration":12.937399999999798,"failureMessages":[],"meta":{}}],"startTime":1771123405856,"endTime":1771123405905.9375,"status":"passed","message":"","name":"C:/Users/scoot/poll/ezBuildr/tests/unit/api.ai.revise.test.ts"},{"assertionResults":[{"ancestorTitles":["BlockRunner Validation Logic"],"fullName":"BlockRunner Validation Logic should pass if no rules are present","status":"passed","title":"should pass if no rules are present","duration":1.5258000000003449,"failureMessages":[],"meta":{}},{"ancestorTitles":["BlockRunner Validation Logic","Compare Rules"],"fullName":"BlockRunner Validation Logic Compare Rules should pass on valid comparison","status":"passed","title":"should pass on valid comparison","duration":0.36160000000018044,"failureMessages":[],"meta":{}},{"ancestorTitles":["BlockRunner Validation Logic","Compare Rules"],"fullName":"BlockRunner Validation Logic Compare Rules should fail on invalid comparison and map alias to ID","status":"passed","title":"should fail on invalid comparison and map alias to ID","duration":1.1167000000004919,"failureMessages":[],"meta":{}},{"ancestorTitles":["BlockRunner Validation Logic","Compare Rules"],"fullName":"BlockRunner Validation Logic Compare Rules should compare with variable","status":"passed","title":"should compare with variable","duration":0.2298000000000684,"failureMessages":[],"meta":{}},{"ancestorTitles":["BlockRunner Validation Logic","Conditional Required Rules"],"fullName":"BlockRunner Validation Logic Conditional Required Rules should enforce requirement if condition met","status":"passed","title":"should enforce requirement if condition met","duration":0.32739999999921565,"failureMessages":[],"meta":{}},{"ancestorTitles":["BlockRunner Validation Logic","Conditional Required Rules"],"fullName":"BlockRunner Validation Logic Conditional Required Rules should ignore requirement if condition not met","status":"passed","title":"should ignore requirement if condition not met","duration":0.1801000000004933,"failureMessages":[],"meta":{}},{"ancestorTitles":["BlockRunner Validation Logic","ForEach Rules"],"fullName":"BlockRunner Validation Logic ForEach Rules should validate items in list","status":"passed","title":"should validate items in list","duration":0.424300000000585,"failureMessages":[],"meta":{}}],"startTime":1771123397311,"endTime":1771123397315.4243,"status":"passed","message":"","name":"C:/Users/scoot/poll/ezBuildr/tests/unit/BlockRunner.validate.test.ts"},{"assertionResults":[{"ancestorTitles":["CaptchaService","generateSimpleChallenge"],"fullName":"CaptchaService generateSimpleChallenge should generate a valid simple math challenge","status":"passed","title":"should generate a valid simple math challenge","duration":2.8162999999999556,"failureMessages":[],"meta":{}},{"ancestorTitles":["CaptchaService","generateSimpleChallenge"],"fullName":"CaptchaService generateSimpleChallenge should generate unique tokens for each challenge","status":"passed","title":"should generate unique tokens for each challenge","duration":1.1102999999998246,"failureMessages":[],"meta":{}},{"ancestorTitles":["CaptchaService","generateSimpleChallenge"],"fullName":"CaptchaService generateSimpleChallenge should generate challenges with numbers between 1-20","status":"passed","title":"should generate challenges with numbers between 1-20","duration":2.273400000000038,"failureMessages":[],"meta":{}},{"ancestorTitles":["CaptchaService","validateCaptcha - simple type"],"fullName":"CaptchaService validateCaptcha - simple type should validate correct answer","status":"passed","title":"should validate correct answer","duration":0.4928999999997359,"failureMessages":[],"meta":{}},{"ancestorTitles":["CaptchaService","validateCaptcha - simple type"],"fullName":"CaptchaService validateCaptcha - simple type should reject incorrect answer","status":"passed","title":"should reject incorrect answer","duration":0.3615000000004329,"failureMessages":[],"meta":{}},{"ancestorTitles":["CaptchaService","validateCaptcha - simple type"],"fullName":"CaptchaService validateCaptcha - simple type should reject missing token","status":"passed","title":"should reject missing token","duration":0.15540000000009968,"failureMessages":[],"meta":{}},{"ancestorTitles":["CaptchaService","validateCaptcha - simple type"],"fullName":"CaptchaService validateCaptcha - simple type should reject missing answer","status":"passed","title":"should reject missing answer","duration":0.16879999999991924,"failureMessages":[],"meta":{}},{"ancestorTitles":["CaptchaService","validateCaptcha - simple type"],"fullName":"CaptchaService validateCaptcha - simple type should reject invalid token","status":"passed","title":"should reject invalid token","duration":0.18049999999993815,"failureMessages":[],"meta":{}},{"ancestorTitles":["CaptchaService","validateCaptcha - simple type"],"fullName":"CaptchaService validateCaptcha - simple type should enforce max attempts (3)","status":"passed","title":"should enforce max attempts (3)","duration":0.26310000000012224,"failureMessages":[],"meta":{}},{"ancestorTitles":["CaptchaService","validateCaptcha - simple type"],"fullName":"CaptchaService validateCaptcha - simple type should clean up used token after successful validation","status":"passed","title":"should clean up used token after successful validation","duration":0.29160000000001673,"failureMessages":[],"meta":{}},{"ancestorTitles":["CaptchaService","getStats"],"fullName":"CaptchaService getStats should return challenge statistics","status":"passed","title":"should return challenge statistics","duration":0.24470000000019354,"failureMessages":[],"meta":{}}],"startTime":1771123404477,"endTime":1771123404486.2446,"status":"passed","message":"","name":"C:/Users/scoot/poll/ezBuildr/tests/unit/captcha.service.test.ts"},{"assertionResults":[{"ancestorTitles":["useCollabClient"],"fullName":"useCollabClient should initialize with default state","status":"passed","title":"should initialize with default state","duration":20.6266999999998,"failureMessages":[],"meta":{}},{"ancestorTitles":["useCollabClient"],"fullName":"useCollabClient should connect to WebSocket server","status":"passed","title":"should connect to WebSocket server","duration":55.973299999999654,"failureMessages":[],"meta":{}},{"ancestorTitles":["useCollabClient"],"fullName":"useCollabClient should update nodes in Yjs document","status":"passed","title":"should update nodes in Yjs document","duration":56.57369999999992,"failureMessages":[],"meta":{}},{"ancestorTitles":["useCollabClient"],"fullName":"useCollabClient should update edges in Yjs document","status":"passed","title":"should update edges in Yjs document","duration":56.98019999999997,"failureMessages":[],"meta":{}},{"ancestorTitles":["useCollabClient"],"fullName":"useCollabClient should disconnect cleanly","status":"passed","title":"should disconnect cleanly","duration":59.75810000000001,"failureMessages":[],"meta":{}},{"ancestorTitles":["useComments"],"fullName":"useComments should initialize with empty comments","status":"passed","title":"should initialize with empty comments","duration":2.69800000000032,"failureMessages":[],"meta":{}},{"ancestorTitles":["useComments"],"fullName":"useComments should add a comment","status":"passed","title":"should add a comment","duration":3.1338999999998123,"failureMessages":[],"meta":{}},{"ancestorTitles":["useComments"],"fullName":"useComments should delete a comment","status":"passed","title":"should delete a comment","duration":3.326799999999821,"failureMessages":[],"meta":{}},{"ancestorTitles":["useComments"],"fullName":"useComments should get comment count for a node","status":"passed","title":"should get comment count for a node","duration":2.534099999999853,"failureMessages":[],"meta":{}},{"ancestorTitles":["PresenceAvatars"],"fullName":"PresenceAvatars should render nothing when no users","status":"passed","title":"should render nothing when no users","duration":2.0524999999997817,"failureMessages":[],"meta":{}},{"ancestorTitles":["PresenceAvatars"],"fullName":"PresenceAvatars should render user avatars","status":"failed","title":"should render user avatars","duration":13.371299999999792,"failureMessages":["ReferenceError: React is not defined\n    at PresenceAvatars (C:/Users/scoot/poll/ezBuildr/client/src/components/collab/PresenceAvatars.tsx:28:3)\n    at renderWithHooks (C:\\Users\\scoot\\poll\\ezBuildr\\node_modules\\react-dom\\cjs\\react-dom.development.js:15486:18)\n    at mountIndeterminateComponent (C:\\Users\\scoot\\poll\\ezBuildr\\node_modules\\react-dom\\cjs\\react-dom.development.js:20103:13)\n    at beginWork (C:\\Users\\scoot\\poll\\ezBuildr\\node_modules\\react-dom\\cjs\\react-dom.development.js:21626:16)\n    at beginWork$1 (C:\\Users\\scoot\\poll\\ezBuildr\\node_modules\\react-dom\\cjs\\react-dom.development.js:27465:14)\n    at performUnitOfWork (C:\\Users\\scoot\\poll\\ezBuildr\\node_modules\\react-dom\\cjs\\react-dom.development.js:26599:12)\n    at workLoopSync (C:\\Users\\scoot\\poll\\ezBuildr\\node_modules\\react-dom\\cjs\\react-dom.development.js:26505:5)\n    at renderRootSync (C:\\Users\\scoot\\poll\\ezBuildr\\node_modules\\react-dom\\cjs\\react-dom.development.js:26473:7)\n    at recoverFromConcurrentError (C:\\Users\\scoot\\poll\\ezBuildr\\node_modules\\react-dom\\cjs\\react-dom.development.js:25889:20)\n    at performConcurrentWorkOnRoot (C:\\Users\\scoot\\poll\\ezBuildr\\node_modules\\react-dom\\cjs\\react-dom.development.js:25789:22)"],"meta":{}},{"ancestorTitles":["PresenceAvatars"],"fullName":"PresenceAvatars should show hidden count when exceeds max","status":"failed","title":"should show hidden count when exceeds max","duration":9.136000000000422,"failureMessages":["ReferenceError: React is not defined\n    at PresenceAvatars (C:/Users/scoot/poll/ezBuildr/client/src/components/collab/PresenceAvatars.tsx:28:3)\n    at renderWithHooks (C:\\Users\\scoot\\poll\\ezBuildr\\node_modules\\react-dom\\cjs\\react-dom.development.js:15486:18)\n    at mountIndeterminateComponent (C:\\Users\\scoot\\poll\\ezBuildr\\node_modules\\react-dom\\cjs\\react-dom.development.js:20103:13)\n    at beginWork (C:\\Users\\scoot\\poll\\ezBuildr\\node_modules\\react-dom\\cjs\\react-dom.development.js:21626:16)\n    at beginWork$1 (C:\\Users\\scoot\\poll\\ezBuildr\\node_modules\\react-dom\\cjs\\react-dom.development.js:27465:14)\n    at performUnitOfWork (C:\\Users\\scoot\\poll\\ezBuildr\\node_modules\\react-dom\\cjs\\react-dom.development.js:26599:12)\n    at workLoopSync (C:\\Users\\scoot\\poll\\ezBuildr\\node_modules\\react-dom\\cjs\\react-dom.development.js:26505:5)\n    at renderRootSync (C:\\Users\\scoot\\poll\\ezBuildr\\node_modules\\react-dom\\cjs\\react-dom.development.js:26473:7)\n    at recoverFromConcurrentError (C:\\Users\\scoot\\poll\\ezBuildr\\node_modules\\react-dom\\cjs\\react-dom.development.js:25889:20)\n    at performConcurrentWorkOnRoot (C:\\Users\\scoot\\poll\\ezBuildr\\node_modules\\react-dom\\cjs\\react-dom.development.js:25789:22)"],"meta":{}},{"ancestorTitles":["CommentsPanel"],"fullName":"CommentsPanel should render comments","status":"failed","title":"should render comments","duration":5.115200000000186,"failureMessages":["ReferenceError: React is not defined\n    at CommentsPanel (C:/Users/scoot/poll/ezBuildr/client/src/components/collab/CommentsPanel.tsx:56:3)\n    at renderWithHooks (C:\\Users\\scoot\\poll\\ezBuildr\\node_modules\\react-dom\\cjs\\react-dom.development.js:15486:18)\n    at mountIndeterminateComponent (C:\\Users\\scoot\\poll\\ezBuildr\\node_modules\\react-dom\\cjs\\react-dom.development.js:20103:13)\n    at beginWork (C:\\Users\\scoot\\poll\\ezBuildr\\node_modules\\react-dom\\cjs\\react-dom.development.js:21626:16)\n    at beginWork$1 (C:\\Users\\scoot\\poll\\ezBuildr\\node_modules\\react-dom\\cjs\\react-dom.development.js:27465:14)\n    at performUnitOfWork (C:\\Users\\scoot\\poll\\ezBuildr\\node_modules\\react-dom\\cjs\\react-dom.development.js:26599:12)\n    at workLoopSync (C:\\Users\\scoot\\poll\\ezBuildr\\node_modules\\react-dom\\cjs\\react-dom.development.js:26505:5)\n    at renderRootSync (C:\\Users\\scoot\\poll\\ezBuildr\\node_modules\\react-dom\\cjs\\react-dom.development.js:26473:7)\n    at recoverFromConcurrentError (C:\\Users\\scoot\\poll\\ezBuildr\\node_modules\\react-dom\\cjs\\react-dom.development.js:25889:20)\n    at performConcurrentWorkOnRoot (C:\\Users\\scoot\\poll\\ezBuildr\\node_modules\\react-dom\\cjs\\react-dom.development.js:25789:22)"],"meta":{}},{"ancestorTitles":["CommentsPanel"],"fullName":"CommentsPanel should show empty state when no comments","status":"failed","title":"should show empty state when no comments","duration":3.057300000000396,"failureMessages":["ReferenceError: React is not defined\n    at CommentsPanel (C:/Users/scoot/poll/ezBuildr/client/src/components/collab/CommentsPanel.tsx:56:3)\n    at renderWithHooks (C:\\Users\\scoot\\poll\\ezBuildr\\node_modules\\react-dom\\cjs\\react-dom.development.js:15486:18)\n    at mountIndeterminateComponent (C:\\Users\\scoot\\poll\\ezBuildr\\node_modules\\react-dom\\cjs\\react-dom.development.js:20103:13)\n    at beginWork (C:\\Users\\scoot\\poll\\ezBuildr\\node_modules\\react-dom\\cjs\\react-dom.development.js:21626:16)\n    at beginWork$1 (C:\\Users\\scoot\\poll\\ezBuildr\\node_modules\\react-dom\\cjs\\react-dom.development.js:27465:14)\n    at performUnitOfWork (C:\\Users\\scoot\\poll\\ezBuildr\\node_modules\\react-dom\\cjs\\react-dom.development.js:26599:12)\n    at workLoopSync (C:\\Users\\scoot\\poll\\ezBuildr\\node_modules\\react-dom\\cjs\\react-dom.development.js:26505:5)\n    at renderRootSync (C:\\Users\\scoot\\poll\\ezBuildr\\node_modules\\react-dom\\cjs\\react-dom.development.js:26473:7)\n    at recoverFromConcurrentError (C:\\Users\\scoot\\poll\\ezBuildr\\node_modules\\react-dom\\cjs\\react-dom.development.js:25889:20)\n    at performConcurrentWorkOnRoot (C:\\Users\\scoot\\poll\\ezBuildr\\node_modules\\react-dom\\cjs\\react-dom.development.js:25789:22)"],"meta":{}},{"ancestorTitles":["CommentsPanel"],"fullName":"CommentsPanel should add a comment","status":"failed","title":"should add a comment","duration":4.108299999999872,"failureMessages":["ReferenceError: React is not defined\n    at CommentsPanel (C:/Users/scoot/poll/ezBuildr/client/src/components/collab/CommentsPanel.tsx:56:3)\n    at renderWithHooks (C:\\Users\\scoot\\poll\\ezBuildr\\node_modules\\react-dom\\cjs\\react-dom.development.js:15486:18)\n    at mountIndeterminateComponent (C:\\Users\\scoot\\poll\\ezBuildr\\node_modules\\react-dom\\cjs\\react-dom.development.js:20103:13)\n    at beginWork (C:\\Users\\scoot\\poll\\ezBuildr\\node_modules\\react-dom\\cjs\\react-dom.development.js:21626:16)\n    at beginWork$1 (C:\\Users\\scoot\\poll\\ezBuildr\\node_modules\\react-dom\\cjs\\react-dom.development.js:27465:14)\n    at performUnitOfWork (C:\\Users\\scoot\\poll\\ezBuildr\\node_modules\\react-dom\\cjs\\react-dom.development.js:26599:12)\n    at workLoopSync (C:\\Users\\scoot\\poll\\ezBuildr\\node_modules\\react-dom\\cjs\\react-dom.development.js:26505:5)\n    at renderRootSync (C:\\Users\\scoot\\poll\\ezBuildr\\node_modules\\react-dom\\cjs\\react-dom.development.js:26473:7)\n    at recoverFromConcurrentError (C:\\Users\\scoot\\poll\\ezBuildr\\node_modules\\react-dom\\cjs\\react-dom.development.js:25889:20)\n    at performConcurrentWorkOnRoot (C:\\Users\\scoot\\poll\\ezBuildr\\node_modules\\react-dom\\cjs\\react-dom.development.js:25789:22)"],"meta":{}},{"ancestorTitles":["CommentsPanel"],"fullName":"CommentsPanel should allow comment owner to delete their comment","status":"failed","title":"should allow comment owner to delete their comment","duration":6.540800000000672,"failureMessages":["ReferenceError: React is not defined\n    at CommentsPanel (C:/Users/scoot/poll/ezBuildr/client/src/components/collab/CommentsPanel.tsx:56:3)\n    at renderWithHooks (C:\\Users\\scoot\\poll\\ezBuildr\\node_modules\\react-dom\\cjs\\react-dom.development.js:15486:18)\n    at mountIndeterminateComponent (C:\\Users\\scoot\\poll\\ezBuildr\\node_modules\\react-dom\\cjs\\react-dom.development.js:20103:13)\n    at beginWork (C:\\Users\\scoot\\poll\\ezBuildr\\node_modules\\react-dom\\cjs\\react-dom.development.js:21626:16)\n    at beginWork$1 (C:\\Users\\scoot\\poll\\ezBuildr\\node_modules\\react-dom\\cjs\\react-dom.development.js:27465:14)\n    at performUnitOfWork (C:\\Users\\scoot\\poll\\ezBuildr\\node_modules\\react-dom\\cjs\\react-dom.development.js:26599:12)\n    at workLoopSync (C:\\Users\\scoot\\poll\\ezBuildr\\node_modules\\react-dom\\cjs\\react-dom.development.js:26505:5)\n    at renderRootSync (C:\\Users\\scoot\\poll\\ezBuildr\\node_modules\\react-dom\\cjs\\react-dom.development.js:26473:7)\n    at recoverFromConcurrentError (C:\\Users\\scoot\\poll\\ezBuildr\\node_modules\\react-dom\\cjs\\react-dom.development.js:25889:20)\n    at performConcurrentWorkOnRoot (C:\\Users\\scoot\\poll\\ezBuildr\\node_modules\\react-dom\\cjs\\react-dom.development.js:25789:22)"],"meta":{}},{"ancestorTitles":["CommentsPanel"],"fullName":"CommentsPanel should not show delete button for other users comments","status":"failed","title":"should not show delete button for other users comments","duration":4.753200000000106,"failureMessages":["ReferenceError: React is not defined\n    at CommentsPanel (C:/Users/scoot/poll/ezBuildr/client/src/components/collab/CommentsPanel.tsx:56:3)\n    at renderWithHooks (C:\\Users\\scoot\\poll\\ezBuildr\\node_modules\\react-dom\\cjs\\react-dom.development.js:15486:18)\n    at mountIndeterminateComponent (C:\\Users\\scoot\\poll\\ezBuildr\\node_modules\\react-dom\\cjs\\react-dom.development.js:20103:13)\n    at beginWork (C:\\Users\\scoot\\poll\\ezBuildr\\node_modules\\react-dom\\cjs\\react-dom.development.js:21626:16)\n    at beginWork$1 (C:\\Users\\scoot\\poll\\ezBuildr\\node_modules\\react-dom\\cjs\\react-dom.development.js:27465:14)\n    at performUnitOfWork (C:\\Users\\scoot\\poll\\ezBuildr\\node_modules\\react-dom\\cjs\\react-dom.development.js:26599:12)\n    at workLoopSync (C:\\Users\\scoot\\poll\\ezBuildr\\node_modules\\react-dom\\cjs\\react-dom.development.js:26505:5)\n    at renderRootSync (C:\\Users\\scoot\\poll\\ezBuildr\\node_modules\\react-dom\\cjs\\react-dom.development.js:26473:7)\n    at recoverFromConcurrentError (C:\\Users\\scoot\\poll\\ezBuildr\\node_modules\\react-dom\\cjs\\react-dom.development.js:25889:20)\n    at performConcurrentWorkOnRoot (C:\\Users\\scoot\\poll\\ezBuildr\\node_modules\\react-dom\\cjs\\react-dom.development.js:25789:22)"],"meta":{}}],"startTime":1771123388709,"endTime":1771123389019.7532,"status":"failed","message":"","name":"C:/Users/scoot/poll/ezBuildr/tests/unit/collab.client.test.tsx"},{"assertionResults":[{"ancestorTitles":["Collaboration Server [requires collab server]","Authentication"],"fullName":"Collaboration Server [requires collab server] Authentication should accept connection with valid JWT token","status":"skipped","title":"should accept connection with valid JWT token","failureMessages":[],"meta":{}},{"ancestorTitles":["Collaboration Server [requires collab server]","Authentication"],"fullName":"Collaboration Server [requires collab server] Authentication should reject connection without JWT token","status":"skipped","title":"should reject connection without JWT token","failureMessages":[],"meta":{}},{"ancestorTitles":["Collaboration Server [requires collab server]","Authentication"],"fullName":"Collaboration Server [requires collab server] Authentication should reject connection with invalid JWT token","status":"skipped","title":"should reject connection with invalid JWT token","failureMessages":[],"meta":{}},{"ancestorTitles":["Collaboration Server [requires collab server]","Authentication"],"fullName":"Collaboration Server [requires collab server] Authentication should reject cross-tenant access","status":"skipped","title":"should reject cross-tenant access","failureMessages":[],"meta":{}},{"ancestorTitles":["Collaboration Server [requires collab server]","Multi-user Collaboration"],"fullName":"Collaboration Server [requires collab server] Multi-user Collaboration should sync document updates between two clients","status":"skipped","title":"should sync document updates between two clients","failureMessages":[],"meta":{}},{"ancestorTitles":["Collaboration Server [requires collab server]","Multi-user Collaboration"],"fullName":"Collaboration Server [requires collab server] Multi-user Collaboration should track presence of multiple users","status":"skipped","title":"should track presence of multiple users","failureMessages":[],"meta":{}},{"ancestorTitles":["Collaboration Server [requires collab server]","RBAC Permissions"],"fullName":"Collaboration Server [requires collab server] RBAC Permissions should allow owner to make changes","status":"skipped","title":"should allow owner to make changes","failureMessages":[],"meta":{}},{"ancestorTitles":["Collaboration Server [requires collab server]","RBAC Permissions"],"fullName":"Collaboration Server [requires collab server] RBAC Permissions should allow builder to make changes","status":"skipped","title":"should allow builder to make changes","failureMessages":[],"meta":{}},{"ancestorTitles":["Collaboration Server [requires collab server]","RBAC Permissions"],"fullName":"Collaboration Server [requires collab server] RBAC Permissions should allow viewer to connect but not mutate","status":"skipped","title":"should allow viewer to connect but not mutate","failureMessages":[],"meta":{}},{"ancestorTitles":["Collaboration Server [requires collab server]","Persistence"],"fullName":"Collaboration Server [requires collab server] Persistence should persist document updates to database","status":"skipped","title":"should persist document updates to database","failureMessages":[],"meta":{}},{"ancestorTitles":["Collaboration Server [requires collab server]","Persistence"],"fullName":"Collaboration Server [requires collab server] Persistence should create snapshots after N updates","status":"skipped","title":"should create snapshots after N updates","failureMessages":[],"meta":{}},{"ancestorTitles":["Collaboration Server [requires collab server]","Persistence"],"fullName":"Collaboration Server [requires collab server] Persistence should load document from snapshot on reconnect","status":"skipped","title":"should load document from snapshot on reconnect","failureMessages":[],"meta":{}},{"ancestorTitles":["Collaboration Server [requires collab server]","Room Management"],"fullName":"Collaboration Server [requires collab server] Room Management should create room on first connection","status":"skipped","title":"should create room on first connection","failureMessages":[],"meta":{}},{"ancestorTitles":["Collaboration Server [requires collab server]","Room Management"],"fullName":"Collaboration Server [requires collab server] Room Management should cleanup room when all users disconnect","status":"skipped","title":"should cleanup room when all users disconnect","failureMessages":[],"meta":{}}],"startTime":1771123382865,"endTime":1771123382865,"status":"passed","message":"","name":"C:/Users/scoot/poll/ezBuildr/tests/unit/collab.server.test.ts"},{"assertionResults":[{"ancestorTitles":["Debug Test"],"fullName":"Debug Test should find module","status":"passed","title":"should find module","duration":1.041599999999562,"failureMessages":[],"meta":{}}],"startTime":1771123411148,"endTime":1771123411149.0415,"status":"passed","message":"","name":"C:/Users/scoot/poll/ezBuildr/tests/unit/debug_import.test.ts"},{"assertionResults":[{"ancestorTitles":["DOCX Renderer Service","extractPlaceholdersFromDocx"],"fullName":"DOCX Renderer Service extractPlaceholdersFromDocx should extract placeholders from a template","status":"passed","title":"should extract placeholders from a template","duration":22.83159999999998,"failureMessages":[],"meta":{}},{"ancestorTitles":["DOCX Renderer Service","extractPlaceholdersFromDocx"],"fullName":"DOCX Renderer Service extractPlaceholdersFromDocx should extract placeholders including formatters","status":"passed","title":"should extract placeholders including formatters","duration":4.829199999999673,"failureMessages":[],"meta":{}},{"ancestorTitles":["DOCX Renderer Service","extractPlaceholdersFromDocx"],"fullName":"DOCX Renderer Service extractPlaceholdersFromDocx should throw error if template does not exist","status":"passed","title":"should throw error if template does not exist","duration":1.6414999999997235,"failureMessages":[],"meta":{}},{"ancestorTitles":["DOCX Renderer Service","validateTemplateData"],"fullName":"DOCX Renderer Service validateTemplateData should validate complete data","status":"passed","title":"should validate complete data","duration":0.9716000000003078,"failureMessages":[],"meta":{}},{"ancestorTitles":["DOCX Renderer Service","validateTemplateData"],"fullName":"DOCX Renderer Service validateTemplateData should detect missing data","status":"passed","title":"should detect missing data","duration":0.5159000000003289,"failureMessages":[],"meta":{}},{"ancestorTitles":["DOCX Renderer Service","validateTemplateData"],"fullName":"DOCX Renderer Service validateTemplateData should allow formatters as valid placeholders","status":"passed","title":"should allow formatters as valid placeholders","duration":0.19989999999961583,"failureMessages":[],"meta":{}},{"ancestorTitles":["DOCX Renderer Service","renderDocx"],"fullName":"DOCX Renderer Service renderDocx should render a template with simple data","status":"passed","title":"should render a template with simple data","duration":15.171900000000278,"failureMessages":[],"meta":{}},{"ancestorTitles":["DOCX Renderer Service","renderDocx"],"fullName":"DOCX Renderer Service renderDocx should use formatters in templates","status":"passed","title":"should use formatters in templates","duration":8.520899999999983,"failureMessages":[],"meta":{}},{"ancestorTitles":["DOCX Renderer Service","renderDocx"],"fullName":"DOCX Renderer Service renderDocx should handle missing data gracefully","status":"passed","title":"should handle missing data gracefully","duration":5.51909999999998,"failureMessages":[],"meta":{}},{"ancestorTitles":["DOCX Renderer Service","renderDocx"],"fullName":"DOCX Renderer Service renderDocx should throw error if template does not exist","status":"passed","title":"should throw error if template does not exist","duration":0.7222000000001572,"failureMessages":[],"meta":{}},{"ancestorTitles":["DOCX Renderer Service","renderDocx"],"fullName":"DOCX Renderer Service renderDocx should use custom output name","status":"passed","title":"should use custom output name","duration":5.431700000000092,"failureMessages":[],"meta":{}},{"ancestorTitles":["DOCX Renderer Service","PDF conversion"],"fullName":"DOCX Renderer Service PDF conversion should attempt PDF conversion when requested","status":"passed","title":"should attempt PDF conversion when requested","duration":1629.6102,"failureMessages":[],"meta":{}}],"startTime":1771123391550,"endTime":1771123393246.61,"status":"passed","message":"","name":"C:/Users/scoot/poll/ezBuildr/tests/unit/docxRenderer.test.ts"},{"assertionResults":[{"ancestorTitles":["Expression Evaluator","validateExpression"],"fullName":"Expression Evaluator validateExpression should allow known variables and helpers","status":"passed","title":"should allow known variables and helpers","duration":2.4506999999998698,"failureMessages":[],"meta":{}},{"ancestorTitles":["Expression Evaluator","validateExpression"],"fullName":"Expression Evaluator validateExpression should allow helper functions","status":"passed","title":"should allow helper functions","duration":0.5608000000001994,"failureMessages":[],"meta":{}},{"ancestorTitles":["Expression Evaluator","validateExpression"],"fullName":"Expression Evaluator validateExpression should allow complex expressions with multiple helpers","status":"passed","title":"should allow complex expressions with multiple helpers","duration":0.5468999999998232,"failureMessages":[],"meta":{}},{"ancestorTitles":["Expression Evaluator","validateExpression"],"fullName":"Expression Evaluator validateExpression should reject unknown identifiers","status":"passed","title":"should reject unknown identifiers","duration":0.4902999999999338,"failureMessages":[],"meta":{}},{"ancestorTitles":["Expression Evaluator","validateExpression"],"fullName":"Expression Evaluator validateExpression should reject forbidden identifiers","status":"passed","title":"should reject forbidden identifiers","duration":0.56020000000035,"failureMessages":[],"meta":{}},{"ancestorTitles":["Expression Evaluator","validateExpression"],"fullName":"Expression Evaluator validateExpression should handle syntax errors gracefully","status":"passed","title":"should handle syntax errors gracefully","duration":0.427599999999984,"failureMessages":[],"meta":{}},{"ancestorTitles":["Expression Evaluator","validateExpression"],"fullName":"Expression Evaluator validateExpression should validate boolean expressions","status":"passed","title":"should validate boolean expressions","duration":0.2907000000000153,"failureMessages":[],"meta":{}},{"ancestorTitles":["Expression Evaluator","validateExpression"],"fullName":"Expression Evaluator validateExpression should validate string operations","status":"passed","title":"should validate string operations","duration":0.3916999999996733,"failureMessages":[],"meta":{}},{"ancestorTitles":["Expression Evaluator","evaluateExpression"],"fullName":"Expression Evaluator evaluateExpression should evaluate simple arithmetic","status":"passed","title":"should evaluate simple arithmetic","duration":1.1365999999998166,"failureMessages":[],"meta":{}},{"ancestorTitles":["Expression Evaluator","evaluateExpression"],"fullName":"Expression Evaluator evaluateExpression should be deterministic with fixed clock","status":"passed","title":"should be deterministic with fixed clock","duration":0.5154999999999745,"failureMessages":[],"meta":{}},{"ancestorTitles":["Expression Evaluator","evaluateExpression"],"fullName":"Expression Evaluator evaluateExpression should evaluate with helper functions","status":"passed","title":"should evaluate with helper functions","duration":0.3299000000001797,"failureMessages":[],"meta":{}},{"ancestorTitles":["Expression Evaluator","evaluateExpression"],"fullName":"Expression Evaluator evaluateExpression should support math helpers","status":"passed","title":"should support math helpers","duration":0.8575000000000728,"failureMessages":[],"meta":{}},{"ancestorTitles":["Expression Evaluator","evaluateExpression"],"fullName":"Expression Evaluator evaluateExpression should support string helpers","status":"passed","title":"should support string helpers","duration":0.893500000000131,"failureMessages":[],"meta":{}},{"ancestorTitles":["Expression Evaluator","evaluateExpression"],"fullName":"Expression Evaluator evaluateExpression should support array helpers","status":"passed","title":"should support array helpers","duration":0.3632999999999811,"failureMessages":[],"meta":{}},{"ancestorTitles":["Expression Evaluator","evaluateExpression"],"fullName":"Expression Evaluator evaluateExpression should support logic helpers","status":"passed","title":"should support logic helpers","duration":0.6095000000000255,"failureMessages":[],"meta":{}},{"ancestorTitles":["Expression Evaluator","evaluateExpression"],"fullName":"Expression Evaluator evaluateExpression should support date helpers with deterministic clock","status":"passed","title":"should support date helpers with deterministic clock","duration":0.311399999999594,"failureMessages":[],"meta":{}},{"ancestorTitles":["Expression Evaluator","evaluateExpression"],"fullName":"Expression Evaluator evaluateExpression should reject invalid property access","status":"passed","title":"should reject invalid property access","duration":0.8777000000000044,"failureMessages":[],"meta":{}},{"ancestorTitles":["Expression Evaluator","evaluateExpression"],"fullName":"Expression Evaluator evaluateExpression should handle evaluation errors gracefully","status":"passed","title":"should handle evaluation errors gracefully","duration":0.4673999999999978,"failureMessages":[],"meta":{}},{"ancestorTitles":["Expression Evaluator","evaluateExpression"],"fullName":"Expression Evaluator evaluateExpression should enforce timeout on long-running expressions","status":"passed","title":"should enforce timeout on long-running expressions","duration":0.15340000000014697,"failureMessages":[],"meta":{}},{"ancestorTitles":["Expression Evaluator","evaluateExpression"],"fullName":"Expression Evaluator evaluateExpression should support complex nested expressions","status":"passed","title":"should support complex nested expressions","duration":0.22810000000026776,"failureMessages":[],"meta":{}},{"ancestorTitles":["Expression Evaluator","evaluateExpression"],"fullName":"Expression Evaluator evaluateExpression should handle boolean comparisons","status":"passed","title":"should handle boolean comparisons","duration":0.4655999999999949,"failureMessages":[],"meta":{}},{"ancestorTitles":["Expression Evaluator","evaluateExpression"],"fullName":"Expression Evaluator evaluateExpression should handle string concatenation","status":"passed","title":"should handle string concatenation","duration":0.17820000000028813,"failureMessages":[],"meta":{}},{"ancestorTitles":["Expression Evaluator","Helpers"],"fullName":"Expression Evaluator Helpers should have all helpers listed in AllowedHelperNames","status":"passed","title":"should have all helpers listed in AllowedHelperNames","duration":0.5533999999997832,"failureMessages":[],"meta":{}},{"ancestorTitles":["Expression Evaluator","Helpers"],"fullName":"Expression Evaluator Helpers roundTo should handle edge cases","status":"passed","title":"roundTo should handle edge cases","duration":0.16570000000001528,"failureMessages":[],"meta":{}},{"ancestorTitles":["Expression Evaluator","Helpers"],"fullName":"Expression Evaluator Helpers dateDiff should calculate differences correctly","status":"passed","title":"dateDiff should calculate differences correctly","duration":0.13819999999986976,"failureMessages":[],"meta":{}},{"ancestorTitles":["Expression Evaluator","Helpers"],"fullName":"Expression Evaluator Helpers isEmpty should handle various types","status":"passed","title":"isEmpty should handle various types","duration":0.25309999999990396,"failureMessages":[],"meta":{}}],"startTime":1771123396354,"endTime":1771123396369.2532,"status":"passed","message":"","name":"C:/Users/scoot/poll/ezBuildr/tests/unit/engine.expr.test.ts"},{"assertionResults":[{"ancestorTitles":["Engine - Conditional Execution","Graph Validation"],"fullName":"Engine - Conditional Execution Graph Validation should validate a simple graph","status":"passed","title":"should validate a simple graph","duration":2.0679000000000087,"failureMessages":[],"meta":{}},{"ancestorTitles":["Engine - Conditional Execution","Graph Validation"],"fullName":"Engine - Conditional Execution Graph Validation should detect duplicate node IDs","status":"passed","title":"should detect duplicate node IDs","duration":0.23440000000027794,"failureMessages":[],"meta":{}},{"ancestorTitles":["Engine - Conditional Execution","Graph Validation"],"fullName":"Engine - Conditional Execution Graph Validation should detect invalid edge references","status":"passed","title":"should detect invalid edge references","duration":0.2591000000002168,"failureMessages":[],"meta":{}},{"ancestorTitles":["Engine - Conditional Execution","Expression Validation"],"fullName":"Engine - Conditional Execution Expression Validation should validate node conditions","status":"passed","title":"should validate node conditions","duration":2.1538000000000466,"failureMessages":[],"meta":{}},{"ancestorTitles":["Engine - Conditional Execution","Expression Validation"],"fullName":"Engine - Conditional Execution Expression Validation should detect typos in variable names","status":"passed","title":"should detect typos in variable names","duration":0.5357000000003609,"failureMessages":[],"meta":{}},{"ancestorTitles":["Engine - Conditional Execution","Expression Validation"],"fullName":"Engine - Conditional Execution Expression Validation should validate compute node expressions","status":"passed","title":"should validate compute node expressions","duration":0.42150000000037835,"failureMessages":[],"meta":{}},{"ancestorTitles":["Engine - Conditional Execution","Expression Validation"],"fullName":"Engine - Conditional Execution Expression Validation should validate branch conditions","status":"passed","title":"should validate branch conditions","duration":0.4224999999996726,"failureMessages":[],"meta":{}},{"ancestorTitles":["Engine - Conditional Execution","Expression Validation"],"fullName":"Engine - Conditional Execution Expression Validation should validate template bindings","status":"passed","title":"should validate template bindings","duration":0.4441999999999098,"failureMessages":[],"meta":{}},{"ancestorTitles":["Engine - Conditional Execution","Conditional Execution"],"fullName":"Engine - Conditional Execution Conditional Execution should skip question when condition is false","status":"passed","title":"should skip question when condition is false","duration":5.1797999999998865,"failureMessages":[],"meta":{}},{"ancestorTitles":["Engine - Conditional Execution","Conditional Execution"],"fullName":"Engine - Conditional Execution Conditional Execution should execute question when condition is true","status":"passed","title":"should execute question when condition is true","duration":1.7955999999994674,"failureMessages":[],"meta":{}},{"ancestorTitles":["Engine - Conditional Execution","Conditional Execution"],"fullName":"Engine - Conditional Execution Conditional Execution should skip compute node when condition is false","status":"passed","title":"should skip compute node when condition is false","duration":0.8612999999995736,"failureMessages":[],"meta":{}},{"ancestorTitles":["Engine - Conditional Execution","Conditional Execution"],"fullName":"Engine - Conditional Execution Conditional Execution should execute compute node when condition is true","status":"passed","title":"should execute compute node when condition is true","duration":1.1050999999997657,"failureMessages":[],"meta":{}},{"ancestorTitles":["Engine - Conditional Execution","Conditional Execution"],"fullName":"Engine - Conditional Execution Conditional Execution should handle complex workflow with multiple conditions","status":"passed","title":"should handle complex workflow with multiple conditions","duration":47.263600000000224,"failureMessages":[],"meta":{}},{"ancestorTitles":["Engine - Conditional Execution","Debug Mode"],"fullName":"Engine - Conditional Execution Debug Mode should return trace when debug is enabled","status":"passed","title":"should return trace when debug is enabled","duration":0.6580000000003565,"failureMessages":[],"meta":{}},{"ancestorTitles":["Engine - Conditional Execution","Debug Mode"],"fullName":"Engine - Conditional Execution Debug Mode should not return trace when debug is disabled","status":"passed","title":"should not return trace when debug is disabled","duration":0.32180000000062137,"failureMessages":[],"meta":{}}],"startTime":1771123407716,"endTime":1771123407780.3218,"status":"passed","message":"","name":"C:/Users/scoot/poll/ezBuildr/tests/unit/engine.run-conditions.test.ts"},{"assertionResults":[{"ancestorTitles":["HelperLibrary","dateHelpers"],"fullName":"HelperLibrary dateHelpers should return current date","status":"passed","title":"should return current date","duration":3.1140000000004875,"failureMessages":[],"meta":{}},{"ancestorTitles":["HelperLibrary","dateHelpers"],"fullName":"HelperLibrary dateHelpers should add days to date","status":"passed","title":"should add days to date","duration":1.602799999999661,"failureMessages":[],"meta":{}},{"ancestorTitles":["HelperLibrary","dateHelpers"],"fullName":"HelperLibrary dateHelpers should subtract months from date","status":"passed","title":"should subtract months from date","duration":0.8822000000000116,"failureMessages":[],"meta":{}},{"ancestorTitles":["HelperLibrary","dateHelpers"],"fullName":"HelperLibrary dateHelpers should format dates","status":"passed","title":"should format dates","duration":1.1592000000000553,"failureMessages":[],"meta":{}},{"ancestorTitles":["HelperLibrary","dateHelpers"],"fullName":"HelperLibrary dateHelpers should parse date strings","status":"passed","title":"should parse date strings","duration":1.7384999999994761,"failureMessages":[],"meta":{}},{"ancestorTitles":["HelperLibrary","dateHelpers"],"fullName":"HelperLibrary dateHelpers should calculate date difference","status":"passed","title":"should calculate date difference","duration":0.582300000000032,"failureMessages":[],"meta":{}},{"ancestorTitles":["HelperLibrary","dateHelpers"],"fullName":"HelperLibrary dateHelpers should handle invalid dates gracefully","status":"passed","title":"should handle invalid dates gracefully","duration":0.276199999999335,"failureMessages":[],"meta":{}},{"ancestorTitles":["HelperLibrary","stringHelpers"],"fullName":"HelperLibrary stringHelpers should convert to uppercase","status":"passed","title":"should convert to uppercase","duration":0.2800999999999476,"failureMessages":[],"meta":{}},{"ancestorTitles":["HelperLibrary","stringHelpers"],"fullName":"HelperLibrary stringHelpers should convert to lowercase","status":"passed","title":"should convert to lowercase","duration":0.2525999999998021,"failureMessages":[],"meta":{}},{"ancestorTitles":["HelperLibrary","stringHelpers"],"fullName":"HelperLibrary stringHelpers should trim whitespace","status":"passed","title":"should trim whitespace","duration":0.2818999999999505,"failureMessages":[],"meta":{}},{"ancestorTitles":["HelperLibrary","stringHelpers"],"fullName":"HelperLibrary stringHelpers should replace text","status":"passed","title":"should replace text","duration":0.23180000000047585,"failureMessages":[],"meta":{}},{"ancestorTitles":["HelperLibrary","stringHelpers"],"fullName":"HelperLibrary stringHelpers should replace all occurrences","status":"passed","title":"should replace all occurrences","duration":0.1584999999995489,"failureMessages":[],"meta":{}},{"ancestorTitles":["HelperLibrary","stringHelpers"],"fullName":"HelperLibrary stringHelpers should split strings","status":"passed","title":"should split strings","duration":1.8240999999998166,"failureMessages":[],"meta":{}},{"ancestorTitles":["HelperLibrary","stringHelpers"],"fullName":"HelperLibrary stringHelpers should join arrays","status":"passed","title":"should join arrays","duration":0.19610000000011496,"failureMessages":[],"meta":{}},{"ancestorTitles":["HelperLibrary","stringHelpers"],"fullName":"HelperLibrary stringHelpers should create slugs","status":"passed","title":"should create slugs","duration":0.24620000000049913,"failureMessages":[],"meta":{}},{"ancestorTitles":["HelperLibrary","stringHelpers"],"fullName":"HelperLibrary stringHelpers should handle empty strings","status":"passed","title":"should handle empty strings","duration":0.23300000000017462,"failureMessages":[],"meta":{}},{"ancestorTitles":["HelperLibrary","numberHelpers"],"fullName":"HelperLibrary numberHelpers should round numbers","status":"passed","title":"should round numbers","duration":0.24179999999978463,"failureMessages":[],"meta":{}},{"ancestorTitles":["HelperLibrary","numberHelpers"],"fullName":"HelperLibrary numberHelpers should ceil numbers","status":"passed","title":"should ceil numbers","duration":0.16499999999996362,"failureMessages":[],"meta":{}},{"ancestorTitles":["HelperLibrary","numberHelpers"],"fullName":"HelperLibrary numberHelpers should floor numbers","status":"passed","title":"should floor numbers","duration":0.28180000000065775,"failureMessages":[],"meta":{}},{"ancestorTitles":["HelperLibrary","numberHelpers"],"fullName":"HelperLibrary numberHelpers should get absolute value","status":"passed","title":"should get absolute value","duration":0.24020000000018626,"failureMessages":[],"meta":{}},{"ancestorTitles":["HelperLibrary","numberHelpers"],"fullName":"HelperLibrary numberHelpers should clamp numbers","status":"passed","title":"should clamp numbers","duration":0.2430000000003929,"failureMessages":[],"meta":{}},{"ancestorTitles":["HelperLibrary","numberHelpers"],"fullName":"HelperLibrary numberHelpers should format currency","status":"passed","title":"should format currency","duration":28.259500000000116,"failureMessages":[],"meta":{}},{"ancestorTitles":["HelperLibrary","numberHelpers"],"fullName":"HelperLibrary numberHelpers should format percentages","status":"passed","title":"should format percentages","duration":0.2923000000000684,"failureMessages":[],"meta":{}},{"ancestorTitles":["HelperLibrary","arrayHelpers"],"fullName":"HelperLibrary arrayHelpers should get unique values","status":"passed","title":"should get unique values","duration":0.25,"failureMessages":[],"meta":{}},{"ancestorTitles":["HelperLibrary","arrayHelpers"],"fullName":"HelperLibrary arrayHelpers should flatten arrays","status":"passed","title":"should flatten arrays","duration":0.2179999999998472,"failureMessages":[],"meta":{}},{"ancestorTitles":["HelperLibrary","arrayHelpers"],"fullName":"HelperLibrary arrayHelpers should chunk arrays","status":"passed","title":"should chunk arrays","duration":0.28909999999996217,"failureMessages":[],"meta":{}},{"ancestorTitles":["HelperLibrary","arrayHelpers"],"fullName":"HelperLibrary arrayHelpers should sort by property","status":"passed","title":"should sort by property","duration":0.29899999999997817,"failureMessages":[],"meta":{}},{"ancestorTitles":["HelperLibrary","arrayHelpers"],"fullName":"HelperLibrary arrayHelpers should filter arrays","status":"passed","title":"should filter arrays","duration":0.19790000000011787,"failureMessages":[],"meta":{}},{"ancestorTitles":["HelperLibrary","arrayHelpers"],"fullName":"HelperLibrary arrayHelpers should map arrays","status":"passed","title":"should map arrays","duration":0.18670000000020082,"failureMessages":[],"meta":{}},{"ancestorTitles":["HelperLibrary","arrayHelpers"],"fullName":"HelperLibrary arrayHelpers should handle empty arrays","status":"passed","title":"should handle empty arrays","duration":0.20289999999931752,"failureMessages":[],"meta":{}},{"ancestorTitles":["HelperLibrary","objectHelpers"],"fullName":"HelperLibrary objectHelpers should get object keys","status":"passed","title":"should get object keys","duration":0.22990000000027067,"failureMessages":[],"meta":{}},{"ancestorTitles":["HelperLibrary","objectHelpers"],"fullName":"HelperLibrary objectHelpers should get object values","status":"passed","title":"should get object values","duration":0.14869999999973516,"failureMessages":[],"meta":{}},{"ancestorTitles":["HelperLibrary","objectHelpers"],"fullName":"HelperLibrary objectHelpers should pick properties","status":"passed","title":"should pick properties","duration":0.27340000000003783,"failureMessages":[],"meta":{}},{"ancestorTitles":["HelperLibrary","objectHelpers"],"fullName":"HelperLibrary objectHelpers should omit properties","status":"passed","title":"should omit properties","duration":0.17739999999957945,"failureMessages":[],"meta":{}},{"ancestorTitles":["HelperLibrary","objectHelpers"],"fullName":"HelperLibrary objectHelpers should merge objects","status":"passed","title":"should merge objects","duration":0.18450000000029831,"failureMessages":[],"meta":{}},{"ancestorTitles":["HelperLibrary","objectHelpers"],"fullName":"HelperLibrary objectHelpers should deep merge objects","status":"passed","title":"should deep merge objects","duration":0.15489999999954307,"failureMessages":[],"meta":{}},{"ancestorTitles":["HelperLibrary","objectHelpers"],"fullName":"HelperLibrary objectHelpers should handle empty objects","status":"passed","title":"should handle empty objects","duration":0.1727999999993699,"failureMessages":[],"meta":{}},{"ancestorTitles":["HelperLibrary","mathHelpers"],"fullName":"HelperLibrary mathHelpers should generate random numbers","status":"passed","title":"should generate random numbers","duration":0.3496000000004642,"failureMessages":[],"meta":{}},{"ancestorTitles":["HelperLibrary","mathHelpers"],"fullName":"HelperLibrary mathHelpers should generate random integers","status":"passed","title":"should generate random integers","duration":0.24469999999928405,"failureMessages":[],"meta":{}},{"ancestorTitles":["HelperLibrary","mathHelpers"],"fullName":"HelperLibrary mathHelpers should sum arrays","status":"passed","title":"should sum arrays","duration":0.16219999999975698,"failureMessages":[],"meta":{}},{"ancestorTitles":["HelperLibrary","mathHelpers"],"fullName":"HelperLibrary mathHelpers should calculate average","status":"passed","title":"should calculate average","duration":0.2142999999996391,"failureMessages":[],"meta":{}},{"ancestorTitles":["HelperLibrary","mathHelpers"],"fullName":"HelperLibrary mathHelpers should find min","status":"passed","title":"should find min","duration":0.14429999999993015,"failureMessages":[],"meta":{}},{"ancestorTitles":["HelperLibrary","mathHelpers"],"fullName":"HelperLibrary mathHelpers should find max","status":"passed","title":"should find max","duration":0.2682999999997264,"failureMessages":[],"meta":{}},{"ancestorTitles":["HelperLibrary","consoleHelpers"],"fullName":"HelperLibrary consoleHelpers should capture console.log calls","status":"passed","title":"should capture console.log calls","duration":0.31899999999950523,"failureMessages":[],"meta":{}},{"ancestorTitles":["HelperLibrary","consoleHelpers"],"fullName":"HelperLibrary consoleHelpers should capture console.warn calls","status":"passed","title":"should capture console.warn calls","duration":0.23289999999997235,"failureMessages":[],"meta":{}},{"ancestorTitles":["HelperLibrary","consoleHelpers"],"fullName":"HelperLibrary consoleHelpers should capture console.error calls","status":"passed","title":"should capture console.error calls","duration":0.21939999999995052,"failureMessages":[],"meta":{}},{"ancestorTitles":["HelperLibrary","consoleHelpers"],"fullName":"HelperLibrary consoleHelpers should capture mixed console calls in order","status":"passed","title":"should capture mixed console calls in order","duration":0.3427000000001499,"failureMessages":[],"meta":{}},{"ancestorTitles":["HelperLibrary","consoleHelpers"],"fullName":"HelperLibrary consoleHelpers should handle objects and arrays","status":"passed","title":"should handle objects and arrays","duration":0.2835000000004584,"failureMessages":[],"meta":{}},{"ancestorTitles":["HelperLibrary","consoleHelpers"],"fullName":"HelperLibrary consoleHelpers should create independent console instances","status":"passed","title":"should create independent console instances","duration":0.22670000000016444,"failureMessages":[],"meta":{}},{"ancestorTitles":["HelperLibrary","helperLibrary integration"],"fullName":"HelperLibrary helperLibrary integration should export all helper categories","status":"passed","title":"should export all helper categories","duration":0.28519999999934953,"failureMessages":[],"meta":{}},{"ancestorTitles":["HelperLibrary","helperLibrary integration"],"fullName":"HelperLibrary helperLibrary integration should have all expected date methods","status":"passed","title":"should have all expected date methods","duration":0.30349999999998545,"failureMessages":[],"meta":{}},{"ancestorTitles":["HelperLibrary","helperLibrary integration"],"fullName":"HelperLibrary helperLibrary integration should have all expected string methods","status":"passed","title":"should have all expected string methods","duration":0.2622000000001208,"failureMessages":[],"meta":{}},{"ancestorTitles":["HelperLibrary","helperLibrary integration"],"fullName":"HelperLibrary helperLibrary integration should have all expected number methods","status":"passed","title":"should have all expected number methods","duration":0.3427000000001499,"failureMessages":[],"meta":{}},{"ancestorTitles":["HelperLibrary","helperLibrary integration"],"fullName":"HelperLibrary helperLibrary integration should have all expected array methods","status":"passed","title":"should have all expected array methods","duration":0.23280000000067957,"failureMessages":[],"meta":{}},{"ancestorTitles":["HelperLibrary","helperLibrary integration"],"fullName":"HelperLibrary helperLibrary integration should have all expected object methods","status":"passed","title":"should have all expected object methods","duration":0.20319999999992433,"failureMessages":[],"meta":{}},{"ancestorTitles":["HelperLibrary","helperLibrary integration"],"fullName":"HelperLibrary helperLibrary integration should have all expected math methods","status":"passed","title":"should have all expected math methods","duration":0.2543000000005122,"failureMessages":[],"meta":{}},{"ancestorTitles":["HelperLibrary","edge cases and error handling"],"fullName":"HelperLibrary edge cases and error handling should handle null/undefined inputs gracefully","status":"passed","title":"should handle null/undefined inputs gracefully","duration":1.2287999999998647,"failureMessages":[],"meta":{}},{"ancestorTitles":["HelperLibrary","edge cases and error handling"],"fullName":"HelperLibrary edge cases and error handling should handle non-numeric inputs to number helpers","status":"passed","title":"should handle non-numeric inputs to number helpers","duration":0.19660000000021682,"failureMessages":[],"meta":{}},{"ancestorTitles":["HelperLibrary","edge cases and error handling"],"fullName":"HelperLibrary edge cases and error handling should handle invalid date formats","status":"passed","title":"should handle invalid date formats","duration":0.23449999999957072,"failureMessages":[],"meta":{}},{"ancestorTitles":["HelperLibrary","edge cases and error handling"],"fullName":"HelperLibrary edge cases and error handling should handle array operations on non-arrays","status":"passed","title":"should handle array operations on non-arrays","duration":0.2930999999998676,"failureMessages":[],"meta":{}}],"startTime":1771123402006,"endTime":1771123402060.2932,"status":"passed","message":"","name":"C:/Users/scoot/poll/ezBuildr/tests/unit/HelperLibrary.test.ts"},{"assertionResults":[{"ancestorTitles":["isolated-vm Bridge Verification"],"fullName":"isolated-vm Bridge Verification should execute JS and use simple helpers (string)","status":"passed","title":"should execute JS and use simple helpers (string)","duration":9.031599999999798,"failureMessages":[],"meta":{}},{"ancestorTitles":["isolated-vm Bridge Verification"],"fullName":"isolated-vm Bridge Verification should execute JS and use complex helpers (math.sum)","status":"passed","title":"should execute JS and use complex helpers (math.sum)","duration":1.96349999999984,"failureMessages":[],"meta":{}},{"ancestorTitles":["isolated-vm Bridge Verification"],"fullName":"isolated-vm Bridge Verification should execute JS and capture console logs","status":"passed","title":"should execute JS and capture console logs","duration":2.9310999999997875,"failureMessages":[],"meta":{}},{"ancestorTitles":["isolated-vm Bridge Verification"],"fullName":"isolated-vm Bridge Verification should access context data","status":"passed","title":"should access context data","duration":1.8001000000003842,"failureMessages":[],"meta":{}},{"ancestorTitles":["isolated-vm Bridge Verification"],"fullName":"isolated-vm Bridge Verification should fail on missing helper","status":"passed","title":"should fail on missing helper","duration":6.757200000000012,"failureMessages":[],"meta":{}}],"startTime":1771123400607,"endTime":1771123400629.757,"status":"passed","message":"","name":"C:/Users/scoot/poll/ezBuildr/tests/unit/isolatedVmBridge.test.ts"},{"assertionResults":[{"ancestorTitles":["IterativeQualityImprover","generateWithQualityLoop"],"fullName":"IterativeQualityImprover generateWithQualityLoop should return immediately if initial quality meets target","status":"passed","title":"should return immediately if initial quality meets target","duration":1.951200000000199,"failureMessages":[],"meta":{}},{"ancestorTitles":["IterativeQualityImprover","generateWithQualityLoop"],"fullName":"IterativeQualityImprover generateWithQualityLoop should return immediately if initial quality is excellent","status":"passed","title":"should return immediately if initial quality is excellent","duration":0.9268999999999323,"failureMessages":[],"meta":{}},{"ancestorTitles":["IterativeQualityImprover","generateWithQualityLoop"],"fullName":"IterativeQualityImprover generateWithQualityLoop should iterate to improve low-quality workflow","status":"passed","title":"should iterate to improve low-quality workflow","duration":1.9696999999998752,"failureMessages":[],"meta":{}},{"ancestorTitles":["IterativeQualityImprover","generateWithQualityLoop"],"fullName":"IterativeQualityImprover generateWithQualityLoop should stop on diminishing returns","status":"passed","title":"should stop on diminishing returns","duration":0.7491999999999734,"failureMessages":[],"meta":{}},{"ancestorTitles":["IterativeQualityImprover","generateWithQualityLoop"],"fullName":"IterativeQualityImprover generateWithQualityLoop should stop at max iterations or earlier stopping condition","status":"passed","title":"should stop at max iterations or earlier stopping condition","duration":0.6673999999998159,"failureMessages":[],"meta":{}},{"ancestorTitles":["IterativeQualityImprover","generateWithQualityLoop"],"fullName":"IterativeQualityImprover generateWithQualityLoop should track costs across iterations","status":"passed","title":"should track costs across iterations","duration":0.4135000000001128,"failureMessages":[],"meta":{}},{"ancestorTitles":["IterativeQualityImprover","needsImprovement"],"fullName":"IterativeQualityImprover needsImprovement should return true for low scores","status":"passed","title":"should return true for low scores","duration":0.2676000000001295,"failureMessages":[],"meta":{}},{"ancestorTitles":["IterativeQualityImprover","needsImprovement"],"fullName":"IterativeQualityImprover needsImprovement should return false for high scores","status":"passed","title":"should return false for high scores","duration":0.19640000000003965,"failureMessages":[],"meta":{}},{"ancestorTitles":["IterativeQualityImprover","estimateImprovementValue"],"fullName":"IterativeQualityImprover estimateImprovementValue should indicate not worth it if already at target","status":"passed","title":"should indicate not worth it if already at target","duration":0.30529999999998836,"failureMessages":[],"meta":{}},{"ancestorTitles":["IterativeQualityImprover","estimateImprovementValue"],"fullName":"IterativeQualityImprover estimateImprovementValue should indicate worth it for low scores","status":"passed","title":"should indicate worth it for low scores","duration":0.27070000000003347,"failureMessages":[],"meta":{}}],"startTime":1771123408503,"endTime":1771123408511.3054,"status":"passed","message":"","name":"C:/Users/scoot/poll/ezBuildr/tests/unit/IterativeQualityImprover.test.ts"},{"assertionResults":[{"ancestorTitles":["LifecycleHookService","executeHooksForPhase()"],"fullName":"LifecycleHookService executeHooksForPhase() should execute hooks in order","status":"passed","title":"should execute hooks in order","duration":3.333900000000085,"failureMessages":[],"meta":{}},{"ancestorTitles":["LifecycleHookService","executeHooksForPhase()"],"fullName":"LifecycleHookService executeHooksForPhase() should handle hooks with no mutations","status":"passed","title":"should handle hooks with no mutations","duration":0.9742000000001099,"failureMessages":[],"meta":{}},{"ancestorTitles":["LifecycleHookService","executeHooksForPhase()"],"fullName":"LifecycleHookService executeHooksForPhase() should collect errors without breaking execution","status":"passed","title":"should collect errors without breaking execution","duration":1.2696000000000822,"failureMessages":[],"meta":{}},{"ancestorTitles":["LifecycleHookService","executeHooksForPhase()"],"fullName":"LifecycleHookService executeHooksForPhase() should collect console logs","status":"passed","title":"should collect console logs","duration":0.7807000000000244,"failureMessages":[],"meta":{}},{"ancestorTitles":["LifecycleHookService","executeHooksForPhase()"],"fullName":"LifecycleHookService executeHooksForPhase() should return original data when no hooks exist","status":"passed","title":"should return original data when no hooks exist","duration":0.5919999999998709,"failureMessages":[],"meta":{}},{"ancestorTitles":["LifecycleHookService","executeHooksForPhase()"],"fullName":"LifecycleHookService executeHooksForPhase() should handle system errors gracefully","status":"passed","title":"should handle system errors gracefully","duration":0.6688000000001466,"failureMessages":[],"meta":{}},{"ancestorTitles":["LifecycleHookService","executeHooksForPhase()"],"fullName":"LifecycleHookService executeHooksForPhase() should pass input keys to script engine","status":"passed","title":"should pass input keys to script engine","duration":0.6760999999999058,"failureMessages":[],"meta":{}},{"ancestorTitles":["LifecycleHookService","createHook()"],"fullName":"LifecycleHookService createHook() should create hook with ownership check","status":"passed","title":"should create hook with ownership check","duration":0.8720000000000709,"failureMessages":[],"meta":{}},{"ancestorTitles":["LifecycleHookService","createHook()"],"fullName":"LifecycleHookService createHook() should reject creation for non-existent workflow","status":"passed","title":"should reject creation for non-existent workflow","duration":1.582700000000159,"failureMessages":[],"meta":{}},{"ancestorTitles":["LifecycleHookService","createHook()"],"fullName":"LifecycleHookService createHook() should reject creation for non-owner","status":"passed","title":"should reject creation for non-owner","duration":0.6076000000000477,"failureMessages":[],"meta":{}},{"ancestorTitles":["LifecycleHookService","updateHook()"],"fullName":"LifecycleHookService updateHook() should update hook with ownership check","status":"passed","title":"should update hook with ownership check","duration":0.7634000000000469,"failureMessages":[],"meta":{}},{"ancestorTitles":["LifecycleHookService","updateHook()"],"fullName":"LifecycleHookService updateHook() should reject update for non-owner","status":"passed","title":"should reject update for non-owner","duration":0.5798999999999523,"failureMessages":[],"meta":{}},{"ancestorTitles":["LifecycleHookService","deleteHook()"],"fullName":"LifecycleHookService deleteHook() should delete hook with ownership check","status":"passed","title":"should delete hook with ownership check","duration":0.5123000000000957,"failureMessages":[],"meta":{}},{"ancestorTitles":["LifecycleHookService","deleteHook()"],"fullName":"LifecycleHookService deleteHook() should reject deletion for non-owner","status":"passed","title":"should reject deletion for non-owner","duration":0.553899999999885,"failureMessages":[],"meta":{}},{"ancestorTitles":["LifecycleHookService","testHook()"],"fullName":"LifecycleHookService testHook() should execute hook with test data","status":"passed","title":"should execute hook with test data","duration":0.6743999999998778,"failureMessages":[],"meta":{}},{"ancestorTitles":["LifecycleHookService","listHooks()"],"fullName":"LifecycleHookService listHooks() should list all hooks for workflow with ownership check","status":"passed","title":"should list all hooks for workflow with ownership check","duration":0.5230999999998858,"failureMessages":[],"meta":{}},{"ancestorTitles":["LifecycleHookService","listHooks()"],"fullName":"LifecycleHookService listHooks() should reject listing for non-owner","status":"passed","title":"should reject listing for non-owner","duration":0.3392999999998665,"failureMessages":[],"meta":{}}],"startTime":1771123410544,"endTime":1771123410560.5232,"status":"passed","message":"","name":"C:/Users/scoot/poll/ezBuildr/tests/unit/LifecycleHookService.test.ts"},{"assertionResults":[{"ancestorTitles":["List Pipeline - Type Coercion & Comparisons","equals operator (uses ===, strict equality)"],"fullName":"List Pipeline - Type Coercion & Comparisons equals operator (uses ===, strict equality) should NOT coerce string \"123\" to equal number 123","status":"passed","title":"should NOT coerce string \"123\" to equal number 123","duration":1.2560000000003129,"failureMessages":[],"meta":{}},{"ancestorTitles":["List Pipeline - Type Coercion & Comparisons","equals operator (uses ===, strict equality)"],"fullName":"List Pipeline - Type Coercion & Comparisons equals operator (uses ===, strict equality) should NOT treat null == undefined (strict equality)","status":"passed","title":"should NOT treat null == undefined (strict equality)","duration":0.27039999999942665,"failureMessages":[],"meta":{}},{"ancestorTitles":["List Pipeline - Type Coercion & Comparisons","equals operator (uses ===, strict equality)"],"fullName":"List Pipeline - Type Coercion & Comparisons equals operator (uses ===, strict equality) should NOT coerce string \"true\" to boolean true","status":"passed","title":"should NOT coerce string \"true\" to boolean true","duration":0.18940000000020518,"failureMessages":[],"meta":{}},{"ancestorTitles":["List Pipeline - Type Coercion & Comparisons","equals operator (uses ===, strict equality)"],"fullName":"List Pipeline - Type Coercion & Comparisons equals operator (uses ===, strict equality) should match exact values with strict equality","status":"passed","title":"should match exact values with strict equality","duration":0.17050000000017462,"failureMessages":[],"meta":{}},{"ancestorTitles":["List Pipeline - Type Coercion & Comparisons","in_list operator (uses === for comparisons)"],"fullName":"List Pipeline - Type Coercion & Comparisons in_list operator (uses === for comparisons) should use strict equality when checking membership","status":"passed","title":"should use strict equality when checking membership","duration":0.16280000000006112,"failureMessages":[],"meta":{}},{"ancestorTitles":["List Pipeline - Type Coercion & Comparisons","in_list operator (uses === for comparisons)"],"fullName":"List Pipeline - Type Coercion & Comparisons in_list operator (uses === for comparisons) should match exact values in list","status":"passed","title":"should match exact values in list","duration":0.12269999999989523,"failureMessages":[],"meta":{}},{"ancestorTitles":["List Pipeline - Type Coercion & Comparisons","in_list operator (uses === for comparisons)"],"fullName":"List Pipeline - Type Coercion & Comparisons in_list operator (uses === for comparisons) should return false if compareValue is not an array","status":"passed","title":"should return false if compareValue is not an array","duration":0.10429999999996653,"failureMessages":[],"meta":{}},{"ancestorTitles":["List Pipeline - Type Coercion & Comparisons","not_in_list operator"],"fullName":"List Pipeline - Type Coercion & Comparisons not_in_list operator should return true if compareValue is not an array","status":"passed","title":"should return true if compareValue is not an array","duration":0.16389999999955762,"failureMessages":[],"meta":{}},{"ancestorTitles":["List Pipeline - Type Coercion & Comparisons","not_in_list operator"],"fullName":"List Pipeline - Type Coercion & Comparisons not_in_list operator should use strict equality","status":"passed","title":"should use strict equality","duration":0.19900000000052387,"failureMessages":[],"meta":{}},{"ancestorTitles":["List Pipeline - Type Coercion & Comparisons","numeric comparison operators"],"fullName":"List Pipeline - Type Coercion & Comparisons numeric comparison operators should perform numeric comparison with proper types","status":"passed","title":"should perform numeric comparison with proper types","duration":0.17329999999947177,"failureMessages":[],"meta":{}},{"ancestorTitles":["List Pipeline - Type Coercion & Comparisons","numeric comparison operators"],"fullName":"List Pipeline - Type Coercion & Comparisons numeric comparison operators should coerce string numbers to numeric comparison","status":"passed","title":"should coerce string numbers to numeric comparison","duration":0.13029999999980646,"failureMessages":[],"meta":{}},{"a
[...]
nt.js:20103:13)\n    at beginWork (C:\\Users\\scoot\\poll\\ezBuildr\\node_modules\\react-dom\\cjs\\react-dom.development.js:21626:16)\n    at beginWork$1 (C:\\Users\\scoot\\poll\\ezBuildr\\node_modules\\react-dom\\cjs\\react-dom.development.js:27465:14)\n    at performUnitOfWork (C:\\Users\\scoot\\poll\\ezBuildr\\node_modules\\react-dom\\cjs\\react-dom.development.js:26599:12)\n    at workLoopSync (C:\\Users\\scoot\\poll\\ezBuildr\\node_modules\\react-dom\\cjs\\react-dom.development.js:26505:5)\n    at renderRootSync (C:\\Users\\scoot\\poll\\ezBuildr\\node_modules\\react-dom\\cjs\\react-dom.development.js:26473:7)\n    at recoverFromConcurrentError (C:\\Users\\scoot\\poll\\ezBuildr\\node_modules\\react-dom\\cjs\\react-dom.development.js:25889:20)\n    at performConcurrentWorkOnRoot (C:\\Users\\scoot\\poll\\ezBuildr\\node_modules\\react-dom\\cjs\\react-dom.development.js:25789:22)"],"meta":{}},{"ancestorTitles":["TableGridView - Drag & Drop"],"fullName":"TableGridView - Drag & Drop displays PK badge for primary key columns","status":"failed","title":"displays PK badge for primary key columns","duration":4.991799999999785,"failureMessages":["ReferenceError: React is not defined\n    at TableGridView (C:/Users/scoot/poll/ezBuildr/client/src/components/datavault/TableGridView.tsx:149:5)\n    at renderWithHooks (C:\\Users\\scoot\\poll\\ezBuildr\\node_modules\\react-dom\\cjs\\react-dom.development.js:15486:18)\n    at mountIndeterminateComponent (C:\\Users\\scoot\\poll\\ezBuildr\\node_modules\\react-dom\\cjs\\react-dom.development.js:20103:13)\n    at beginWork (C:\\Users\\scoot\\poll\\ezBuildr\\node_modules\\react-dom\\cjs\\react-dom.development.js:21626:16)\n    at beginWork$1 (C:\\Users\\scoot\\poll\\ezBuildr\\node_modules\\react-dom\\cjs\\react-dom.development.js:27465:14)\n    at performUnitOfWork (C:\\Users\\scoot\\poll\\ezBuildr\\node_modules\\react-dom\\cjs\\react-dom.development.js:26599:12)\n    at workLoopSync (C:\\Users\\scoot\\poll\\ezBuildr\\node_modules\\react-dom\\cjs\\react-dom.development.js:26505:5)\n    at renderRootSync (C:\\Users\\scoot\\poll\\ezBuildr\\node_modules\\react-dom\\cjs\\react-dom.development.js:26473:7)\n    at recoverFromConcurrentError (C:\\Users\\scoot\\poll\\ezBuildr\\node_modules\\react-dom\\cjs\\react-dom.development.js:25889:20)\n    at performConcurrentWorkOnRoot (C:\\Users\\scoot\\poll\\ezBuildr\\node_modules\\react-dom\\cjs\\react-dom.development.js:25789:22)"],"meta":{}},{"ancestorTitles":["TableGridView - Drag & Drop"],"fullName":"TableGridView - Drag & Drop calls reorderColumns API when columns are reordered","status":"failed","title":"calls reorderColumns API when columns are reordered","duration":4.7224999999998545,"failureMessages":["ReferenceError: React is not defined\n    at TableGridView (C:/Users/scoot/poll/ezBuildr/client/src/components/datavault/TableGridView.tsx:149:5)\n    at renderWithHooks (C:\\Users\\scoot\\poll\\ezBuildr\\node_modules\\react-dom\\cjs\\react-dom.development.js:15486:18)\n    at mountIndeterminateComponent (C:\\Users\\scoot\\poll\\ezBuildr\\node_modules\\react-dom\\cjs\\react-dom.development.js:20103:13)\n    at beginWork (C:\\Users\\scoot\\poll\\ezBuildr\\node_modules\\react-dom\\cjs\\react-dom.development.js:21626:16)\n    at beginWork$1 (C:\\Users\\scoot\\poll\\ezBuildr\\node_modules\\react-dom\\cjs\\react-dom.development.js:27465:14)\n    at performUnitOfWork (C:\\Users\\scoot\\poll\\ezBuildr\\node_modules\\react-dom\\cjs\\react-dom.development.js:26599:12)\n    at workLoopSync (C:\\Users\\scoot\\poll\\ezBuildr\\node_modules\\react-dom\\cjs\\react-dom.development.js:26505:5)\n    at renderRootSync (C:\\Users\\scoot\\poll\\ezBuildr\\node_modules\\react-dom\\cjs\\react-dom.development.js:26473:7)\n    at recoverFromConcurrentError (C:\\Users\\scoot\\poll\\ezBuildr\\node_modules\\react-dom\\cjs\\react-dom.development.js:25889:20)\n    at performConcurrentWorkOnRoot (C:\\Users\\scoot\\poll\\ezBuildr\\node_modules\\react-dom\\cjs\\react-dom.development.js:25789:22)"],"meta":{}},{"ancestorTitles":["TableGridView - Drag & Drop"],"fullName":"TableGridView - Drag & Drop displays columns in order based on orderIndex","status":"failed","title":"displays columns in order based on orderIndex","duration":3.4963000000007014,"failureMessages":["ReferenceError: React is not defined\n    at TableGridView (C:/Users/scoot/poll/ezBuildr/client/src/components/datavault/TableGridView.tsx:149:5)\n    at renderWithHooks (C:\\Users\\scoot\\poll\\ezBuildr\\node_modules\\react-dom\\cjs\\react-dom.development.js:15486:18)\n    at mountIndeterminateComponent (C:\\Users\\scoot\\poll\\ezBuildr\\node_modules\\react-dom\\cjs\\react-dom.development.js:20103:13)\n    at beginWork (C:\\Users\\scoot\\poll\\ezBuildr\\node_modules\\react-dom\\cjs\\react-dom.development.js:21626:16)\n    at beginWork$1 (C:\\Users\\scoot\\poll\\ezBuildr\\node_modules\\react-dom\\cjs\\react-dom.development.js:27465:14)\n    at performUnitOfWork (C:\\Users\\scoot\\poll\\ezBuildr\\node_modules\\react-dom\\cjs\\react-dom.development.js:26599:12)\n    at workLoopSync (C:\\Users\\scoot\\poll\\ezBuildr\\node_modules\\react-dom\\cjs\\react-dom.development.js:26505:5)\n    at renderRootSync (C:\\Users\\scoot\\poll\\ezBuildr\\node_modules\\react-dom\\cjs\\react-dom.development.js:26473:7)\n    at recoverFromConcurrentError (C:\\Users\\scoot\\poll\\ezBuildr\\node_modules\\react-dom\\cjs\\react-dom.development.js:25889:20)\n    at performConcurrentWorkOnRoot (C:\\Users\\scoot\\poll\\ezBuildr\\node_modules\\react-dom\\cjs\\react-dom.development.js:25789:22)"],"meta":{}},{"ancestorTitles":["TableGridView - Drag & Drop"],"fullName":"TableGridView - Drag & Drop maintains column order after successful reorder","status":"failed","title":"maintains column order after successful reorder","duration":3.6622000000006665,"failureMessages":["ReferenceError: React is not defined\n    at TableGridView (C:/Users/scoot/poll/ezBuildr/client/src/components/datavault/TableGridView.tsx:149:5)\n    at renderWithHooks (C:\\Users\\scoot\\poll\\ezBuildr\\node_modules\\react-dom\\cjs\\react-dom.development.js:15486:18)\n    at mountIndeterminateComponent (C:\\Users\\scoot\\poll\\ezBuildr\\node_modules\\react-dom\\cjs\\react-dom.development.js:20103:13)\n    at beginWork (C:\\Users\\scoot\\poll\\ezBuildr\\node_modules\\react-dom\\cjs\\react-dom.development.js:21626:16)\n    at beginWork$1 (C:\\Users\\scoot\\poll\\ezBuildr\\node_modules\\react-dom\\cjs\\react-dom.development.js:27465:14)\n    at performUnitOfWork (C:\\Users\\scoot\\poll\\ezBuildr\\node_modules\\react-dom\\cjs\\react-dom.development.js:26599:12)\n    at workLoopSync (C:\\Users\\scoot\\poll\\ezBuildr\\node_modules\\react-dom\\cjs\\react-dom.development.js:26505:5)\n    at renderRootSync (C:\\Users\\scoot\\poll\\ezBuildr\\node_modules\\react-dom\\cjs\\react-dom.development.js:26473:7)\n    at recoverFromConcurrentError (C:\\Users\\scoot\\poll\\ezBuildr\\node_modules\\react-dom\\cjs\\react-dom.development.js:25889:20)\n    at performConcurrentWorkOnRoot (C:\\Users\\scoot\\poll\\ezBuildr\\node_modules\\react-dom\\cjs\\react-dom.development.js:25789:22)"],"meta":{}}],"startTime":1771123388820,"endTime":1771123388874.662,"status":"failed","message":"","name":"C:/Users/scoot/poll/ezBuildr/tests/unit/components/datavault/TableGridViewDragDrop.test.tsx"},{"assertionResults":[{"ancestorTitles":["QueryRunner"],"fullName":"QueryRunner should throw if tableId is missing","status":"passed","title":"should throw if tableId is missing","duration":3.564900000000307,"failureMessages":[],"meta":{}},{"ancestorTitles":["QueryRunner"],"fullName":"QueryRunner should execute basic query and return ListVariable","status":"passed","title":"should execute basic query and return ListVariable","duration":1.9346999999997934,"failureMessages":[],"meta":{}},{"ancestorTitles":["QueryRunner"],"fullName":"QueryRunner should resolve variable filters","status":"passed","title":"should resolve variable filters","duration":1.164600000000064,"failureMessages":[],"meta":{}},{"ancestorTitles":["QueryRunner"],"fullName":"QueryRunner should throw for missing variables","status":"passed","title":"should throw for missing variables","duration":0.49580000000059954,"failureMessages":[],"meta":{}},{"ancestorTitles":["QueryRunner"],"fullName":"QueryRunner should apply limit","status":"passed","title":"should apply limit","duration":1.3134000000000015,"failureMessages":[],"meta":{}}],"startTime":1771123410567,"endTime":1771123410576.3135,"status":"passed","message":"","name":"C:/Users/scoot/poll/ezBuildr/tests/unit/lib/queries/QueryRunner.test.ts"},{"assertionResults":[{"ancestorTitles":["PageValidator"],"fullName":"PageValidator should return valid if all blocks are valid","status":"passed","title":"should return valid if all blocks are valid","duration":2.8479999999999563,"failureMessages":[],"meta":{}},{"ancestorTitles":["PageValidator"],"fullName":"PageValidator should aggregate errors from invalid blocks","status":"passed","title":"should aggregate errors from invalid blocks","duration":1.32779999999957,"failureMessages":[],"meta":{}},{"ancestorTitles":["PageValidator"],"fullName":"PageValidator should pass allValues context to validator","status":"passed","title":"should pass allValues context to validator","duration":2.8679000000001906,"failureMessages":[],"meta":{}}],"startTime":1771123392238,"endTime":1771123392244.868,"status":"passed","message":"","name":"C:/Users/scoot/poll/ezBuildr/tests/unit/shared/validation/PageValidator.test.ts"},{"assertionResults":[{"ancestorTitles":["Step Config Schemas","getConfigSchema"],"fullName":"Step Config Schemas getConfigSchema should return schema for known types","status":"passed","title":"should return schema for known types","duration":1.9660000000003492,"failureMessages":[],"meta":{}},{"ancestorTitles":["Step Config Schemas","getConfigSchema"],"fullName":"Step Config Schemas getConfigSchema should return undefined for unknown types","status":"passed","title":"should return undefined for unknown types","duration":0.3827000000001135,"failureMessages":[],"meta":{}},{"ancestorTitles":["Step Config Schemas","validateStepConfig"],"fullName":"Step Config Schemas validateStepConfig should validate valid config","status":"passed","title":"should validate valid config","duration":1.8841000000002168,"failureMessages":[],"meta":{}},{"ancestorTitles":["Step Config Schemas","validateStepConfig"],"fullName":"Step Config Schemas validateStepConfig should fail invalid config (missing required fields)","status":"passed","title":"should fail invalid config (missing required fields)","duration":1.2959000000000742,"failureMessages":[],"meta":{}},{"ancestorTitles":["Step Config Schemas","validateStepConfig"],"fullName":"Step Config Schemas validateStepConfig should pass through if no schema exists","status":"passed","title":"should pass through if no schema exists","duration":0.35110000000031505,"failureMessages":[],"meta":{}},{"ancestorTitles":["Step Config Schemas","Specific Schema Validations","FinalBlockConfigSchema"],"fullName":"Step Config Schemas Specific Schema Validations FinalBlockConfigSchema should enforce unique aliases","status":"passed","title":"should enforce unique aliases","duration":1.3481000000001586,"failureMessages":[],"meta":{}},{"ancestorTitles":["Step Config Schemas","Specific Schema Validations","ChoiceAdvancedConfigSchema"],"fullName":"Step Config Schemas Specific Schema Validations ChoiceAdvancedConfigSchema should require at least one option","status":"passed","title":"should require at least one option","duration":0.4183000000002721,"failureMessages":[],"meta":{}},{"ancestorTitles":["Step Config Schemas","Specific Schema Validations","ChoiceAdvancedConfigSchema"],"fullName":"Step Config Schemas Specific Schema Validations ChoiceAdvancedConfigSchema should validate valid options","status":"passed","title":"should validate valid options","duration":0.23939999999993233,"failureMessages":[],"meta":{}}],"startTime":1771123392859,"endTime":1771123392867.4182,"status":"passed","message":"","name":"C:/Users/scoot/poll/ezBuildr/tests/unit/shared/validation/stepConfigSchemas.test.ts"},{"assertionResults":[{"ancestorTitles":["Validator","validateValue"],"fullName":"Validator validateValue should validate required values","status":"passed","title":"should validate required values","duration":1.9490999999998166,"failureMessages":[],"meta":{}},{"ancestorTitles":["Validator","validateValue"],"fullName":"Validator validateValue should respect custom required message","status":"passed","title":"should respect custom required message","duration":0.21929999999974825,"failureMessages":[],"meta":{}},{"ancestorTitles":["Validator","validateValue"],"fullName":"Validator validateValue should skip other validation if value is empty and not required","status":"passed","title":"should skip other validation if value is empty and not required","duration":0.22969999999986612,"failureMessages":[],"meta":{}},{"ancestorTitles":["Validator","validateValue","Numeric Rules"],"fullName":"Validator validateValue Numeric Rules should validate minValue","status":"passed","title":"should validate minValue","duration":0.6585000000000036,"failureMessages":[],"meta":{}},{"ancestorTitles":["Validator","validateValue","Numeric Rules"],"fullName":"Validator validateValue Numeric Rules should validate maxValue","status":"passed","title":"should validate maxValue","duration":0.411200000000008,"failureMessages":[],"meta":{}},{"ancestorTitles":["Validator","validateValue","Numeric Rules"],"fullName":"Validator validateValue Numeric Rules should validate maxDecimalPlaces","status":"passed","title":"should validate maxDecimalPlaces","duration":0.4515000000001237,"failureMessages":[],"meta":{}},{"ancestorTitles":["Validator","validateValue","String Rules"],"fullName":"Validator validateValue String Rules should validate minLength","status":"passed","title":"should validate minLength","duration":0.18020000000024083,"failureMessages":[],"meta":{}},{"ancestorTitles":["Validator","validateValue","String Rules"],"fullName":"Validator validateValue String Rules should validate maxLength","status":"passed","title":"should validate maxLength","duration":0.16219999999975698,"failureMessages":[],"meta":{}},{"ancestorTitles":["Validator","validateValue","String Rules"],"fullName":"Validator validateValue String Rules should validate email","status":"passed","title":"should validate email","duration":0.39370000000008076,"failureMessages":[],"meta":{}},{"ancestorTitles":["Validator","validateValue","String Rules"],"fullName":"Validator validateValue String Rules should validate url","status":"passed","title":"should validate url","duration":0.33890000000019427,"failureMessages":[],"meta":{}},{"ancestorTitles":["Validator","validateValue","String Rules"],"fullName":"Validator validateValue String Rules should validate pattern (regex)","status":"passed","title":"should validate pattern (regex)","duration":0.2828999999996995,"failureMessages":[],"meta":{}},{"ancestorTitles":["Validator","validateValue","Conditional Rules"],"fullName":"Validator validateValue Conditional Rules should pass if condition evaluates to true","status":"passed","title":"should pass if condition evaluates to true","duration":0.23840000000018335,"failureMessages":[],"meta":{}},{"ancestorTitles":["Validator","validateValue","Conditional Rules"],"fullName":"Validator validateValue Conditional Rules should fail if condition evaluates to false","status":"passed","title":"should fail if condition evaluates to false","duration":0.123899999999594,"failureMessages":[],"meta":{}}],"startTime":1771123391215,"endTime":1771123391221.283,"status":"passed","message":"","name":"C:/Users/scoot/poll/ezBuildr/tests/unit/shared/validation/Validator.test.ts"},{"assertionResults":[{"ancestorTitles":["WorkflowRevisionService - Semantic Section-Aware Chunking","chunkWorkflowBySections"],"fullName":"WorkflowRevisionService - Semantic Section-Aware Chunking chunkWorkflowBySections should return empty array for empty sections","status":"passed","title":"should return empty array for empty sections","duration":2.514599999999973,"failureMessages":[],"meta":{}},{"ancestorTitles":["WorkflowRevisionService - Semantic Section-Aware Chunking","chunkWorkflowBySections"],"fullName":"WorkflowRevisionService - Semantic Section-Aware Chunking chunkWorkflowBySections should keep small sections together in one chunk","status":"passed","title":"should keep small sections together in one chunk","duration":1.0814000000000306,"failureMessages":[],"meta":{}},{"ancestorTitles":["WorkflowRevisionService - Semantic Section-Aware Chunking","chunkWorkflowBySections"],"fullName":"WorkflowRevisionService - Semantic Section-Aware Chunking chunkWorkflowBySections should create new chunk when adding section would exceed limit","status":"passed","title":"should create new chunk when adding section would exceed limit","duration":0.7688000000000557,"failureMessages":[],"meta":{}},{"ancestorTitles":["WorkflowRevisionService - Semantic Section-Aware Chunking","chunkWorkflowBySections"],"fullName":"WorkflowRevisionService - Semantic Section-Aware Chunking chunkWorkflowBySections should handle a single oversized section by giving it its own chunk","status":"passed","title":"should handle a single oversized section by giving it its own chunk","duration":0.9175999999999931,"failureMessages":[],"meta":{}},{"ancestorTitles":["WorkflowRevisionService - Semantic Section-Aware Chunking","chunkWorkflowBySections"],"fullName":"WorkflowRevisionService - Semantic Section-Aware Chunking chunkWorkflowBySections should preserve section order in chunks","status":"passed","title":"should preserve section order in chunks","duration":0.5104000000001179,"failureMessages":[],"meta":{}},{"ancestorTitles":["WorkflowRevisionService - Semantic Section-Aware Chunking","chunkWorkflowBySections"],"fullName":"WorkflowRevisionService - Semantic Section-Aware Chunking chunkWorkflowBySections should respect output multiplier in token estimation","status":"passed","title":"should respect output multiplier in token estimation","duration":0.3348999999998341,"failureMessages":[],"meta":{}},{"ancestorTitles":["WorkflowRevisionService - Semantic Section-Aware Chunking","chunkWorkflowBySections"],"fullName":"WorkflowRevisionService - Semantic Section-Aware Chunking chunkWorkflowBySections should track estimated tokens for each chunk","status":"passed","title":"should track estimated tokens for each chunk","duration":0.2600999999999658,"failureMessages":[],"meta":{}},{"ancestorTitles":["WorkflowRevisionService - Semantic Section-Aware Chunking","chunkWorkflowBySections"],"fullName":"WorkflowRevisionService - Semantic Section-Aware Chunking chunkWorkflowBySections should handle sections with varying sizes","status":"passed","title":"should handle sections with varying sizes","duration":0.30150000000003274,"failureMessages":[],"meta":{}},{"ancestorTitles":["WorkflowRevisionService - Semantic Section-Aware Chunking","chunkWorkflowBySections"],"fullName":"WorkflowRevisionService - Semantic Section-Aware Chunking chunkWorkflowBySections should never split a section across multiple chunks","status":"passed","title":"should never split a section across multiple chunks","duration":2.2376999999999043,"failureMessages":[],"meta":{}},{"ancestorTitles":["WorkflowRevisionService - Semantic Section-Aware Chunking","Integration with reviseWorkflowChunked"],"fullName":"WorkflowRevisionService - Semantic Section-Aware Chunking Integration with reviseWorkflowChunked should use semantic chunking for workflows with multiple sections","status":"passed","title":"should use semantic chunking for workflows with multiple sections","duration":1.7483999999999469,"failureMessages":[],"meta":{}}],"startTime":1771123409431,"endTime":1771123409441.7483,"status":"passed","message":"","name":"C:/Users/scoot/poll/ezBuildr/tests/unit/services/ai/WorkflowRevisionService.chunking.test.ts"}]}