client/src/components/datavault/EditableCell.tsx(96,12): error TS2678: Type '"yes_no"' is not comparable to type '"number" | "boolean" | "select" | "text" | "email" | "phone" | "date" | "url" | "json" | "datetime" | "auto_number" | "autonumber" | "reference" | "multiselect"'.
server/middleware/auth.ts(239,26): error TS2339: Property 'tenantId' does not exist on type 'Request<ParamsDictionary, any, any, ParsedQs, Record<string, any>>'.
server/repositories/DatavaultDatabasesRepository.ts(95,15): error TS2345: Argument of type '{ ownerName: PgColumn<{ name: "name"; tableName: "organizations"; dataType: "string"; columnType: "PgVarchar"; data: string; driverParam: string; notNull: true; hasDefault: false; isPrimaryKey: false; ... 5 more ...; generated: undefined; }, {}, { ...; }>; ... 17 more ...; enableRLS: () => Omit<...>; }' is not assignable to parameter of type 'SelectedFields'.
  Property '_' is incompatible with index signature.
    Type '{ readonly brand: "Table"; readonly config: { name: "datavault_databases"; schema: undefined; columns: { id: PgColumn<{ name: "id"; tableName: "datavault_databases"; dataType: "string"; columnType: "PgUUID"; data: string; ... 9 more ...; generated: undefined; }, {}, {}>; ... 10 more ...; updatedAt: PgColumn<...>; };...' is not assignable to type 'SQL<unknown> | Aliased<unknown> | PgColumn<ColumnBaseConfig<ColumnDataType, string>, {}, {}> | PgTable<TableConfig> | SelectedFieldsFlat<...>'.
      Type '{ readonly brand: "Table"; readonly config: { name: "datavault_databases"; schema: undefined; columns: { id: PgColumn<{ name: "id"; tableName: "datavault_databases"; dataType: "string"; columnType: "PgUUID"; data: string; ... 9 more ...; generated: undefined; }, {}, {}>; ... 10 more ...; updatedAt: PgColumn<...>; };...' is not assignable to type 'SelectedFieldsFlat<PgColumn<ColumnBaseConfig<ColumnDataType, string>, {}, {}>>'.
        Property 'brand' is incompatible with index signature.
          Type 'string' is not assignable to type 'SQL<unknown> | Aliased<unknown> | PgColumn<ColumnBaseConfig<ColumnDataType, string>, {}, {}>'.
server/repositories/ProjectRepository.ts(50,15): error TS2345: Argument of type '{ ownerName: PgColumn<{ name: "name"; tableName: "organizations"; dataType: "string"; columnType: "PgVarchar"; data: string; driverParam: string; notNull: true; hasDefault: false; isPrimaryKey: false; ... 5 more ...; generated: undefined; }, {}, { ...; }>; ... 19 more ...; enableRLS: () => Omit<...>; }' is not assignable to parameter of type 'SelectedFields'.
  Property '_' is incompatible with index signature.
    Type '{ readonly brand: "Table"; readonly config: { name: "projects"; schema: undefined; columns: { id: PgColumn<{ name: "id"; tableName: "projects"; dataType: "string"; columnType: "PgUUID"; data: string; driverParam: string; ... 8 more ...; generated: undefined; }, {}, {}>; ... 12 more ...; updatedAt: PgColumn<...>; }; ...' is not assignable to type 'SQL<unknown> | Aliased<unknown> | PgColumn<ColumnBaseConfig<ColumnDataType, string>, {}, {}> | PgTable<TableConfig> | SelectedFieldsFlat<...>'.
      Type '{ readonly brand: "Table"; readonly config: { name: "projects"; schema: undefined; columns: { id: PgColumn<{ name: "id"; tableName: "projects"; dataType: "string"; columnType: "PgUUID"; data: string; driverParam: string; ... 8 more ...; generated: undefined; }, {}, {}>; ... 12 more ...; updatedAt: PgColumn<...>; }; ...' is not assignable to type 'SelectedFieldsFlat<PgColumn<ColumnBaseConfig<ColumnDataType, string>, {}, {}>>'.
        Property 'brand' is incompatible with index signature.
          Type 'string' is not assignable to type 'SQL<unknown> | Aliased<unknown> | PgColumn<ColumnBaseConfig<ColumnDataType, string>, {}, {}>'.
server/repositories/WorkflowRepository.ts(69,15): error TS2345: Argument of type '{ ownerName: PgColumn<{ name: "name"; tableName: "organizations"; dataType: "string"; columnType: "PgVarchar"; data: string; driverParam: string; notNull: true; hasDefault: false; isPrimaryKey: false; ... 5 more ...; generated: undefined; }, {}, { ...; }>; ... 26 more ...; enableRLS: () => Omit<...>; }' is not assignable to parameter of type 'SelectedFields'.
  Property '_' is incompatible with index signature.
    Type '{ readonly brand: "Table"; readonly config: { name: "workflows"; schema: undefined; columns: { id: PgColumn<{ name: "id"; tableName: "workflows"; dataType: "string"; columnType: "PgUUID"; data: string; driverParam: string; ... 8 more ...; generated: undefined; }, {}, {}>; ... 19 more ...; sourceBlueprintId: PgColumn...' is not assignable to type 'SQL<unknown> | Aliased<unknown> | PgColumn<ColumnBaseConfig<ColumnDataType, string>, {}, {}> | PgTable<TableConfig> | SelectedFieldsFlat<...>'.
      Type '{ readonly brand: "Table"; readonly config: { name: "workflows"; schema: undefined; columns: { id: PgColumn<{ name: "id"; tableName: "workflows"; dataType: "string"; columnType: "PgUUID"; data: string; driverParam: string; ... 8 more ...; generated: undefined; }, {}, {}>; ... 19 more ...; sourceBlueprintId: PgColumn...' is not assignable to type 'SelectedFieldsFlat<PgColumn<ColumnBaseConfig<ColumnDataType, string>, {}, {}>>'.
        Property 'brand' is incompatible with index signature.
          Type 'string' is not assignable to type 'SQL<unknown> | Aliased<unknown> | PgColumn<ColumnBaseConfig<ColumnDataType, string>, {}, {}>'.
server/routes/admin.ts(35,54): error TS2769: No overload matches this call.
  Overload 1 of 2, '(value: { name: string | SQL<unknown> | Placeholder<string, any>; tenantId: string | SQL<unknown> | Placeholder<string, any>; id?: string | SQL<unknown> | Placeholder<string, any> | undefined; ... 6 more ...; createdByUserId?: string | ... 3 more ... | undefined; }): PgInsertBase<...>', gave the following error.
    Argument of type '{ name: any; slug: any; domain: any; }' is not assignable to parameter of type '{ name: string | SQL<unknown> | Placeholder<string, any>; tenantId: string | SQL<unknown> | Placeholder<string, any>; id?: string | SQL<unknown> | Placeholder<string, any> | undefined; ... 6 more ...; createdByUserId?: string | ... 3 more ... | undefined; }'.
      Property 'tenantId' is missing in type '{ name: any; slug: any; domain: any; }' but required in type '{ name: string | SQL<unknown> | Placeholder<string, any>; tenantId: string | SQL<unknown> | Placeholder<string, any>; id?: string | SQL<unknown> | Placeholder<string, any> | undefined; ... 6 more ...; createdByUserId?: string | ... 3 more ... | undefined; }'.
  Overload 2 of 2, '(values: { name: string | SQL<unknown> | Placeholder<string, any>; tenantId: string | SQL<unknown> | Placeholder<string, any>; id?: string | SQL<unknown> | Placeholder<string, any> | undefined; ... 6 more ...; createdByUserId?: string | ... 3 more ... | undefined; }[]): PgInsertBase<...>', gave the following error.
    Object literal may only specify known properties, and 'name' does not exist in type '{ name: string | SQL<unknown> | Placeholder<string, any>; tenantId: string | SQL<unknown> | Placeholder<string, any>; id?: string | SQL<unknown> | Placeholder<string, any> | undefined; ... 6 more ...; createdByUserId?: string | ... 3 more ... | undefined; }[]'.
server/routes/ai/workflowEdit.routes.ts(115,31): error TS18048: 'beforeSnapshot' is possibly 'undefined'.
server/routes/public.routes.ts(36,38): error TS2339: Property 'publicSettings' does not exist on type '{ id: string; createdAt: Date | null; title: string; description: string | null; updatedAt: Date | null; name: string | null; status: "active" | "archived" | "draft"; creatorId: string; ... 12 more ...; sourceBlueprintId: string | null; }'.
server/routes/public.routes.ts(67,51): error TS2339: Property 'workspaceId' does not exist on type '{ id: string; createdAt: Date | null; title: string; description: string | null; updatedAt: Date | null; name: string | null; status: "active" | "archived" | "draft"; creatorId: string; ... 12 more ...; sourceBlueprintId: string | null; }'.
server/services/OrganizationService.ts(52,10): error TS2769: No overload matches this call.
  Overload 1 of 2, '(value: { name: string | SQL<unknown> | Placeholder<string, any>; tenantId: string | SQL<unknown> | Placeholder<string, any>; id?: string | SQL<unknown> | Placeholder<string, any> | undefined; ... 6 more ...; createdByUserId?: string | ... 3 more ... | undefined; }): PgInsertBase<...>', gave the following error.
    Type 'string | null' is not assignable to type 'string | SQL<unknown> | Placeholder<string, any>'.
      Type 'null' is not assignable to type 'string | SQL<unknown> | Placeholder<string, any>'.
  Overload 2 of 2, '(values: { name: string | SQL<unknown> | Placeholder<string, any>; tenantId: string | SQL<unknown> | Placeholder<string, any>; id?: string | SQL<unknown> | Placeholder<string, any> | undefined; ... 6 more ...; createdByUserId?: string | ... 3 more ... | undefined; }[]): PgInsertBase<...>', gave the following error.
    Object literal may only specify known properties, and 'name' does not exist in type '{ name: string | SQL<unknown> | Placeholder<string, any>; tenantId: string | SQL<unknown> | Placeholder<string, any>; id?: string | SQL<unknown> | Placeholder<string, any> | undefined; ... 6 more ...; createdByUserId?: string | ... 3 more ... | undefined; }[]'.
server/services/OrganizationService.ts(69,29): error TS2345: Argument of type '{ userId: string; action: string; resourceType: string; resourceId: string; after: { name: string; slug: string | null; }; }' is not assignable to parameter of type 'AuditEvent'.
  Property 'workspaceId' is missing in type '{ userId: string; action: string; resourceType: string; resourceId: string; after: { name: string; slug: string | null; }; }' but required in type 'AuditEvent'.
server/services/OrganizationService.ts(245,29): error TS2345: Argument of type '{ userId: string; action: string; resourceType: string; resourceId: string; after: { userId: string; newRole: string; }; }' is not assignable to parameter of type 'AuditEvent'.
  Property 'workspaceId' is missing in type '{ userId: string; action: string; resourceType: string; resourceId: string; after: { userId: string; newRole: string; }; }' but required in type 'AuditEvent'.
server/services/OrganizationService.ts(292,29): error TS2345: Argument of type '{ userId: string; action: string; resourceType: string; resourceId: string; after: { userId: string; newRole: string; }; }' is not assignable to parameter of type 'AuditEvent'.
  Property 'workspaceId' is missing in type '{ userId: string; action: string; resourceType: string; resourceId: string; after: { userId: string; newRole: string; }; }' but required in type 'AuditEvent'.
server/services/OrganizationService.ts(338,29): error TS2345: Argument of type '{ userId: string; action: string; resourceType: string; resourceId: string; after: { removedUserId: string; }; }' is not assignable to parameter of type 'AuditEvent'.
  Property 'workspaceId' is missing in type '{ userId: string; action: string; resourceType: string; resourceId: string; after: { removedUserId: string; }; }' but required in type 'AuditEvent'.
server/services/OrganizationService.ts(531,31): error TS2345: Argument of type '{ userId: string; action: string; resourceType: string; resourceId: string; after: { invitedEmail: string; error: string; }; }' is not assignable to parameter of type 'AuditEvent'.
  Property 'workspaceId' is missing in type '{ userId: string; action: string; resourceType: string; resourceId: string; after: { invitedEmail: string; error: string; }; }' but required in type 'AuditEvent'.
server/services/OrganizationService.ts(543,29): error TS2345: Argument of type '{ userId: string; action: string; resourceType: string; resourceId: string; after: { invitedEmail: string; token: string; }; }' is not assignable to parameter of type 'AuditEvent'.
  Property 'workspaceId' is missing in type '{ userId: string; action: string; resourceType: string; resourceId: string; after: { invitedEmail: string; token: string; }; }' but required in type 'AuditEvent'.
server/services/OrganizationService.ts(791,29): error TS2345: Argument of type '{ userId: string; action: string; resourceType: string; resourceId: string; after: { email: string; }; }' is not assignable to parameter of type 'AuditEvent'.
  Property 'workspaceId' is missing in type '{ userId: string; action: string; resourceType: string; resourceId: string; after: { email: string; }; }' but required in type 'AuditEvent'.
server/services/workflow-runs/RunLifecycleService.ts(352,9): error TS2345: Argument of type 'string | undefined' is not assignable to parameter of type 'string'.
  Type 'undefined' is not assignable to type 'string'.
server/services/WorkflowBundleService.ts(53,35): error TS2339: Property 'getEntry' does not exist on type 'AdmZip'.
server/services/WorkflowBundleService.ts(53,82): error TS2339: Property 'getEntry' does not exist on type 'AdmZip'.
tests/factories/builders.ts(38,8): error TS2459: Module '"./index"' declares 'DeepPartial' locally, but it is not exported.
tests/factories/index.ts(25,3): error TS2305: Module '"@shared/schema"' has no exported member 'Database'.
tests/factories/index.ts(26,3): error TS2305: Module '"@shared/schema"' has no exported member 'Table'.
tests/factories/index.ts(27,3): error TS2305: Module '"@shared/schema"' has no exported member 'TableRow'.
tests/factories/index.ts(100,5): error TS2353: Object literal may only specify known properties, and 'slug' does not exist in type 'Omit<{ id: string; createdAt: Date | null; updatedAt: Date | null; name: string; billingEmail: string | null; plan: "free" | "pro" | "enterprise"; mfaRequired: boolean; branding: unknown; }, "id" | ... 1 more ... | "updatedAt">'.
tests/factories/index.ts(100,22): error TS2339: Property 'slug' does not exist on type 'DeepPartial<{ id: string; createdAt: Date | null; updatedAt: Date | null; name: string; billingEmail: string | null; plan: "free" | "pro" | "enterprise"; mfaRequired: boolean; branding: unknown; }>'.
tests/factories/index.ts(114,5): error TS2322: Type 'string | null' is not assignable to type 'string'.
  Type 'null' is not assignable to type 'string'.
tests/factories/index.ts(132,5): error TS2322: Type 'string | null' is not assignable to type 'string'.
  Type 'null' is not assignable to type 'string'.
tests/factories/index.ts(135,29): error TS2339: Property 'workspaceId' does not exist on type 'DeepPartial<{ id: string; createdAt: Date | null; title: string; description: string | null; updatedAt: Date | null; name: string | null; status: "active" | "archived"; tenantId: string | null; ... 5 more ...; archived: boolean; }>'.
tests/factories/index.ts(163,5): error TS2353: Object literal may only specify known properties, and 'brandingConfig' does not exist in type 'Omit<{ id: string; createdAt: Date | null; title: string; description: string | null; updatedAt: Date | null; name: string | null; status: "active" | "archived" | "draft"; ... 13 more ...; sourceBlueprintId: string | null; }, "id" | ... 1 more ... | "updatedAt">'.
tests/factories/index.ts(163,32): error TS2339: Property 'brandingConfig' does not exist on type 'DeepPartial<{ id: string; createdAt: Date | null; title: string; description: string | null; updatedAt: Date | null; name: string | null; status: "active" | "archived" | "draft"; ... 13 more ...; sourceBlueprintId: string | null; }>'.
tests/factories/index.ts(164,29): error TS2339: Property 'workspaceId' does not exist on type 'DeepPartial<{ id: string; createdAt: Date | null; title: string; description: string | null; updatedAt: Date | null; name: string | null; status: "active" | "archived" | "draft"; ... 13 more ...; sourceBlueprintId: string | null; }>'.
tests/factories/index.ts(179,5): error TS2322: Type 'string | null' is not assignable to type 'string'.
  Type 'null' is not assignable to type 'string'.
tests/factories/index.ts(183,27): error TS2339: Property 'skipLogic' does not exist on type 'DeepPartial<{ workflowId: string; config: unknown; id: string; createdAt: Date | null; title: string; description: string | null; visibleIf: unknown; order: number; updatedAt: Date | null; skipIf: unknown; }>'.
tests/factories/index.ts(199,5): error TS2322: Type 'string | null' is not assignable to type 'string'.
  Type 'null' is not assignable to type 'string'.
tests/factories/index.ts(202,23): error TS2339: Property 'label' does not exist on type 'DeepPartial<{ id: string; createdAt: Date | null; sectionId: string; type: "number" | "boolean" | "short_text" | "long_text" | "text" | "currency" | "scale" | "email" | "phone" | "website" | ... 27 more ... | "address_advanced"; ... 10 more ...; updatedAt: Date | null; }>'.
tests/factories/index.ts(205,24): error TS2339: Property 'config' does not exist on type 'DeepPartial<{ id: string; createdAt: Date | null; sectionId: string; type: "number" | "boolean" | "short_text" | "long_text" | "text" | "currency" | "scale" | "email" | "phone" | "website" | ... 27 more ... | "address_advanced"; ... 10 more ...; updatedAt: Date | null; }>'.
tests/factories/index.ts(224,5): error TS2322: Type 'string | null' is not assignable to type 'string'.
  Type 'null' is not assignable to type 'string'.
tests/factories/index.ts(230,27): error TS2339: Property 'versionId' does not exist on type 'DeepPartial<{ workflowId: string; id: string; createdAt: Date | null; updatedAt: Date | null; progress: number | null; metadata: unknown; createdBy: string | null; ownerType: string | null; ... 10 more ...; accessMode: "anonymous" | ... 2 more ... | null; }>'.
tests/factories/index.ts(244,5): error TS2322: Type 'string | null' is not assignable to type 'string'.
  Type 'null' is not assignable to type 'string'.
tests/factories/index.ts(245,5): error TS2322: Type 'string | null' is not assignable to type 'string'.
  Type 'null' is not assignable to type 'string'.
tests/helpers/authMocks.ts(77,5): error TS2353: Object literal may only specify known properties, and 'session' does not exist in type 'Partial<Request<ParamsDictionary, any, any, ParsedQs, Record<string, any>>>'.
tests/integration/auth/protected.routes.test.ts(517,20): error TS18048: 'run' is possibly 'undefined'.
tests/integration/auth/protected.routes.test.ts(560,20): error TS18048: 'run' is possibly 'undefined'.
tests/integration/lifecycle-hooks-execution.test.ts(67,9): error TS2353: Object literal may only specify known properties, and 'label' does not exist in type 'DeepPartial<{ id: string; createdAt: Date | null; sectionId: string; type: "number" | "boolean" | "short_text" | "long_text" | "text" | "currency" | "scale" | "email" | "phone" | "website" | ... 27 more ... | "address_advanced"; ... 10 more ...; updatedAt: Date | null; }>'.
tests/integration/ownershipAccess.test.ts(27,45): error TS2769: No overload matches this call.
  Overload 1 of 2, '(value: { name: string | SQL<unknown> | Placeholder<string, any>; tenantId: string | SQL<unknown> | Placeholder<string, any>; id?: string | SQL<unknown> | Placeholder<string, any> | undefined; ... 6 more ...; createdByUserId?: string | ... 3 more ... | undefined; }): PgInsertBase<...>', gave the following error.
    Argument of type '{ id: string; name: string; }[]' is not assignable to parameter of type '{ name: string | SQL<unknown> | Placeholder<string, any>; tenantId: string | SQL<unknown> | Placeholder<string, any>; id?: string | SQL<unknown> | Placeholder<string, any> | undefined; ... 6 more ...; createdByUserId?: string | ... 3 more ... | undefined; }'.
      Type '{ id: string; name: string; }[]' is missing the following properties from type '{ name: string | SQL<unknown> | Placeholder<string, any>; tenantId: string | SQL<unknown> | Placeholder<string, any>; id?: string | SQL<unknown> | Placeholder<string, any> | undefined; ... 6 more ...; createdByUserId?: string | ... 3 more ... | undefined; }': name, tenantId
tests/integration/regression-REG-1.test.ts(48,40): error TS2769: No overload matches this call.
  Overload 1 of 2, '(value: { name: string | SQL<unknown> | Placeholder<string, any>; tenantId: string | SQL<unknown> | Placeholder<string, any>; id?: string | SQL<unknown> | Placeholder<string, any> | undefined; ... 6 more ...; createdByUserId?: string | ... 3 more ... | undefined; }): PgInsertBase<...>', gave the following error.
    Argument of type '{ id: string; name: string; slug: string; }' is not assignable to parameter of type '{ name: string | SQL<unknown> | Placeholder<string, any>; tenantId: string | SQL<unknown> | Placeholder<string, any>; id?: string | SQL<unknown> | Placeholder<string, any> | undefined; ... 6 more ...; createdByUserId?: string | ... 3 more ... | undefined; }'.
      Property 'tenantId' is missing in type '{ id: string; name: string; slug: string; }' but required in type '{ name: string | SQL<unknown> | Placeholder<string, any>; tenantId: string | SQL<unknown> | Placeholder<string, any>; id?: string | SQL<unknown> | Placeholder<string, any> | undefined; ... 6 more ...; createdByUserId?: string | ... 3 more ... | undefined; }'.
  Overload 2 of 2, '(values: { name: string | SQL<unknown> | Placeholder<string, any>; tenantId: string | SQL<unknown> | Placeholder<string, any>; id?: string | SQL<unknown> | Placeholder<string, any> | undefined; ... 6 more ...; createdByUserId?: string | ... 3 more ... | undefined; }[]): PgInsertBase<...>', gave the following error.
    Object literal may only specify known properties, and 'id' does not exist in type '{ name: string | SQL<unknown> | Placeholder<string, any>; tenantId: string | SQL<unknown> | Placeholder<string, any>; id?: string | SQL<unknown> | Placeholder<string, any> | undefined; ... 6 more ...; createdByUserId?: string | ... 3 more ... | undefined; }[]'.
tests/integration/transferOwnership.test.ts(147,17): error TS2345: Argument of type '{ title: string; creatorId: string; ownerType: "org"; ownerUuid: string; tenantId: string; }' is not assignable to parameter of type '{ title: string; creatorId: string; ownerId: string; id?: string | undefined; createdAt?: Date | null | undefined; description?: string | null | undefined; updatedAt?: Date | null | undefined; ... 6 more ...; archived?: boolean | undefined; }'.
  Property 'ownerId' is missing in type '{ title: string; creatorId: string; ownerType: "org"; ownerUuid: string; tenantId: string; }' but required in type '{ title: string; creatorId: string; ownerId: string; id?: string | undefined; createdAt?: Date | null | undefined; description?: string | null | undefined; updatedAt?: Date | null | undefined; ... 6 more ...; archived?: boolean | undefined; }'.
tests/integration/transferOwnership.test.ts(208,17): error TS2345: Argument of type '{ title: string; creatorId: string; ownerType: "org"; ownerUuid: string; tenantId: string; }' is not assignable to parameter of type '{ title: string; creatorId: string; ownerId: string; id?: string | undefined; createdAt?: Date | null | undefined; description?: string | null | undefined; updatedAt?: Date | null | undefined; ... 6 more ...; archived?: boolean | undefined; }'.
  Property 'ownerId' is missing in type '{ title: string; creatorId: string; ownerType: "org"; ownerUuid: string; tenantId: string; }' but required in type '{ title: string; creatorId: string; ownerId: string; id?: string | undefined; createdAt?: Date | null | undefined; description?: string | null | undefined; updatedAt?: Date | null | undefined; ... 6 more ...; archived?: boolean | undefined; }'.
tests/integration/transferOwnership.test.ts(296,17): error TS2353: Object literal may only specify known properties, and 'tables' does not exist in type 'CreateDatabaseInput & { ownerType?: "user" | "org" | undefined; ownerUuid?: string | undefined; creatorId?: string | undefined; }'.
tests/integration/transferOwnership.test.ts(358,17): error TS2345: Argument of type '{ title: string; creatorId: string; ownerType: "org"; ownerUuid: string; tenantId: string; }' is not assignable to parameter of type '{ title: string; creatorId: string; ownerId: string; id?: string | undefined; createdAt?: Date | null | undefined; description?: string | null | undefined; updatedAt?: Date | null | undefined; ... 6 more ...; archived?: boolean | undefined; }'.
  Property 'ownerId' is missing in type '{ title: string; creatorId: string; ownerType: "org"; ownerUuid: string; tenantId: string; }' but required in type '{ title: string; creatorId: string; ownerId: string; id?: string | undefined; createdAt?: Date | null | undefined; description?: string | null | undefined; updatedAt?: Date | null | undefined; ... 6 more ...; archived?: boolean | undefined; }'.
tests/setup.ts(103,20): error TS2306: File 'C:/Users/scoot/poll/VaultLogic/node_modules/@testing-library/jest-dom/types/index.d.ts' is not a module.
tests/unit/listPipeline.semantics.test.ts(27,17): error TS2322: Type '"test"' is not assignable to type '"read_table" | "list_tools" | "query"'.
tests/unit/listPipeline.semantics.test.ts(670,21): error TS2322: Type '"test"' is not assignable to type '"read_table" | "list_tools" | "query"'.
