npm warn Unknown project config "puppeteer_skip_download". This will stop working in the next major version of npm.
client/src/components/datavault/InfiniteDataGrid.tsx(102,40): error TS2322: Type 'true | 5' is not assignable to type 'number | undefined'.
  Type 'boolean' is not assignable to type 'number'.
client/src/hooks/useBlockOperations.ts(7,15): error TS2724: '"@shared/schema"' has no exported member named 'SurveyPage'. Did you mean 'surveyPages'?
client/src/hooks/useConditionalLogic.ts(4,15): error TS2724: '"@shared/schema"' has no exported member named 'ConditionalRule'. Did you mean 'conditionalRules'?
client/src/lib/datavault-api.ts(6,125): error TS2724: '"@shared/schema"' has no exported member named 'DatavaultTableRole'. Did you mean 'datavaultTableRoleEnum'?
server/engine/nodes/data.ts(112,21): error TS18046: 'write' is of type 'unknown'.
server/engine/nodes/data.ts(117,57): error TS18046: 'write' is of type 'unknown'.
server/lib/ai/personalization.ts(4,49): error TS2724: '"../../../shared/schema"' has no exported member named 'WorkflowPersonalizationSettings'. Did you mean 'userPersonalizationSettings'?
server/lib/ai/transformRevision.ts(3,26): error TS2305: Module '"shared/schema"' has no exported member 'TransformResult'.
server/lib/audit/auditLogger.ts(21,40): error TS2769: No overload matches this call.
  Overload 1 of 2, '(value: { action: string | SQL<unknown> | Placeholder<string, any>; entityType: string | SQL<unknown> | Placeholder<string, any>; entityId: string | SQL<unknown> | Placeholder<...>; ... 11 more ...; timestamp?: SQL<...> | ... 3 more ... | undefined; }): PgInsertBase<...>', gave the following error.
    Argument of type '{ workspaceId: string | null; userId: string | undefined; action: string; resourceType: string; resourceId: string | undefined; changes: { before: any; after: any; }; ipAddress: string | undefined; userAgent: string | undefined; }' is not assignable to parameter of type '{ action: string | SQL<unknown> | Placeholder<string, any>; entityType: string | SQL<unknown> | Placeholder<string, any>; entityId: string | SQL<unknown> | Placeholder<...>; ... 11 more ...; timestamp?: SQL<...> | ... 3 more ... | undefined; }'.
      Type '{ workspaceId: string | null; userId: string | undefined; action: string; resourceType: string; resourceId: string | undefined; changes: { before: any; after: any; }; ipAddress: string | undefined; userAgent: string | undefined; }' is missing the following properties from type '{ action: string | SQL<unknown> | Placeholder<string, any>; entityType: string | SQL<unknown> | Placeholder<string, any>; entityId: string | SQL<unknown> | Placeholder<...>; ... 11 more ...; timestamp?: SQL<...> | ... 3 more ... | undefined; }': entityType, entityId
  Overload 2 of 2, '(values: { action: string | SQL<unknown> | Placeholder<string, any>; entityType: string | SQL<unknown> | Placeholder<string, any>; entityId: string | SQL<unknown> | Placeholder<...>; ... 11 more ...; timestamp?: SQL<...> | ... 3 more ... | undefined; }[]): PgInsertBase<...>', gave the following error.
    Object literal may only specify known properties, and 'workspaceId' does not exist in type '{ action: string | SQL<unknown> | Placeholder<string, any>; entityType: string | SQL<unknown> | Placeholder<string, any>; entityId: string | SQL<unknown> | Placeholder<...>; ... 11 more ...; timestamp?: SQL<...> | ... 3 more ... | undefined; }[]'.
server/lib/authz/checkPermission.ts(4,47): error TS2305: Module '"@shared/schema"' has no exported member 'resourcePermissions'.
server/lib/authz/checkPermission.ts(55,41): error TS2339: Property 'resourcePermissions' does not exist on type '{ readonly tenants: RelationalQueryBuilder<ExtractTablesWithRelations<typeof import("C:/Users/scoot/poll/VaultLogic/shared/schema")>, { tsName: "tenants"; dbName: "tenants"; columns: { ...; }; relations: { ...; }; primaryKey: AnyColumn[]; }>; ... 106 more ...; readonly usageRecords: RelationalQueryBuilder<...>; }'.
server/lib/tenancy/tenantContext.ts(26,17): error TS2353: Object literal may only specify known properties, and 'members' does not exist in type '{ organization?: true | { columns?: { id?: boolean | undefined; name?: boolean | undefined; description?: boolean | undefined; slug?: boolean | undefined; domain?: boolean | undefined; ... 5 more ...; updatedAt?: boolean | undefined; } | undefined; with?: {} | undefined; extras?: Record<...> | ... 1 more ... | undef...'.
server/lib/tenancy/tenantContext.ts(32,41): error TS2339: Property 'members' does not exist on type '{ name: string; id: string; createdAt: Date | null; updatedAt: Date | null; slug: string; settings: unknown; organizationId: string; }'.
server/lib/transforms/debugger.ts(1,26): error TS2305: Module '"shared/schema"' has no exported member 'TransformIssue'.
server/lib/transforms/debugger.ts(1,42): error TS2305: Module '"shared/schema"' has no exported member 'TransformFix'.
server/middleware/aclAuth.ts(1,15): error TS2305: Module '"@shared/schema"' has no exported member 'AccessRole'.
server/middleware/errorHandler.examples.ts(320,15): error TS2339: Property 'email' does not exist on type 'unknown'.
server/repositories/AclRepository.ts(9,3): error TS2305: Module '"@shared/schema"' has no exported member 'PrincipalType'.
server/repositories/AnalyticsRepository.ts(9,8): error TS2724: '"@shared/schema"' has no exported member named 'AnalyticsEvent'. Did you mean 'analyticsEvents'?
server/repositories/AnalyticsRepository.ts(10,3): error TS2724: '"@shared/schema"' has no exported member named 'insertAnalyticsEventSchema'. Did you mean 'insertMetricsEventSchema'?
server/repositories/CollectionFieldRepository.ts(3,55): error TS2724: '"@shared/schema"' has no exported member named 'InsertCollectionField'. Did you mean 'CollectionField'?
server/repositories/CollectionRepository.ts(3,45): error TS2724: '"@shared/schema"' has no exported member named 'InsertCollection'. Did you mean 'InsertSection'?
server/repositories/DatavaultApiTokensRepository.ts(6,8): error TS2724: '"@shared/schema"' has no exported member named 'InsertDatavaultApiToken'. Did you mean 'DatavaultApiToken'?
server/repositories/DatavaultColumnsRepository.ts(6,8): error TS2724: '"@shared/schema"' has no exported member named 'InsertDatavaultColumn'. Did you mean 'DatavaultColumn'?
server/repositories/DatavaultDatabasesRepository.ts(8,34): error TS2724: '"../../shared/schema"' has no exported member named 'InsertDatavaultDatabase'. Did you mean 'DatavaultDatabase'?
server/repositories/DatavaultDatabasesRepository.ts(8,59): error TS2724: '"../../shared/schema"' has no exported member named 'DatavaultScopeType'. Did you mean 'datavaultScopeTypeEnum'?
server/repositories/DatavaultRowNotesRepository.ts(6,8): error TS2724: '"@shared/schema"' has no exported member named 'InsertDatavaultRowNote'. Did you mean 'DatavaultRowNote'?
server/repositories/DatavaultRowsRepository.ts(9,8): error TS2724: '"@shared/schema"' has no exported member named 'InsertDatavaultRow'. Did you mean 'DatavaultRow'?
server/repositories/DatavaultRowsRepository.ts(11,8): error TS2724: '"@shared/schema"' has no exported member named 'InsertDatavaultValue'. Did you mean 'DatavaultValue'?
server/repositories/DatavaultTablePermissionsRepository.ts(6,8): error TS2724: '"@shared/schema"' has no exported member named 'InsertDatavaultTablePermission'. Did you mean 'DatavaultTablePermission'?
server/repositories/DatavaultTablesRepository.ts(3,98): error TS2724: '"@shared/schema"' has no exported member named 'InsertDatavaultTable'. Did you mean 'DatavaultTable'?
server/repositories/DatavaultWritebackMappingsRepository.ts(6,8): error TS2724: '"@shared/schema"' has no exported member named 'InsertDatavaultWritebackMapping'. Did you mean 'DatavaultWritebackMapping'?
server/repositories/FileRepository.ts(3,22): error TS2724: '"@shared/schema"' has no exported member named 'File'. Did you mean 'files'?
server/repositories/FileRepository.ts(3,33): error TS2305: Module '"@shared/schema"' has no exported member 'InsertFile'.
server/repositories/SystemStatsRepository.ts(3,10): error TS2305: Module '"@shared/schema"' has no exported member 'systemStats'.
server/repositories/SystemStatsRepository.ts(4,15): error TS2305: Module '"@shared/schema"' has no exported member 'SystemStats'.
server/repositories/UserPreferencesRepository.ts(3,54): error TS2724: '"@shared/schema"' has no exported member named 'InsertUserPreferences'. Did you mean 'UserPreferences'?
server/repositories/WorkflowTemplateRepository.ts(3,57): error TS2724: '"@shared/schema"' has no exported member named 'InsertWorkflowTemplate'. Did you mean 'WorkflowTemplate'?
server/routes/admin.ts(53,37): error TS2769: No overload matches this call.
  Overload 1 of 2, '(value: { name: string | SQL<unknown> | Placeholder<string, any>; slug: string | SQL<unknown> | Placeholder<string, any>; organizationId: string | SQL<unknown> | Placeholder<...>; id?: string | ... 2 more ... | undefined; createdAt?: SQL<...> | ... 3 more ... | undefined; updatedAt?: SQL<...> | ... 3 more ... | undefined; settings?: unknown; }): PgInsertBase<...>', gave the following error.
    Object literal may only specify known properties, and 'tenantId' does not exist in type '{ name: string | SQL<unknown> | Placeholder<string, any>; slug: string | SQL<unknown> | Placeholder<string, any>; organizationId: string | SQL<unknown> | Placeholder<...>; id?: string | ... 2 more ... | undefined; createdAt?: SQL<...> | ... 3 more ... | undefined; updatedAt?: SQL<...> | ... 3 more ... | undefined; s...'.
  Overload 2 of 2, '(values: { name: string | SQL<unknown> | Placeholder<string, any>; slug: string | SQL<unknown> | Placeholder<string, any>; organizationId: string | SQL<unknown> | Placeholder<...>; id?: string | ... 2 more ... | undefined; createdAt?: SQL<...> | ... 3 more ... | undefined; updatedAt?: SQL<...> | ... 3 more ... | undefined; settings?: unknown; }[]): PgInsertBase<...>', gave the following error.
    Object literal may only specify known properties, and 'organizationId' does not exist in type '{ name: string | SQL<unknown> | Placeholder<string, any>; slug: string | SQL<unknown> | Placeholder<string, any>; organizationId: string | SQL<unknown> | Placeholder<...>; id?: string | ... 2 more ... | undefined; createdAt?: SQL<...> | ... 3 more ... | undefined; updatedAt?: SQL<...> | ... 3 more ... | undefined; s...'.
server/routes/api.ai.personalization.routes.ts(5,39): error TS2724: '"../../shared/schema"' has no exported member named 'workflowPersonalizationSettings'. Did you mean 'userPersonalizationSettings'?
server/routes/public.routes.ts(70,51): error TS2339: Property 'workspaceId' does not exist on type '{ name: string | null; id: string; createdAt: Date | null; updatedAt: Date | null; description: string | null; slug: string | null; ownerId: string | null; status: "active" | "archived" | "draft"; ... 12 more ...; sourceBlueprintId: string | null; }'.
server/routes/sharing.ts(7,57): error TS2305: Module '"@shared/schema"' has no exported member 'resourcePermissions'.
server/services/AclService.ts(1,15): error TS2305: Module '"@shared/schema"' has no exported member 'AccessRole'.
server/services/AiSettingsService.ts(3,10): error TS2305: Module '"@shared/schema"' has no exported member 'aiSettings'.
server/services/AiSettingsService.ts(51,25): error TS2339: Property 'aiSettings' does not exist on type '{ readonly tenants: RelationalQueryBuilder<ExtractTablesWithRelations<typeof import("C:/Users/scoot/poll/VaultLogic/shared/schema")>, { tsName: "tenants"; dbName: "tenants"; columns: { ...; }; relations: { ...; }; primaryKey: AnyColumn[]; }>; ... 106 more ...; readonly usageRecords: RelationalQueryBuilder<...>; }'.
server/services/AuditLogService.ts(95,58): error TS2769: No overload matches this call.
  Overload 1 of 2, '(value: { action: string | SQL<unknown> | Placeholder<string, any>; entityType: string | SQL<unknown> | Placeholder<string, any>; entityId: string | SQL<unknown> | Placeholder<...>; ... 11 more ...; timestamp?: SQL<...> | ... 3 more ... | undefined; }): PgInsertBase<...>', gave the following error.
    Argument of type '{ workspaceId: string | SQL<unknown>; userId: string; action: SecurityEventType; resourceType: string; resourceId: string; changes: { metadata: SecurityEventMetadata; } | null; ipAddress: string | null; userAgent: string | null; timestamp: Date; }' is not assignable to parameter of type '{ action: string | SQL<unknown> | Placeholder<string, any>; entityType: string | SQL<unknown> | Placeholder<string, any>; entityId: string | SQL<unknown> | Placeholder<...>; ... 11 more ...; timestamp?: SQL<...> | ... 3 more ... | undefined; }'.
      Type '{ workspaceId: string | SQL<unknown>; userId: string; action: SecurityEventType; resourceType: string; resourceId: string; changes: { metadata: SecurityEventMetadata; } | null; ipAddress: string | null; userAgent: string | null; timestamp: Date; }' is missing the following properties from type '{ action: string | SQL<unknown> | Placeholder<string, any>; entityType: string | SQL<unknown> | Placeholder<string, any>; entityId: string | SQL<unknown> | Placeholder<...>; ... 11 more ...; timestamp?: SQL<...> | ... 3 more ... | undefined; }': entityType, entityId
  Overload 2 of 2, '(values: { action: string | SQL<unknown> | Placeholder<string, any>; entityType: string | SQL<unknown> | Placeholder<string, any>; entityId: string | SQL<unknown> | Placeholder<...>; ... 11 more ...; timestamp?: SQL<...> | ... 3 more ... | undefined; }[]): PgInsertBase<...>', gave the following error.
    Argument of type '{ workspaceId: string | SQL<unknown>; userId: string; action: SecurityEventType; resourceType: string; resourceId: string; changes: { metadata: SecurityEventMetadata; } | null; ipAddress: string | null; userAgent: string | null; timestamp: Date; }' is not assignable to parameter of type '{ action: string | SQL<unknown> | Placeholder<string, any>; entityType: string | SQL<unknown> | Placeholder<string, any>; entityId: string | SQL<unknown> | Placeholder<...>; ... 11 more ...; timestamp?: SQL<...> | ... 3 more ... | undefined; }[]'.
      Type '{ workspaceId: string | SQL<unknown>; userId: string; action: SecurityEventType; resourceType: string; resourceId: string; changes: { metadata: SecurityEventMetadata; } | null; ipAddress: string | null; userAgent: string | null; timestamp: Date; }' is missing the following properties from type '{ action: string | SQL<unknown> | Placeholder<string, any>; entityType: string | SQL<unknown> | Placeholder<string, any>; entityId: string | SQL<unknown> | Placeholder<...>; ... 11 more ...; timestamp?: SQL<...> | ... 3 more ... | undefined; }[]': length, pop, push, concat, and 35 more.
server/services/AuthService.ts(126,17): error TS2322: Type '"admin" | "creator" | "user" | "guest"' is not assignable to type '"admin" | "creator" | "owner" | "builder" | "runner" | "viewer" | null'.
  Type '"user"' is not assignable to type '"admin" | "creator" | "owner" | "builder" | "runner" | "viewer" | null'.
server/services/CollectionFieldService.ts(1,32): error TS2724: '"@shared/schema"' has no exported member named 'InsertCollectionField'. Did you mean 'CollectionField'?
server/services/CollectionService.ts(1,27): error TS2724: '"@shared/schema"' has no exported member named 'InsertCollection'. Did you mean 'InsertSection'?
server/services/connections.ts(8,10): error TS2724: '"@shared/schema"' has no exported member named 'connections'. Did you mean 'collections'?
server/services/DataSourceService.ts(1,15): error TS2724: '"@shared/schema"' has no exported member named 'InsertDatavaultDatabase'. Did you mean 'DatavaultDatabase'?
server/services/DatavaultApiTokensService.ts(1,34): error TS2724: '"@shared/schema"' has no exported member named 'InsertDatavaultApiToken'. Did you mean 'DatavaultApiToken'?
server/services/DatavaultColumnsService.ts(4,32): error TS2724: '"@shared/schema"' has no exported member named 'InsertDatavaultColumn'. Did you mean 'DatavaultColumn'?
server/services/DatavaultDatabasesService.ts(4,34): error TS2724: '"../../shared/schema"' has no exported member named 'DatavaultScopeType'. Did you mean 'datavaultScopeTypeEnum'?
server/services/DatavaultRowNotesService.ts(3,33): error TS2724: '"@shared/schema"' has no exported member named 'InsertDatavaultRowNote'. Did you mean 'DatavaultRowNote'?
server/services/DatavaultRowsService.ts(1,29): error TS2724: '"@shared/schema"' has no exported member named 'InsertDatavaultRow'. Did you mean 'DatavaultRow'?
server/services/DatavaultTablePermissionsService.ts(3,3): error TS2724: '"@shared/schema"' has no exported member named 'InsertDatavaultTablePermission'. Did you mean 'DatavaultTablePermission'?
server/services/DatavaultTablePermissionsService.ts(4,3): error TS2724: '"@shared/schema"' has no exported member named 'DatavaultTableRole'. Did you mean 'datavaultTableRoleEnum'?
server/services/DatavaultTablePermissionsService.ts(85,60): error TS2366: Function lacks ending return statement and return type does not include 'undefined'.
server/services/DatavaultTablesService.ts(1,31): error TS2724: '"@shared/schema"' has no exported member named 'InsertDatavaultTable'. Did you mean 'DatavaultTable'?
server/services/DatavaultTablesService.ts(1,53): error TS2724: '"@shared/schema"' has no exported member named 'DatavaultTableRole'. Did you mean 'datavaultTableRoleEnum'?
server/services/DatavaultTablesService.ts(82,60): error TS2366: Function lacks ending return statement and return type does not include 'undefined'.
server/services/EmailTemplateMetadataService.ts(3,10): error TS2305: Module '"@shared/schema"' has no exported member 'emailTemplateMetadata'.
server/services/externalConnections.ts(112,27): error TS2339: Property 'baseUrl' does not exist on type '{ id: string; projectId: string; type: "mysql" | "postgres" | "google_sheets" | "salesforce" | "hubspot" | "slack" | "stripe"; name: string; config: unknown; secretId: string | null; createdAt: Date | null; updatedAt: Date | null; }'.
server/services/externalConnections.ts(113,28): error TS2339: Property 'authType' does not exist on type '{ id: string; projectId: string; type: "mysql" | "postgres" | "google_sheets" | "salesforce" | "hubspot" | "slack" | "stripe"; name: string; config: unknown; secretId: string | null; createdAt: Date | null; updatedAt: Date | null; }'.
server/services/externalConnections.ts(116,35): error TS2339: Property 'defaultHeaders' does not exist on type '{ id: string; projectId: string; type: "mysql" | "postgres" | "google_sheets" | "salesforce" | "hubspot" | "slack" | "stripe"; name: string; config: unknown; secretId: string | null; createdAt: Date | null; updatedAt: Date | null; }'.
server/services/externalConnections.ts(117,29): error TS2339: Property 'timeoutMs' does not exist on type '{ id: string; projectId: string; type: "mysql" | "postgres" | "google_sheets" | "salesforce" | "hubspot" | "slack" | "stripe"; name: string; config: unknown; secretId: string | null; createdAt: Date | null; updatedAt: Date | null; }'.
server/services/externalConnections.ts(118,27): error TS2339: Property 'retries' does not exist on type '{ id: string; projectId: string; type: "mysql" | "postgres" | "google_sheets" | "salesforce" | "hubspot" | "slack" | "stripe"; name: string; config: unknown; secretId: string | null; createdAt: Date | null; updatedAt: Date | null; }'.
server/services/externalConnections.ts(119,29): error TS2339: Property 'backoffMs' does not exist on type '{ id: string; projectId: string; type: "mysql" | "postgres" | "google_sheets" | "salesforce" | "hubspot" | "slack" | "stripe"; name: string; config: unknown; secretId: string | null; createdAt: Date | null; updatedAt: Date | null; }'.
server/services/externalConnections.ts(145,27): error TS2339: Property 'baseUrl' does not exist on type '{ id: string; projectId: string; type: "mysql" | "postgres" | "google_sheets" | "salesforce" | "hubspot" | "slack" | "stripe"; name: string; config: unknown; secretId: string | null; createdAt: Date | null; updatedAt: Date | null; }'.
server/services/externalConnections.ts(146,28): error TS2339: Property 'authType' does not exist on type '{ id: string; projectId: string; type: "mysql" | "postgres" | "google_sheets" | "salesforce" | "hubspot" | "slack" | "stripe"; name: string; config: unknown; secretId: string | null; createdAt: Date | null; updatedAt: Date | null; }'.
server/services/externalConnections.ts(149,35): error TS2339: Property 'defaultHeaders' does not exist on type '{ id: string; projectId: string; type: "mysql" | "postgres" | "google_sheets" | "salesforce" | "hubspot" | "slack" | "stripe"; name: string; config: unknown; secretId: string | null; createdAt: Date | null; updatedAt: Date | null; }'.
server/services/externalConnections.ts(150,29): error TS2339: Property 'timeoutMs' does not exist on type '{ id: string; projectId: string; type: "mysql" | "postgres" | "google_sheets" | "salesforce" | "hubspot" | "slack" | "stripe"; name: string; config: unknown; secretId: string | null; createdAt: Date | null; updatedAt: Date | null; }'.
server/services/externalConnections.ts(151,27): error TS2339: Property 'retries' does not exist on type '{ id: string; projectId: string; type: "mysql" | "postgres" | "google_sheets" | "salesforce" | "hubspot" | "slack" | "stripe"; name: string; config: unknown; secretId: string | null; createdAt: Date | null; updatedAt: Date | null; }'.
server/services/externalConnections.ts(152,29): error TS2339: Property 'backoffMs' does not exist on type '{ id: string; projectId: string; type: "mysql" | "postgres" | "google_sheets" | "salesforce" | "hubspot" | "slack" | "stripe"; name: string; config: unknown; secretId: string | null; createdAt: Date | null; updatedAt: Date | null; }'.
server/services/externalConnections.ts(199,6): error TS2769: No overload matches this call.
  Overload 1 of 2, '(value: { name: string | SQL<unknown> | Placeholder<string, any>; type: SQL<unknown> | "mysql" | "postgres" | "google_sheets" | "salesforce" | "hubspot" | "slack" | "stripe" | Placeholder<...>; ... 5 more ...; secretId?: string | ... 3 more ... | undefined; }): PgInsertBase<...>', gave the following error.
    Object literal may only specify known properties, and 'baseUrl' does not exist in type '{ name: string | SQL<unknown> | Placeholder<string, any>; type: SQL<unknown> | "mysql" | "postgres" | "google_sheets" | "salesforce" | "hubspot" | "slack" | "stripe" | Placeholder<...>; ... 5 more ...; secretId?: string | ... 3 more ... | undefined; }'.
  Overload 2 of 2, '(values: { name: string | SQL<unknown> | Placeholder<string, any>; type: SQL<unknown> | "mysql" | "postgres" | "google_sheets" | "salesforce" | "hubspot" | "slack" | "stripe" | Placeholder<...>; ... 5 more ...; secretId?: string | ... 3 more ... | undefined; }[]): PgInsertBase<...>', gave the following error.
    Object literal may only specify known properties, and 'projectId' does not exist in type '{ name: string | SQL<unknown> | Placeholder<string, any>; type: SQL<unknown> | "mysql" | "postgres" | "google_sheets" | "salesforce" | "hubspot" | "slack" | "stripe" | Placeholder<...>; ... 5 more ...; secretId?: string | ... 3 more ... | undefined; }[]'.
server/services/externalConnections.ts(259,45): error TS2339: Property 'baseUrl' does not exist on type 'Partial<{ name: string; type: "mysql" | "postgres" | "google_sheets" | "salesforce" | "hubspot" | "slack" | "stripe"; projectId: string; id?: string | undefined; createdAt?: Date | null | undefined; updatedAt?: Date | ... 1 more ... | undefined; config?: unknown; secretId?: string | ... 1 more ... | undefined; }>'.
server/services/externalConnections.ts(260,46): error TS2339: Property 'authType' does not exist on type 'Partial<{ name: string; type: "mysql" | "postgres" | "google_sheets" | "salesforce" | "hubspot" | "slack" | "stripe"; projectId: string; id?: string | undefined; createdAt?: Date | null | undefined; updatedAt?: Date | ... 1 more ... | undefined; config?: unknown; secretId?: string | ... 1 more ... | undefined; }>'.
server/services/externalConnections.ts(262,52): error TS2339: Property 'defaultHeaders' does not exist on type 'Partial<{ name: string; type: "mysql" | "postgres" | "google_sheets" | "salesforce" | "hubspot" | "slack" | "stripe"; projectId: string; id?: string | undefined; createdAt?: Date | null | undefined; updatedAt?: Date | ... 1 more ... | undefined; config?: unknown; secretId?: string | ... 1 more ... | undefined; }>'.
server/services/externalConnections.ts(263,47): error TS2339: Property 'timeoutMs' does not exist on type 'Partial<{ name: string; type: "mysql" | "postgres" | "google_sheets" | "salesforce" | "hubspot" | "slack" | "stripe"; projectId: string; id?: string | undefined; createdAt?: Date | null | undefined; updatedAt?: Date | ... 1 more ... | undefined; config?: unknown; secretId?: string | ... 1 more ... | undefined; }>'.
server/services/externalConnections.ts(264,45): error TS2339: Property 'retries' does not exist on type 'Partial<{ name: string; type: "mysql" | "postgres" | "google_sheets" | "salesforce" | "hubspot" | "slack" | "stripe"; projectId: string; id?: string | undefined; createdAt?: Date | null | undefined; updatedAt?: Date | ... 1 more ... | undefined; config?: unknown; secretId?: string | ... 1 more ... | undefined; }>'.
server/services/externalConnections.ts(265,47): error TS2339: Property 'backoffMs' does not exist on type 'Partial<{ name: string; type: "mysql" | "postgres" | "google_sheets" | "salesforce" | "hubspot" | "slack" | "stripe"; projectId: string; id?: string | undefined; createdAt?: Date | null | undefined; updatedAt?: Date | ... 1 more ... | undefined; config?: unknown; secretId?: string | ... 1 more ... | undefined; }>'.
server/services/ProjectService.ts(1,64): error TS2305: Module '"@shared/schema"' has no exported member 'PrincipalType'.
server/services/RecordService.ts(77,17): error TS2551: Property 'isRequired' does not exist on type '{ name: string; id: string; createdAt: Date | null; updatedAt: Date | null; slug: string; options: unknown; type: string; order: number | null; required: boolean | null; collectionId: string; }'. Did you mean 'required'?
server/services/RecordService.ts(198,50): error TS2339: Property 'defaultValue' does not exist on type '{ name: string; id: string; createdAt: Date | null; updatedAt: Date | null; slug: string; options: unknown; type: string; order: number | null; required: boolean | null; collectionId: string; }'.
server/services/RecordService.ts(199,42): error TS2339: Property 'defaultValue' does not exist on type '{ name: string; id: string; createdAt: Date | null; updatedAt: Date | null; slug: string; options: unknown; type: string; order: number | null; required: boolean | null; collectionId: string; }'.
server/services/secrets.ts(61,21): error TS2339: Property 'type' does not exist on type 'PgTableWithColumns<{ name: "secrets"; schema: undefined; columns: { id: PgColumn<{ name: "id"; tableName: "secrets"; dataType: "string"; columnType: "PgUUID"; data: string; driverParam: string; notNull: true; hasDefault: true; ... 6 more ...; generated: undefined; }, {}, {}>; ... 5 more ...; updatedAt: PgColumn<...>...'.
server/services/secrets.ts(62,25): error TS2339: Property 'metadata' does not exist on type 'PgTableWithColumns<{ name: "secrets"; schema: undefined; columns: { id: PgColumn<{ name: "id"; tableName: "secrets"; dataType: "string"; columnType: "PgUUID"; data: string; driverParam: string; notNull: true; hasDefault: true; ... 6 more ...; generated: undefined; }, {}, {}>; ... 5 more ...; updatedAt: PgColumn<...>...'.
server/services/secrets.ts(85,21): error TS2339: Property 'type' does not exist on type 'PgTableWithColumns<{ name: "secrets"; schema: undefined; columns: { id: PgColumn<{ name: "id"; tableName: "secrets"; dataType: "string"; columnType: "PgUUID"; data: string; driverParam: string; notNull: true; hasDefault: true; ... 6 more ...; generated: undefined; }, {}, {}>; ... 5 more ...; updatedAt: PgColumn<...>...'.
server/services/secrets.ts(86,25): error TS2339: Property 'metadata' does not exist on type 'PgTableWithColumns<{ name: "secrets"; schema: undefined; columns: { id: PgColumn<{ name: "id"; tableName: "secrets"; dataType: "string"; columnType: "PgUUID"; data: string; driverParam: string; notNull: true; hasDefault: true; ... 6 more ...; generated: undefined; }, {}, {}>; ... 5 more ...; updatedAt: PgColumn<...>...'.
server/services/secrets.ts(115,27): error TS2339: Property 'valueEnc' does not exist on type '{ id: string; projectId: string; key: string; value: string; environment: string | null; createdAt: Date | null; updatedAt: Date | null; }'.
server/services/secrets.ts(135,27): error TS2339: Property 'valueEnc' does not exist on type '{ id: string; projectId: string; key: string; value: string; environment: string | null; createdAt: Date | null; updatedAt: Date | null; }'.
server/services/secrets.ts(176,6): error TS2769: No overload matches this call.
  Overload 1 of 2, '(value: { value: string | SQL<unknown> | Placeholder<string, any>; projectId: string | SQL<unknown> | Placeholder<string, any>; key: string | SQL<unknown> | Placeholder<...>; id?: string | ... 2 more ... | undefined; createdAt?: SQL<...> | ... 3 more ... | undefined; updatedAt?: SQL<...> | ... 3 more ... | undefined; environment?: string | ... 3 more ... | undefined; }): PgInsertBase<...>', gave the following error.
    Object literal may only specify known properties, and 'valueEnc' does not exist in type '{ value: string | SQL<unknown> | Placeholder<string, any>; projectId: string | SQL<unknown> | Placeholder<string, any>; key: string | SQL<unknown> | Placeholder<string, any>; id?: string | ... 2 more ... | undefined; createdAt?: SQL<...> | ... 3 more ... | undefined; updatedAt?: SQL<...> | ... 3 more ... | undefined...'.
  Overload 2 of 2, '(values: { value: string | SQL<unknown> | Placeholder<string, any>; projectId: string | SQL<unknown> | Placeholder<string, any>; key: string | SQL<unknown> | Placeholder<...>; id?: string | ... 2 more ... | undefined; createdAt?: SQL<...> | ... 3 more ... | undefined; updatedAt?: SQL<...> | ... 3 more ... | undefined; environment?: string | ... 3 more ... | undefined; }[]): PgInsertBase<...>', gave the following error.
    Object literal may only specify known properties, and 'projectId' does not exist in type '{ value: string | SQL<unknown> | Placeholder<string, any>; projectId: string | SQL<unknown> | Placeholder<string, any>; key: string | SQL<unknown> | Placeholder<string, any>; id?: string | ... 2 more ... | undefined; createdAt?: SQL<...> | ... 3 more ... | undefined; updatedAt?: SQL<...> | ... 3 more ... | undefined...'.
server/services/secrets.ts(189,18): error TS2339: Property 'type' does not exist on type '{ id: string; createdAt: Date | null; updatedAt: Date | null; value: string; projectId: string; key: string; environment: string | null; }'.
server/services/secrets.ts(190,22): error TS2339: Property 'metadata' does not exist on type '{ id: string; createdAt: Date | null; updatedAt: Date | null; value: string; projectId: string; key: string; environment: string | null; }'.
server/services/secrets.ts(222,28): error TS2339: Property 'type' does not exist on type 'Partial<{ value: string; projectId: string; key: string; id?: string | undefined; createdAt?: Date | null | undefined; updatedAt?: Date | null | undefined; environment?: string | null | undefined; }>'.
server/services/secrets.ts(223,46): error TS2339: Property 'metadata' does not exist on type 'Partial<{ value: string; projectId: string; key: string; id?: string | undefined; createdAt?: Date | null | undefined; updatedAt?: Date | null | undefined; environment?: string | null | undefined; }>'.
server/services/secrets.ts(225,13): error TS2339: Property 'valueEnc' does not exist on type 'Partial<{ value: string; projectId: string; key: string; id?: string | undefined; createdAt?: Date | null | undefined; updatedAt?: Date | null | undefined; environment?: string | null | undefined; }>'.
server/services/secrets.ts(243,18): error TS2339: Property 'type' does not exist on type '{ id: string; projectId: string; key: string; value: string; environment: string | null; createdAt: Date | null; updatedAt: Date | null; }'.
server/services/secrets.ts(244,22): error TS2339: Property 'metadata' does not exist on type '{ id: string; projectId: string; key: string; value: string; environment: string | null; createdAt: Date | null; updatedAt: Date | null; }'.
server/services/TeamService.ts(1,63): error TS2305: Module '"@shared/schema"' has no exported member 'TeamRole'.
server/services/VariableService.ts(1,15): error TS2305: Module '"@shared/schema"' has no exported member 'WorkflowVariable'.
server/services/VersionService.ts(3,39): error TS2305: Module '"@shared/schema"' has no exported member 'auditEvents'.
server/services/WorkflowService.ts(3,83): error TS2305: Module '"@shared/schema"' has no exported member 'PrincipalType'.
server/services/WorkflowService.ts(3,98): error TS2305: Module '"@shared/schema"' has no exported member 'AccessRole'.
server/services/WorkflowService.ts(4,68): error TS2305: Module '"@shared/schema"' has no exported member 'auditEvents'.
server/services/WorkflowTemplateService.ts(1,33): error TS2724: '"@shared/schema"' has no exported member named 'InsertWorkflowTemplate'. Did you mean 'WorkflowTemplate'?
server/storage.ts(22,8): error TS2305: Module '"@shared/schema"' has no exported member 'InsertSurvey'.
server/storage.ts(23,8): error TS2724: '"@shared/schema"' has no exported member named 'SurveyPage'. Did you mean 'surveyPages'?
server/storage.ts(24,8): error TS2724: '"@shared/schema"' has no exported member named 'InsertSurveyPage'. Did you mean 'InsertSurveyTemplate'?
server/storage.ts(26,8): error TS2724: '"@shared/schema"' has no exported member named 'InsertQuestion'. Did you mean 'InsertSection'?
server/storage.ts(27,8): error TS2724: '"@shared/schema"' has no exported member named 'LoopGroupSubquestion'. Did you mean 'loopGroupSubquestions'?
server/storage.ts(28,8): error TS2724: '"@shared/schema"' has no exported member named 'InsertLoopGroupSubquestion'. Did you mean 'loopGroupSubquestions'?
server/storage.ts(29,8): error TS2724: '"@shared/schema"' has no exported member named 'ConditionalRule'. Did you mean 'conditionalRules'?
server/storage.ts(30,8): error TS2724: '"@shared/schema"' has no exported member named 'InsertConditionalRule'. Did you mean 'conditionalRules'?
server/storage.ts(33,8): error TS2305: Module '"@shared/schema"' has no exported member 'InsertResponse'.
server/storage.ts(34,8): error TS2724: '"@shared/schema"' has no exported member named 'Answer'. Did you mean 'answers'?
server/storage.ts(35,8): error TS2724: '"@shared/schema"' has no exported member named 'InsertAnswer'. Did you mean 'InsertUser'?
server/storage.ts(36,8): error TS2724: '"@shared/schema"' has no exported member named 'AnalyticsEvent'. Did you mean 'analyticsEvents'?
server/storage.ts(44,8): error TS2724: '"@shared/schema"' has no exported member named 'File'. Did you mean 'files'?
server/storage.ts(50,8): error TS2724: '"@shared/schema"' has no exported member named 'AnonymousResponseTracking'. Did you mean 'anonymousResponseTracking'?
server/storage.ts(51,8): error TS2724: '"@shared/schema"' has no exported member named 'InsertAnonymousResponseTracking'. Did you mean 'anonymousResponseTracking'?
server/utils/variableResolver.ts(1,15): error TS2305: Module '"@shared/schema"' has no exported member 'WorkflowVariable'.
shared/conditionalLogic.ts(9,3): error TS2724: '"./schema"' has no exported member named 'ConditionalRule'. Did you mean 'conditionalRules'?
shared/conditionalLogic.ts(222,53): error TS2345: Argument of type 'unknown' is not assignable to parameter of type 'ConditionalRule[]'.
tests/factories/index.ts(63,3): error TS2322: Type '{ email: string; id?: string | undefined; createdAt?: Date | null | undefined; updatedAt?: Date | null | undefined; fullName: string | null; firstName: string | null; lastName: string | null; ... 12 more ...; lastLoginAt?: Date | ... 1 more ... | undefined; }' is not assignable to type 'Omit<{ email: string; id: string; createdAt: Date | null; updatedAt: Date | null; fullName: string | null; firstName: string | null; lastName: string | null; profileImageUrl: string | null; ... 11 more ...; lastLoginAt: Date | null; }, "id" | ... 1 more ... | "updatedAt">'.
  Types of property 'avatarUrl' are incompatible.
    Type 'string | null | undefined' is not assignable to type 'string | null'.
      Type 'undefined' is not assignable to type 'string | null'.
tests/factories/index.ts(123,3): error TS2322: Type '{ name: string; description: string; slug: string | null; domain: string | null; settings: {}; createdByUserId: string | null; tenantId: string; id?: string | undefined; createdAt?: Date | null | undefined; updatedAt?: Date | ... 1 more ... | undefined; ownerId?: string | ... 1 more ... | undefined; }' is not assignable to type 'Omit<{ name: string; id: string; createdAt: Date | null; updatedAt: Date | null; tenantId: string; description: string | null; slug: string | null; domain: string | null; settings: unknown; createdByUserId: string | null; ownerId: string | null; }, "id" | ... 1 more ... | "updatedAt">'.
  Types of property 'ownerId' are incompatible.
    Type 'string | null | undefined' is not assignable to type 'string | null'.
      Type 'undefined' is not assignable to type 'string | null'.
tests/factories/userFactory.ts(22,3): error TS2739: Type '{ id: string; email: string; firstName: string; lastName: string; profileImageUrl: string | null; role: "admin" | "creator"; createdAt: Date; updatedAt: Date; fullName: string; ... 8 more ...; tenantId: string; }' is missing the following properties from type '{ email: string; id: string; createdAt: Date | null; updatedAt: Date | null; fullName: string | null; firstName: string | null; lastName: string | null; profileImageUrl: string | null; ... 11 more ...; lastLoginAt: Date | null; }': avatarUrl, lastLoginAt
tests/helpers/authMocks.ts(78,5): error TS2353: Object literal may only specify known properties, and 'session' does not exist in type 'Partial<Request<ParamsDictionary, any, any, ParsedQs, Record<string, any>>>'.
tests/integration/ai/workflowEdit.test.ts(8,82): error TS2305: Module '"../../../shared/schema"' has no exported member 'auditEvents'.
tests/integration/analytics_preservation.test.ts(5,17): error TS2305: Module '"@shared/schema"' has no exported member 'systemStats'.
tests/integration/auth.flows.real.test.ts(48,3): error TS2304: Cannot find name 'afterEach'.
tests/integration/auth/oauth2.callback.test.ts(16,36): error TS2724: '"@shared/schema"' has no exported member named 'connections'. Did you mean 'collections'?
tests/integration/auth/oauth2.callback.test.ts(312,41): error TS2551: Property 'connections' does not exist on type '{ readonly tenants: RelationalQueryBuilder<ExtractTablesWithRelations<typeof import("C:/Users/scoot/poll/VaultLogic/shared/schema")>, { tsName: "tenants"; dbName: "tenants"; columns: { ...; }; relations: { ...; }; primaryKey: AnyColumn[]; }>; ... 106 more ...; readonly usageRecords: RelationalQueryBuilder<...>; }'. Did you mean 'collections'?
tests/integration/auth/protected.routes.test.ts(521,20): error TS18048: 'run' is possibly 'undefined'.
tests/integration/auth/protected.routes.test.ts(564,20): error TS18048: 'run' is possibly 'undefined'.
tests/integration/collections.e2e.test.ts(126,20): error TS2551: Property 'isRequired' does not exist on type '{ name: string; id: string; createdAt: Date | null; updatedAt: Date | null; slug: string; options: unknown; type: string; order: number | null; required: boolean | null; collectionId: string; }'. Did you mean 'required'?
tests/integration/collections.e2e.test.ts(155,20): error TS2339: Property 'defaultValue' does not exist on type '{ name: string; id: string; createdAt: Date | null; updatedAt: Date | null; slug: string; options: unknown; type: string; order: number | null; required: boolean | null; collectionId: string; }'.
tests/integration/collections.e2e.test.ts(172,20): error TS2339: Property 'defaultValue' does not exist on type '{ name: string; id: string; createdAt: Date | null; updatedAt: Date | null; slug: string; options: unknown; type: string; order: number | null; required: boolean | null; collectionId: string; }'.
tests/integration/collections.e2e.test.ts(187,20): error TS2339: Property 'defaultValue' does not exist on type '{ name: string; id: string; createdAt: Date | null; updatedAt: Date | null; slug: string; options: unknown; type: string; order: number | null; required: boolean | null; collectionId: string; }'.
tests/integration/externalSends.test.ts(9,10): error TS2724: '"@shared/schema"' has no exported member named 'InsertTenant'. Did you mean 'InsertTeam'?
tests/integration/ownershipAccess.test.ts(28,45): error TS2769: No overload matches this call.
  Overload 1 of 2, '(value: { name: string | SQL<unknown> | Placeholder<string, any>; tenantId: string | SQL<unknown> | Placeholder<string, any>; id?: string | SQL<unknown> | Placeholder<string, any> | undefined; ... 7 more ...; ownerId?: string | ... 3 more ... | undefined; }): PgInsertBase<...>', gave the following error.
    Argument of type '{ id: string; name: string; }[]' is not assignable to parameter of type '{ name: string | SQL<unknown> | Placeholder<string, any>; tenantId: string | SQL<unknown> | Placeholder<string, any>; id?: string | SQL<unknown> | Placeholder<string, any> | undefined; ... 7 more ...; ownerId?: string | ... 3 more ... | undefined; }'.
      Type '{ id: string; name: string; }[]' is missing the following properties from type '{ name: string | SQL<unknown> | Placeholder<string, any>; tenantId: string | SQL<unknown> | Placeholder<string, any>; id?: string | SQL<unknown> | Placeholder<string, any> | undefined; ... 7 more ...; ownerId?: string | ... 3 more ... | undefined; }': name, tenantId
tests/integration/workflow_versioning.test.ts(5,115): error TS2305: Module '"@shared/schema"' has no exported member 'auditEvents'.
tests/ListTools.test.ts(88,60): error TS2345: Argument of type '{ id: string; workflowId: string; type: "list_tools"; phase: "onNext"; config: ListToolsConfig; createdAt: Date; updatedAt: Date; enabled: boolean; order: number; }' is not assignable to parameter of type '{ id: string; createdAt: Date | null; updatedAt: Date | null; enabled: boolean; type: "query" | "prefill" | "validate" | "branch" | "create_record" | "update_record" | ... 5 more ... | "list_tools"; ... 5 more ...; virtualStepId: string | null; }'.
  Type '{ id: string; workflowId: string; type: "list_tools"; phase: "onNext"; config: ListToolsConfig; createdAt: Date; updatedAt: Date; enabled: boolean; order: number; }' is missing the following properties from type '{ id: string; createdAt: Date | null; updatedAt: Date | null; enabled: boolean; type: "query" | "prefill" | "validate" | "branch" | "create_record" | "update_record" | ... 5 more ... | "list_tools"; ... 5 more ...; virtualStepId: string | null; }': sectionId, virtualStepId
tests/ListTools.test.ts(119,60): error TS2345: Argument of type '{ id: string; workflowId: string; type: "list_tools"; phase: "onNext"; config: ListToolsConfig; createdAt: Date; updatedAt: Date; enabled: boolean; order: number; }' is not assignable to parameter of type '{ id: string; createdAt: Date | null; updatedAt: Date | null; enabled: boolean; type: "query" | "prefill" | "validate" | "branch" | "create_record" | "update_record" | ... 5 more ... | "list_tools"; ... 5 more ...; virtualStepId: string | null; }'.
  Type '{ id: string; workflowId: string; type: "list_tools"; phase: "onNext"; config: ListToolsConfig; createdAt: Date; updatedAt: Date; enabled: boolean; order: number; }' is missing the following properties from type '{ id: string; createdAt: Date | null; updatedAt: Date | null; enabled: boolean; type: "query" | "prefill" | "validate" | "branch" | "create_record" | "update_record" | ... 5 more ... | "list_tools"; ... 5 more ...; virtualStepId: string | null; }': sectionId, virtualStepId
tests/ListTools.test.ts(151,60): error TS2345: Argument of type '{ id: string; workflowId: string; type: "list_tools"; phase: "onNext"; config: ListToolsConfig; createdAt: Date; updatedAt: Date; enabled: boolean; order: number; }' is not assignable to parameter of type '{ id: string; createdAt: Date | null; updatedAt: Date | null; enabled: boolean; type: "query" | "prefill" | "validate" | "branch" | "create_record" | "update_record" | ... 5 more ... | "list_tools"; ... 5 more ...; virtualStepId: string | null; }'.
  Type '{ id: string; workflowId: string; type: "list_tools"; phase: "onNext"; config: ListToolsConfig; createdAt: Date; updatedAt: Date; enabled: boolean; order: number; }' is missing the following properties from type '{ id: string; createdAt: Date | null; updatedAt: Date | null; enabled: boolean; type: "query" | "prefill" | "validate" | "branch" | "create_record" | "update_record" | ... 5 more ... | "list_tools"; ... 5 more ...; virtualStepId: string | null; }': sectionId, virtualStepId
tests/ListTools.test.ts(182,60): error TS2345: Argument of type '{ id: string; workflowId: string; type: "list_tools"; phase: "onNext"; config: ListToolsConfig; createdAt: Date; updatedAt: Date; enabled: boolean; order: number; }' is not assignable to parameter of type '{ id: string; createdAt: Date | null; updatedAt: Date | null; enabled: boolean; type: "query" | "prefill" | "validate" | "branch" | "create_record" | "update_record" | ... 5 more ... | "list_tools"; ... 5 more ...; virtualStepId: string | null; }'.
  Type '{ id: string; workflowId: string; type: "list_tools"; phase: "onNext"; config: ListToolsConfig; createdAt: Date; updatedAt: Date; enabled: boolean; order: number; }' is missing the following properties from type '{ id: string; createdAt: Date | null; updatedAt: Date | null; enabled: boolean; type: "query" | "prefill" | "validate" | "branch" | "create_record" | "update_record" | ... 5 more ... | "list_tools"; ... 5 more ...; virtualStepId: string | null; }': sectionId, virtualStepId
tests/ListTools.test.ts(211,60): error TS2345: Argument of type '{ id: string; workflowId: string; type: "list_tools"; phase: "onNext"; config: ListToolsConfig; createdAt: Date; updatedAt: Date; enabled: boolean; order: number; }' is not assignable to parameter of type '{ id: string; createdAt: Date | null; updatedAt: Date | null; enabled: boolean; type: "query" | "prefill" | "validate" | "branch" | "create_record" | "update_record" | ... 5 more ... | "list_tools"; ... 5 more ...; virtualStepId: string | null; }'.
  Type '{ id: string; workflowId: string; type: "list_tools"; phase: "onNext"; config: ListToolsConfig; createdAt: Date; updatedAt: Date; enabled: boolean; order: number; }' is missing the following properties from type '{ id: string; createdAt: Date | null; updatedAt: Date | null; enabled: boolean; type: "query" | "prefill" | "validate" | "branch" | "create_record" | "update_record" | ... 5 more ... | "list_tools"; ... 5 more ...; virtualStepId: string | null; }': sectionId, virtualStepId
tests/ListTools.test.ts(239,60): error TS2345: Argument of type '{ id: string; workflowId: string; type: "list_tools"; phase: "onNext"; config: ListToolsConfig; createdAt: Date; updatedAt: Date; enabled: boolean; order: number; }' is not assignable to parameter of type '{ id: string; createdAt: Date | null; updatedAt: Date | null; enabled: boolean; type: "query" | "prefill" | "validate" | "branch" | "create_record" | "update_record" | ... 5 more ... | "list_tools"; ... 5 more ...; virtualStepId: string | null; }'.
  Type '{ id: string; workflowId: string; type: "list_tools"; phase: "onNext"; config: ListToolsConfig; createdAt: Date; updatedAt: Date; enabled: boolean; order: number; }' is missing the following properties from type '{ id: string; createdAt: Date | null; updatedAt: Date | null; enabled: boolean; type: "query" | "prefill" | "validate" | "branch" | "create_record" | "update_record" | ... 5 more ... | "list_tools"; ... 5 more ...; virtualStepId: string | null; }': sectionId, virtualStepId
tests/ListTools.test.ts(268,60): error TS2345: Argument of type '{ id: string; workflowId: string; type: "list_tools"; phase: "onNext"; config: ListToolsConfig; createdAt: Date; updatedAt: Date; enabled: boolean; order: number; }' is not assignable to parameter of type '{ id: string; createdAt: Date | null; updatedAt: Date | null; enabled: boolean; type: "query" | "prefill" | "validate" | "branch" | "create_record" | "update_record" | ... 5 more ... | "list_tools"; ... 5 more ...; virtualStepId: string | null; }'.
  Type '{ id: string; workflowId: string; type: "list_tools"; phase: "onNext"; config: ListToolsConfig; createdAt: Date; updatedAt: Date; enabled: boolean; order: number; }' is missing the following properties from type '{ id: string; createdAt: Date | null; updatedAt: Date | null; enabled: boolean; type: "query" | "prefill" | "validate" | "branch" | "create_record" | "update_record" | ... 5 more ... | "list_tools"; ... 5 more ...; virtualStepId: string | null; }': sectionId, virtualStepId
tests/ListTools.test.ts(298,60): error TS2345: Argument of type '{ id: string; workflowId: string; type: "list_tools"; phase: "onNext"; config: ListToolsConfig; createdAt: Date; updatedAt: Date; enabled: boolean; order: number; }' is not assignable to parameter of type '{ id: string; createdAt: Date | null; updatedAt: Date | null; enabled: boolean; type: "query" | "prefill" | "validate" | "branch" | "create_record" | "update_record" | ... 5 more ... | "list_tools"; ... 5 more ...; virtualStepId: string | null; }'.
  Type '{ id: string; workflowId: string; type: "list_tools"; phase: "onNext"; config: ListToolsConfig; createdAt: Date; updatedAt: Date; enabled: boolean; order: number; }' is missing the following properties from type '{ id: string; createdAt: Date | null; updatedAt: Date | null; enabled: boolean; type: "query" | "prefill" | "validate" | "branch" | "create_record" | "update_record" | ... 5 more ... | "list_tools"; ... 5 more ...; virtualStepId: string | null; }': sectionId, virtualStepId
tests/ListTools.test.ts(323,60): error TS2345: Argument of type '{ id: string; workflowId: string; type: "list_tools"; phase: "onNext"; config: ListToolsConfig; createdAt: Date; updatedAt: Date; enabled: boolean; order: number; }' is not assignable to parameter of type '{ id: string; createdAt: Date | null; updatedAt: Date | null; enabled: boolean; type: "query" | "prefill" | "validate" | "branch" | "create_record" | "update_record" | ... 5 more ... | "list_tools"; ... 5 more ...; virtualStepId: string | null; }'.
  Type '{ id: string; workflowId: string; type: "list_tools"; phase: "onNext"; config: ListToolsConfig; createdAt: Date; updatedAt: Date; enabled: boolean; order: number; }' is missing the following properties from type '{ id: string; createdAt: Date | null; updatedAt: Date | null; enabled: boolean; type: "query" | "prefill" | "validate" | "branch" | "create_record" | "update_record" | ... 5 more ... | "list_tools"; ... 5 more ...; virtualStepId: string | null; }': sectionId, virtualStepId
tests/ListTools.test.ts(350,60): error TS2345: Argument of type '{ id: string; workflowId: string; type: "list_tools"; phase: "onNext"; config: ListToolsConfig; createdAt: Date; updatedAt: Date; enabled: boolean; order: number; }' is not assignable to parameter of type '{ id: string; createdAt: Date | null; updatedAt: Date | null; enabled: boolean; type: "query" | "prefill" | "validate" | "branch" | "create_record" | "update_record" | ... 5 more ... | "list_tools"; ... 5 more ...; virtualStepId: string | null; }'.
  Type '{ id: string; workflowId: string; type: "list_tools"; phase: "onNext"; config: ListToolsConfig; createdAt: Date; updatedAt: Date; enabled: boolean; order: number; }' is missing the following properties from type '{ id: string; createdAt: Date | null; updatedAt: Date | null; enabled: boolean; type: "query" | "prefill" | "validate" | "branch" | "create_record" | "update_record" | ... 5 more ... | "list_tools"; ... 5 more ...; virtualStepId: string | null; }': sectionId, virtualStepId
tests/ListTools.test.ts(379,60): error TS2345: Argument of type '{ id: string; workflowId: string; type: "list_tools"; phase: "onNext"; config: ListToolsConfig; createdAt: Date; updatedAt: Date; enabled: boolean; order: number; }' is not assignable to parameter of type '{ id: string; createdAt: Date | null; updatedAt: Date | null; enabled: boolean; type: "query" | "prefill" | "validate" | "branch" | "create_record" | "update_record" | ... 5 more ... | "list_tools"; ... 5 more ...; virtualStepId: string | null; }'.
  Type '{ id: string; workflowId: string; type: "list_tools"; phase: "onNext"; config: ListToolsConfig; createdAt: Date; updatedAt: Date; enabled: boolean; order: number; }' is missing the following properties from type '{ id: string; createdAt: Date | null; updatedAt: Date | null; enabled: boolean; type: "query" | "prefill" | "validate" | "branch" | "create_record" | "update_record" | ... 5 more ... | "list_tools"; ... 5 more ...; virtualStepId: string | null; }': sectionId, virtualStepId
tests/ListTools.test.ts(417,60): error TS2345: Argument of type '{ id: string; workflowId: string; type: "list_tools"; phase: "onNext"; config: ListToolsConfig; createdAt: Date; updatedAt: Date; enabled: boolean; order: number; }' is not assignable to parameter of type '{ id: string; createdAt: Date | null; updatedAt: Date | null; enabled: boolean; type: "query" | "prefill" | "validate" | "branch" | "create_record" | "update_record" | ... 5 more ... | "list_tools"; ... 5 more ...; virtualStepId: string | null; }'.
  Type '{ id: string; workflowId: string; type: "list_tools"; phase: "onNext"; config: ListToolsConfig; createdAt: Date; updatedAt: Date; enabled: boolean; order: number; }' is missing the following properties from type '{ id: string; createdAt: Date | null; updatedAt: Date | null; enabled: boolean; type: "query" | "prefill" | "validate" | "branch" | "create_record" | "update_record" | ... 5 more ... | "list_tools"; ... 5 more ...; virtualStepId: string | null; }': sectionId, virtualStepId
tests/ListTools.test.ts(450,60): error TS2345: Argument of type '{ id: string; workflowId: string; type: "list_tools"; phase: "onNext"; config: ListToolsConfig; createdAt: Date; updatedAt: Date; enabled: boolean; order: number; }' is not assignable to parameter of type '{ id: string; createdAt: Date | null; updatedAt: Date | null; enabled: boolean; type: "query" | "prefill" | "validate" | "branch" | "create_record" | "update_record" | ... 5 more ... | "list_tools"; ... 5 more ...; virtualStepId: string | null; }'.
  Type '{ id: string; workflowId: string; type: "list_tools"; phase: "onNext"; config: ListToolsConfig; createdAt: Date; updatedAt: Date; enabled: boolean; order: number; }' is missing the following properties from type '{ id: string; createdAt: Date | null; updatedAt: Date | null; enabled: boolean; type: "query" | "prefill" | "validate" | "branch" | "create_record" | "update_record" | ... 5 more ... | "list_tools"; ... 5 more ...; virtualStepId: string | null; }': sectionId, virtualStepId
tests/ListTools.test.ts(478,60): error TS2345: Argument of type '{ id: string; workflowId: string; type: "list_tools"; phase: "onNext"; config: ListToolsConfig; createdAt: Date; updatedAt: Date; enabled: boolean; order: number; }' is not assignable to parameter of type '{ id: string; createdAt: Date | null; updatedAt: Date | null; enabled: boolean; type: "query" | "prefill" | "validate" | "branch" | "create_record" | "update_record" | ... 5 more ... | "list_tools"; ... 5 more ...; virtualStepId: string | null; }'.
  Type '{ id: string; workflowId: string; type: "list_tools"; phase: "onNext"; config: ListToolsConfig; createdAt: Date; updatedAt: Date; enabled: boolean; order: number; }' is missing the following properties from type '{ id: string; createdAt: Date | null; updatedAt: Date | null; enabled: boolean; type: "query" | "prefill" | "validate" | "branch" | "create_record" | "update_record" | ... 5 more ... | "list_tools"; ... 5 more ...; virtualStepId: string | null; }': sectionId, virtualStepId
tests/ListTools.test.ts(522,60): error TS2345: Argument of type '{ id: string; workflowId: string; type: "list_tools"; phase: "onNext"; config: ListToolsConfig; createdAt: Date; updatedAt: Date; enabled: boolean; order: number; }' is not assignable to parameter of type '{ id: string; createdAt: Date | null; updatedAt: Date | null; enabled: boolean; type: "query" | "prefill" | "validate" | "branch" | "create_record" | "update_record" | ... 5 more ... | "list_tools"; ... 5 more ...; virtualStepId: string | null; }'.
  Type '{ id: string; workflowId: string; type: "list_tools"; phase: "onNext"; config: ListToolsConfig; createdAt: Date; updatedAt: Date; enabled: boolean; order: number; }' is missing the following properties from type '{ id: string; createdAt: Date | null; updatedAt: Date | null; enabled: boolean; type: "query" | "prefill" | "validate" | "branch" | "create_record" | "update_record" | ... 5 more ... | "list_tools"; ... 5 more ...; virtualStepId: string | null; }': sectionId, virtualStepId
tests/ListTools.test.ts(570,60): error TS2345: Argument of type '{ id: string; workflowId: string; type: "list_tools"; phase: "onNext"; config: ListToolsConfig; createdAt: Date; updatedAt: Date; enabled: boolean; order: number; }' is not assignable to parameter of type '{ id: string; createdAt: Date | null; updatedAt: Date | null; enabled: boolean; type: "query" | "prefill" | "validate" | "branch" | "create_record" | "update_record" | ... 5 more ... | "list_tools"; ... 5 more ...; virtualStepId: string | null; }'.
  Type '{ id: string; workflowId: string; type: "list_tools"; phase: "onNext"; config: ListToolsConfig; createdAt: Date; updatedAt: Date; enabled: boolean; order: number; }' is missing the following properties from type '{ id: string; createdAt: Date | null; updatedAt: Date | null; enabled: boolean; type: "query" | "prefill" | "validate" | "branch" | "create_record" | "update_record" | ... 5 more ... | "list_tools"; ... 5 more ...; virtualStepId: string | null; }': sectionId, virtualStepId
tests/ListTools.test.ts(594,60): error TS2345: Argument of type '{ id: string; workflowId: string; type: "list_tools"; phase: "onNext"; config: ListToolsConfig; createdAt: Date; updatedAt: Date; enabled: boolean; order: number; }' is not assignable to parameter of type '{ id: string; createdAt: Date | null; updatedAt: Date | null; enabled: boolean; type: "query" | "prefill" | "validate" | "branch" | "create_record" | "update_record" | ... 5 more ... | "list_tools"; ... 5 more ...; virtualStepId: string | null; }'.
  Type '{ id: string; workflowId: string; type: "list_tools"; phase: "onNext"; config: ListToolsConfig; createdAt: Date; updatedAt: Date; enabled: boolean; order: number; }' is missing the following properties from type '{ id: string; createdAt: Date | null; updatedAt: Date | null; enabled: boolean; type: "query" | "prefill" | "validate" | "branch" | "create_record" | "update_record" | ... 5 more ... | "list_tools"; ... 5 more ...; virtualStepId: string | null; }': sectionId, virtualStepId
tests/ListTools.test.ts(624,60): error TS2345: Argument of type '{ id: string; workflowId: string; type: "list_tools"; phase: "onNext"; config: ListToolsConfig; createdAt: Date; updatedAt: Date; enabled: boolean; order: number; }' is not assignable to parameter of type '{ id: string; createdAt: Date | null; updatedAt: Date | null; enabled: boolean; type: "query" | "prefill" | "validate" | "branch" | "create_record" | "update_record" | ... 5 more ... | "list_tools"; ... 5 more ...; virtualStepId: string | null; }'.
  Type '{ id: string; workflowId: string; type: "list_tools"; phase: "onNext"; config: ListToolsConfig; createdAt: Date; updatedAt: Date; enabled: boolean; order: number; }' is missing the following properties from type '{ id: string; createdAt: Date | null; updatedAt: Date | null; enabled: boolean; type: "query" | "prefill" | "validate" | "branch" | "create_record" | "update_record" | ... 5 more ... | "list_tools"; ... 5 more ...; virtualStepId: string | null; }': sectionId, virtualStepId
tests/setup.ts(109,20): error TS2306: File 'C:/Users/scoot/poll/VaultLogic/node_modules/@testing-library/jest-dom/types/index.d.ts' is not a module.
tests/unit/BlockRunner.validate.test.ts(29,62): error TS2345: Argument of type '{ id: string; workflowId: string; type: "validate"; phase: "onNext"; config: {}; createdAt: Date; updatedAt: Date; enabled: boolean; order: number; }' is not assignable to parameter of type '{ id: string; createdAt: Date | null; updatedAt: Date | null; enabled: boolean; type: "query" | "prefill" | "validate" | "branch" | "create_record" | "update_record" | ... 5 more ... | "list_tools"; ... 5 more ...; virtualStepId: string | null; }'.
  Type '{ id: string; workflowId: string; type: "validate"; phase: "onNext"; config: {}; createdAt: Date; updatedAt: Date; enabled: boolean; order: number; }' is missing the following properties from type '{ id: string; createdAt: Date | null; updatedAt: Date | null; enabled: boolean; type: "query" | "prefill" | "validate" | "branch" | "create_record" | "update_record" | ... 5 more ... | "list_tools"; ... 5 more ...; virtualStepId: string | null; }': sectionId, virtualStepId
tests/unit/BlockRunner.validate.test.ts(46,66): error TS2345: Argument of type '{ id: string; workflowId: string; type: "validate"; phase: "onNext"; config: {}; createdAt: Date; updatedAt: Date; enabled: boolean; order: number; }' is not assignable to parameter of type '{ id: string; createdAt: Date | null; updatedAt: Date | null; enabled: boolean; type: "query" | "prefill" | "validate" | "branch" | "create_record" | "update_record" | ... 5 more ... | "list_tools"; ... 5 more ...; virtualStepId: string | null; }'.
  Type '{ id: string; workflowId: string; type: "validate"; phase: "onNext"; config: {}; createdAt: Date; updatedAt: Date; enabled: boolean; order: number; }' is missing the following properties from type '{ id: string; createdAt: Date | null; updatedAt: Date | null; enabled: boolean; type: "query" | "prefill" | "validate" | "branch" | "create_record" | "update_record" | ... 5 more ... | "list_tools"; ... 5 more ...; virtualStepId: string | null; }': sectionId, virtualStepId
tests/unit/BlockRunner.validate.test.ts(52,66): error TS2345: Argument of type '{ id: string; workflowId: string; type: "validate"; phase: "onNext"; config: {}; createdAt: Date; updatedAt: Date; enabled: boolean; order: number; }' is not assignable to parameter of type '{ id: string; createdAt: Date | null; updatedAt: Date | null; enabled: boolean; type: "query" | "prefill" | "validate" | "branch" | "create_record" | "update_record" | ... 5 more ... | "list_tools"; ... 5 more ...; virtualStepId: string | null; }'.
  Type '{ id: string; workflowId: string; type: "validate"; phase: "onNext"; config: {}; createdAt: Date; updatedAt: Date; enabled: boolean; order: number; }' is missing the following properties from type '{ id: string; createdAt: Date | null; updatedAt: Date | null; enabled: boolean; type: "query" | "prefill" | "validate" | "branch" | "create_record" | "update_record" | ... 5 more ... | "list_tools"; ... 5 more ...; virtualStepId: string | null; }': sectionId, virtualStepId
tests/unit/BlockRunner.validate.test.ts(63,69): error TS2345: Argument of type '{ id: string; workflowId: string; type: "validate"; phase: "onNext"; config: {}; createdAt: Date; updatedAt: Date; enabled: boolean; order: number; }' is not assignable to parameter of type '{ id: string; createdAt: Date | null; updatedAt: Date | null; enabled: boolean; type: "query" | "prefill" | "validate" | "branch" | "create_record" | "update_record" | ... 5 more ... | "list_tools"; ... 5 more ...; virtualStepId: string | null; }'.
  Type '{ id: string; workflowId: string; type: "validate"; phase: "onNext"; config: {}; createdAt: Date; updatedAt: Date; enabled: boolean; order: number; }' is missing the following properties from type '{ id: string; createdAt: Date | null; updatedAt: Date | null; enabled: boolean; type: "query" | "prefill" | "validate" | "branch" | "create_record" | "update_record" | ... 5 more ... | "list_tools"; ... 5 more ...; virtualStepId: string | null; }': sectionId, virtualStepId
tests/unit/BlockRunner.validate.test.ts(82,66): error TS2345: Argument of type '{ id: string; workflowId: string; type: "validate"; phase: "onNext"; config: {}; createdAt: Date; updatedAt: Date; enabled: boolean; order: number; }' is not assignable to parameter of type '{ id: string; createdAt: Date | null; updatedAt: Date | null; enabled: boolean; type: "query" | "prefill" | "validate" | "branch" | "create_record" | "update_record" | ... 5 more ... | "list_tools"; ... 5 more ...; virtualStepId: string | null; }'.
  Type '{ id: string; workflowId: string; type: "validate"; phase: "onNext"; config: {}; createdAt: Date; updatedAt: Date; enabled: boolean; order: number; }' is missing the following properties from type '{ id: string; createdAt: Date | null; updatedAt: Date | null; enabled: boolean; type: "query" | "prefill" | "validate" | "branch" | "create_record" | "update_record" | ... 5 more ... | "list_tools"; ... 5 more ...; virtualStepId: string | null; }': sectionId, virtualStepId
tests/unit/BlockRunner.validate.test.ts(92,66): error TS2345: Argument of type '{ id: string; workflowId: string; type: "validate"; phase: "onNext"; config: {}; createdAt: Date; updatedAt: Date; enabled: boolean; order: number; }' is not assignable to parameter of type '{ id: string; createdAt: Date | null; updatedAt: Date | null; enabled: boolean; type: "query" | "prefill" | "validate" | "branch" | "create_record" | "update_record" | ... 5 more ... | "list_tools"; ... 5 more ...; virtualStepId: string | null; }'.
  Type '{ id: string; workflowId: string; type: "validate"; phase: "onNext"; config: {}; createdAt: Date; updatedAt: Date; enabled: boolean; order: number; }' is missing the following properties from type '{ id: string; createdAt: Date | null; updatedAt: Date | null; enabled: boolean; type: "query" | "prefill" | "validate" | "branch" | "create_record" | "update_record" | ... 5 more ... | "list_tools"; ... 5 more ...; virtualStepId: string | null; }': sectionId, virtualStepId
tests/unit/BlockRunner.validate.test.ts(122,66): error TS2345: Argument of type '{ id: string; workflowId: string; type: "validate"; phase: "onNext"; config: {}; createdAt: Date; updatedAt: Date; enabled: boolean; order: number; }' is not assignable to parameter of type '{ id: string; createdAt: Date | null; updatedAt: Date | null; enabled: boolean; type: "query" | "prefill" | "validate" | "branch" | "create_record" | "update_record" | ... 5 more ... | "list_tools"; ... 5 more ...; virtualStepId: string | null; }'.
  Type '{ id: string; workflowId: string; type: "validate"; phase: "onNext"; config: {}; createdAt: Date; updatedAt: Date; enabled: boolean; order: number; }' is missing the following properties from type '{ id: string; createdAt: Date | null; updatedAt: Date | null; enabled: boolean; type: "query" | "prefill" | "validate" | "branch" | "create_record" | "update_record" | ... 5 more ... | "list_tools"; ... 5 more ...; virtualStepId: string | null; }': sectionId, virtualStepId
tests/unit/listPipeline.semantics.test.ts(28,17): error TS2322: Type '"test"' is not assignable to type '"query" | "read_table" | "list_tools"'.
tests/unit/listPipeline.semantics.test.ts(671,21): error TS2322: Type '"test"' is not assignable to type '"query" | "read_table" | "list_tools"'.
tests/unit/repositories/DatavaultColumnsRepository.test.ts(3,32): error TS2724: '"@shared/schema"' has no exported member named 'InsertDatavaultColumn'. Did you mean 'DatavaultColumn'?
tests/unit/repositories/DatavaultRowsRepository.test.ts(3,45): error TS2724: '"@shared/schema"' has no exported member named 'InsertDatavaultRow'. Did you mean 'DatavaultRow'?
tests/unit/repositories/DatavaultTablesRepository.test.ts(3,31): error TS2724: '"@shared/schema"' has no exported member named 'InsertDatavaultTable'. Did you mean 'DatavaultTable'?
tests/unit/schema/collections.test.ts(10,3): error TS2724: '"@shared/schema"' has no exported member named 'collectionFieldTypeEnum'. Did you mean 'collectionFields'?
tests/unit/schema/collections.test.ts(441,9): error TS2561: Object literal may only specify known properties, but 'isRequired' does not exist in type '{ name: string; id: string; createdAt: Date | null; updatedAt: Date | null; slug: string; options: unknown; type: string; order: number | null; required: boolean | null; collectionId: string; }'. Did you mean to write 'required'?
tests/unit/schema/collections.test.ts(450,24): error TS2551: Property 'isRequired' does not exist on type '{ name: string; id: string; createdAt: Date | null; updatedAt: Date | null; slug: string; options: unknown; type: string; order: number | null; required: boolean | null; collectionId: string; }'. Did you mean 'required'?
tests/unit/services/CollectionFieldService.test.ts(166,21): error TS2339: Property 'defaultValue' does not exist on type '{ name: string; id: string; createdAt: Date | null; updatedAt: Date | null; slug: string; options: unknown; type: string; order: number | null; required: boolean | null; collectionId: string; }'.
tests/unit/utils/variableResolver.test.ts(3,15): error TS2305: Module '"@shared/schema"' has no exported member 'WorkflowVariable'.
