client/src/components/charts/KeywordList.tsx(5,15): error TS2305: Module '"@shared/schema"' has no exported member 'TextAggregation'.
client/src/components/charts/KeywordList.tsx(47,49): error TS7006: Parameter 'keyword' implicitly has an 'any' type.
client/src/components/charts/KeywordList.tsx(47,58): error TS7006: Parameter 'index' implicitly has an 'any' type.
client/src/components/charts/MultipleChoiceChart.tsx(7,15): error TS2305: Module '"@shared/schema"' has no exported member 'ChoiceAggregation'.
client/src/components/charts/ResultsCard.tsx(6,15): error TS2305: Module '"@shared/schema"' has no exported member 'QuestionAggregate'.
client/src/components/charts/ResultsCard.tsx(6,34): error TS2305: Module '"@shared/schema"' has no exported member 'YesNoAggregation'.
client/src/components/charts/ResultsCard.tsx(6,52): error TS2305: Module '"@shared/schema"' has no exported member 'ChoiceAggregation'.
client/src/components/charts/ResultsCard.tsx(6,71): error TS2305: Module '"@shared/schema"' has no exported member 'TextAggregation'.
client/src/components/charts/YesNoChart.tsx(7,15): error TS2305: Module '"@shared/schema"' has no exported member 'YesNoAggregation'.
client/src/components/datavault/AddRowButton.tsx(24,15): error TS2305: Module '"@shared/schema"' has no exported member 'DatavaultColumn'.
client/src/components/datavault/ColumnHeaderCell.tsx(14,15): error TS2305: Module '"@shared/schema"' has no exported member 'DatavaultColumn'.
client/src/components/datavault/ColumnManager.tsx(35,15): error TS2305: Module '"@shared/schema"' has no exported member 'DatavaultColumn'.
client/src/components/datavault/ColumnManagerWithDnd.tsx(54,15): error TS2305: Module '"@shared/schema"' has no exported member 'DatavaultColumn'.
client/src/components/datavault/DatabaseApiTokens.tsx(210,44): error TS7006: Parameter 'scope' implicitly has an 'any' type.
client/src/components/datavault/DatabaseTableTabs.tsx(12,15): error TS2305: Module '"@shared/schema"' has no exported member 'DatavaultTable'.
client/src/components/datavault/DataGrid.tsx(29,15): error TS2305: Module '"@shared/schema"' has no exported member 'DatavaultColumn'.
client/src/components/datavault/EditableCell.tsx(15,15): error TS2305: Module '"@shared/schema"' has no exported member 'DatavaultColumn'.
client/src/components/datavault/EditableDataGrid.tsx(37,15): error TS2305: Module '"@shared/schema"' has no exported member 'DatavaultColumn'.
client/src/components/datavault/FilterPanel.tsx(22,15): error TS2305: Module '"@shared/schema"' has no exported member 'DatavaultColumn'.
client/src/components/datavault/InfiniteDataGrid.tsx(13,15): error TS2305: Module '"@shared/schema"' has no exported member 'DatavaultColumn'.
client/src/components/datavault/InfiniteDataGrid.tsx(102,40): error TS2322: Type 'true | 5' is not assignable to type 'number | undefined'.
  Type 'boolean' is not assignable to type 'number'.
client/src/components/datavault/InfiniteEditableDataGrid.tsx(17,15): error TS2305: Module '"@shared/schema"' has no exported member 'DatavaultColumn'.
client/src/components/datavault/NoteItem.tsx(24,15): error TS2305: Module '"@shared/schema"' has no exported member 'DatavaultRowNote'.
client/src/components/datavault/RowEditorModal.tsx(23,15): error TS2305: Module '"@shared/schema"' has no exported member 'DatavaultColumn'.
client/src/components/datavault/SortableColumnHeader.tsx(11,15): error TS2305: Module '"@shared/schema"' has no exported member 'DatavaultColumn'.
client/src/components/datavault/TableGridView.tsx(36,15): error TS2305: Module '"@shared/schema"' has no exported member 'DatavaultColumn'.
client/src/components/datavault/TablePermissions.tsx(44,15): error TS2305: Module '"@shared/schema"' has no exported member 'DatavaultTablePermission'.
client/src/components/layout/Sidebar.tsx(11,15): error TS2305: Module '"@shared/schema"' has no exported member 'User'.
client/src/components/ui/file-upload.tsx(11,15): error TS2305: Module '"@shared/schema"' has no exported member 'FileUploadConfig'.
client/src/components/ui/file-upload.tsx(55,52): error TS7006: Parameter 'type' implicitly has an 'any' type.
client/src/hooks/useAnalyticsData.ts(4,3): error TS2305: Module '"@shared/schema"' has no exported member 'Survey'.
client/src/hooks/useAnalyticsData.ts(5,3): error TS2305: Module '"@shared/schema"' has no exported member 'QuestionAnalytics'.
client/src/hooks/useAnalyticsData.ts(6,3): error TS2305: Module '"@shared/schema"' has no exported member 'PageAnalytics'.
client/src/hooks/useAnalyticsData.ts(7,3): error TS2305: Module '"@shared/schema"' has no exported member 'CompletionFunnelData'.
client/src/hooks/useAnalyticsData.ts(8,3): error TS2305: Module '"@shared/schema"' has no exported member 'TimeSpentData'.
client/src/hooks/useAnalyticsData.ts(9,3): error TS2305: Module '"@shared/schema"' has no exported member 'EngagementMetrics'.
client/src/hooks/useAnalyticsData.ts(10,3): error TS2305: Module '"@shared/schema"' has no exported member 'QuestionAggregate'.
client/src/hooks/useAuth.ts(6,15): error TS2305: Module '"@shared/schema"' has no exported member 'User'.
client/src/hooks/useBlockOperations.ts(7,15): error TS2305: Module '"@shared/schema"' has no exported member 'SurveyPage'.
client/src/hooks/useBlockOperations.ts(7,27): error TS2305: Module '"@shared/schema"' has no exported member 'Question'.
client/src/hooks/useConditionalLogic.ts(4,15): error TS2305: Module '"@shared/schema"' has no exported member 'ConditionalRule'.
client/src/hooks/useConditionalLogic.ts(4,32): error TS2305: Module '"@shared/schema"' has no exported member 'QuestionWithSubquestions'.
client/src/hooks/useWorkflowVisibility.ts(15,15): error TS2305: Module '"@shared/schema"' has no exported member 'LogicRule'.
client/src/hooks/useWorkflowVisibility.ts(15,26): error TS2305: Module '"@shared/schema"' has no exported member 'Step'.
client/src/lib/analyticsUtils.ts(6,15): error TS2305: Module '"@shared/schema"' has no exported member 'YesNoAggregation'.
client/src/lib/analyticsUtils.ts(6,33): error TS2305: Module '"@shared/schema"' has no exported member 'ChoiceAggregation'.
client/src/lib/analyticsUtils.ts(6,52): error TS2305: Module '"@shared/schema"' has no exported member 'TextAggregation'.
client/src/lib/analyticsUtils.ts(59,53): error TS7006: Parameter 'k' implicitly has an 'any' type.
client/src/lib/datavault-api.ts(6,15): error TS2305: Module '"@shared/schema"' has no exported member 'DatavaultTable'.
client/src/lib/datavault-api.ts(6,31): error TS2305: Module '"@shared/schema"' has no exported member 'DatavaultColumn'.
client/src/lib/datavault-api.ts(6,48): error TS2305: Module '"@shared/schema"' has no exported member 'DatavaultRow'.
client/src/lib/datavault-api.ts(6,62): error TS2305: Module '"@shared/schema"' has no exported member 'DatavaultRowNote'.
client/src/lib/datavault-api.ts(6,80): error TS2305: Module '"@shared/schema"' has no exported member 'DatavaultApiToken'.
client/src/lib/datavault-api.ts(6,99): error TS2305: Module '"@shared/schema"' has no exported member 'DatavaultTablePermission'.
client/src/lib/datavault-api.ts(6,125): error TS2305: Module '"@shared/schema"' has no exported member 'DatavaultTableRole'.
client/src/lib/stores/personalizationStore.ts(5,15): error TS2305: Module '"@shared/schema"' has no exported member 'UserPersonalizationSettings'.
client/src/pages/Dashboard.tsx(19,15): error TS2305: Module '"@shared/schema"' has no exported member 'DashboardStats'.
client/src/pages/Dashboard.tsx(19,31): error TS2305: Module '"@shared/schema"' has no exported member 'Survey'.
client/src/pages/Dashboard.tsx(19,39): error TS2305: Module '"@shared/schema"' has no exported member 'SurveyAnalytics'.
client/src/pages/Dashboard.tsx(19,56): error TS2305: Module '"@shared/schema"' has no exported member 'ResponseTrend'.
client/src/pages/Dashboard.tsx(19,71): error TS2305: Module '"@shared/schema"' has no exported member 'ActivityItem'.
client/src/pages/datavault/tables.tsx(92,13): error TS2339: Property 'name' does not exist on type 'ApiDatavaultTableWithStats'.
client/src/pages/datavault/tables.tsx(93,13): error TS2339: Property 'slug' does not exist on type 'ApiDatavaultTableWithStats'.
client/src/pages/datavault/tables.tsx(94,13): error TS2339: Property 'description' does not exist on type 'ApiDatavaultTableWithStats'.
client/src/pages/datavault/tables.tsx(290,32): error TS2339: Property 'id' does not exist on type 'ApiDatavaultTableWithStats'.
client/src/pages/datavault/tables.tsx(291,21): error TS2739: Type 'ApiDatavaultTableWithStats' is missing the following properties from type '{ id: string; name: string; description?: string | null | undefined; slug: string; columnCount?: number | undefined; rowCount?: number | undefined; updatedAt: string | Date | null; }': id, name, slug, updatedAt
client/src/pages/datavault/tables.tsx(292,59): error TS2339: Property 'id' does not exist on type 'ApiDatavaultTableWithStats'.
client/src/pages/datavault/tables.tsx(293,66): error TS2339: Property 'id' does not exist on type 'ApiDatavaultTableWithStats'.
client/src/pages/datavault/tables.tsx(293,82): error TS2339: Property 'name' does not exist on type 'ApiDatavaultTableWithStats'.
client/src/pages/datavault/tables.tsx(294,60): error TS2339: Property 'id' does not exist on type 'ApiDatavaultTableWithStats'.
client/src/pages/datavault/tables.tsx(294,76): error TS2339: Property 'name' does not exist on type 'ApiDatavaultTableWithStats'.
client/src/pages/WorkflowRunner.tsx(36,15): error TS2305: Module '"@shared/schema"' has no exported member 'LogicRule'.
client/src/pages/WorkflowsList.tsx(25,15): error TS2305: Module '"@shared/schema"' has no exported member 'Workflow'.
server/api/projects.ts(46,19): error TS2339: Property 'projects' does not exist on type 'typeof import("C:/Users/scoot/poll/VaultLogic/shared/schema")'.
server/api/projects.ts(47,19): error TS2339: Property 'projects' does not exist on type 'typeof import("C:/Users/scoot/poll/VaultLogic/shared/schema")'.
server/api/projects.ts(49,21): error TS2339: Property 'projects' does not exist on type 'typeof import("C:/Users/scoot/poll/VaultLogic/shared/schema")'.
server/api/projects.ts(52,20): error TS2339: Property 'projects' does not exist on type 'typeof import("C:/Users/scoot/poll/VaultLogic/shared/schema")'.
server/api/projects.ts(53,43): error TS2339: Property 'projectAccess' does not exist on type 'typeof import("C:/Users/scoot/poll/VaultLogic/shared/schema")'.
server/api/projects.ts(54,28): error TS2339: Property 'projectAccess' does not exist on type 'typeof import("C:/Users/scoot/poll/VaultLogic/shared/schema")'.
server/api/projects.ts(55,32): error TS2339: Property 'projectAccess' does not exist on type 'typeof import("C:/Users/scoot/poll/VaultLogic/shared/schema")'.
server/api/projects.ts(65,23): error TS2339: Property 'projects' does not exist on type 'typeof import("C:/Users/scoot/poll/VaultLogic/shared/schema")'.
server/api/projects.ts(71,39): error TS2339: Property 'projects' does not exist on type 'DrizzleTypeError<"Seems like the schema generic is missing - did you forget to add it to your DB type?">'.
server/api/projects.ts(73,31): error TS2339: Property 'projects' does not exist on type 'typeof import("C:/Users/scoot/poll/VaultLogic/shared/schema")'.
server/api/projects.ts(126,24): error TS2339: Property 'projects' does not exist on type 'typeof import("C:/Users/scoot/poll/VaultLogic/shared/schema")'.
server/api/projects.ts(165,38): error TS2339: Property 'projects' does not exist on type 'DrizzleTypeError<"Seems like the schema generic is missing - did you forget to add it to your DB type?">'.
server/api/projects.ts(167,21): error TS2339: Property 'projects' does not exist on type 'typeof import("C:/Users/scoot/poll/VaultLogic/shared/schema")'.
server/api/projects.ts(168,21): error TS2339: Property 'projects' does not exist on type 'typeof import("C:/Users/scoot/poll/VaultLogic/shared/schema")'.
server/api/projects.ts(206,39): error TS2339: Property 'projects' does not exist on type 'DrizzleTypeError<"Seems like the schema generic is missing - did you forget to add it to your DB type?">'.
server/api/projects.ts(208,21): error TS2339: Property 'projects' does not exist on type 'typeof import("C:/Users/scoot/poll/VaultLogic/shared/schema")'.
server/api/projects.ts(209,21): error TS2339: Property 'projects' does not exist on type 'typeof import("C:/Users/scoot/poll/VaultLogic/shared/schema")'.
server/api/projects.ts(219,24): error TS2339: Property 'projects' does not exist on type 'typeof import("C:/Users/scoot/poll/VaultLogic/shared/schema")'.
server/api/projects.ts(225,26): error TS2339: Property 'projects' does not exist on type 'typeof import("C:/Users/scoot/poll/VaultLogic/shared/schema")'.
server/api/projects.ts(254,39): error TS2339: Property 'projects' does not exist on type 'DrizzleTypeError<"Seems like the schema generic is missing - did you forget to add it to your DB type?">'.
server/api/projects.ts(256,21): error TS2339: Property 'projects' does not exist on type 'typeof import("C:/Users/scoot/poll/VaultLogic/shared/schema")'.
server/api/projects.ts(257,21): error TS2339: Property 'projects' does not exist on type 'typeof import("C:/Users/scoot/poll/VaultLogic/shared/schema")'.
server/api/projects.ts(267,24): error TS2339: Property 'projects' does not exist on type 'typeof import("C:/Users/scoot/poll/VaultLogic/shared/schema")'.
server/api/projects.ts(272,26): error TS2339: Property 'projects' does not exist on type 'typeof import("C:/Users/scoot/poll/VaultLogic/shared/schema")'.
server/api/runs.ts(57,39): error TS2339: Property 'workflows' does not exist on type 'DrizzleTypeError<"Seems like the schema generic is missing - did you forget to add it to your DB type?">'.
server/api/runs.ts(58,26): error TS2339: Property 'workflows' does not exist on type 'typeof import("C:/Users/scoot/poll/VaultLogic/shared/schema")'.
server/api/runs.ts(62,30): error TS2339: Property 'workflowVersions' does not exist on type 'typeof import("C:/Users/scoot/poll/VaultLogic/shared/schema")'.
server/api/runs.ts(63,35): error TS2339: Property 'workflowVersions' does not exist on type 'typeof import("C:/Users/scoot/poll/VaultLogic/shared/schema")'.
server/api/runs.ts(79,35): error TS2694: Namespace '"C:/Users/scoot/poll/VaultLogic/shared/schema"' has no exported member 'WorkflowVersion'.
server/api/runs.ts(83,40): error TS2339: Property 'workflowVersions' does not exist on type 'DrizzleTypeError<"Seems like the schema generic is missing - did you forget to add it to your DB type?">'.
server/api/runs.ts(85,23): error TS2339: Property 'workflowVersions' does not exist on type 'typeof import("C:/Users/scoot/poll/VaultLogic/shared/schema")'.
server/api/runs.ts(86,23): error TS2339: Property 'workflowVersions' does not exist on type 'typeof import("C:/Users/scoot/poll/VaultLogic/shared/schema")'.
server/api/runs.ts(214,21): error TS2339: Property 'runs' does not exist on type 'typeof import("C:/Users/scoot/poll/VaultLogic/shared/schema")'.
server/api/runs.ts(218,22): error TS2339: Property 'users' does not exist on type 'typeof import("C:/Users/scoot/poll/VaultLogic/shared/schema")'.
server/api/runs.ts(219,25): error TS2339: Property 'users' does not exist on type 'typeof import("C:/Users/scoot/poll/VaultLogic/shared/schema")'.
server/api/runs.ts(220,28): error TS2339: Property 'users' does not exist on type 'typeof import("C:/Users/scoot/poll/VaultLogic/shared/schema")'.
server/api/runs.ts(223,22): error TS2339: Property 'workflows' does not exist on type 'typeof import("C:/Users/scoot/poll/VaultLogic/shared/schema")'.
server/api/runs.ts(224,24): error TS2339: Property 'workflows' does not exist on type 'typeof import("C:/Users/scoot/poll/VaultLogic/shared/schema")'.
server/api/runs.ts(225,29): error TS2339: Property 'workflows' does not exist on type 'typeof import("C:/Users/scoot/poll/VaultLogic/shared/schema")'.
server/api/runs.ts(228,22): error TS2339: Property 'workflowVersions' does not exist on type 'typeof import("C:/Users/scoot/poll/VaultLogic/shared/schema")'.
server/api/runs.ts(229,27): error TS2339: Property 'workflowVersions' does not exist on type 'typeof import("C:/Users/scoot/poll/VaultLogic/shared/schema")'.
server/api/runs.ts(232,22): error TS2339: Property 'projects' does not exist on type 'typeof import("C:/Users/scoot/poll/VaultLogic/shared/schema")'.
server/api/runs.ts(233,24): error TS2339: Property 'projects' does not exist on type 'typeof import("C:/Users/scoot/poll/VaultLogic/shared/schema")'.
server/api/runs.ts(236,22): error TS2339: Property 'runs' does not exist on type 'typeof import("C:/Users/scoot/poll/VaultLogic/shared/schema")'.
server/api/runs.ts(237,27): error TS2339: Property 'workflowVersions' does not exist on type 'typeof import("C:/Users/scoot/poll/VaultLogic/shared/schema")'.
server/api/runs.ts(237,55): error TS2339: Property 'runs' does not exist on type 'typeof import("C:/Users/scoot/poll/VaultLogic/shared/schema")'.
server/api/runs.ts(237,86): error TS2339: Property 'workflowVersions' does not exist on type 'typeof import("C:/Users/scoot/poll/VaultLogic/shared/schema")'.
server/api/runs.ts(238,27): error TS2339: Property 'workflows' does not exist on type 'typeof import("C:/Users/scoot/poll/VaultLogic/shared/schema")'.
server/api/runs.ts(238,48): error TS2339: Property 'workflowVersions' does not exist on type 'typeof import("C:/Users/scoot/poll/VaultLogic/shared/schema")'.
server/api/runs.ts(238,84): error TS2339: Property 'workflows' does not exist on type 'typeof import("C:/Users/scoot/poll/VaultLogic/shared/schema")'.
server/api/runs.ts(239,26): error TS2339: Property 'projects' does not exist on type 'typeof import("C:/Users/scoot/poll/VaultLogic/shared/schema")'.
server/api/runs.ts(239,46): error TS2339: Property 'workflows' does not exist on type 'typeof import("C:/Users/scoot/poll/VaultLogic/shared/schema")'.
server/api/runs.ts(239,74): error TS2339: Property 'projects' does not exist on type 'typeof import("C:/Users/scoot/poll/VaultLogic/shared/schema")'.
server/api/runs.ts(240,26): error TS2339: Property 'users' does not exist on type 'typeof import("C:/Users/scoot/poll/VaultLogic/shared/schema")'.
server/api/runs.ts(240,43): error TS2339: Property 'runs' does not exist on type 'typeof import("C:/Users/scoot/poll/VaultLogic/shared/schema")'.
server/api/runs.ts(240,66): error TS2339: Property 'users' does not exist on type 'typeof import("C:/Users/scoot/poll/VaultLogic/shared/schema")'.
server/api/runs.ts(247,35): error TS2339: Property 'projects' does not exist on type 'typeof import("C:/Users/scoot/poll/VaultLogic/shared/schema")'.
server/api/runs.ts(252,35): error TS2339: Property 'runs' does not exist on type 'typeof import("C:/Users/scoot/poll/VaultLogic/shared/schema")'.
server/api/runs.ts(257,38): error TS2339: Property 'runs' does not exist on type 'typeof import("C:/Users/scoot/poll/VaultLogic/shared/schema")'.
server/api/runs.ts(260,38): error TS2339: Property 'runs' does not exist on type 'typeof import("C:/Users/scoot/poll/VaultLogic/shared/schema")'.
server/api/runs.ts(265,35): error TS2339: Property 'workflows' does not exist on type 'typeof import("C:/Users/scoot/poll/VaultLogic/shared/schema")'.
server/api/runs.ts(270,35): error TS2339: Property 'workflows' does not exist on type 'typeof import("C:/Users/scoot/poll/VaultLogic/shared/schema")'.
server/api/runs.ts(277,25): error TS2339: Property 'runs' does not exist on type 'typeof import("C:/Users/scoot/poll/VaultLogic/shared/schema")'.
server/api/runs.ts(277,68): error TS2339: Property 'users' does not exist on type 'typeof import("C:/Users/scoot/poll/VaultLogic/shared/schema")'.
server/api/runs.ts(277,109): error TS2339: Property 'projects' does not exist on type 'typeof import("C:/Users/scoot/poll/VaultLogic/shared/schema")'.
server/api/runs.ts(277,152): error TS2339: Property 'workflows' does not exist on type 'typeof import("C:/Users/scoot/poll/VaultLogic/shared/schema")'.
server/api/runs.ts(277,196): error TS2339: Property 'runs' does not exist on type 'typeof import("C:/Users/scoot/poll/VaultLogic/shared/schema")'.
server/api/runs.ts(285,37): error TS2339: Property 'runs' does not exist on type 'typeof import("C:/Users/scoot/poll/VaultLogic/shared/schema")'.
server/api/runs.ts(296,30): error TS2339: Property 'runs' does not exist on type 'typeof import("C:/Users/scoot/poll/VaultLogic/shared/schema")'.
server/api/runs.ts(346,40): error TS2339: Property 'runs' does not exist on type 'typeof import("C:/Users/scoot/poll/VaultLogic/shared/schema")'.
server/api/runs.ts(351,24): error TS2339: Property 'runs' does not exist on type 'typeof import("C:/Users/scoot/poll/VaultLogic/shared/schema")'.
server/api/runs.ts(357,24): error TS2339: Property 'runs' does not exist on type 'typeof import("C:/Users/scoot/poll/VaultLogic/shared/schema")'.
server/api/runs.ts(362,35): error TS2339: Property 'runs' does not exist on type 'DrizzleTypeError<"Seems like the schema generic is missing - did you forget to add it to your DB type?">'.
server/api/runs.ts(364,31): error TS2339: Property 'runs' does not exist on type 'typeof import("C:/Users/scoot/poll/VaultLogic/shared/schema")'.
server/api/runs.ts(494,40): error TS2339: Property 'projects' does not exist on type 'DrizzleTypeError<"Seems like the schema generic is missing - did you forget to add it to your DB type?">'.
server/api/runs.ts(494,78): error TS2339: Property 'projects' does not exist on type 'typeof import("C:/Users/scoot/poll/VaultLogic/shared/schema")'.
server/api/runs.ts(495,40): error TS2339: Property 'projects' does not exist on type 'DrizzleTypeError<"Seems like the schema generic is missing - did you forget to add it to your DB type?">'.
server/api/runs.ts(495,78): error TS2339: Property 'projects' does not exist on type 'typeof import("C:/Users/scoot/poll/VaultLogic/shared/schema")'.
server/api/runs.ts(594,38): error TS2339: Property 'projects' does not exist on type 'DrizzleTypeError<"Seems like the schema generic is missing - did you forget to add it to your DB type?">'.
server/api/runs.ts(595,26): error TS2339: Property 'projects' does not exist on type 'typeof import("C:/Users/scoot/poll/VaultLogic/shared/schema")'.
server/api/runs.ts(645,38): error TS2339: Property 'projects' does not exist on type 'DrizzleTypeError<"Seems like the schema generic is missing - did you forget to add it to your DB type?">'.
server/api/runs.ts(646,26): error TS2339: Property 'projects' does not exist on type 'typeof import("C:/Users/scoot/poll/VaultLogic/shared/schema")'.
server/api/runs.ts(719,38): error TS2339: Property 'projects' does not exist on type 'DrizzleTypeError<"Seems like the schema generic is missing - did you forget to add it to your DB type?">'.
server/api/runs.ts(720,26): error TS2339: Property 'projects' does not exist on type 'typeof import("C:/Users/scoot/poll/VaultLogic/shared/schema")'.
server/api/runs.ts(818,38): error TS2339: Property 'projects' does not exist on type 'DrizzleTypeError<"Seems like the schema generic is missing - did you forget to add it to your DB type?">'.
server/api/runs.ts(819,26): error TS2339: Property 'projects' does not exist on type 'typeof import("C:/Users/scoot/poll/VaultLogic/shared/schema")'.
server/api/runs.ts(827,35): error TS2694: Namespace '"C:/Users/scoot/poll/VaultLogic/shared/schema"' has no exported member 'WorkflowVersion'.
server/api/runs.ts(831,40): error TS2339: Property 'workflowVersions' does not exist on type 'DrizzleTypeError<"Seems like the schema generic is missing - did you forget to add it to your DB type?">'.
server/api/runs.ts(833,23): error TS2339: Property 'workflowVersions' does not exist on type 'typeof import("C:/Users/scoot/poll/VaultLogic/shared/schema")'.
server/api/runs.ts(834,23): error TS2339: Property 'workflowVersions' does not exist on type 'typeof import("C:/Users/scoot/poll/VaultLogic/shared/schema")'.
server/api/runs.ts(955,40): error TS2339: Property 'runs' does not exist on type 'typeof import("C:/Users/scoot/poll/VaultLogic/shared/schema")'.
server/api/runs.ts(960,24): error TS2339: Property 'runs' does not exist on type 'typeof import("C:/Users/scoot/poll/VaultLogic/shared/schema")'.
server/api/runs.ts(966,24): error TS2339: Property 'runs' does not exist on type 'typeof import("C:/Users/scoot/poll/VaultLogic/shared/schema")'.
server/api/runs.ts(971,35): error TS2339: Property 'runs' does not exist on type 'DrizzleTypeError<"Seems like the schema generic is missing - did you forget to add it to your DB type?">'.
server/api/runs.ts(973,31): error TS2339: Property 'runs' does not exist on type 'typeof import("C:/Users/scoot/poll/VaultLogic/shared/schema")'.
server/api/runs.ts(1104,40): error TS2339: Property 'projects' does not exist on type 'DrizzleTypeError<"Seems like the schema generic is missing - did you forget to add it to your DB type?">'.
server/api/runs.ts(1105,28): error TS2339: Property 'projects' does not exist on type 'typeof import("C:/Users/scoot/poll/VaultLogic/shared/schema")'.
server/api/templates.ts(85,39): error TS2339: Property 'templates' does not exist on type 'DrizzleTypeError<"Seems like the schema generic is missing - did you forget to add it to your DB type?">'.
server/api/templates.ts(86,26): error TS2339: Property 'templates' does not exist on type 'typeof import("C:/Users/scoot/poll/VaultLogic/shared/schema")'.
server/api/templates.ts(162,39): error TS2339: Property 'templates' does not exist on type 'DrizzleTypeError<"Seems like the schema generic is missing - did you forget to add it to your DB type?">'.
server/api/templates.ts(163,26): error TS2339: Property 'templates' does not exist on type 'typeof import("C:/Users/scoot/poll/VaultLogic/shared/schema")'.
server/api/templates.ts(239,38): error TS2339: Property 'projects' does not exist on type 'DrizzleTypeError<"Seems like the schema generic is missing - did you forget to add it to your DB type?">'.
server/api/templates.ts(241,21): error TS2339: Property 'projects' does not exist on type 'typeof import("C:/Users/scoot/poll/VaultLogic/shared/schema")'.
server/api/templates.ts(242,21): error TS2339: Property 'projects' does not exist on type 'typeof import("C:/Users/scoot/poll/VaultLogic/shared/schema")'.
server/api/templates.ts(251,42): error TS2339: Property 'templates' does not exist on type 'typeof import("C:/Users/scoot/poll/VaultLogic/shared/schema")'.
server/api/templates.ts(256,42): error TS2339: Property 'templates' does not exist on type 'typeof import("C:/Users/scoot/poll/VaultLogic/shared/schema")'.
server/api/templates.ts(261,40): error TS2339: Property 'templates' does not exist on type 'DrizzleTypeError<"Seems like the schema generic is missing - did you forget to add it to your DB type?">'.
server/api/templates.ts(263,31): error TS2339: Property 'templates' does not exist on type 'typeof import("C:/Users/scoot/poll/VaultLogic/shared/schema")'.
server/api/templates.ts(299,38): error TS2339: Property 'projects' does not exist on type 'DrizzleTypeError<"Seems like the schema generic is missing - did you forget to add it to your DB type?">'.
server/api/templates.ts(301,21): error TS2339: Property 'projects' does not exist on type 'typeof import("C:/Users/scoot/poll/VaultLogic/shared/schema")'.
server/api/templates.ts(302,21): error TS2339: Property 'projects' does not exist on type 'typeof import("C:/Users/scoot/poll/VaultLogic/shared/schema")'.
server/api/templates.ts(374,24): error TS2339: Property 'templates' does not exist on type 'typeof import("C:/Users/scoot/poll/VaultLogic/shared/schema")'.
server/api/templates.ts(415,39): error TS2339: Property 'templates' does not exist on type 'DrizzleTypeError<"Seems like the schema generic is missing - did you forget to add it to your DB type?">'.
server/api/templates.ts(416,26): error TS2339: Property 'templates' does not exist on type 'typeof import("C:/Users/scoot/poll/VaultLogic/shared/schema")'.
server/api/templates.ts(458,39): error TS2339: Property 'templates' does not exist on type 'DrizzleTypeError<"Seems like the schema generic is missing - did you forget to add it to your DB type?">'.
server/api/templates.ts(459,26): error TS2339: Property 'templates' does not exist on type 'typeof import("C:/Users/scoot/poll/VaultLogic/shared/schema")'.
server/api/templates.ts(536,24): error TS2339: Property 'templates' does not exist on type 'typeof import("C:/Users/scoot/poll/VaultLogic/shared/schema")'.
server/api/templates.ts(544,26): error TS2339: Property 'templates' does not exist on type 'typeof import("C:/Users/scoot/poll/VaultLogic/shared/schema")'.
server/api/templates.ts(576,39): error TS2339: Property 'templates' does not exist on type 'DrizzleTypeError<"Seems like the schema generic is missing - did you forget to add it to your DB type?">'.
server/api/templates.ts(577,26): error TS2339: Property 'templates' does not exist on type 'typeof import("C:/Users/scoot/poll/VaultLogic/shared/schema")'.
server/api/templates.ts(596,30): error TS2339: Property 'templates' does not exist on type 'typeof import("C:/Users/scoot/poll/VaultLogic/shared/schema")'.
server/api/templates.ts(596,57): error TS2339: Property 'templates' does not exist on type 'typeof import("C:/Users/scoot/poll/VaultLogic/shared/schema")'.
server/api/templates.ts(624,39): error TS2339: Property 'templates' does not exist on type 'DrizzleTypeError<"Seems like the schema generic is missing - did you forget to add it to your DB type?">'.
server/api/templates.ts(625,26): error TS2339: Property 'templates' does not exist on type 'typeof import("C:/Users/scoot/poll/VaultLogic/shared/schema")'.
server/api/templates.ts(674,39): error TS2339: Property 'templates' does not exist on type 'DrizzleTypeError<"Seems like the schema generic is missing - did you forget to add it to your DB type?">'.
server/api/templates.ts(675,26): error TS2339: Property 'templates' does not exist on type 'typeof import("C:/Users/scoot/poll/VaultLogic/shared/schema")'.
server/api/templates.ts(743,39): error TS2339: Property 'templates' does not exist on type 'DrizzleTypeError<"Seems like the schema generic is missing - did you forget to add it to your DB type?">'.
server/api/templates.ts(744,26): error TS2339: Property 'templates' does not exist on type 'typeof import("C:/Users/scoot/poll/VaultLogic/shared/schema")'.
server/api/templates.ts(810,39): error TS2339: Property 'templates' does not exist on type 'DrizzleTypeError<"Seems like the schema generic is missing - did you forget to add it to your DB type?">'.
server/api/templates.ts(811,26): error TS2339: Property 'templates' does not exist on type 'typeof import("C:/Users/scoot/poll/VaultLogic/shared/schema")'.
server/api/templates.ts(871,39): error TS2339: Property 'templates' does not exist on type 'DrizzleTypeError<"Seems like the schema generic is missing - did you forget to add it to your DB type?">'.
server/api/templates.ts(872,26): error TS2339: Property 'templates' does not exist on type 'typeof import("C:/Users/scoot/poll/VaultLogic/shared/schema")'.
server/api/templates.ts(922,39): error TS2339: Property 'templates' does not exist on type 'DrizzleTypeError<"Seems like the schema generic is missing - did you forget to add it to your DB type?">'.
server/api/templates.ts(923,26): error TS2339: Property 'templates' does not exist on type 'typeof import("C:/Users/scoot/poll/VaultLogic/shared/schema")'.
server/api/templates.ts(969,39): error TS2339: Property 'templates' does not exist on type 'DrizzleTypeError<"Seems like the schema generic is missing - did you forget to add it to your DB type?">'.
server/api/templates.ts(970,26): error TS2339: Property 'templates' does not exist on type 'typeof import("C:/Users/scoot/poll/VaultLogic/shared/schema")'.
server/api/templates.ts(1029,39): error TS2339: Property 'templates' does not exist on type 'DrizzleTypeError<"Seems like the schema generic is missing - did you forget to add it to your DB type?">'.
server/api/templates.ts(1030,26): error TS2339: Property 'templates' does not exist on type 'typeof import("C:/Users/scoot/poll/VaultLogic/shared/schema")'.
server/api/templates.ts(1084,39): error TS2339: Property 'templates' does not exist on type 'DrizzleTypeError<"Seems like the schema generic is missing - did you forget to add it to your DB type?">'.
server/api/templates.ts(1085,26): error TS2339: Property 'templates' does not exist on type 'typeof import("C:/Users/scoot/poll/VaultLogic/shared/schema")'.
server/api/templates.ts(1130,39): error TS2339: Property 'templates' does not exist on type 'DrizzleTypeError<"Seems like the schema generic is missing - did you forget to add it to your DB type?">'.
server/api/templates.ts(1131,26): error TS2339: Property 'templates' does not exist on type 'typeof import("C:/Users/scoot/poll/VaultLogic/shared/schema")'.
server/api/workflows.ts(55,38): error TS2339: Property 'projects' does not exist on type 'DrizzleTypeError<"Seems like the schema generic is missing - did you forget to add it to your DB type?">'.
server/api/workflows.ts(57,21): error TS2339: Property 'projects' does not exist on type 'typeof import("C:/Users/scoot/poll/VaultLogic/shared/schema")'.
server/api/workflows.ts(58,21): error TS2339: Property 'projects' does not exist on type 'typeof import("C:/Users/scoot/poll/VaultLogic/shared/schema")'.
server/api/workflows.ts(67,42): error TS2339: Property 'workflows' does not exist on type 'typeof import("C:/Users/scoot/poll/VaultLogic/shared/schema")'.
server/api/workflows.ts(70,40): error TS2339: Property 'workflows' does not exist on type 'typeof import("C:/Users/scoot/poll/VaultLogic/shared/schema")'.
server/api/workflows.ts(74,43): error TS2339: Property 'workflows' does not exist on type 'typeof import("C:/Users/scoot/poll/VaultLogic/shared/schema")'.
server/api/workflows.ts(80,42): error TS2339: Property 'workflows' does not exist on type 'typeof import("C:/Users/scoot/poll/VaultLogic/shared/schema")'.
server/api/workflows.ts(85,40): error TS2339: Property 'workflows' does not exist on type 'DrizzleTypeError<"Seems like the schema generic is missing - did you forget to add it to your DB type?">'.
server/api/workflows.ts(87,31): error TS2339: Property 'workflows' does not exist on type 'typeof import("C:/Users/scoot/poll/VaultLogic/shared/schema")'.
server/api/workflows.ts(125,38): error TS2339: Property 'projects' does not exist on type 'DrizzleTypeError<"Seems like the schema generic is missing - did you forget to add it to your DB type?">'.
server/api/workflows.ts(127,21): error TS2339: Property 'projects' does not exist on type 'typeof import("C:/Users/scoot/poll/VaultLogic/shared/schema")'.
server/api/workflows.ts(128,21): error TS2339: Property 'projects' does not exist on type 'typeof import("C:/Users/scoot/poll/VaultLogic/shared/schema")'.
server/api/workflows.ts(152,26): error TS2339: Property 'workflows' does not exist on type 'typeof import("C:/Users/scoot/poll/VaultLogic/shared/schema")'.
server/api/workflows.ts(167,26): error TS2339: Property 'workflowVersions' does not exist on type 'typeof import("C:/Users/scoot/poll/VaultLogic/shared/schema")'.
server/api/workflows.ts(178,26): error TS2339: Property 'workflows' does not exist on type 'typeof import("C:/Users/scoot/poll/VaultLogic/shared/schema")'.
server/api/workflows.ts(180,28): error TS2339: Property 'workflows' does not exist on type 'typeof import("C:/Users/scoot/poll/VaultLogic/shared/schema")'.
server/api/workflows.ts(216,39): error TS2339: Property 'workflows' does not exist on type 'DrizzleTypeError<"Seems like the schema generic is missing - did you forget to add it to your DB type?">'.
server/api/workflows.ts(217,26): error TS2339: Property 'workflows' does not exist on type 'typeof import("C:/Users/scoot/poll/VaultLogic/shared/schema")'.
server/api/workflows.ts(265,39): error TS2339: Property 'workflows' does not exist on type 'DrizzleTypeError<"Seems like the schema generic is missing - did you forget to add it to your DB type?">'.
server/api/workflows.ts(266,26): error TS2339: Property 'workflows' does not exist on type 'typeof import("C:/Users/scoot/poll/VaultLogic/shared/schema")'.
server/api/workflows.ts(312,28): error TS2339: Property 'workflows' does not exist on type 'typeof import("C:/Users/scoot/poll/VaultLogic/shared/schema")'.
server/api/workflows.ts(314,30): error TS2339: Property 'workflows' does not exist on type 'typeof import("C:/Users/scoot/poll/VaultLogic/shared/schema")'.
server/api/workflows.ts(320,28): error TS2339: Property 'workflowVersions' does not exist on type 'typeof import("C:/Users/scoot/poll/VaultLogic/shared/schema")'.
server/api/workflows.ts(325,30): error TS2339: Property 'workflowVersions' does not exist on type 'typeof import("C:/Users/scoot/poll/VaultLogic/shared/schema")'.
server/api/workflows.ts(329,25): error TS2339: Property 'workflows' does not exist on type 'DrizzleTypeError<"Seems like the schema generic is missing - did you forget to add it to your DB type?">'.
server/api/workflows.ts(330,28): error TS2339: Property 'workflows' does not exist on type 'typeof import("C:/Users/scoot/poll/VaultLogic/shared/schema")'.
server/api/workflows.ts(368,39): error TS2339: Property 'workflows' does not exist on type 'DrizzleTypeError<"Seems like the schema generic is missing - did you forget to add it to your DB type?">'.
server/api/workflows.ts(369,26): error TS2339: Property 'workflows' does not exist on type 'typeof import("C:/Users/scoot/poll/VaultLogic/shared/schema")'.
server/api/workflows.ts(418,26): error TS2339: Property 'workflowVersions' does not exist on type 'typeof import("C:/Users/scoot/poll/VaultLogic/shared/schema")'.
server/api/workflows.ts(423,28): error TS2339: Property 'workflowVersions' does not exist on type 'typeof import("C:/Users/scoot/poll/VaultLogic/shared/schema")'.
server/api/workflows.ts(427,26): error TS2339: Property 'workflows' does not exist on type 'typeof import("C:/Users/scoot/poll/VaultLogic/shared/schema")'.
server/api/workflows.ts(432,28): error TS2339: Property 'workflows' does not exist on type 'typeof import("C:/Users/scoot/poll/VaultLogic/shared/schema")'.
server/api/workflows.ts(435,25): error TS2339: Property 'workflows' does not exist on type 'DrizzleTypeError<"Seems like the schema generic is missing - did you forget to add it to your DB type?">'.
server/api/workflows.ts(436,28): error TS2339: Property 'workflows' does not exist on type 'typeof import("C:/Users/scoot/poll/VaultLogic/shared/schema")'.
server/api/workflows.ts(470,39): error TS2339: Property 'workflows' does not exist on type 'DrizzleTypeError<"Seems like the schema generic is missing - did you forget to add it to your DB type?">'.
server/api/workflows.ts(471,26): error TS2339: Property 'workflows' does not exist on type 'typeof import("C:/Users/scoot/poll/VaultLogic/shared/schema")'.
server/api/workflows.ts(489,42): error TS2339: Property 'workflowVersions' does not exist on type 'typeof import("C:/Users/scoot/poll/VaultLogic/shared/schema")'.
server/api/workflows.ts(494,42): error TS2339: Property 'workflowVersions' does not exist on type 'typeof import("C:/Users/scoot/poll/VaultLogic/shared/schema")'.
server/api/workflows.ts(499,39): error TS2339: Property 'workflowVersions' does not exist on type 'DrizzleTypeError<"Seems like the schema generic is missing - did you forget to add it to your DB type?">'.
server/api/workflows.ts(501,31): error TS2339: Property 'workflowVersions' does not exist on type 'typeof import("C:/Users/scoot/poll/VaultLogic/shared/schema")'.
server/api/workflows.ts(544,38): error TS2339: Property 'workflowVersions' does not exist on type 'DrizzleTypeError<"Seems like the schema generic is missing - did you forget to add it to your DB type?">'.
server/api/workflows.ts(545,26): error TS2339: Property 'workflowVersions' does not exist on type 'typeof import("C:/Users/scoot/poll/VaultLogic/shared/schema")'.
server/api/workflows.ts(612,39): error TS2339: Property 'workflows' does not exist on type 'DrizzleTypeError<"Seems like the schema generic is missing - did you forget to add it to your DB type?">'.
server/api/workflows.ts(613,26): error TS2339: Property 'workflows' does not exist on type 'typeof import("C:/Users/scoot/poll/VaultLogic/shared/schema")'.
server/api/workflows.ts(690,39): error TS2339: Property 'workflows' does not exist on type 'DrizzleTypeError<"Seems like the schema generic is missing - did you forget to add it to your DB type?">'.
server/api/workflows.ts(691,26): error TS2339: Property 'workflows' does not exist on type 'typeof import("C:/Users/scoot/poll/VaultLogic/shared/schema")'.
server/engine/index.ts(1,15): error TS2305: Module '"@shared/schema"' has no exported member 'WorkflowVersion'.
server/engine/nodes/data.ts(112,21): error TS18046: 'write' is of type 'unknown'.
server/engine/nodes/data.ts(117,57): error TS18046: 'write' is of type 'unknown'.
server/engine/nodes/final.ts(73,45): error TS2339: Property 'templates' does not exist on type 'DrizzleTypeError<"Seems like the schema generic is missing - did you forget to add it to your DB type?">'.
server/engine/nodes/final.ts(74,34): error TS2339: Property 'templates' does not exist on type 'typeof import("C:/Users/scoot/poll/VaultLogic/shared/schema")'.
server/engine/nodes/template.ts(102,38): error TS2339: Property 'workflowTemplates' does not exist on type 'DrizzleTypeError<"Seems like the schema generic is missing - did you forget to add it to your DB type?">'.
server/engine/nodes/template.ts(104,21): error TS2339: Property 'workflowTemplates' does not exist on type 'typeof import("C:/Users/scoot/poll/VaultLogic/shared/schema")'.
server/engine/nodes/template.ts(105,21): error TS2339: Property 'workflowTemplates' does not exist on type 'typeof import("C:/Users/scoot/poll/VaultLogic/shared/schema")'.
server/engine/nodes/template.ts(125,33): error TS2339: Property 'templates' does not exist on type 'DrizzleTypeError<"Seems like the schema generic is missing - did you forget to add it to your DB type?">'.
server/engine/nodes/template.ts(126,26): error TS2339: Property 'templates' does not exist on type 'typeof import("C:/Users/scoot/poll/VaultLogic/shared/schema")'.
server/engine/nodes/template.ts(229,30): error TS2339: Property 'runOutputs' does not exist on type 'typeof import("C:/Users/scoot/poll/VaultLogic/shared/schema")'.
server/engine/nodes/template.ts(254,30): error TS2339: Property 'runOutputs' does not exist on type 'typeof import("C:/Users/scoot/poll/VaultLogic/shared/schema")'.
server/googleAuth.ts(45,13): error TS2339: Property 'tenants' does not exist on type 'typeof import("C:/Users/scoot/poll/VaultLogic/shared/schema")'.
server/jobs/metricsRollup.ts(11,3): error TS2305: Module '"../../shared/schema"' has no exported member 'metricsEvents'.
server/jobs/metricsRollup.ts(12,3): error TS2305: Module '"../../shared/schema"' has no exported member 'metricsRollups'.
server/jobs/metricsRollup.ts(13,8): error TS2305: Module '"../../shared/schema"' has no exported member 'InsertMetricsRollup'.
server/lib/ai/personalization.ts(4,15): error TS2305: Module '"../../../shared/schema"' has no exported member 'UserPersonalizationSettings'.
server/lib/ai/personalization.ts(4,49): error TS2305: Module '"../../../shared/schema"' has no exported member 'WorkflowPersonalizationSettings'.
server/lib/ai/transformGenerator.ts(4,10): error TS2305: Module '"shared/schema"' has no exported member 'TransformBlock'.
server/lib/ai/transformGenerator.ts(4,26): error TS2305: Module '"shared/schema"' has no exported member 'transformBlockTypeEnum'.
server/lib/ai/transformRevision.ts(3,10): error TS2305: Module '"shared/schema"' has no exported member 'TransformBlock'.
server/lib/ai/transformRevision.ts(3,26): error TS2305: Module '"shared/schema"' has no exported member 'TransformResult'.
server/lib/audit/auditLogger.ts(2,10): error TS2305: Module '"@shared/schema"' has no exported member 'auditLogs'.
server/lib/authz/checkPermission.ts(4,10): error TS2305: Module '"@shared/schema"' has no exported member 'workspaceMembers'.
server/lib/authz/checkPermission.ts(4,28): error TS2305: Module '"@shared/schema"' has no exported member 'workspaceRoleEnum'.
server/lib/authz/checkPermission.ts(4,47): error TS2305: Module '"@shared/schema"' has no exported member 'resourcePermissions'.
server/lib/authz/checkPermission.ts(37,35): error TS2339: Property 'workspaceMembers' does not exist on type 'DrizzleTypeError<"Seems like the schema generic is missing - did you forget to add it to your DB type?">'.
server/lib/authz/checkPermission.ts(55,41): error TS2339: Property 'resourcePermissions' does not exist on type 'DrizzleTypeError<"Seems like the schema generic is missing - did you forget to add it to your DB type?">'.
server/lib/authz/externalAuth.ts(7,10): error TS2305: Module '"@shared/schema"' has no exported member 'oauthAccessTokens'.
server/lib/authz/externalAuth.ts(7,29): error TS2305: Module '"@shared/schema"' has no exported member 'apiKeys'.
server/lib/authz/externalAuth.ts(33,48): error TS2339: Property 'oauthAccessTokens' does not exist on type 'DrizzleTypeError<"Seems like the schema generic is missing - did you forget to add it to your DB type?">'.
server/lib/authz/externalAuth.ts(69,46): error TS2339: Property 'apiKeys' does not exist on type 'DrizzleTypeError<"Seems like the schema generic is missing - did you forget to add it to your DB type?">'.
server/lib/billing/SubscriptionService.ts(4,10): error TS2305: Module '"@shared/schema"' has no exported member 'organizations'.
server/lib/billing/SubscriptionService.ts(4,25): error TS2305: Module '"@shared/schema"' has no exported member 'billingPlans'.
server/lib/billing/SubscriptionService.ts(4,39): error TS2305: Module '"@shared/schema"' has no exported member 'subscriptions'.
server/lib/billing/SubscriptionService.ts(4,54): error TS2305: Module '"@shared/schema"' has no exported member 'subscriptionSeats'.
server/lib/billing/SubscriptionService.ts(4,73): error TS2305: Module '"@shared/schema"' has no exported member 'customerBillingInfo'.
server/lib/billing/SubscriptionService.ts(4,94): error TS2305: Module '"@shared/schema"' has no exported member 'usageRecords'.
server/lib/billing/SubscriptionService.ts(20,36): error TS2339: Property 'subscriptions' does not exist on type 'DrizzleTypeError<"Seems like the schema generic is missing - did you forget to add it to your DB type?">'.
server/lib/billing/SubscriptionService.ts(75,39): error TS2339: Property 'billingPlans' does not exist on type 'DrizzleTypeError<"Seems like the schema generic is missing - did you forget to add it to your DB type?">'.
server/lib/metering/usageAggregator.ts(4,10): error TS2305: Module '"@shared/schema"' has no exported member 'usageRecords'.
server/lib/metering/usageMeter.ts(4,10): error TS2305: Module '"@shared/schema"' has no exported member 'usageRecords'.
server/lib/queries/QueryRunner.ts(4,10): error TS2305: Module '"@shared/schema"' has no exported member 'datavaultRows'.
server/lib/queries/QueryRunner.ts(4,25): error TS2305: Module '"@shared/schema"' has no exported member 'datavaultValues'.
server/lib/templates/TemplateService.ts(7,5): error TS2305: Module '"@shared/schema"' has no exported member 'workflows'.
server/lib/templates/TemplateService.ts(8,5): error TS2305: Module '"@shared/schema"' has no exported member 'workflowVersions'.
server/lib/templates/TemplateService.ts(9,5): error TS2305: Module '"@shared/schema"' has no exported member 'projects'.
server/lib/templates/TemplateService.ts(10,10): error TS2305: Module '"@shared/schema"' has no exported member 'Workflow'.
server/lib/templates/TemplateService.ts(11,10): error TS2305: Module '"@shared/schema"' has no exported member 'WorkflowVersion'.
server/lib/templates/TemplateService.ts(51,41): error TS2339: Property 'workflows' does not exist on type 'DrizzleTypeError<"Seems like the schema generic is missing - did you forget to add it to your DB type?">'.
server/lib/tenancy/tenantContext.ts(4,10): error TS2305: Module '"@shared/schema"' has no exported member 'workspaces'.
server/lib/tenancy/tenantContext.ts(23,42): error TS2339: Property 'workspaces' does not exist on type 'DrizzleTypeError<"Seems like the schema generic is missing - did you forget to add it to your DB type?">'.
server/lib/transforms/debugger.ts(1,10): error TS2305: Module '"shared/schema"' has no exported member 'TransformBlock'.
server/lib/transforms/debugger.ts(1,26): error TS2305: Module '"shared/schema"' has no exported member 'TransformIssue'.
server/lib/transforms/debugger.ts(1,42): error TS2305: Module '"shared/schema"' has no exported member 'TransformFix'.
server/lib/transforms/optimizer/collapseTransforms.ts(1,10): error TS2305: Module '"shared/schema"' has no exported member 'TransformBlock'.
server/lib/transforms/optimizer/detectOverwrites.ts(1,10): error TS2305: Module '"shared/schema"' has no exported member 'TransformBlock'.
server/lib/transforms/optimizer/foldConstants.ts(1,10): error TS2305: Module '"shared/schema"' has no exported member 'TransformBlock'.
server/lib/transforms/optimizer/inlineCommonTransforms.ts(1,10): error TS2305: Module '"shared/schema"' has no exported member 'TransformBlock'.
server/lib/transforms/optimizer/removeUnusedTransforms.ts(1,10): error TS2305: Module '"shared/schema"' has no exported member 'TransformBlock'.
server/lib/transforms/optimizer/reorderTransforms.ts(1,10): error TS2305: Module '"shared/schema"' has no exported member 'TransformBlock'.
server/lib/transforms/schemaAlign.ts(3,10): error TS2305: Module '"shared/schema"' has no exported member 'TransformBlock'.
server/lib/webhooks/dispatcher.ts(4,10): error TS2305: Module '"@shared/schema"' has no exported member 'webhookSubscriptions'.
server/lib/webhooks/dispatcher.ts(4,32): error TS2305: Module '"@shared/schema"' has no exported member 'webhookEvents'.
server/lib/webhooks/dispatcher.ts(20,41): error TS2339: Property 'webhookSubscriptions' does not exist on type 'DrizzleTypeError<"Seems like the schema generic is missing - did you forget to add it to your DB type?">'.
server/middleware/aclAuth.ts(1,15): error TS2305: Module '"@shared/schema"' has no exported member 'AccessRole'.
server/middleware/apiTokenAuth.ts(1,15): error TS2305: Module '"@shared/schema"' has no exported member 'DatavaultApiToken'.
server/middleware/errorHandler.examples.ts(320,15): error TS2339: Property 'email' does not exist on type 'unknown'.
server/middleware/requireUser.ts(1,15): error TS2305: Module '"@shared/schema"' has no exported member 'User'.
server/middleware/runTokenAuth.ts(3,10): error TS2305: Module '"@shared/schema"' has no exported member 'workflowRuns'.
server/queues/DocumentGenerationWorker.ts(19,10): error TS2305: Module '"../../shared/schema"' has no exported member 'runGeneratedDocuments'.
server/queues/DocumentGenerationWorker.ts(19,33): error TS2305: Module '"../../shared/schema"' has no exported member 'workflowRuns'.
server/realtime/auth.ts(6,10): error TS2305: Module '"../../shared/schema"' has no exported member 'workflows'.
server/realtime/auth.ts(138,35): error TS2339: Property 'workflows' does not exist on type 'DrizzleTypeError<"Seems like the schema generic is missing - did you forget to add it to your DB type?">'.
server/realtime/persistence.ts(5,10): error TS2305: Module '"../../shared/schema"' has no exported member 'collabDocs'.
server/realtime/persistence.ts(5,22): error TS2305: Module '"../../shared/schema"' has no exported member 'collabUpdates'.
server/realtime/persistence.ts(5,37): error TS2305: Module '"../../shared/schema"' has no exported member 'collabSnapshots'.
server/realtime/persistence.ts(108,37): error TS2339: Property 'collabDocs' does not exist on type 'DrizzleTypeError<"Seems like the schema generic is missing - did you forget to add it to your DB type?">'.
server/realtime/persistence.ts(146,37): error TS2339: Property 'collabSnapshots' does not exist on type 'DrizzleTypeError<"Seems like the schema generic is missing - did you forget to add it to your DB type?">'.
server/realtime/persistence.ts(157,38): error TS2339: Property 'collabUpdates' does not exist on type 'DrizzleTypeError<"Seems like the schema generic is missing - did you forget to add it to your DB type?">'.
server/realtime/persistence.ts(173,38): error TS2339: Property 'collabUpdates' does not exist on type 'DrizzleTypeError<"Seems like the schema generic is missing - did you forget to add it to your DB type?">'.
server/realtime/persistence.ts(200,39): error TS2339: Property 'collabUpdates' does not exist on type 'DrizzleTypeError<"Seems like the schema generic is missing - did you forget to add it to your DB type?">'.
server/realtime/persistence.ts(249,39): error TS2339: Property 'collabUpdates' does not exist on type 'DrizzleTypeError<"Seems like the schema generic is missing - did you forget to add it to your DB type?">'.
server/realtime/persistence.ts(378,36): error TS2339: Property 'collabUpdates' does not exist on type 'DrizzleTypeError<"Seems like the schema generic is missing - did you forget to add it to your DB type?">'.
server/realtime/persistence.ts(382,38): error TS2339: Property 'collabSnapshots' does not exist on type 'DrizzleTypeError<"Seems like the schema generic is missing - did you forget to add it to your DB type?">'.
server/repositories/AclRepository.ts(3,10): error TS2305: Module '"@shared/schema"' has no exported member 'projectAccess'.
server/repositories/AclRepository.ts(3,25): error TS2305: Module '"@shared/schema"' has no exported member 'workflowAccess'.
server/repositories/AclRepository.ts(5,3): error TS2305: Module '"@shared/schema"' has no exported member 'ProjectAccess'.
server/repositories/AclRepository.ts(6,3): error TS2305: Module '"@shared/schema"' has no exported member 'InsertProjectAccess'.
server/repositories/AclRepository.ts(7,3): error TS2305: Module '"@shared/schema"' has no exported member 'WorkflowAccess'.
server/repositories/AclRepository.ts(8,3): error TS2305: Module '"@shared/schema"' has no exported member 'InsertWorkflowAccess'.
server/repositories/AclRepository.ts(9,3): error TS2305: Module '"@shared/schema"' has no exported member 'PrincipalType'.
server/repositories/AnalyticsRepository.ts(4,3): error TS2305: Module '"@shared/schema"' has no exported member 'analyticsEvents'.
server/repositories/AnalyticsRepository.ts(5,3): error TS2305: Module '"@shared/schema"' has no exported member 'questions'.
server/repositories/AnalyticsRepository.ts(6,3): error TS2305: Module '"@shared/schema"' has no exported member 'surveyPages'.
server/repositories/AnalyticsRepository.ts(7,3): error TS2305: Module '"@shared/schema"' has no exported member 'answers'.
server/repositories/AnalyticsRepository.ts(8,3): error TS2305: Module '"@shared/schema"' has no exported member 'responses'.
server/repositories/AnalyticsRepository.ts(9,8): error TS2305: Module '"@shared/schema"' has no exported member 'AnalyticsEvent'.
server/repositories/AnalyticsRepository.ts(10,3): error TS2305: Module '"@shared/schema"' has no exported member 'insertAnalyticsEventSchema'.
server/repositories/BlockRepository.ts(3,10): error TS2305: Module '"@shared/schema"' has no exported member 'blocks'.
server/repositories/BlockRepository.ts(3,23): error TS2305: Module '"@shared/schema"' has no exported member 'Block'.
server/repositories/BlockRepository.ts(3,35): error TS2305: Module '"@shared/schema"' has no exported member 'InsertBlock'.
server/repositories/CollectionFieldRepository.ts(3,10): error TS2305: Module '"@shared/schema"' has no exported member 'collectionFields'.
server/repositories/CollectionFieldRepository.ts(3,33): error TS2305: Module '"@shared/schema"' has no exported member 'CollectionField'.
server/repositories/CollectionFieldRepository.ts(3,55): error TS2305: Module '"@shared/schema"' has no exported member 'InsertCollectionField'.
server/repositories/CollectionRepository.ts(3,10): error TS2305: Module '"@shared/schema"' has no exported member 'collections'.
server/repositories/CollectionRepository.ts(3,28): error TS2305: Module '"@shared/schema"' has no exported member 'Collection'.
server/repositories/CollectionRepository.ts(3,45): error TS2305: Module '"@shared/schema"' has no exported member 'InsertCollection'.
server/repositories/DatavaultApiTokensRepository.ts(4,3): error TS2305: Module '"@shared/schema"' has no exported member 'datavaultApiTokens'.
server/repositories/DatavaultApiTokensRepository.ts(5,8): error TS2305: Module '"@shared/schema"' has no exported member 'DatavaultApiToken'.
server/repositories/DatavaultApiTokensRepository.ts(6,8): error TS2305: Module '"@shared/schema"' has no exported member 'InsertDatavaultApiToken'.
server/repositories/DatavaultColumnsRepository.ts(4,3): error TS2305: Module '"@shared/schema"' has no exported member 'datavaultColumns'.
server/repositories/DatavaultColumnsRepository.ts(5,8): error TS2305: Module '"@shared/schema"' has no exported member 'DatavaultColumn'.
server/repositories/DatavaultColumnsRepository.ts(6,8): error TS2305: Module '"@shared/schema"' has no exported member 'InsertDatavaultColumn'.
server/repositories/DatavaultDatabasesRepository.ts(3,10): error TS2305: Module '"../../shared/schema"' has no exported member 'datavaultDatabases'.
server/repositories/DatavaultDatabasesRepository.ts(3,30): error TS2305: Module '"../../shared/schema"' has no exported member 'datavaultTables'.
server/repositories/DatavaultDatabasesRepository.ts(3,47): error TS2305: Module '"../../shared/schema"' has no exported member 'workflowDataSources'.
server/repositories/DatavaultDatabasesRepository.ts(3,68): error TS2305: Module '"../../shared/schema"' has no exported member 'projects'.
server/repositories/DatavaultDatabasesRepository.ts(3,78): error TS2305: Module '"../../shared/schema"' has no exported member 'workflows'.
server/repositories/DatavaultDatabasesRepository.ts(3,89): error TS2305: Module '"../../shared/schema"' has no exported member 'projectAccess'.
server/repositories/DatavaultDatabasesRepository.ts(3,104): error TS2305: Module '"../../shared/schema"' has no exported member 'workflowAccess'.
server/repositories/DatavaultDatabasesRepository.ts(3,120): error TS2305: Module '"../../shared/schema"' has no exported member 'organizations'.
server/repositories/DatavaultDatabasesRepository.ts(8,15): error TS2305: Module '"../../shared/schema"' has no exported member 'DatavaultDatabase'.
server/repositories/DatavaultDatabasesRepository.ts(8,34): error TS2305: Module '"../../shared/schema"' has no exported member 'InsertDatavaultDatabase'.
server/repositories/DatavaultDatabasesRepository.ts(8,59): error TS2305: Module '"../../shared/schema"' has no exported member 'DatavaultScopeType'.
server/repositories/DatavaultRowNotesRepository.ts(4,3): error TS2305: Module '"@shared/schema"' has no exported member 'datavaultRowNotes'.
server/repositories/DatavaultRowNotesRepository.ts(5,8): error TS2305: Module '"@shared/schema"' has no exported member 'DatavaultRowNote'.
server/repositories/DatavaultRowNotesRepository.ts(6,8): error TS2305: Module '"@shared/schema"' has no exported member 'InsertDatavaultRowNote'.
server/repositories/DatavaultRowsRepository.ts(4,3): error TS2305: Module '"@shared/schema"' has no exported member 'datavaultRows'.
server/repositories/DatavaultRowsRepository.ts(5,3): error TS2305: Module '"@shared/schema"' has no exported member 'datavaultValues'.
server/repositories/DatavaultRowsRepository.ts(6,3): error TS2305: Module '"@shared/schema"' has no exported member 'datavaultColumns'.
server/repositories/DatavaultRowsRepository.ts(7,3): error TS2305: Module '"@shared/schema"' has no exported member 'datavaultTables'.
server/repositories/DatavaultRowsRepository.ts(8,8): error TS2305: Module '"@shared/schema"' has no exported member 'DatavaultRow'.
server/repositories/DatavaultRowsRepository.ts(9,8): error TS2305: Module '"@shared/schema"' has no exported member 'InsertDatavaultRow'.
server/repositories/DatavaultRowsRepository.ts(10,8): error TS2305: Module '"@shared/schema"' has no exported member 'DatavaultValue'.
server/repositories/DatavaultRowsRepository.ts(11,8): error TS2305: Module '"@shared/schema"' has no exported member 'InsertDatavaultValue'.
server/repositories/DatavaultTablePermissionsRepository.ts(4,3): error TS2305: Module '"@shared/schema"' has no exported member 'datavaultTablePermissions'.
server/repositories/DatavaultTablePermissionsRepository.ts(5,8): error TS2305: Module '"@shared/schema"' has no exported member 'DatavaultTablePermission'.
server/repositories/DatavaultTablePermissionsRepository.ts(6,8): error TS2305: Module '"@shared/schema"' has no exported member 'InsertDatavaultTablePermission'.
server/repositories/DatavaultTablesRepository.ts(3,10): error TS2305: Module '"@shared/schema"' has no exported member 'datavaultTables'.
server/repositories/DatavaultTablesRepository.ts(3,27): error TS2305: Module '"@shared/schema"' has no exported member 'datavaultColumns'.
server/repositories/DatavaultTablesRepository.ts(3,45): error TS2305: Module '"@shared/schema"' has no exported member 'datavaultTablePermissions'.
server/repositories/DatavaultTablesRepository.ts(3,77): error TS2305: Module '"@shared/schema"' has no exported member 'DatavaultTable'.
server/repositories/DatavaultTablesRepository.ts(3,98): error TS2305: Module '"@shared/schema"' has no exported member 'InsertDatavaultTable'.
server/repositories/DatavaultWritebackMappingsRepository.ts(4,3): error TS2305: Module '"@shared/schema"' has no exported member 'datavaultWritebackMappings'.
server/repositories/DatavaultWritebackMappingsRepository.ts(5,8): error TS2305: Module '"@shared/schema"' has no exported member 'DatavaultWritebackMapping'.
server/repositories/DatavaultWritebackMappingsRepository.ts(6,8): error TS2305: Module '"@shared/schema"' has no exported member 'InsertDatavaultWritebackMapping'.
server/repositories/DocumentHookRepository.ts(4,3): error TS2305: Module '"@shared/schema"' has no exported member 'documentHooks'.
server/repositories/DocumentHookRepository.ts(5,8): error TS2305: Module '"@shared/schema"' has no exported member 'DocumentHook'.
server/repositories/DocumentHookRepository.ts(6,8): error TS2305: Module '"@shared/schema"' has no exported member 'InsertDocumentHook'.
server/repositories/DocumentTemplateRepository.ts(3,10): error TS2305: Module '"@shared/schema"' has no exported member 'templates'.
server/repositories/DocumentTemplateRepository.ts(3,26): error TS2305: Module '"@shared/schema"' has no exported member 'Template'.
server/repositories/DocumentTemplateRepository.ts(3,41): error TS2305: Module '"@shared/schema"' has no exported member 'InsertTemplate'.
server/repositories/ExternalDestinationsRepository.ts(3,10): error TS2305: Module '"@shared/schema"' has no exported member 'externalDestinations'.
server/repositories/FileRepository.ts(3,10): error TS2305: Module '"@shared/schema"' has no exported member 'files'.
server/repositories/FileRepository.ts(3,22): error TS2305: Module '"@shared/schema"' has no exported member 'File'.
server/repositories/FileRepository.ts(3,33): error TS2305: Module '"@shared/schema"' has no exported member 'InsertFile'.
server/repositories/LifecycleHookRepository.ts(4,3): error TS2305: Module '"@shared/schema"' has no exported member 'lifecycleHooks'.
server/repositories/LifecycleHookRepository.ts(5,8): error TS2305: Module '"@shared/schema"' has no exported member 'LifecycleHook'.
server/repositories/LifecycleHookRepository.ts(6,8): error TS2305: Module '"@shared/schema"' has no exported member 'InsertLifecycleHook'.
server/repositories/LogicRuleRepository.ts(3,10): error TS2305: Module '"@shared/schema"' has no exported member 'logicRules'.
server/repositories/LogicRuleRepository.ts(3,27): error TS2305: Module '"@shared/schema"' has no exported member 'LogicRule'.
server/repositories/LogicRuleRepository.ts(3,43): error TS2305: Module '"@shared/schema"' has no exported member 'InsertLogicRule'.
server/repositories/ProjectRepository.ts(3,10): error TS2305: Module '"@shared/schema"' has no exported member 'projects'.
server/repositories/ProjectRepository.ts(3,20): error TS2305: Module '"@shared/schema"' has no exported member 'organizations'.
server/repositories/ProjectRepository.ts(3,40): error TS2305: Module '"@shared/schema"' has no exported member 'Project'.
server/repositories/ProjectRepository.ts(3,54): error TS2305: Module '"@shared/schema"' has no exported member 'InsertProject'.
server/repositories/RecordRepository.ts(3,10): error TS2305: Module '"@shared/schema"' has no exported member 'records'.
server/repositories/RecordRepository.ts(3,24): error TS2305: Module '"@shared/schema"' has no exported member 'CollectionRecord'.
server/repositories/RecordRepository.ts(3,47): error TS2305: Module '"@shared/schema"' has no exported member 'InsertCollectionRecord'.
server/repositories/ReviewTaskRepository.ts(3,10): error TS2305: Module '"@shared/schema"' has no exported member 'reviewTasks'.
server/repositories/ReviewTaskRepository.ts(3,28): error TS2305: Module '"@shared/schema"' has no exported member 'ReviewTask'.
server/repositories/ReviewTaskRepository.ts(3,45): error TS2305: Module '"@shared/schema"' has no exported member 'InsertReviewTask'.
server/repositories/RunGeneratedDocumentsRepository.ts(3,10): error TS2305: Module '"@shared/schema"' has no exported member 'runGeneratedDocuments'.
server/repositories/RunGeneratedDocumentsRepository.ts(3,38): error TS2305: Module '"@shared/schema"' has no exported member 'RunGeneratedDocument'.
server/repositories/RunGeneratedDocumentsRepository.ts(3,65): error TS2305: Module '"@shared/schema"' has no exported member 'InsertRunGeneratedDocument'.
server/repositories/ScriptExecutionLogRepository.ts(4,3): error TS2305: Module '"@shared/schema"' has no exported member 'scriptExecutionLog'.
server/repositories/ScriptExecutionLogRepository.ts(5,8): error TS2305: Module '"@shared/schema"' has no exported member 'ScriptExecutionLog'.
server/repositories/ScriptExecutionLogRepository.ts(6,8): error TS2305: Module '"@shared/schema"' has no exported member 'InsertScriptExecutionLog'.
server/repositories/SectionRepository.ts(3,10): error TS2305: Module '"@shared/schema"' has no exported member 'sections'.
server/repositories/SectionRepository.ts(3,25): error TS2305: Module '"@shared/schema"' has no exported member 'Section'.
server/repositories/SectionRepository.ts(3,39): error TS2305: Module '"@shared/schema"' has no exported member 'InsertSection'.
server/repositories/SignatureRequestRepository.ts(4,3): error TS2305: Module '"@shared/schema"' has no exported member 'signatureRequests'.
server/repositories/SignatureRequestRepository.ts(5,3): error TS2305: Module '"@shared/schema"' has no exported member 'signatureEvents'.
server/repositories/SignatureRequestRepository.ts(6,8): error TS2305: Module '"@shared/schema"' has no exported member 'SignatureRequest'.
server/repositories/SignatureRequestRepository.ts(7,8): error TS2305: Module '"@shared/schema"' has no exported member 'InsertSignatureRequest'.
server/repositories/SignatureRequestRepository.ts(8,8): error TS2305: Module '"@shared/schema"' has no exported member 'SignatureEvent'.
server/repositories/SignatureRequestRepository.ts(9,8): error TS2305: Module '"@shared/schema"' has no exported member 'InsertSignatureEvent'.
server/repositories/SnapshotRepository.ts(3,10): error TS2305: Module '"@shared/schema"' has no exported member 'workflowSnapshots'.
server/repositories/StepRepository.ts(3,10): error TS2305: Module '"@shared/schema"' has no exported member 'steps'.
server/repositories/StepRepository.ts(3,17): error TS2305: Module '"@shared/schema"' has no exported member 'sections'.
server/repositories/StepRepository.ts(3,32): error TS2305: Module '"@shared/schema"' has no exported member 'Step'.
server/repositories/StepRepository.ts(3,43): error TS2305: Module '"@shared/schema"' has no exported member 'InsertStep'.
server/repositories/StepRepository.ts(166,23): error TS2345: Argument of type '(row: { steps: Step; }) => Step' is not assignable to parameter of type '(value: { [x: string]: any; }, index: number, array: { [x: string]: any; }[]) => Step'.
  Types of parameters 'row' and 'value' are incompatible.
    Property 'steps' is missing in type '{ [x: string]: any; }' but required in type '{ steps: Step; }'.
server/repositories/StepValueRepository.ts(3,10): error TS2305: Module '"@shared/schema"' has no exported member 'stepValues'.
server/repositories/StepValueRepository.ts(3,27): error TS2305: Module '"@shared/schema"' has no exported member 'StepValue'.
server/repositories/StepValueRepository.ts(3,43): error TS2305: Module '"@shared/schema"' has no exported member 'InsertStepValue'.
server/repositories/SystemStatsRepository.ts(3,10): error TS2305: Module '"@shared/schema"' has no exported member 'systemStats'.
server/repositories/SystemStatsRepository.ts(4,15): error TS2305: Module '"@shared/schema"' has no exported member 'SystemStats'.
server/repositories/TeamRepository.ts(3,10): error TS2305: Module '"@shared/schema"' has no exported member 'teams'.
server/repositories/TeamRepository.ts(3,17): error TS2305: Module '"@shared/schema"' has no exported member 'teamMembers'.
server/repositories/TeamRepository.ts(4,15): error TS2305: Module '"@shared/schema"' has no exported member 'Team'.
server/repositories/TeamRepository.ts(4,21): error TS2305: Module '"@shared/schema"' has no exported member 'InsertTeam'.
server/repositories/TeamRepository.ts(4,33): error TS2305: Module '"@shared/schema"' has no exported member 'TeamMember'.
server/repositories/TeamRepository.ts(4,45): error TS2305: Module '"@shared/schema"' has no exported member 'InsertTeamMember'.
server/repositories/TemplateRepository.ts(3,10): error TS2305: Module '"@shared/schema"' has no exported member 'surveyTemplates'.
server/repositories/TemplateShareRepository.ts(3,10): error TS2305: Module '"../../shared/schema"' has no exported member 'templateShares'.
server/repositories/TemplateShareRepository.ts(3,26): error TS2305: Module '"../../shared/schema"' has no exported member 'users'.
server/repositories/TransformBlockRepository.ts(3,10): error TS2305: Module '"@shared/schema"' has no exported member 'transformBlocks'.
server/repositories/TransformBlockRepository.ts(3,27): error TS2305: Module '"@shared/schema"' has no exported member 'transformBlockRuns'.
server/repositories/TransformBlockRepository.ts(3,52): error TS2305: Module '"@shared/schema"' has no exported member 'TransformBlock'.
server/repositories/TransformBlockRepository.ts(3,73): error TS2305: Module '"@shared/schema"' has no exported member 'InsertTransformBlock'.
server/repositories/TransformBlockRepository.ts(3,100): error TS2305: Module '"@shared/schema"' has no exported member 'TransformBlockRun'.
server/repositories/TransformBlockRepository.ts(3,124): error TS2305: Module '"@shared/schema"' has no exported member 'InsertTransformBlockRun'.
server/repositories/UserCredentialsRepository.ts(3,10): error TS2305: Module '"@shared/schema"' has no exported member 'userCredentials'.
server/repositories/UserCredentialsRepository.ts(3,32): error TS2305: Module '"@shared/schema"' has no exported member 'UserCredentials'.
server/repositories/UserCredentialsRepository.ts(3,54): error TS2305: Module '"@shared/schema"' has no exported member 'InsertUserCredentials'.
server/repositories/UserPreferencesRepository.ts(3,10): error TS2305: Module '"@shared/schema"' has no exported member 'userPreferences'.
server/repositories/UserPreferencesRepository.ts(3,32): error TS2305: Module '"@shared/schema"' has no exported member 'UserPreferences'.
server/repositories/UserPreferencesRepository.ts(3,54): error TS2305: Module '"@shared/schema"' has no exported member 'InsertUserPreferences'.
server/repositories/UserRepository.ts(3,10): error TS2305: Module '"@shared/schema"' has no exported member 'users'.
server/repositories/UserRepository.ts(3,17): error TS2305: Module '"@shared/schema"' has no exported member 'workflows'.
server/repositories/UserRepository.ts(3,33): error TS2305: Module '"@shared/schema"' has no exported member 'User'.
server/repositories/UserRepository.ts(3,44): error TS2305: Module '"@shared/schema"' has no exported member 'UpsertUser'.
server/repositories/WorkflowQueriesRepository.ts(3,10): error TS2305: Module '"@shared/schema"' has no exported member 'workflowQueries'.
server/repositories/WorkflowRepository.ts(3,10): error TS2305: Module '"@shared/schema"' has no exported member 'workflows'.
server/repositories/WorkflowRepository.ts(3,21): error TS2305: Module '"@shared/schema"' has no exported member 'organizations'.
server/repositories/WorkflowRepository.ts(3,41): error TS2305: Module '"@shared/schema"' has no exported member 'Workflow'.
server/repositories/WorkflowRepository.ts(3,56): error TS2305: Module '"@shared/schema"' has no exported member 'InsertWorkflow'.
server/repositories/WorkflowRepository.ts(104,13): error TS2339: Property 'workflowAccess' does not exist on type 'typeof import("C:/Users/scoot/poll/VaultLogic/shared/schema")'.
server/repositories/WorkflowRunRepository.ts(3,10): error TS2305: Module '"@shared/schema"' has no exported member 'workflowRuns'.
server/repositories/WorkflowRunRepository.ts(3,29): error TS2305: Module '"@shared/schema"' has no exported member 'WorkflowRun'.
server/repositories/WorkflowRunRepository.ts(3,47): error TS2305: Module '"@shared/schema"' has no exported member 'InsertWorkflowRun'.
server/repositories/WorkflowTemplateRepository.ts(3,10): error TS2305: Module '"@shared/schema"' has no exported member 'workflowTemplates'.
server/repositories/WorkflowTemplateRepository.ts(3,34): error TS2305: Module '"@shared/schema"' has no exported member 'WorkflowTemplate'.
server/repositories/WorkflowTemplateRepository.ts(3,57): error TS2305: Module '"@shared/schema"' has no exported member 'InsertWorkflowTemplate'.
server/routes/admin.aiSettings.routes.ts(3,10): error TS2305: Module '"../../shared/schema"' has no exported member 'aiWorkflowFeedback'.
server/routes/admin.aiSettings.routes.ts(136,24): error TS18046: 'stats' is of type 'unknown'.
server/routes/admin.aiSettings.routes.ts(137,28): error TS18046: 'stats' is of type 'unknown'.
server/routes/admin.aiSettings.routes.ts(137,48): error TS18046: 'stats' is of type 'unknown'.
server/routes/admin.aiSettings.routes.ts(138,34): error TS18046: 'stats' is of type 'unknown'.
server/routes/admin.aiSettings.routes.ts(138,64): error TS18046: 'stats' is of type 'unknown'.
server/routes/admin.aiSettings.routes.ts(138,90): error TS18046: 'stats' is of type 'unknown'.
server/routes/admin.aiSettings.routes.ts(160,24): error TS18046: 'stats' is of type 'unknown'.
server/routes/admin.aiSettings.routes.ts(161,28): error TS18046: 'stats' is of type 'unknown'.
server/routes/admin.aiSettings.routes.ts(161,48): error TS18046: 'stats' is of type 'unknown'.
server/routes/admin.aiSettings.routes.ts(162,34): error TS18046: 'stats' is of type 'unknown'.
server/routes/admin.aiSettings.routes.ts(162,64): error TS18046: 'stats' is of type 'unknown'.
server/routes/admin.aiSettings.routes.ts(162,90): error TS18046: 'stats' is of type 'unknown'.
server/routes/admin.aiSettings.routes.ts(183,27): error TS18046: 'day' is of type 'unknown'.
server/routes/admin.aiSettings.routes.ts(184,28): error TS18046: 'day' is of type 'unknown'.
server/routes/admin.aiSettings.routes.ts(185,32): error TS18046: 'day' is of type 'unknown'.
server/routes/admin.aiSettings.routes.ts(185,50): error TS18046: 'day' is of type 'unknown'.
server/routes/admin.aiSettings.routes.ts(186,38): error TS18046: 'day' is of type 'unknown'.
server/routes/admin.aiSettings.routes.ts(186,66): error TS18046: 'day' is of type 'unknown'.
server/routes/admin.aiSettings.routes.ts(186,90): error TS18046: 'day' is of type 'unknown'.
server/routes/admin.routes.ts(635,15): error TS2339: Property 'tenants' does not exist on type 'typeof import("C:/Users/scoot/poll/VaultLogic/shared/schema")'.
server/routes/admin.ts(5,10): error TS2305: Module '"@shared/schema"' has no exported member 'organizations'.
server/routes/admin.ts(5,25): error TS2305: Module '"@shared/schema"' has no exported member 'workspaces'.
server/routes/admin.ts(5,37): error TS2305: Module '"@shared/schema"' has no exported member 'users'.
server/routes/admin.ts(24,33): error TS2339: Property 'organizations' does not exist on type 'DrizzleTypeError<"Seems like the schema generic is missing - did you forget to add it to your DB type?">'.
server/routes/ai.feedback.routes.ts(4,10): error TS2305: Module '"../../shared/schema"' has no exported member 'aiWorkflowFeedback'.
server/routes/ai.feedback.routes.ts(156,49): error TS7006: Parameter 'sum' implicitly has an 'any' type.
server/routes/ai.feedback.routes.ts(156,54): error TS7006: Parameter 'r' implicitly has an 'any' type.
server/routes/api.ai.personalization.routes.ts(5,10): error TS2305: Module '"../../shared/schema"' has no exported member 'userPersonalizationSettings'.
server/routes/api.ai.personalization.routes.ts(5,39): error TS2305: Module '"../../shared/schema"' has no exported member 'workflowPersonalizationSettings'.
server/routes/auth.routes.ts(8,15): error TS2305: Module '"@shared/schema"' has no exported member 'User'.
server/routes/auth.routes.ts(9,10): error TS2305: Module '"@shared/schema"' has no exported member 'refreshTokens'.
server/routes/auth.routes.ts(9,25): error TS2305: Module '"@shared/schema"' has no exported member 'trustedDevices'.
server/routes/auth.routes.ts(9,41): error TS2305: Module '"@shared/schema"' has no exported member 'tenants'.
server/routes/auth.routes.ts(9,50): error TS2305: Module '"@shared/schema"' has no exported member 'users'.
server/routes/auth.routes.ts(111,35): error TS2339: Property 'tenants' does not exist on type 'DrizzleTypeError<"Seems like the schema generic is missing - did you forget to add it to your DB type?">'.
server/routes/auth.routes.ts(126,40): error TS2339: Property 'trustedDevices' does not exist on type 'DrizzleTypeError<"Seems like the schema generic is missing - did you forget to add it to your DB type?">'.
server/routes/auth.routes.ts(906,39): error TS2339: Property 'refreshTokens' does not exist on type 'DrizzleTypeError<"Seems like the schema generic is missing - did you forget to add it to your DB type?">'.
server/routes/auth.routes.ts(915,46): error TS7006: Parameter 'session' implicitly has an 'any' type.
server/routes/auth.routes.ts(1004,38): error TS2339: Property 'refreshTokens' does not exist on type 'DrizzleTypeError<"Seems like the schema generic is missing - did you forget to add it to your DB type?">'.
server/routes/auth.routes.ts(1057,39): error TS2339: Property 'trustedDevices' does not exist on type 'DrizzleTypeError<"Seems like the schema generic is missing - did you forget to add it to your DB type?">'.
server/routes/auth.routes.ts(1109,38): error TS2339: Property 'trustedDevices' does not exist on type 'DrizzleTypeError<"Seems like the schema generic is missing - did you forget to add it to your DB type?">'.
server/routes/auth.routes.ts(1120,44): error TS7006: Parameter 'device' implicitly has an 'any' type.
server/routes/auth.routes.ts(1158,37): error TS2339: Property 'trustedDevices' does not exist on type 'DrizzleTypeError<"Seems like the schema generic is missing - did you forget to add it to your DB type?">'.
server/routes/collections.routes.ts(3,10): error TS2305: Module '"@shared/schema"' has no exported member 'insertCollectionSchema'.
server/routes/collections.routes.ts(3,34): error TS2305: Module '"@shared/schema"' has no exported member 'insertCollectionFieldSchema'.
server/routes/collections.routes.ts(3,63): error TS2305: Module '"@shared/schema"' has no exported member 'insertRecordSchema'.
server/routes/datavault.routes.ts(5,3): error TS2305: Module '"@shared/schema"' has no exported member 'insertDatavaultTableSchema'.
server/routes/datavault.routes.ts(6,3): error TS2305: Module '"@shared/schema"' has no exported member 'insertDatavaultColumnSchema'.
server/routes/datavault.routes.ts(7,3): error TS2305: Module '"@shared/schema"' has no exported member 'insertDatavaultRowSchema'.
server/routes/documents.routes.ts(14,10): error TS2305: Module '"@/../../shared/schema"' has no exported member 'templates'.
server/routes/external.routes.ts(5,10): error TS2305: Module '"@shared/schema"' has no exported member 'surveys'.
server/routes/external.routes.ts(5,19): error TS2305: Module '"@shared/schema"' has no exported member 'usageRecords'.
server/routes/external.routes.ts(5,33): error TS2305: Module '"@shared/schema"' has no exported member 'users'.
server/routes/external.routes.ts(5,40): error TS2305: Module '"@shared/schema"' has no exported member 'workspaces'.
server/routes/external.routes.ts(25,42): error TS2339: Property 'surveys' does not exist on type 'DrizzleTypeError<"Seems like the schema generic is missing - did you forget to add it to your DB type?">'.
server/routes/external.routes.ts(52,41): error TS2339: Property 'surveys' does not exist on type 'DrizzleTypeError<"Seems like the schema generic is missing - did you forget to add it to your DB type?">'.
server/routes/external.routes.ts(68,42): error TS2339: Property 'workspaces' does not exist on type 'DrizzleTypeError<"Seems like the schema generic is missing - did you forget to add it to your DB type?">'.
server/routes/files.routes.ts(16,10): error TS2305: Module '"@shared/schema"' has no exported member 'runGeneratedDocuments'.
server/routes/files.routes.ts(16,33): error TS2305: Module '"@shared/schema"' has no exported member 'workflows'.
server/routes/files.routes.ts(62,45): error TS2339: Property 'runGeneratedDocuments' does not exist on type 'DrizzleTypeError<"Seems like the schema generic is missing - did you forget to add it to your DB type?">'.
server/routes/files.routes.ts(84,41): error TS2339: Property 'workflows' does not exist on type 'DrizzleTypeError<"Seems like the schema generic is missing - did you forget to add it to your DB type?">'.
server/routes/oauth.routes.ts(5,10): error TS2305: Module '"@shared/schema"' has no exported member 'oauthApps'.
server/routes/oauth.routes.ts(5,21): error TS2305: Module '"@shared/schema"' has no exported member 'oauthAuthCodes'.
server/routes/oauth.routes.ts(5,37): error TS2305: Module '"@shared/schema"' has no exported member 'oauthAccessTokens'.
server/routes/oauth.routes.ts(27,36): error TS2339: Property 'oauthApps' does not exist on type 'DrizzleTypeError<"Seems like the schema generic is missing - did you forget to add it to your DB type?">'.
server/routes/oauth.routes.ts(100,32): error TS2339: Property 'oauthApps' does not exist on type 'DrizzleTypeError<"Seems like the schema generic is missing - did you forget to add it to your DB type?">'.
server/routes/oauth.routes.ts(109,37): error TS2339: Property 'oauthAuthCodes' does not exist on type 'DrizzleTypeError<"Seems like the schema generic is missing - did you forget to add it to your DB type?">'.
server/routes/projects.routes.ts(3,10): error TS2305: Module '"@shared/schema"' has no exported member 'insertProjectSchema'.
server/routes/public.routes.ts(4,10): error TS2305: Module '"@shared/schema"' has no exported member 'workflows'.
server/routes/public.routes.ts(18,46): error TS2339: Property 'workflows' does not exist on type 'DrizzleTypeError<"Seems like the schema generic is missing - did you forget to add it to your DB type?">'.
server/routes/public.routes.ts(64,37): error TS2339: Property 'workflows' does not exist on type 'DrizzleTypeError<"Seems like the schema generic is missing - did you forget to add it to your DB type?">'.
server/routes/runOutputs.routes.ts(13,10): error TS2305: Module '"@shared/schema"' has no exported member 'runOutputs'.
server/routes/runOutputs.routes.ts(39,36): error TS2339: Property 'runOutputs' does not exist on type 'DrizzleTypeError<"Seems like the schema generic is missing - did you forget to add it to your DB type?">'.
server/routes/runOutputs.routes.ts(61,35): error TS2339: Property 'runOutputs' does not exist on type 'DrizzleTypeError<"Seems like the schema generic is missing - did you forget to add it to your DB type?">'.
server/routes/runOutputs.routes.ts(122,35): error TS2339: Property 'runOutputs' does not exist on type 'DrizzleTypeError<"Seems like the schema generic is missing - did you forget to add it to your DB type?">'.
server/routes/runs.routes.ts(3,10): error TS2305: Module '"@shared/schema"' has no exported member 'insertWorkflowRunSchema'.
server/routes/runs.routes.ts(3,35): error TS2305: Module '"@shared/schema"' has no exported member 'insertStepValueSchema'.
server/routes/sections.routes.ts(3,10): error TS2305: Module '"@shared/schema"' has no exported member 'insertSectionSchema'.
server/routes/sharing.ts(7,10): error TS2305: Module '"@shared/schema"' has no exported member 'workspaceMembers'.
server/routes/sharing.ts(7,28): error TS2305: Module '"@shared/schema"' has no exported member 'workspaceInvitations'.
server/routes/sharing.ts(7,50): error TS2305: Module '"@shared/schema"' has no exported member 'users'.
server/routes/sharing.ts(7,57): error TS2305: Module '"@shared/schema"' has no exported member 'resourcePermissions'.
server/routes/sharing.ts(25,36): error TS2339: Property 'workspaceMembers' does not exist on type 'DrizzleTypeError<"Seems like the schema generic is missing - did you forget to add it to your DB type?">'.
server/routes/sharing.ts(42,41): error TS2339: Property 'users' does not exist on type 'DrizzleTypeError<"Seems like the schema generic is missing - did you forget to add it to your DB type?">'.
server/routes/sharing.ts(49,41): error TS2339: Property 'workspaceMembers' does not exist on type 'DrizzleTypeError<"Seems like the schema generic is missing - did you forget to add it to your DB type?">'.
server/routes/steps.routes.ts(3,10): error TS2305: Module '"@shared/schema"' has no exported member 'insertStepSchema'.
server/routes/tenant.routes.ts(3,10): error TS2305: Module '"@shared/schema"' has no exported member 'tenants'.
server/routes/tenant.routes.ts(3,19): error TS2305: Module '"@shared/schema"' has no exported member 'users'.
server/routes/tenant.routes.ts(3,26): error TS2305: Module '"@shared/schema"' has no exported member 'projects'.
server/routes/transformBlocks.routes.ts(3,10): error TS2305: Module '"@shared/schema"' has no exported member 'insertTransformBlockSchema'.
server/routes/validation.routes.ts(5,10): error TS2305: Module '"@shared/schema"' has no exported member 'steps'.
server/routes/validation.routes.ts(30,45): error TS2339: Property 'steps' does not exist on type 'DrizzleTypeError<"Seems like the schema generic is missing - did you forget to add it to your DB type?">'.
server/routes/webhooks.routes.ts(5,10): error TS2305: Module '"@shared/schema"' has no exported member 'webhookSubscriptions'.
server/routes/webhooks.routes.ts(17,37): error TS2339: Property 'webhookSubscriptions' does not exist on type 'DrizzleTypeError<"Seems like the schema generic is missing - did you forget to add it to your DB type?">'.
server/routes/workflowAnalytics.routes.ts(12,3): error TS2305: Module '"../../shared/schema"' has no exported member 'metricsEvents'.
server/routes/workflowAnalytics.routes.ts(13,3): error TS2305: Module '"../../shared/schema"' has no exported member 'metricsRollups'.
server/routes/workflowAnalytics.routes.ts(14,3): error TS2305: Module '"../../shared/schema"' has no exported member 'workflowRunMetrics'.
server/routes/workflows.routes.ts(3,10): error TS2305: Module '"@shared/schema"' has no exported member 'insertWorkflowSchema'.
server/services/AccountLockoutService.ts(3,10): error TS2305: Module '"@shared/schema"' has no exported member 'loginAttempts'.
server/services/AccountLockoutService.ts(3,25): error TS2305: Module '"@shared/schema"' has no exported member 'accountLocks'.
server/services/AccountLockoutService.ts(3,39): error TS2305: Module '"@shared/schema"' has no exported member 'users'.
server/services/AccountLockoutService.ts(46,58): error TS2339: Property 'loginAttempts' does not exist on type 'DrizzleTypeError<"Seems like the schema generic is missing - did you forget to add it to your DB type?">'.
server/services/AccountLockoutService.ts(55,46): error TS2339: Property 'users' does not exist on type 'DrizzleTypeError<"Seems like the schema generic is missing - did you forget to add it to your DB type?">'.
server/services/AccountLockoutService.ts(81,48): error TS2339: Property 'accountLocks' does not exist on type 'DrizzleTypeError<"Seems like the schema generic is missing - did you forget to add it to your DB type?">'.
server/services/AccountLockoutService.ts(87,23): error TS7006: Parameter 'accountLocks' implicitly has an 'any' type.
server/services/AccountLockoutService.ts(87,39): error TS7031: Binding element 'desc' implicitly has an 'any' type.
server/services/AccountService.ts(1,15): error TS2305: Module '"@shared/schema"' has no exported member 'User'.
server/services/AclService.ts(1,15): error TS2305: Module '"@shared/schema"' has no exported member 'AccessRole'.
server/services/AiSettingsService.ts(3,10): error TS2305: Module '"@shared/schema"' has no exported member 'aiSettings'.
server/services/AiSettingsService.ts(51,25): error TS2339: Property 'aiSettings' does not exist on type 'DrizzleTypeError<"Seems like the schema generic is missing - did you forget to add it to your DB type?">'.
server/services/analytics/AggregationService.ts(9,5): error TS2305: Module '"../../../shared/schema"' has no exported member 'workflowRunEvents'.
server/services/analytics/AggregationService.ts(10,5): error TS2305: Module '"../../../shared/schema"' has no exported member 'workflowRunMetrics'.
server/services/analytics/AggregationService.ts(11,5): error TS2305: Module '"../../../shared/schema"' has no exported member 'blockMetrics'.
server/services/analytics/AggregationService.ts(12,5): error TS2305: Module '"../../../shared/schema"' has no exported member 'workflowAnalyticsSnapshots'.
server/services/analytics/AggregationService.ts(13,5): error TS2305: Module '"../../../shared/schema"' has no exported member 'workflowRuns'.
server/services/analytics/AggregationService.ts(93,32): error TS18046: 'bEvents' is of type 'unknown'.
server/services/analytics/AggregationService.ts(94,28): error TS18046: 'bEvents' is of type 'unknown'.
server/services/analytics/AggregationService.ts(101,35): error TS18046: 'bEvents' is of type 'unknown'.
server/services/analytics/AggregationService.ts(102,36): error TS18046: 'bEvents' is of type 'unknown'.
server/services/analytics/AggregationService.ts(105,49): error TS2339: Property 'blockMetrics' does not exist on type 'DrizzleTypeError<"Seems like the schema generic is missing - did you forget to add it to your DB type?">'.
server/services/analytics/AnalyticsService.ts(9,10): error TS2305: Module '"../../../shared/schema"' has no exported member 'workflowRunEvents'.
server/services/analytics/AnalyticsService.ts(9,29): error TS2305: Module '"../../../shared/schema"' has no exported member 'workflowRuns'.
server/services/analytics/AnalyticsService.ts(9,43): error TS2305: Module '"../../../shared/schema"' has no exported member 'workflowVersions'.
server/services/analytics/BranchingService.ts(8,10): error TS2305: Module '"../../../shared/schema"' has no exported member 'workflowRunEvents'.
server/services/analytics/DropoffService.ts(8,10): error TS2305: Module '"../../../shared/schema"' has no exported member 'workflowRunEvents'.
server/services/analytics/HeatmapService.ts(8,10): error TS2305: Module '"../../../shared/schema"' has no exported member 'blockMetrics'.
server/services/AuditLogService.ts(3,10): error TS2305: Module '"@shared/schema"' has no exported member 'auditLogs'.
server/services/AuditLogService.ts(3,26): error TS2305: Module '"@shared/schema"' has no exported member 'AuditLog'.
server/services/AuthService.ts(9,5): error TS2305: Module '"@shared/schema"' has no exported member 'refreshTokens'.
server/services/AuthService.ts(10,5): error TS2305: Module '"@shared/schema"' has no exported member 'passwordResetTokens'.
server/services/AuthService.ts(11,5): error TS2305: Module '"@shared/schema"' has no exported member 'emailVerificationTokens'.
server/services/AuthService.ts(12,5): error TS2305: Module '"@shared/schema"' has no exported member 'users'.
server/services/AuthService.ts(13,10): error TS2305: Module '"@shared/schema"' has no exported member 'User'.
server/services/AuthService.ts(442,49): error TS2339: Property 'refreshTokens' does not exist on type 'DrizzleTypeError<"Seems like the schema generic is missing - did you forget to add it to your DB type?">'.
server/services/AuthService.ts(513,49): error TS2339: Property 'refreshTokens' does not exist on type 'DrizzleTypeError<"Seems like the schema generic is missing - did you forget to add it to your DB type?">'.
server/services/AuthService.ts(529,42): error TS2339: Property 'users' does not exist on type 'DrizzleTypeError<"Seems like the schema generic is missing - did you forget to add it to your DB type?">'.
server/services/AuthService.ts(559,49): error TS2339: Property 'passwordResetTokens' does not exist on type 'DrizzleTypeError<"Seems like the schema generic is missing - did you forget to add it to your DB type?">'.
server/services/AuthService.ts(601,49): error TS2339: Property 'emailVerificationTokens' does not exist on type 'DrizzleTypeError<"Seems like the schema generic is missing - did you forget to add it to your DB type?">'.
server/services/BlockRunner.ts(8,15): error TS2305: Module '"@shared/schema"' has no exported member 'Block'.
server/services/blockRunners/ReadTableBlockRunner.ts(8,10): error TS2305: Module '"@shared/schema"' has no exported member 'datavaultRows'.
server/services/blockRunners/types.ts(5,15): error TS2305: Module '"@shared/schema"' has no exported member 'Block'.
server/services/blockRunners/WriteBlockRunner.ts(100,15): error TS2339: Property 'workflows' does not exist on type 'typeof import("C:/Users/scoot/poll/VaultLogic/shared/schema")'.
server/services/blockRunners/WriteBlockRunner.ts(100,26): error TS2339: Property 'projects' does not exist on type 'typeof import("C:/Users/scoot/poll/VaultLogic/shared/schema")'.
server/services/blockRunners/WriteBlockRunner.ts(100,36): error TS2339: Property 'users' does not exist on type 'typeof import("C:/Users/scoot/poll/VaultLogic/shared/schema")'.
server/services/BlockService.ts(1,15): error TS2305: Module '"@shared/schema"' has no exported member 'Block'.
server/services/BlockService.ts(1,22): error TS2305: Module '"@shared/schema"' has no exported member 'InsertBlock'.
server/services/BrandingService.ts(3,10): error TS2305: Module '"@shared/schema"' has no exported member 'tenants'.
server/services/BrandingService.ts(3,19): error TS2305: Module '"@shared/schema"' has no exported member 'tenantDomains'.
server/services/CollectionFieldService.ts(1,15): error TS2305: Module '"@shared/schema"' has no exported member 'CollectionField'.
server/services/CollectionFieldService.ts(1,32): error TS2305: Module '"@shared/schema"' has no exported member 'InsertCollectionField'.
server/services/CollectionService.ts(1,15): error TS2305: Module '"@shared/schema"' has no exported member 'Collection'.
server/services/CollectionService.ts(1,27): error TS2305: Module '"@shared/schema"' has no exported member 'InsertCollection'.
server/services/connections.ts(8,10): error TS2305: Module '"@shared/schema"' has no exported member 'connections'.
server/services/connections.ts(8,23): error TS2305: Module '"@shared/schema"' has no exported member 'projects'.
server/services/DataSourceService.ts(1,15): error TS2305: Module '"@shared/schema"' has no exported member 'InsertDatavaultDatabase'.
server/services/DataSourceService.ts(1,40): error TS2305: Module '"@shared/schema"' has no exported member 'DatavaultDatabase'.
server/services/DatavaultApiTokensService.ts(1,15): error TS2305: Module '"@shared/schema"' has no exported member 'DatavaultApiToken'.
server/services/DatavaultApiTokensService.ts(1,34): error TS2305: Module '"@shared/schema"' has no exported member 'InsertDatavaultApiToken'.
server/services/DatavaultColumnsService.ts(3,10): error TS2305: Module '"@shared/schema"' has no exported member 'blocks'.
server/services/DatavaultColumnsService.ts(3,18): error TS2305: Module '"@shared/schema"' has no exported member 'transformBlocks'.
server/services/DatavaultColumnsService.ts(4,15): error TS2305: Module '"@shared/schema"' has no exported member 'DatavaultColumn'.
server/services/DatavaultColumnsService.ts(4,32): error TS2305: Module '"@shared/schema"' has no exported member 'InsertDatavaultColumn'.
server/services/DatavaultDatabasesService.ts(4,15): error TS2305: Module '"../../shared/schema"' has no exported member 'DatavaultDatabase'.
server/services/DatavaultDatabasesService.ts(4,34): error TS2305: Module '"../../shared/schema"' has no exported member 'DatavaultScopeType'.
server/services/DatavaultRowNotesService.ts(3,15): error TS2305: Module '"@shared/schema"' has no exported member 'DatavaultRowNote'.
server/services/DatavaultRowNotesService.ts(3,33): error TS2305: Module '"@shared/schema"' has no exported member 'InsertDatavaultRowNote'.
server/services/DatavaultRowsService.ts(1,15): error TS2305: Module '"@shared/schema"' has no exported member 'DatavaultRow'.
server/services/DatavaultRowsService.ts(1,29): error TS2305: Module '"@shared/schema"' has no exported member 'InsertDatavaultRow'.
server/services/DatavaultRowsService.ts(1,49): error TS2305: Module '"@shared/schema"' has no exported member 'DatavaultColumn'.
server/services/DatavaultTablePermissionsService.ts(2,3): error TS2305: Module '"@shared/schema"' has no exported member 'DatavaultTablePermission'.
server/services/DatavaultTablePermissionsService.ts(3,3): error TS2305: Module '"@shared/schema"' has no exported member 'InsertDatavaultTablePermission'.
server/services/DatavaultTablePermissionsService.ts(4,3): error TS2305: Module '"@shared/schema"' has no exported member 'DatavaultTableRole'.
server/services/DatavaultTablePermissionsService.ts(85,60): error TS2366: Function lacks ending return statement and return type does not include 'undefined'.
server/services/DatavaultTablesService.ts(1,15): error TS2305: Module '"@shared/schema"' has no exported member 'DatavaultTable'.
server/services/DatavaultTablesService.ts(1,31): error TS2305: Module '"@shared/schema"' has no exported member 'InsertDatavaultTable'.
server/services/DatavaultTablesService.ts(1,53): error TS2305: Module '"@shared/schema"' has no exported member 'DatavaultTableRole'.
server/services/DatavaultTablesService.ts(82,60): error TS2366: Function lacks ending return statement and return type does not include 'undefined'.
server/services/document/MappingValidator.ts(31,10): error TS2305: Module '"../../../shared/schema"' has no exported member 'templates'.
server/services/DocumentGenerationService.ts(9,15): error TS2305: Module '"@shared/schema"' has no exported member 'WorkflowRun'.
server/services/DocumentTemplateService.ts(1,15): error TS2305: Module '"@shared/schema"' has no exported member 'Template'.
server/services/DocumentTemplateService.ts(1,25): error TS2305: Module '"@shared/schema"' has no exported member 'InsertTemplate'.
server/services/EmailQueueService.ts(5,10): error TS2305: Module '"@shared/schema"' has no exported member 'emailQueue'.
server/services/EmailQueueService.ts(82,41): error TS2339: Property 'emailQueue' does not exist on type 'DrizzleTypeError<"Seems like the schema generic is missing - did you forget to add it to your DB type?">'.
server/services/EmailQueueService.ts(97,27): error TS7006: Parameter 'emailQueue' implicitly has an 'any' type.
server/services/EmailQueueService.ts(97,41): error TS7031: Binding element 'asc' implicitly has an 'any' type.
server/services/EmailTemplateMetadataService.ts(3,10): error TS2305: Module '"@shared/schema"' has no exported member 'emailTemplateMetadata'.
server/services/externalConnections.ts(8,10): error TS2305: Module '"@shared/schema"' has no exported member 'externalConnections'.
server/services/externalConnections.ts(8,31): error TS2305: Module '"@shared/schema"' has no exported member 'secrets'.
server/services/externalConnections.ts(8,45): error TS2305: Module '"@shared/schema"' has no exported member 'ExternalConnection'.
server/services/externalConnections.ts(8,70): error TS2305: Module '"@shared/schema"' has no exported member 'InsertExternalConnection'.
server/services/ExternalDestinationService.ts(5,5): error TS2305: Module '"@shared/schema"' has no exported member 'externalDestinations'.
server/services/ExternalDestinationService.ts(6,10): error TS2305: Module '"@shared/schema"' has no exported member 'ExternalDestination'.
server/services/ExternalDestinationService.ts(7,10): error TS2305: Module '"@shared/schema"' has no exported member 'InsertExternalDestination'.
server/services/IntakeNavigationService.ts(13,15): error TS2305: Module '"../../shared/schema"' has no exported member 'Section'.
server/services/IntakeQuestionVisibilityService.ts(13,15): error TS2305: Module '"../../shared/schema"' has no exported member 'Step'.
server/services/IntakeQuestionVisibilityService.ts(338,15): error TS2339: Property 'stepValues' does not exist on type 'typeof import("C:/Users/scoot/poll/VaultLogic/shared/schema")'.
server/services/IntakeReceiptService.ts(1,15): error TS2305: Module '"@shared/schema"' has no exported member 'Workflow'.
server/services/IntakeService.ts(3,15): error TS2305: Module '"@shared/schema"' has no exported member 'Workflow'.
server/services/IntakeService.ts(3,25): error TS2305: Module '"@shared/schema"' has no exported member 'WorkflowRun'.
server/services/IntakeService.ts(3,38): error TS2305: Module '"@shared/schema"' has no exported member 'InsertStepValue'.
server/services/ListToolsBlockService.ts(1,15): error TS2305: Module '"@shared/schema"' has no exported member 'Block'.
server/services/LogicService.ts(2,15): error TS2305: Module '"@shared/schema"' has no exported member 'Section'.
server/services/LogicService.ts(2,24): error TS2305: Module '"@shared/schema"' has no exported member 'Step'.
server/services/LogicService.ts(2,30): error TS2305: Module '"@shared/schema"' has no exported member 'LogicRule'.
server/services/metrics.ts(10,10): error TS2305: Module '"../../shared/schema"' has no exported member 'metricsEvents'.
server/services/metrics.ts(10,30): error TS2305: Module '"../../shared/schema"' has no exported member 'InsertMetricsEvent'.
server/services/MetricsService.ts(3,10): error TS2305: Module '"@shared/schema"' has no exported member 'refreshTokens'.
server/services/MetricsService.ts(64,47): error TS2339: Property 'refreshTokens' does not exist on type 'DrizzleTypeError<"Seems like the schema generic is missing - did you forget to add it to your DB type?">'.
server/services/MfaService.ts(8,10): error TS2305: Module '"@shared/schema"' has no exported member 'mfaSecrets'.
server/services/MfaService.ts(8,22): error TS2305: Module '"@shared/schema"' has no exported member 'mfaBackupCodes'.
server/services/MfaService.ts(8,38): error TS2305: Module '"@shared/schema"' has no exported member 'users'.
server/services/MfaService.ts(86,42): error TS2339: Property 'mfaSecrets' does not exist on type 'DrizzleTypeError<"Seems like the schema generic is missing - did you forget to add it to your DB type?">'.
server/services/MfaService.ts(135,42): error TS2339: Property 'mfaSecrets' does not exist on type 'DrizzleTypeError<"Seems like the schema generic is missing - did you forget to add it to your DB type?">'.
server/services/MfaService.ts(168,37): error TS2339: Property 'users' does not exist on type 'DrizzleTypeError<"Seems like the schema generic is missing - did you forget to add it to your DB type?">'.
server/services/MfaService.ts(228,38): error TS2339: Property 'mfaBackupCodes' does not exist on type 'DrizzleTypeError<"Seems like the schema generic is missing - did you forget to add it to your DB type?">'.
server/services/MfaService.ts(284,38): error TS2339: Property 'mfaBackupCodes' does not exist on type 'DrizzleTypeError<"Seems like the schema generic is missing - did you forget to add it to your DB type?">'.
server/services/OrganizationService.ts(6,3): error TS2305: Module '"../../shared/schema"' has no exported member 'organizations'.
server/services/OrganizationService.ts(7,3): error TS2305: Module '"../../shared/schema"' has no exported member 'organizationMemberships'.
server/services/OrganizationService.ts(8,3): error TS2305: Module '"../../shared/schema"' has no exported member 'organizationInvites'.
server/services/OrganizationService.ts(9,3): error TS2305: Module '"../../shared/schema"' has no exported member 'users'.
server/services/OrganizationService.ts(10,8): error TS2305: Module '"../../shared/schema"' has no exported member 'Organization'.
server/services/OrganizationService.ts(43,33): error TS2339: Property 'users' does not exist on type 'DrizzleTypeError<"Seems like the schema generic is missing - did you forget to add it to your DB type?">'.
server/services/OrganizationService.ts(94,33): error TS2339: Property 'users' does not exist on type 'DrizzleTypeError<"Seems like the schema generic is missing - did you forget to add it to your DB type?">'.
server/services/OrganizationService.ts(137,32): error TS2339: Property 'organizations' does not exist on type 'DrizzleTypeError<"Seems like the schema generic is missing - did you forget to add it to your DB type?">'.
server/services/OrganizationService.ts(224,32): error TS2339: Property 'organizations' does not exist on type 'DrizzleTypeError<"Seems like the schema generic is missing - did you forget to add it to your DB type?">'.
server/services/OrganizationService.ts(267,32): error TS2339: Property 'organizations' does not exist on type 'DrizzleTypeError<"Seems like the schema generic is missing - did you forget to add it to your DB type?">'.
server/services/OrganizationService.ts(315,32): error TS2339: Property 'organizations' does not exist on type 'DrizzleTypeError<"Seems like the schema generic is missing - did you forget to add it to your DB type?">'.
server/services/OrganizationService.ts(365,39): error TS2339: Property 'organizationMemberships' does not exist on type 'DrizzleTypeError<"Seems like the schema generic is missing - did you forget to add it to your DB type?">'.
server/services/OrganizationService.ts(444,32): error TS2339: Property 'organizations' does not exist on type 'DrizzleTypeError<"Seems like the schema generic is missing - did you forget to add it to your DB type?">'.
server/services/OrganizationService.ts(453,39): error TS2339: Property 'users' does not exist on type 'DrizzleTypeError<"Seems like the schema generic is missing - did you forget to add it to your DB type?">'.
server/services/OrganizationService.ts(477,43): error TS2339: Property 'organizationInvites' does not exist on type 'DrizzleTypeError<"Seems like the schema generic is missing - did you forget to add it to your DB type?">'.
server/services/OrganizationService.ts(579,36): error TS2339: Property 'users' does not exist on type 'DrizzleTypeError<"Seems like the schema generic is missing - did you forget to add it to your DB type?">'.
server/services/OrganizationService.ts(657,33): error TS2339: Property 'users' does not exist on type 'DrizzleTypeError<"Seems like the schema generic is missing - did you forget to add it to your DB type?">'.
server/services/OrganizationService.ts(697,35): error TS2339: Property 'organizationInvites' does not exist on type 'DrizzleTypeError<"Seems like the schema generic is missing - did you forget to add it to your DB type?">'.
server/services/OrganizationService.ts(727,33): error TS2339: Property 'users' does not exist on type 'DrizzleTypeError<"Seems like the schema generic is missing - did you forget to add it to your DB type?">'.
server/services/OrganizationService.ts(741,32): error TS2339: Property 'organizations' does not exist on type 'DrizzleTypeError<"Seems like the schema generic is missing - did you forget to add it to your DB type?">'.
server/services/OrganizationService.ts(815,35): error TS2339: Property 'organizationInvites' does not exist on type 'DrizzleTypeError<"Seems like the schema generic is missing - did you forget to add it to your DB type?">'.
server/services/OrganizationService.ts(827,32): error TS2339: Property 'organizations' does not exist on type 'DrizzleTypeError<"Seems like the schema generic is missing - did you forget to add it to your DB type?">'.
server/services/OrganizationService.ts(901,13): error TS2339: Property 'projects' does not exist on type 'typeof import("C:/Users/scoot/poll/VaultLogic/shared/schema")'.
server/services/OrganizationService.ts(901,23): error TS2339: Property 'workflows' does not exist on type 'typeof import("C:/Users/scoot/poll/VaultLogic/shared/schema")'.
server/services/OrganizationService.ts(901,34): error TS2339: Property 'datavaultDatabases' does not exist on type 'typeof import("C:/Users/scoot/poll/VaultLogic/shared/schema")'.
server/services/OrganizationService.ts(956,37): error TS2339: Property 'users' does not exist on type 'DrizzleTypeError<"Seems like the schema generic is missing - did you forget to add it to your DB type?">'.
server/services/PdfQueueService.ts(18,10): error TS2305: Module '"@shared/schema"' has no exported member 'runOutputs'.
server/services/PdfQueueService.ts(154,45): error TS2339: Property 'runOutputs' does not exist on type 'DrizzleTypeError<"Seems like the schema generic is missing - did you forget to add it to your DB type?">'.
server/services/PdfQueueService.ts(189,41): error TS2339: Property 'runOutputs' does not exist on type 'DrizzleTypeError<"Seems like the schema generic is missing - did you forget to add it to your DB type?">'.
server/services/PdfQueueService.ts(295,35): error TS2339: Property 'runOutputs' does not exist on type 'DrizzleTypeError<"Seems like the schema generic is missing - did you forget to add it to your DB type?">'.
server/services/PlaceholderUserCleanupService.ts(3,10): error TS2305: Module '"../../shared/schema"' has no exported member 'users'.
server/services/PlaceholderUserCleanupService.ts(3,17): error TS2305: Module '"../../shared/schema"' has no exported member 'organizationInvites'.
server/services/PortalAuthService.ts(6,10): error TS2305: Module '"@shared/schema"' has no exported member 'portalTokens'.
server/services/PortalAuthService.ts(6,24): error TS2305: Module '"@shared/schema"' has no exported member 'users'.
server/services/PortalAuthService.ts(62,47): error TS2339: Property 'portalTokens' does not exist on type 'DrizzleTypeError<"Seems like the schema generic is missing - did you forget to add it to your DB type?">'.
server/services/PortalService.ts(3,10): error TS2305: Module '"@shared/schema"' has no exported member 'workflowRuns'.
server/services/PortalService.ts(3,24): error TS2305: Module '"@shared/schema"' has no exported member 'workflows'.
server/services/PortalService.ts(3,35): error TS2305: Module '"@shared/schema"' has no exported member 'sections'.
server/services/PortalService.ts(18,41): error TS2339: Property 'workflowRuns' does not exist on type 'DrizzleTypeError<"Seems like the schema generic is missing - did you forget to add it to your DB type?">'.
server/services/PortalService.ts(53,36): error TS2339: Property 'workflowRuns' does not exist on type 'DrizzleTypeError<"Seems like the schema generic is missing - did you forget to add it to your DB type?">'.
server/services/ProjectService.ts(1,15): error TS2305: Module '"@shared/schema"' has no exported member 'Project'.
server/services/ProjectService.ts(1,24): error TS2305: Module '"@shared/schema"' has no exported member 'InsertProject'.
server/services/ProjectService.ts(1,39): error TS2305: Module '"@shared/schema"' has no exported member 'Workflow'.
server/services/ProjectService.ts(1,49): error TS2305: Module '"@shared/schema"' has no exported member 'ProjectAccess'.
server/services/ProjectService.ts(1,64): error TS2305: Module '"@shared/schema"' has no exported member 'PrincipalType'.
server/services/ProjectService.ts(271,13): error TS2339: Property 'workflowRuns' does not exist on type 'typeof import("C:/Users/scoot/poll/VaultLogic/shared/schema")'.
server/services/QueryBlockService.ts(1,15): error TS2305: Module '"@shared/schema"' has no exported member 'Block'.
server/services/QueryService.ts(3,10): error TS2305: Module '"@shared/schema"' has no exported member 'workflowQueries'.
server/services/QueryService.ts(3,27): error TS2305: Module '"@shared/schema"' has no exported member 'datavaultColumns'.
server/services/QueryService.ts(24,37): error TS2339: Property 'workflowQueries' does not exist on type 'DrizzleTypeError<"Seems like the schema generic is missing - did you forget to add it to your DB type?">'.
server/services/QueryService.ts(31,25): error TS2339: Property 'workflowQueries' does not exist on type 'DrizzleTypeError<"Seems like the schema generic is missing - did you forget to add it to your DB type?">'.
server/services/ReadTableBlockService.ts(1,15): error TS2305: Module '"@shared/schema"' has no exported member 'Block'.
server/services/ReadTableBlockService.ts(71,37): error TS2345: Argument of type 'string | null | undefined' is not assignable to parameter of type 'string'.
  Type 'undefined' is not assignable to type 'string'.
server/services/ReadTableBlockService.ts(75,41): error TS2345: Argument of type 'string | null | undefined' is not assignable to parameter of type 'string'.
  Type 'undefined' is not assignable to type 'string'.
server/services/RecordService.ts(1,15): error TS2305: Module '"@shared/schema"' has no exported member 'CollectionRecord'.
server/services/RecordService.ts(1,33): error TS2305: Module '"@shared/schema"' has no exported member 'InsertRecord'.
server/services/RecordService.ts(1,47): error TS2305: Module '"@shared/schema"' has no exported member 'CollectionField'.
server/services/ReviewTaskService.ts(1,15): error TS2305: Module '"@shared/schema"' has no exported member 'ReviewTask'.
server/services/ReviewTaskService.ts(1,27): error TS2305: Module '"@shared/schema"' has no exported member 'InsertReviewTask'.
server/services/runs.ts(4,15): error TS2305: Module '"@shared/schema"' has no exported member 'InsertRun'.
server/services/runs.ts(4,26): error TS2305: Module '"@shared/schema"' has no exported member 'InsertRunLog'.
server/services/runs.ts(18,66): error TS2694: Namespace '"C:/Users/scoot/poll/VaultLogic/shared/schema"' has no exported member 'Run'.
server/services/runs.ts(20,42): error TS2339: Property 'runs' does not exist on type 'typeof import("C:/Users/scoot/poll/VaultLogic/shared/schema")'.
server/services/runs.ts(41,19): error TS2694: Namespace '"C:/Users/scoot/poll/VaultLogic/shared/schema"' has no exported member 'Run'.
server/services/runs.ts(44,22): error TS2339: Property 'runs' does not exist on type 'typeof import("C:/Users/scoot/poll/VaultLogic/shared/schema")'.
server/services/runs.ts(46,24): error TS2339: Property 'runs' does not exist on type 'typeof import("C:/Users/scoot/poll/VaultLogic/shared/schema")'.
server/services/runs.ts(66,72): error TS2694: Namespace '"C:/Users/scoot/poll/VaultLogic/shared/schema"' has no exported member 'RunLog'.
server/services/runs.ts(68,42): error TS2339: Property 'runLogs' does not exist on type 'typeof import("C:/Users/scoot/poll/VaultLogic/shared/schema")'.
server/services/runs.ts(79,75): error TS2694: Namespace '"C:/Users/scoot/poll/VaultLogic/shared/schema"' has no exported member 'RunLog'.
server/services/runs.ts(85,35): error TS2339: Property 'runLogs' does not exist on type 'typeof import("C:/Users/scoot/poll/VaultLogic/shared/schema")'.
server/services/runs.ts(97,27): error TS2339: Property 'runs' does not exist on type 'DrizzleTypeError<"Seems like the schema generic is missing - did you forget to add it to your DB type?">'.
server/services/runs.ts(98,24): error TS2339: Property 'runs' does not exist on type 'typeof import("C:/Users/scoot/poll/VaultLogic/shared/schema")'.
server/services/runs.ts(129,19): error TS2694: Namespace '"C:/Users/scoot/poll/VaultLogic/shared/schema"' has no exported member 'RunLog'.
server/services/runs.ts(131,27): error TS2339: Property 'runLogs' does not exist on type 'DrizzleTypeError<"Seems like the schema generic is missing - did you forget to add it to your DB type?">'.
server/services/runs.ts(132,24): error TS2339: Property 'runLogs' does not exist on type 'typeof import("C:/Users/scoot/poll/VaultLogic/shared/schema")'.
server/services/runs/RunAuthResolver.ts(1,10): error TS2305: Module '"@shared/schema"' has no exported member 'WorkflowRun'.
server/services/runs/RunPersistenceWriter.ts(1,10): error TS2305: Module '"@shared/schema"' has no exported member 'InsertWorkflowRun'.
server/services/runs/RunPersistenceWriter.ts(1,29): error TS2305: Module '"@shared/schema"' has no exported member 'InsertStepValue'.
server/services/runs/RunPersistenceWriter.ts(1,46): error TS2305: Module '"@shared/schema"' has no exported member 'WorkflowRun'.
server/services/RunService.ts(5,10): error TS2305: Module '"@shared/schema"' has no exported member 'workflowVersions'.
server/services/RunService.ts(6,15): error TS2305: Module '"@shared/schema"' has no exported member 'WorkflowRun'.
server/services/RunService.ts(6,28): error TS2305: Module '"@shared/schema"' has no exported member 'InsertWorkflowRun'.
server/services/RunService.ts(6,47): error TS2305: Module '"@shared/schema"' has no exported member 'InsertStepValue'.
server/services/scripting/LifecycleHookService.ts(22,10): error TS2305: Module '"@shared/schema"' has no exported member 'steps'.
server/services/scripting/LifecycleHookService.ts(22,31): error TS2305: Module '"@shared/schema"' has no exported member 'sections'.
server/services/secrets.ts(9,10): error TS2305: Module '"@shared/schema"' has no exported member 'secrets'.
server/services/secrets.ts(9,24): error TS2305: Module '"@shared/schema"' has no exported member 'Secret'.
server/services/secrets.ts(9,37): error TS2305: Module '"@shared/schema"' has no exported member 'InsertSecret'.
server/services/SectionService.ts(1,15): error TS2305: Module '"@shared/schema"' has no exported member 'Section'.
server/services/SectionService.ts(1,24): error TS2305: Module '"@shared/schema"' has no exported member 'InsertSection'.
server/services/SignatureRequestService.ts(3,15): error TS2305: Module '"@shared/schema"' has no exported member 'SignatureRequest'.
server/services/SignatureRequestService.ts(3,33): error TS2305: Module '"@shared/schema"' has no exported member 'InsertSignatureRequest'.
server/services/sli.ts(13,3): error TS2305: Module '"../../shared/schema"' has no exported member 'sliConfigs'.
server/services/sli.ts(14,3): error TS2305: Module '"../../shared/schema"' has no exported member 'sliWindows'.
server/services/sli.ts(15,3): error TS2305: Module '"../../shared/schema"' has no exported member 'metricsRollups'.
server/services/sli.ts(16,3): error TS2305: Module '"../../shared/schema"' has no exported member 'metricsEvents'.
server/services/sli.ts(17,8): error TS2305: Module '"../../shared/schema"' has no exported member 'InsertSliConfig'.
server/services/sli.ts(18,8): error TS2305: Module '"../../shared/schema"' has no exported member 'InsertSliWindow'.
server/services/sli.ts(19,8): error TS2305: Module '"../../shared/schema"' has no exported member 'SliConfig'.
server/services/sli.ts(175,34): error TS2339: Property 'projects' does not exist on type 'DrizzleTypeError<"Seems like the schema generic is missing - did you forget to add it to your DB type?">'.
server/services/SnapshotService.ts(3,10): error TS2305: Module '"@shared/schema"' has no exported member 'workflowSnapshots'.
server/services/SnapshotService.ts(3,29): error TS2305: Module '"@shared/schema"' has no exported member 'workflowRuns'.
server/services/SnapshotService.ts(3,43): error TS2305: Module '"@shared/schema"' has no exported member 'stepValues'.
server/services/SnapshotService.ts(3,55): error TS2305: Module '"@shared/schema"' has no exported member 'steps'.
server/services/SnapshotService.ts(3,62): error TS2305: Module '"@shared/schema"' has no exported member 'sections'.
server/services/StepService.ts(1,15): error TS2305: Module '"@shared/schema"' has no exported member 'Step'.
server/services/StepService.ts(1,21): error TS2305: Module '"@shared/schema"' has no exported member 'InsertStep'.
server/services/TeamService.ts(1,15): error TS2305: Module '"@shared/schema"' has no exported member 'Team'.
server/services/TeamService.ts(1,21): error TS2305: Module '"@shared/schema"' has no exported member 'InsertTeam'.
server/services/TeamService.ts(1,33): error TS2305: Module '"@shared/schema"' has no exported member 'TeamMember'.
server/services/TeamService.ts(1,45): error TS2305: Module '"@shared/schema"' has no exported member 'InsertTeamMember'.
server/services/TeamService.ts(1,63): error TS2305: Module '"@shared/schema"' has no exported member 'TeamRole'.
server/services/TemplateAnalyticsService.ts(32,10): error TS2305: Module '"../../shared/schema"' has no exported member 'templateGenerationMetrics'.
server/services/TemplateAnalyticsService.ts(32,37): error TS2305: Module '"../../shared/schema"' has no exported member 'templates'.
server/services/TemplateAnalyticsService.ts(32,48): error TS2305: Module '"../../shared/schema"' has no exported member 'workflowRuns'.
server/services/TemplatePreviewService.ts(33,10): error TS2305: Module '"../../shared/schema"' has no exported member 'templates'.
server/services/TemplateService.ts(4,10): error TS2305: Module '"../../shared/schema"' has no exported member 'workflowBlueprints'.
server/services/TemplateService.ts(4,30): error TS2305: Module '"../../shared/schema"' has no exported member 'workflows'.
server/services/TemplateService.ts(4,41): error TS2305: Module '"../../shared/schema"' has no exported member 'workflowVersions'.
server/services/TemplateService.ts(37,39): error TS2339: Property 'workflows' does not exist on type 'DrizzleTypeError<"Seems like the schema generic is missing - did you forget to add it to your DB type?">'.
server/services/TemplateService.ts(47,42): error TS2339: Property 'workflowVersions' does not exist on type 'DrizzleTypeError<"Seems like the schema generic is missing - did you forget to add it to your DB type?">'.
server/services/TemplateService.ts(75,21): error TS2339: Property 'workflowBlueprints' does not exist on type 'DrizzleTypeError<"Seems like the schema generic is missing - did you forget to add it to your DB type?">'.
server/services/TemplateService.ts(94,37): error TS2339: Property 'workflowBlueprints' does not exist on type 'DrizzleTypeError<"Seems like the schema generic is missing - did you forget to add it to your DB type?">'.
server/services/TemplateSharingService.ts(1,15): error TS2305: Module '"@shared/schema"' has no exported member 'User'.
server/services/TemplateSharingService.ts(1,21): error TS2305: Module '"@shared/schema"' has no exported member 'SurveyTemplate'.
server/services/TemplateVersionService.ts(20,10): error TS2305: Module '"../../shared/schema"' has no exported member 'templates'.
server/services/TemplateVersionService.ts(20,21): error TS2305: Module '"../../shared/schema"' has no exported member 'templateVersions'.
server/services/TransferService.ts(3,10): error TS2305: Module '"../../shared/schema"' has no exported member 'users'.
server/services/TransferService.ts(3,17): error TS2305: Module '"../../shared/schema"' has no exported member 'organizationMemberships'.
server/services/TransferService.ts(39,34): error TS2339: Property 'organizations' does not exist on type 'DrizzleTypeError<"Seems like the schema generic is missing - did you forget to add it to your DB type?">'.
server/services/TransferService.ts(40,17): error TS7006: Parameter 'orgs' implicitly has an 'any' type.
server/services/TransferService.ts(40,25): error TS7031: Binding element 'eq' implicitly has an 'any' type.
server/services/TransferService.ts(46,35): error TS2339: Property 'users' does not exist on type 'DrizzleTypeError<"Seems like the schema generic is missing - did you forget to add it to your DB type?">'.
server/services/TransferService.ts(47,17): error TS7006: Parameter 'u' implicitly has an 'any' type.
server/services/TransferService.ts(47,22): error TS7031: Binding element 'eq' implicitly has an 'any' type.
server/services/TransformBlockService.ts(1,15): error TS2305: Module '"@shared/schema"' has no exported member 'TransformBlock'.
server/services/TransformBlockService.ts(1,31): error TS2305: Module '"@shared/schema"' has no exported member 'InsertTransformBlock'.
server/services/UserPreferencesService.ts(1,15): error TS2305: Module '"@shared/schema"' has no exported member 'UserPreferences'.
server/services/VariableService.ts(1,15): error TS2305: Module '"@shared/schema"' has no exported member 'WorkflowVariable'.
server/services/VersionService.ts(3,10): error TS2305: Module '"@shared/schema"' has no exported member 'workflowVersions'.
server/services/VersionService.ts(3,28): error TS2305: Module '"@shared/schema"' has no exported member 'workflows'.
server/services/VersionService.ts(3,39): error TS2305: Module '"@shared/schema"' has no exported member 'auditEvents'.
server/services/VersionService.ts(4,15): error TS2305: Module '"@shared/schema"' has no exported member 'WorkflowVersion'.
server/services/workflow-runs/RunStateService.ts(17,10): error TS2305: Module '"@shared/schema"' has no exported member 'workflowVersions'.
server/services/workflow-runs/RunStateService.ts(18,15): error TS2305: Module '"@shared/schema"' has no exported member 'WorkflowRun'.
server/services/workflow-runs/types.ts(5,15): error TS2305: Module '"@shared/schema"' has no exported member 'WorkflowRun'.
server/services/workflow-runs/types.ts(5,28): error TS2305: Module '"@shared/schema"' has no exported member 'InsertWorkflowRun'.
server/services/workflow-runs/types.ts(5,47): error TS2305: Module '"@shared/schema"' has no exported member 'InsertStepValue'.
server/services/WorkflowClonerService.ts(4,10): error TS2305: Module '"@shared/schema"' has no exported member 'workflows'.
server/services/WorkflowClonerService.ts(4,21): error TS2305: Module '"@shared/schema"' has no exported member 'sections'.
server/services/WorkflowClonerService.ts(4,31): error TS2305: Module '"@shared/schema"' has no exported member 'steps'.
server/services/WorkflowClonerService.ts(4,38): error TS2305: Module '"@shared/schema"' has no exported member 'blocks'.
server/services/WorkflowClonerService.ts(4,46): error TS2305: Module '"@shared/schema"' has no exported member 'workflowVersions'.
server/services/WorkflowClonerService.ts(4,64): error TS2305: Module '"@shared/schema"' has no exported member 'projects'.
server/services/WorkflowPatchService.ts(1,15): error TS2305: Module '"@shared/schema"' has no exported member 'Section'.
server/services/WorkflowPatchService.ts(1,24): error TS2305: Module '"@shared/schema"' has no exported member 'Step'.
server/services/WorkflowPatchService.ts(1,30): error TS2305: Module '"@shared/schema"' has no exported member 'LogicRule'.
server/services/WorkflowService.ts(3,15): error TS2305: Module '"@shared/schema"' has no exported member 'Workflow'.
server/services/WorkflowService.ts(3,25): error TS2305: Module '"@shared/schema"' has no exported member 'InsertWorkflow'.
server/services/WorkflowService.ts(3,41): error TS2305: Module '"@shared/schema"' has no exported member 'Section'.
server/services/WorkflowService.ts(3,50): error TS2305: Module '"@shared/schema"' has no exported member 'Step'.
server/services/WorkflowService.ts(3,56): error TS2305: Module '"@shared/schema"' has no exported member 'LogicRule'.
server/services/WorkflowService.ts(3,67): error TS2305: Module '"@shared/schema"' has no exported member 'WorkflowAccess'.
server/services/WorkflowService.ts(3,83): error TS2305: Module '"@shared/schema"' has no exported member 'PrincipalType'.
server/services/WorkflowService.ts(3,98): error TS2305: Module '"@shared/schema"' has no exported member 'AccessRole'.
server/services/WorkflowService.ts(4,10): error TS2305: Module '"@shared/schema"' has no exported member 'workflowVersions'.
server/services/WorkflowService.ts(4,28): error TS2305: Module '"@shared/schema"' has no exported member 'workflows'.
server/services/WorkflowService.ts(4,39): error TS2305: Module '"@shared/schema"' has no exported member 'sections'.
server/services/WorkflowService.ts(4,49): error TS2305: Module '"@shared/schema"' has no exported member 'steps'.
server/services/WorkflowService.ts(4,56): error TS2305: Module '"@shared/schema"' has no exported member 'logicRules'.
server/services/WorkflowService.ts(4,68): error TS2305: Module '"@shared/schema"' has no exported member 'auditEvents'.
server/services/WorkflowService.ts(4,81): error TS2305: Module '"@shared/schema"' has no exported member 'projects'.
server/services/WorkflowService.ts(165,16): error TS2339: Property 'transformBlocks' does not exist on type 'DrizzleTypeError<"Seems like the schema generic is missing - did you forget to add it to your DB type?">'.
server/services/WorkflowService.ts(170,38): error TS7006: Parameter 's' implicitly has an 'any' type.
server/services/WorkflowService.ts(193,45): error TS7006: Parameter 'section' implicitly has an 'any' type.
server/services/WorkflowService.ts(201,39): error TS2339: Property 'workflowVersions' does not exist on type 'DrizzleTypeError<"Seems like the schema generic is missing - did you forget to add it to your DB type?">'.
server/services/WorkflowService.ts(819,38): error TS2339: Property 'projects' does not exist on type 'DrizzleTypeError<"Seems like the schema generic is missing - did you forget to add it to your DB type?">'.
server/services/WorkflowService.ts(849,13): error TS2339: Property 'workflowRuns' does not exist on type 'typeof import("C:/Users/scoot/poll/VaultLogic/shared/schema")'.
server/services/WorkflowTemplateService.ts(1,15): error TS2305: Module '"@shared/schema"' has no exported member 'WorkflowTemplate'.
server/services/WorkflowTemplateService.ts(1,33): error TS2305: Module '"@shared/schema"' has no exported member 'InsertWorkflowTemplate'.
server/storage.ts(19,8): error TS2305: Module '"@shared/schema"' has no exported member 'User'.
server/storage.ts(20,8): error TS2305: Module '"@shared/schema"' has no exported member 'UpsertUser'.
server/storage.ts(21,8): error TS2305: Module '"@shared/schema"' has no exported member 'Survey'.
server/storage.ts(22,8): error TS2305: Module '"@shared/schema"' has no exported member 'InsertSurvey'.
server/storage.ts(23,8): error TS2305: Module '"@shared/schema"' has no exported member 'SurveyPage'.
server/storage.ts(24,8): error TS2305: Module '"@shared/schema"' has no exported member 'InsertSurveyPage'.
server/storage.ts(25,8): error TS2305: Module '"@shared/schema"' has no exported member 'Question'.
server/storage.ts(26,8): error TS2305: Module '"@shared/schema"' has no exported member 'InsertQuestion'.
server/storage.ts(27,8): error TS2305: Module '"@shared/schema"' has no exported member 'LoopGroupSubquestion'.
server/storage.ts(28,8): error TS2305: Module '"@shared/schema"' has no exported member 'InsertLoopGroupSubquestion'.
server/storage.ts(29,8): error TS2305: Module '"@shared/schema"' has no exported member 'ConditionalRule'.
server/storage.ts(30,8): error TS2305: Module '"@shared/schema"' has no exported member 'InsertConditionalRule'.
server/storage.ts(31,8): error TS2305: Module '"@shared/schema"' has no exported member 'QuestionWithSubquestions'.
server/storage.ts(32,8): error TS2305: Module '"@shared/schema"' has no exported member 'Response'.
server/storage.ts(33,8): error TS2305: Module '"@shared/schema"' has no exported member 'InsertResponse'.
server/storage.ts(34,8): error TS2305: Module '"@shared/schema"' has no exported member 'Answer'.
server/storage.ts(35,8): error TS2305: Module '"@shared/schema"' has no exported member 'InsertAnswer'.
server/storage.ts(36,8): error TS2305: Module '"@shared/schema"' has no exported member 'AnalyticsEvent'.
server/storage.ts(37,8): error TS2305: Module '"@shared/schema"' has no exported member 'DashboardStats'.
server/storage.ts(38,8): error TS2305: Module '"@shared/schema"' has no exported member 'ActivityItem'.
server/storage.ts(39,8): error TS2305: Module '"@shared/schema"' has no exported member 'SurveyAnalytics'.
server/storage.ts(40,8): error TS2305: Module '"@shared/schema"' has no exported member 'ResponseTrend'.
server/storage.ts(41,8): error TS2305: Module '"@shared/schema"' has no exported member 'BulkOperationRequest'.
server/storage.ts(42,8): error TS2305: Module '"@shared/schema"' has no exported member 'BulkOperationResult'.
server/storage.ts(43,8): error TS2305: Module '"@shared/schema"' has no exported member 'SurveyDuplication'.
server/storage.ts(44,8): error TS2305: Module '"@shared/schema"' has no exported member 'File'.
server/storage.ts(45,8): error TS2305: Module '"@shared/schema"' has no exported member 'QuestionAnalytics'.
server/storage.ts(46,8): error TS2305: Module '"@shared/schema"' has no exported member 'PageAnalytics'.
server/storage.ts(47,8): error TS2305: Module '"@shared/schema"' has no exported member 'CompletionFunnelData'.
server/storage.ts(48,8): error TS2305: Module '"@shared/schema"' has no exported member 'TimeSpentData'.
server/storage.ts(49,8): error TS2305: Module '"@shared/schema"' has no exported member 'EngagementMetrics'.
server/storage.ts(50,8): error TS2305: Module '"@shared/schema"' has no exported member 'AnonymousResponseTracking'.
server/storage.ts(51,8): error TS2305: Module '"@shared/schema"' has no exported member 'InsertAnonymousResponseTracking'.
server/storage.ts(52,8): error TS2305: Module '"@shared/schema"' has no exported member 'AnonymousSurveyConfig'.
server/utils/ownershipAccess.ts(3,10): error TS2305: Module '"../../shared/schema"' has no exported member 'organizationMemberships'.
server/utils/ownershipAccess.ts(3,35): error TS2305: Module '"../../shared/schema"' has no exported member 'organizations'.
server/utils/snapshotHelpers.ts(8,15): error TS2305: Module '"@shared/schema"' has no exported member 'Step'.
server/utils/variableResolver.ts(1,15): error TS2305: Module '"@shared/schema"' has no exported member 'WorkflowVariable'.
server/utils/workflowVersionHash.ts(13,10): error TS2305: Module '"@shared/schema"' has no exported member 'Step'.
server/workflows/intakeStateMachine.ts(8,15): error TS2305: Module '"@shared/schema"' has no exported member 'Step'.
server/workflows/validation.ts(8,15): error TS2305: Module '"@shared/schema"' has no exported member 'Step'.
server/workflows/validation.ts(8,21): error TS2305: Module '"@shared/schema"' has no exported member 'Section'.
shared/conditionalLogic.ts(9,3): error TS2305: Module '"./schema"' has no exported member 'ConditionalRule'.
shared/conditionalLogic.ts(10,3): error TS2305: Module '"./schema"' has no exported member 'ConditionalEvaluationResult'.
shared/conditionalLogic.ts(11,3): error TS2305: Module '"./schema"' has no exported member 'ConditionalLogicConfig'.
shared/conditionalLogic.ts(12,3): error TS2305: Module '"./schema"' has no exported member 'ConditionalCondition'.
shared/conditionalLogic.ts(222,53): error TS2345: Argument of type 'unknown' is not assignable to parameter of type 'ConditionalRule[]'.
shared/conditionalLogic.ts(431,30): error TS7006: Parameter 'condition' implicitly has an 'any' type.
shared/conditionalLogic.ts(431,41): error TS7006: Parameter 'index' implicitly has an 'any' type.
shared/schema/billing.ts(18,32): error TS2305: Module '"./auth"' has no exported member 'workflows'.
shared/schema/legacy.ts(49,23): error TS2304: Cannot find name 'publicAccessModeEnum'.
shared/schema/relations.ts(10,49): error TS2305: Module '"./workflow"' has no exported member 'templateGenerationMetrics'.
shared/schema/relations.ts(16,19): error TS2300: Duplicate identifier 'analyticsEvents'.
shared/schema/relations.ts(16,19): error TS2305: Module '"./run"' has no exported member 'analyticsEvents'.
shared/schema/relations.ts(22,5): error TS2300: Duplicate identifier 'analyticsEvents'.
shared/schema/relations.ts(71,42): error TS2339: Property 'tenantId' does not exist on type 'PgTableWithColumns<{ name: "organization_memberships"; schema: undefined; columns: { id: PgColumn<{ name: "id"; tableName: "organization_memberships"; dataType: "string"; columnType: "PgUUID"; data: string; driverParam: string; ... 8 more ...; generated: undefined; }, {}, {}>; orgId: PgColumn<...>; userId: PgColumn<...'.
shared/workflowLogic.ts(12,15): error TS2305: Module '"./schema"' has no exported member 'LogicRule'.
tests/factories/builders.ts(100,22): error TS2339: Property 'sections' does not exist on type 'typeof import("C:/Users/scoot/poll/VaultLogic/shared/schema")'.
tests/factories/builders.ts(108,24): error TS2339: Property 'steps' does not exist on type 'typeof import("C:/Users/scoot/poll/VaultLogic/shared/schema")'.
tests/factories/builders.ts(222,22): error TS2339: Property 'workflows' does not exist on type 'typeof import("C:/Users/scoot/poll/VaultLogic/shared/schema")'.
tests/factories/builders.ts(353,22): error TS2339: Property 'runs' does not exist on type 'typeof import("C:/Users/scoot/poll/VaultLogic/shared/schema")'.
tests/factories/builders.ts(361,24): error TS2339: Property 'stepValues' does not exist on type 'typeof import("C:/Users/scoot/poll/VaultLogic/shared/schema")'.
tests/factories/builders.ts(467,22): error TS2339: Property 'tenants' does not exist on type 'typeof import("C:/Users/scoot/poll/VaultLogic/shared/schema")'.
tests/factories/builders.ts(473,22): error TS2339: Property 'organizations' does not exist on type 'typeof import("C:/Users/scoot/poll/VaultLogic/shared/schema")'.
tests/factories/builders.ts(479,22): error TS2339: Property 'users' does not exist on type 'typeof import("C:/Users/scoot/poll/VaultLogic/shared/schema")'.
tests/factories/builders.ts(484,34): error TS2339: Property 'organizationMemberships' does not exist on type 'typeof import("C:/Users/scoot/poll/VaultLogic/shared/schema")'.
tests/factories/builders.ts(492,22): error TS2339: Property 'projects' does not exist on type 'typeof import("C:/Users/scoot/poll/VaultLogic/shared/schema")'.
tests/factories/graphFactory.ts(7,15): error TS2305: Module '"../../shared/schema"' has no exported member 'Workflow'.
tests/factories/graphFactory.ts(7,25): error TS2305: Module '"../../shared/schema"' has no exported member 'WorkflowVersion'.
tests/factories/graphFactory.ts(7,42): error TS2305: Module '"../../shared/schema"' has no exported member 'Run'.
tests/factories/index.ts(19,3): error TS2305: Module '"@shared/schema"' has no exported member 'users'.
tests/factories/index.ts(20,3): error TS2305: Module '"@shared/schema"' has no exported member 'tenants'.
tests/factories/index.ts(21,3): error TS2305: Module '"@shared/schema"' has no exported member 'organizations'.
tests/factories/index.ts(22,3): error TS2305: Module '"@shared/schema"' has no exported member 'projects'.
tests/factories/index.ts(23,3): error TS2305: Module '"@shared/schema"' has no exported member 'workflows'.
tests/factories/index.ts(24,3): error TS2305: Module '"@shared/schema"' has no exported member 'sections'.
tests/factories/index.ts(25,3): error TS2305: Module '"@shared/schema"' has no exported member 'steps'.
tests/factories/index.ts(26,3): error TS2305: Module '"@shared/schema"' has no exported member 'workflowRuns'.
tests/factories/index.ts(27,3): error TS2305: Module '"@shared/schema"' has no exported member 'stepValues'.
tests/factories/integrationTestHelpers.ts(3,15): error TS2305: Module '"@shared/schema"' has no exported member 'User'.
tests/factories/userFactory.ts(3,15): error TS2305: Module '"../../shared/schema"' has no exported member 'User'.
tests/factories/workflowFactory.ts(5,15): error TS2305: Module '"../../shared/schema"' has no exported member 'Workflow'.
tests/factories/workflowFactory.ts(5,25): error TS2305: Module '"../../shared/schema"' has no exported member 'Section'.
tests/factories/workflowFactory.ts(5,34): error TS2305: Module '"../../shared/schema"' has no exported member 'Step'.
tests/factories/workflowFactory.ts(5,40): error TS2305: Module '"../../shared/schema"' has no exported member 'LogicRule'.
tests/factories/workflowFactory.ts(5,51): error TS2305: Module '"../../shared/schema"' has no exported member 'WorkflowRun'.
tests/helpers/authMocks.ts(78,5): error TS2353: Object literal may only specify known properties, and 'session' does not exist in type 'Partial<Request<ParamsDictionary, any, any, ParsedQs, Record<string, any>>>'.
tests/helpers/integrationTestHelper.ts(91,43): error TS2339: Property 'tenants' does not exist on type 'typeof import("C:/Users/scoot/poll/VaultLogic/shared/schema")'.
tests/helpers/integrationTestHelper.ts(116,26): error TS2339: Property 'users' does not exist on type 'typeof import("C:/Users/scoot/poll/VaultLogic/shared/schema")'.
tests/helpers/integrationTestHelper.ts(122,22): error TS2339: Property 'users' does not exist on type 'typeof import("C:/Users/scoot/poll/VaultLogic/shared/schema")'.
tests/helpers/integrationTestHelper.ts(125,40): error TS2339: Property 'organizations' does not exist on type 'typeof import("C:/Users/scoot/poll/VaultLogic/shared/schema")'.
tests/helpers/integrationTestHelper.ts(132,26): error TS2339: Property 'organizationMemberships' does not exist on type 'typeof import("C:/Users/scoot/poll/VaultLogic/shared/schema")'.
tests/helpers/integrationTestHelper.ts(159,58): error TS2339: Property 'users' does not exist on type 'typeof import("C:/Users/scoot/poll/VaultLogic/shared/schema")'.
tests/helpers/integrationTestHelper.ts(159,82): error TS2339: Property 'users' does not exist on type 'typeof import("C:/Users/scoot/poll/VaultLogic/shared/schema")'.
tests/helpers/integrationTestHelper.ts(159,105): error TS2339: Property 'users' does not exist on type 'typeof import("C:/Users/scoot/poll/VaultLogic/shared/schema")'.
tests/helpers/integrationTestHelper.ts(163,34): error TS2339: Property 'auditLogs' does not exist on type 'typeof import("C:/Users/scoot/poll/VaultLogic/shared/schema")'.
tests/helpers/integrationTestHelper.ts(163,66): error TS2339: Property 'auditLogs' does not exist on type 'typeof import("C:/Users/scoot/poll/VaultLogic/shared/schema")'.
tests/helpers/integrationTestHelper.ts(164,34): error TS2339: Property 'workflowVersions' does not exist on type 'typeof import("C:/Users/scoot/poll/VaultLogic/shared/schema")'.
tests/helpers/integrationTestHelper.ts(164,73): error TS2339: Property 'workflowVersions' does not exist on type 'typeof import("C:/Users/scoot/poll/VaultLogic/shared/schema")'.
tests/helpers/integrationTestHelper.ts(166,34): error TS2339: Property 'workflows' does not exist on type 'typeof import("C:/Users/scoot/poll/VaultLogic/shared/schema")'.
tests/helpers/integrationTestHelper.ts(166,66): error TS2339: Property 'workflows' does not exist on type 'typeof import("C:/Users/scoot/poll/VaultLogic/shared/schema")'.
tests/helpers/integrationTestHelper.ts(170,32): error TS2339: Property 'tenants' does not exist on type 'typeof import("C:/Users/scoot/poll/VaultLogic/shared/schema")'.
tests/helpers/integrationTestHelper.ts(170,57): error TS2339: Property 'tenants' does not exist on type 'typeof import("C:/Users/scoot/poll/VaultLogic/shared/schema")'.
tests/helpers/integrationTestHelper.ts(241,26): error TS2339: Property 'users' does not exist on type 'typeof import("C:/Users/scoot/poll/VaultLogic/shared/schema")'.
tests/helpers/integrationTestHelper.ts(247,22): error TS2339: Property 'users' does not exist on type 'typeof import("C:/Users/scoot/poll/VaultLogic/shared/schema")'.
tests/helpers/testFactory.ts(52,25): error TS2339: Property 'tenants' does not exist on type 'typeof import("C:/Users/scoot/poll/VaultLogic/shared/schema")'.
tests/helpers/testFactory.ts(53,23): error TS2339: Property 'users' does not exist on type 'typeof import("C:/Users/scoot/poll/VaultLogic/shared/schema")'.
tests/helpers/testFactory.ts(54,26): error TS2339: Property 'projects' does not exist on type 'typeof import("C:/Users/scoot/poll/VaultLogic/shared/schema")'.
tests/helpers/testFactory.ts(58,27): error TS2339: Property 'workflows' does not exist on type 'typeof import("C:/Users/scoot/poll/VaultLogic/shared/schema")'.
tests/helpers/testFactory.ts(59,26): error TS2339: Property 'workflowVersions' does not exist on type 'typeof import("C:/Users/scoot/poll/VaultLogic/shared/schema")'.
tests/helpers/testFactory.ts(63,27): error TS2339: Property 'templates' does not exist on type 'typeof import("C:/Users/scoot/poll/VaultLogic/shared/schema")'.
tests/helpers/testFactory.ts(67,22): error TS2339: Property 'runs' does not exist on type 'typeof import("C:/Users/scoot/poll/VaultLogic/shared/schema")'.
tests/helpers/testFactory.ts(87,36): error TS2339: Property 'tenants' does not exist on type 'typeof import("C:/Users/scoot/poll/VaultLogic/shared/schema")'.
tests/helpers/testFactory.ts(88,34): error TS2339: Property 'users' does not exist on type 'typeof import("C:/Users/scoot/poll/VaultLogic/shared/schema")'.
tests/helpers/testFactory.ts(89,37): error TS2339: Property 'projects' does not exist on type 'typeof import("C:/Users/scoot/poll/VaultLogic/shared/schema")'.
tests/helpers/testFactory.ts(93,22): error TS2339: Property 'tenants' does not exist on type 'typeof import("C:/Users/scoot/poll/VaultLogic/shared/schema")'.
tests/helpers/testFactory.ts(105,22): error TS2339: Property 'users' does not exist on type 'typeof import("C:/Users/scoot/poll/VaultLogic/shared/schema")'.
tests/helpers/testFactory.ts(123,22): error TS2339: Property 'projects' does not exist on type 'typeof import("C:/Users/scoot/poll/VaultLogic/shared/schema")'.
tests/helpers/testFactory.ts(147,40): error TS2339: Property 'workflows' does not exist on type 'typeof import("C:/Users/scoot/poll/VaultLogic/shared/schema")'.
tests/helpers/testFactory.ts(148,39): error TS2339: Property 'workflowVersions' does not exist on type 'typeof import("C:/Users/scoot/poll/VaultLogic/shared/schema")'.
tests/helpers/testFactory.ts(152,22): error TS2339: Property 'workflows' does not exist on type 'typeof import("C:/Users/scoot/poll/VaultLogic/shared/schema")'.
tests/helpers/testFactory.ts(167,22): error TS2339: Property 'workflowVersions' does not exist on type 'typeof import("C:/Users/scoot/poll/VaultLogic/shared/schema")'.
tests/helpers/testFactory.ts(185,39): error TS2339: Property 'sections' does not exist on type 'typeof import("C:/Users/scoot/poll/VaultLogic/shared/schema")'.
tests/helpers/testFactory.ts(188,22): error TS2339: Property 'sections' does not exist on type 'typeof import("C:/Users/scoot/poll/VaultLogic/shared/schema")'.
tests/helpers/testFactory.ts(207,39): error TS2339: Property 'steps' does not exist on type 'typeof import("C:/Users/scoot/poll/VaultLogic/shared/schema")'.
tests/helpers/testFactory.ts(210,22): error TS2339: Property 'steps' does not exist on type 'typeof import("C:/Users/scoot/poll/VaultLogic/shared/schema")'.
tests/helpers/testFactory.ts(232,39): error TS2339: Property 'templates' does not exist on type 'typeof import("C:/Users/scoot/poll/VaultLogic/shared/schema")'.
tests/helpers/testFactory.ts(235,22): error TS2339: Property 'templates' does not exist on type 'typeof import("C:/Users/scoot/poll/VaultLogic/shared/schema")'.
tests/helpers/testFactory.ts(256,39): error TS2339: Property 'workflowTemplates' does not exist on type 'typeof import("C:/Users/scoot/poll/VaultLogic/shared/schema")'.
tests/helpers/testFactory.ts(259,22): error TS2339: Property 'workflowTemplates' does not exist on type 'typeof import("C:/Users/scoot/poll/VaultLogic/shared/schema")'.
tests/helpers/testFactory.ts(279,39): error TS2339: Property 'runs' does not exist on type 'typeof import("C:/Users/scoot/poll/VaultLogic/shared/schema")'.
tests/helpers/testFactory.ts(282,22): error TS2339: Property 'runs' does not exist on type 'typeof import("C:/Users/scoot/poll/VaultLogic/shared/schema")'.
tests/helpers/testFactory.ts(301,39): error TS2339: Property 'runOutputs' does not exist on type 'typeof import("C:/Users/scoot/poll/VaultLogic/shared/schema")'.
tests/helpers/testFactory.ts(304,22): error TS2339: Property 'runOutputs' does not exist on type 'typeof import("C:/Users/scoot/poll/VaultLogic/shared/schema")'.
tests/helpers/testFactory.ts(326,39): error TS2339: Property 'datavaultDatabases' does not exist on type 'typeof import("C:/Users/scoot/poll/VaultLogic/shared/schema")'.
tests/helpers/testFactory.ts(329,22): error TS2339: Property 'datavaultDatabases' does not exist on type 'typeof import("C:/Users/scoot/poll/VaultLogic/shared/schema")'.
tests/helpers/testFactory.ts(351,39): error TS2339: Property 'datavaultTables' does not exist on type 'typeof import("C:/Users/scoot/poll/VaultLogic/shared/schema")'.
tests/helpers/testFactory.ts(354,22): error TS2339: Property 'datavaultTables' does not exist on type 'typeof import("C:/Users/scoot/poll/VaultLogic/shared/schema")'.
tests/helpers/testFactory.ts(376,39): error TS2339: Property 'collections' does not exist on type 'typeof import("C:/Users/scoot/poll/VaultLogic/shared/schema")'.
tests/helpers/testFactory.ts(379,22): error TS2339: Property 'collections' does not exist on type 'typeof import("C:/Users/scoot/poll/VaultLogic/shared/schema")'.
tests/helpers/testFactory.ts(418,26): error TS2339: Property 'workflows' does not exist on type 'typeof import("C:/Users/scoot/poll/VaultLogic/shared/schema")'.
tests/helpers/testFactory.ts(419,33): error TS2339: Property 'workflows' does not exist on type 'typeof import("C:/Users/scoot/poll/VaultLogic/shared/schema")'.
tests/helpers/testFactory.ts(425,26): error TS2339: Property 'projects' does not exist on type 'typeof import("C:/Users/scoot/poll/VaultLogic/shared/schema")'.
tests/helpers/testFactory.ts(426,33): error TS2339: Property 'projects' does not exist on type 'typeof import("C:/Users/scoot/poll/VaultLogic/shared/schema")'.
tests/helpers/testFactory.ts(432,26): error TS2339: Property 'users' does not exist on type 'typeof import("C:/Users/scoot/poll/VaultLogic/shared/schema")'.
tests/helpers/testFactory.ts(433,33): error TS2339: Property 'users' does not exist on type 'typeof import("C:/Users/scoot/poll/VaultLogic/shared/schema")'.
tests/helpers/testFactory.ts(440,26): error TS2339: Property 'projects' does not exist on type 'typeof import("C:/Users/scoot/poll/VaultLogic/shared/schema")'.
tests/helpers/testFactory.ts(441,33): error TS2339: Property 'projects' does not exist on type 'typeof import("C:/Users/scoot/poll/VaultLogic/shared/schema")'.
tests/helpers/testFactory.ts(445,26): error TS2339: Property 'tenants' does not exist on type 'typeof import("C:/Users/scoot/poll/VaultLogic/shared/schema")'.
tests/helpers/testFactory.ts(446,33): error TS2339: Property 'tenants' does not exist on type 'typeof import("C:/Users/scoot/poll/VaultLogic/shared/schema")'.
tests/helpers/testUtils.ts(8,3): error TS2305: Module '"@shared/schema"' has no exported member 'users'.
tests/helpers/testUtils.ts(9,3): error TS2305: Module '"@shared/schema"' has no exported member 'userCredentials'.
tests/helpers/testUtils.ts(10,3): error TS2305: Module '"@shared/schema"' has no exported member 'refreshTokens'.
tests/helpers/testUtils.ts(11,3): error TS2305: Module '"@shared/schema"' has no exported member 'emailVerificationTokens'.
tests/helpers/testUtils.ts(12,3): error TS2305: Module '"@shared/schema"' has no exported member 'mfaSecrets'.
tests/helpers/testUtils.ts(13,3): error TS2305: Module '"@shared/schema"' has no exported member 'mfaBackupCodes'.
tests/helpers/testUtils.ts(14,3): error TS2305: Module '"@shared/schema"' has no exported member 'trustedDevices'.
tests/helpers/testUtils.ts(15,3): error TS2305: Module '"@shared/schema"' has no exported member 'accountLocks'.
tests/helpers/testUtils.ts(16,3): error TS2305: Module '"@shared/schema"' has no exported member 'loginAttempts'.
tests/helpers/testUtils.ts(17,3): error TS2305: Module '"@shared/schema"' has no exported member 'auditLogs'.
tests/helpers/testUtils.ts(18,3): error TS2305: Module '"@shared/schema"' has no exported member 'workspaceInvitations'.
tests/helpers/testUtils.ts(19,3): error TS2305: Module '"@shared/schema"' has no exported member 'workflows'.
tests/helpers/testUtils.ts(93,33): error TS2339: Property 'users' does not exist on type 'DrizzleTypeError<"Seems like the schema generic is missing - did you forget to add it to your DB type?">'.
tests/helpers/testUtils.ts(173,31): error TS2339: Property 'users' does not exist on type 'DrizzleTypeError<"Seems like the schema generic is missing - did you forget to add it to your DB type?">'.
tests/helpers/testUtils.ts(225,32): error TS2339: Property 'mfaSecrets' does not exist on type 'DrizzleTypeError<"Seems like the schema generic is missing - did you forget to add it to your DB type?">'.
tests/integration/ai/workflowEdit.test.ts(8,10): error TS2305: Module '"../../../shared/schema"' has no exported member 'workflows'.
tests/integration/ai/workflowEdit.test.ts(8,21): error TS2305: Module '"../../../shared/schema"' has no exported member 'workflowVersions'.
tests/integration/ai/workflowEdit.test.ts(8,39): error TS2305: Module '"../../../shared/schema"' has no exported member 'projects'.
tests/integration/ai/workflowEdit.test.ts(8,49): error TS2305: Module '"../../../shared/schema"' has no exported member 'users'.
tests/integration/ai/workflowEdit.test.ts(8,56): error TS2305: Module '"../../../shared/schema"' has no exported member 'sections'.
tests/integration/ai/workflowEdit.test.ts(8,66): error TS2305: Module '"../../../shared/schema"' has no exported member 'steps'.
tests/integration/ai/workflowEdit.test.ts(8,73): error TS2305: Module '"../../../shared/schema"' has no exported member 'tenants'.
tests/integration/ai/workflowEdit.test.ts(8,82): error TS2305: Module '"../../../shared/schema"' has no exported member 'auditEvents'.
tests/integration/analytics_preservation.test.ts(5,10): error TS2305: Module '"@shared/schema"' has no exported member 'users'.
tests/integration/analytics_preservation.test.ts(5,17): error TS2305: Module '"@shared/schema"' has no exported member 'systemStats'.
tests/integration/analytics_service.test.ts(5,10): error TS2305: Module '"@shared/schema"' has no exported member 'workflowRunEvents'.
tests/integration/analytics_service.test.ts(5,29): error TS2305: Module '"@shared/schema"' has no exported member 'workflowRunMetrics'.
tests/integration/analytics_service.test.ts(5,49): error TS2305: Module '"@shared/schema"' has no exported member 'projects'.
tests/integration/analytics_service.test.ts(5,59): error TS2305: Module '"@shared/schema"' has no exported member 'workflows'.
tests/integration/analytics_service.test.ts(5,70): error TS2305: Module '"@shared/schema"' has no exported member 'workflowVersions'.
tests/integration/analytics_service.test.ts(5,88): error TS2305: Module '"@shared/schema"' has no exported member 'users'.
tests/integration/analytics_service.test.ts(5,95): error TS2305: Module '"@shared/schema"' has no exported member 'tenants'.
tests/integration/analytics_service.test.ts(55,35): error TS2339: Property 'workflows' does not exist on type 'DrizzleTypeError<"Seems like the schema generic is missing - did you forget to add it to your DB type?">'.
tests/integration/api.ai.personalization.test.ts(10,10): error TS2305: Module '"../../shared/schema"' has no exported member 'userPersonalizationSettings'.
tests/integration/api.ai.personalization.test.ts(10,39): error TS2305: Module '"../../shared/schema"' has no exported member 'users'.
tests/integration/api.dataSources.native.test.ts(36,51): error TS2339: Property 'datavaultDatabases' does not exist on type 'typeof import("C:/Users/scoot/poll/VaultLogic/shared/schema")'.
tests/integration/api.dataSources.native.test.ts(44,32): error TS2339: Property 'datavaultTables' does not exist on type 'typeof import("C:/Users/scoot/poll/VaultLogic/shared/schema")'.
tests/integration/api.dataSources.native.test.ts(54,32): error TS2339: Property 'datavaultTables' does not exist on type 'typeof import("C:/Users/scoot/poll/VaultLogic/shared/schema")'.
tests/integration/api.dataSources.native.test.ts(91,49): error TS2339: Property 'datavaultTables' does not exist on type 'typeof import("C:/Users/scoot/poll/VaultLogic/shared/schema")'.
tests/integration/api.projects.test.ts(50,45): error TS2339: Property 'tenants' does not exist on type 'typeof import("C:/Users/scoot/poll/VaultLogic/shared/schema")'.
tests/integration/api.projects.test.ts(72,28): error TS2339: Property 'users' does not exist on type 'typeof import("C:/Users/scoot/poll/VaultLogic/shared/schema")'.
tests/integration/api.projects.test.ts(74,24): error TS2339: Property 'users' does not exist on type 'typeof import("C:/Users/scoot/poll/VaultLogic/shared/schema")'.
tests/integration/api.projects.test.ts(80,30): error TS2339: Property 'tenants' does not exist on type 'typeof import("C:/Users/scoot/poll/VaultLogic/shared/schema")'.
tests/integration/api.projects.test.ts(80,55): error TS2339: Property 'tenants' does not exist on type 'typeof import("C:/Users/scoot/poll/VaultLogic/shared/schema")'.
tests/integration/api.projects.test.ts(234,22): error TS2339: Property 'projects' does not exist on type 'typeof import("C:/Users/scoot/poll/VaultLogic/shared/schema")'.
tests/integration/api.projects.test.ts(235,26): error TS2339: Property 'projects' does not exist on type 'typeof import("C:/Users/scoot/poll/VaultLogic/shared/schema")'.
tests/integration/api.projects.test.ts(248,52): error TS2339: Property 'tenants' does not exist on type 'typeof import("C:/Users/scoot/poll/VaultLogic/shared/schema")'.
tests/integration/api.projects.test.ts(266,30): error TS2339: Property 'users' does not exist on type 'typeof import("C:/Users/scoot/poll/VaultLogic/shared/schema")'.
tests/integration/api.projects.test.ts(268,26): error TS2339: Property 'users' does not exist on type 'typeof import("C:/Users/scoot/poll/VaultLogic/shared/schema")'.
tests/integration/api.projects.test.ts(280,32): error TS2339: Property 'tenants' does not exist on type 'typeof import("C:/Users/scoot/poll/VaultLogic/shared/schema")'.
tests/integration/api.projects.test.ts(280,57): error TS2339: Property 'tenants' does not exist on type 'typeof import("C:/Users/scoot/poll/VaultLogic/shared/schema")'.
tests/integration/api.runs.docx.test.ts(101,22): error TS2339: Property 'tenants' does not exist on type 'typeof import("C:/Users/scoot/poll/VaultLogic/shared/schema")'.
tests/integration/api.runs.docx.test.ts(119,22): error TS2339: Property 'users' does not exist on type 'typeof import("C:/Users/scoot/poll/VaultLogic/shared/schema")'.
tests/integration/api.runs.docx.test.ts(121,24): error TS2339: Property 'users' does not exist on type 'typeof import("C:/Users/scoot/poll/VaultLogic/shared/schema")'.
tests/integration/api.runs.docx.test.ts(188,34): error TS2339: Property 'runOutputs' does not exist on type 'typeof import("C:/Users/scoot/poll/VaultLogic/shared/schema")'.
tests/integration/api.runs.docx.test.ts(188,62): error TS2339: Property 'runOutputs' does not exist on type 'typeof import("C:/Users/scoot/poll/VaultLogic/shared/schema")'.
tests/integration/api.runs.docx.test.ts(189,34): error TS2339: Property 'runs' does not exist on type 'typeof import("C:/Users/scoot/poll/VaultLogic/shared/schema")'.
tests/integration/api.runs.docx.test.ts(189,56): error TS2339: Property 'runs' does not exist on type 'typeof import("C:/Users/scoot/poll/VaultLogic/shared/schema")'.
tests/integration/api.runs.docx.test.ts(198,32): error TS2339: Property 'tenants' does not exist on type 'typeof import("C:/Users/scoot/poll/VaultLogic/shared/schema")'.
tests/integration/api.runs.docx.test.ts(198,57): error TS2339: Property 'tenants' does not exist on type 'typeof import("C:/Users/scoot/poll/VaultLogic/shared/schema")'.
tests/integration/api.runs.graph.test.ts(112,45): error TS2339: Property 'tenants' does not exist on type 'typeof import("C:/Users/scoot/poll/VaultLogic/shared/schema")'.
tests/integration/api.runs.graph.test.ts(123,28): error TS2339: Property 'users' does not exist on type 'typeof import("C:/Users/scoot/poll/VaultLogic/shared/schema")'.
tests/integration/api.runs.graph.test.ts(131,22): error TS2339: Property 'users' does not exist on type 'typeof import("C:/Users/scoot/poll/VaultLogic/shared/schema")'.
tests/integration/api.runs.graph.test.ts(156,46): error TS2339: Property 'projects' does not exist on type 'typeof import("C:/Users/scoot/poll/VaultLogic/shared/schema")'.
tests/integration/api.runs.graph.test.ts(173,47): error TS2339: Property 'workflows' does not exist on type 'typeof import("C:/Users/scoot/poll/VaultLogic/shared/schema")'.
tests/integration/api.runs.graph.test.ts(176,46): error TS2339: Property 'workflowVersions' does not exist on type 'typeof import("C:/Users/scoot/poll/VaultLogic/shared/schema")'.
tests/integration/api.runs.graph.test.ts(204,43): error TS2339: Property 'runs' does not exist on type 'typeof import("C:/Users/scoot/poll/VaultLogic/shared/schema")'.
tests/integration/api.runs.graph.test.ts(222,43): error TS2339: Property 'runs' does not exist on type 'typeof import("C:/Users/scoot/poll/VaultLogic/shared/schema")'.
tests/integration/api.runs.graph.test.ts(233,28): error TS2339: Property 'runs' does not exist on type 'typeof import("C:/Users/scoot/poll/VaultLogic/shared/schema")'.
tests/integration/api.runs.graph.test.ts(236,28): error TS2339: Property 'runLogs' does not exist on type 'typeof import("C:/Users/scoot/poll/VaultLogic/shared/schema")'.
tests/integration/api.runs.graph.test.ts(256,32): error TS2339: Property 'workflows' does not exist on type 'typeof import("C:/Users/scoot/poll/VaultLogic/shared/schema")'.
tests/integration/api.runs.graph.test.ts(256,60): error TS2339: Property 'workflows' does not exist on type 'typeof import("C:/Users/scoot/poll/VaultLogic/shared/schema")'.
tests/integration/api.runs.graph.test.ts(259,32): error TS2339: Property 'tenants' does not exist on type 'typeof import("C:/Users/scoot/poll/VaultLogic/shared/schema")'.
tests/integration/api.runs.graph.test.ts(259,57): error TS2339: Property 'tenants' does not exist on type 'typeof import("C:/Users/scoot/poll/VaultLogic/shared/schema")'.
tests/integration/api.runs.graph.test.ts(415,37): error TS2339: Property 'runs' does not exist on type 'DrizzleTypeError<"Seems like the schema generic is missing - did you forget to add it to your DB type?">'.
tests/integration/api.runs.graph.test.ts(416,26): error TS2339: Property 'runs' does not exist on type 'typeof import("C:/Users/scoot/poll/VaultLogic/shared/schema")'.
tests/integration/api.runs.graph.test.ts(435,37): error TS2339: Property 'runs' does not exist on type 'DrizzleTypeError<"Seems like the schema generic is missing - did you forget to add it to your DB type?">'.
tests/integration/api.runs.graph.test.ts(436,26): error TS2339: Property 'runs' does not exist on type 'typeof import("C:/Users/scoot/poll/VaultLogic/shared/schema")'.
tests/integration/api.runs.graph.test.ts(534,52): error TS2339: Property 'tenants' does not exist on type 'typeof import("C:/Users/scoot/poll/VaultLogic/shared/schema")'.
tests/integration/api.runs.graph.test.ts(540,50): error TS2339: Property 'users' does not exist on type 'typeof import("C:/Users/scoot/poll/VaultLogic/shared/schema")'.
tests/integration/api.runs.graph.test.ts(548,53): error TS2339: Property 'projects' does not exist on type 'typeof import("C:/Users/scoot/poll/VaultLogic/shared/schema")'.
tests/integration/api.runs.graph.test.ts(556,54): error TS2339: Property 'workflows' does not exist on type 'typeof import("C:/Users/scoot/poll/VaultLogic/shared/schema")'.
tests/integration/api.runs.graph.test.ts(566,53): error TS2339: Property 'workflowVersions' does not exist on type 'typeof import("C:/Users/scoot/poll/VaultLogic/shared/schema")'.
tests/integration/api.runs.graph.test.ts(578,30): error TS2339: Property 'runs' does not exist on type 'typeof import("C:/Users/scoot/poll/VaultLogic/shared/schema")'.
tests/integration/api.runs.graph.test.ts(598,30): error TS2339: Property 'workflows' does not exist on type 'typeof import("C:/Users/scoot/poll/VaultLogic/shared/schema")'.
tests/integration/api.runs.graph.test.ts(598,57): error TS2339: Property 'workflows' does not exist on type 'typeof import("C:/Users/scoot/poll/VaultLogic/shared/schema")'.
tests/integration/api.runs.graph.test.ts(599,30): error TS2339: Property 'tenants' does not exist on type 'typeof import("C:/Users/scoot/poll/VaultLogic/shared/schema")'.
tests/integration/api.runs.graph.test.ts(599,55): error TS2339: Property 'tenants' does not exist on type 'typeof import("C:/Users/scoot/poll/VaultLogic/shared/schema")'.
tests/integration/api.snapshots.test.ts(100,49): error TS2339: Property 'tenants' does not exist on type 'typeof import("C:/Users/scoot/poll/VaultLogic/shared/schema")'.
tests/integration/api.snapshots.test.ts(110,32): error TS2339: Property 'users' does not exist on type 'typeof import("C:/Users/scoot/poll/VaultLogic/shared/schema")'.
tests/integration/api.snapshots.test.ts(119,28): error TS2339: Property 'users' does not exist on type 'typeof import("C:/Users/scoot/poll/VaultLogic/shared/schema")'.
tests/integration/api.snapshots.test.ts(143,50): error TS2339: Property 'projects' does not exist on type 'typeof import("C:/Users/scoot/poll/VaultLogic/shared/schema")'.
tests/integration/api.snapshots.test.ts(156,36): error TS2339: Property 'workflows' does not exist on type 'typeof import("C:/Users/scoot/poll/VaultLogic/shared/schema")'.
tests/integration/api.snapshots.test.ts(156,63): error TS2339: Property 'workflows' does not exist on type 'typeof import("C:/Users/scoot/poll/VaultLogic/shared/schema")'.
tests/integration/api.snapshots.test.ts(157,36): error TS2339: Property 'tenants' does not exist on type 'typeof import("C:/Users/scoot/poll/VaultLogic/shared/schema")'.
tests/integration/api.snapshots.test.ts(157,61): error TS2339: Property 'tenants' does not exist on type 'typeof import("C:/Users/scoot/poll/VaultLogic/shared/schema")'.
tests/integration/api.snapshots.test.ts(178,51): error TS2339: Property 'workflows' does not exist on type 'typeof import("C:/Users/scoot/poll/VaultLogic/shared/schema")'.
tests/integration/api.snapshots.test.ts(182,51): error TS2339: Property 'workflowVersions' does not exist on type 'typeof import("C:/Users/scoot/poll/VaultLogic/shared/schema")'.
tests/integration/api.snapshots.test.ts(195,47): error TS2339: Property 'runs' does not exist on type 'typeof import("C:/Users/scoot/poll/VaultLogic/shared/schema")'.
tests/integration/api.snapshots.test.ts(202,51): error TS2339: Property 'workflowVersions' does not exist on type 'typeof import("C:/Users/scoot/poll/VaultLogic/shared/schema")'.
tests/integration/api.snapshots.test.ts(215,47): error TS2339: Property 'runs' does not exist on type 'typeof import("C:/Users/scoot/poll/VaultLogic/shared/schema")'.
tests/integration/api.templates-runs.test.ts(293,32): error TS2339: Property 'users' does not exist on type 'typeof import("C:/Users/scoot/poll/VaultLogic/shared/schema")'.
tests/integration/api.templates-runs.test.ts(295,28): error TS2339: Property 'users' does not exist on type 'typeof import("C:/Users/scoot/poll/VaultLogic/shared/schema")'.
tests/integration/api.workflows.test.ts(64,30): error TS2339: Property 'users' does not exist on type 'typeof import("C:/Users/scoot/poll/VaultLogic/shared/schema")'.
tests/integration/api.workflows.test.ts(66,26): error TS2339: Property 'users' does not exist on type 'typeof import("C:/Users/scoot/poll/VaultLogic/shared/schema")'.
tests/integration/api.workflows.test.ts(385,30): error TS2339: Property 'users' does not exist on type 'typeof import("C:/Users/scoot/poll/VaultLogic/shared/schema")'.
tests/integration/api.workflows.test.ts(391,26): error TS2339: Property 'users' does not exist on type 'typeof import("C:/Users/scoot/poll/VaultLogic/shared/schema")'.
tests/integration/auth.flows.real.test.ts(5,10): error TS2305: Module '"@shared/schema"' has no exported member 'loginAttempts'.
tests/integration/auth.flows.real.test.ts(5,25): error TS2305: Module '"@shared/schema"' has no exported member 'accountLocks'.
tests/integration/auth.flows.real.test.ts(5,39): error TS2305: Module '"@shared/schema"' has no exported member 'users'.
tests/integration/auth.flows.real.test.ts(48,3): error TS2304: Cannot find name 'afterEach'.
tests/integration/auth.flows.real.test.ts(87,15): error TS2339: Property 'users' does not exist on type 'typeof import("C:/Users/scoot/poll/VaultLogic/shared/schema")'.
tests/integration/auth.flows.real.test.ts(145,15): error TS2339: Property 'users' does not exist on type 'typeof import("C:/Users/scoot/poll/VaultLogic/shared/schema")'.
tests/integration/auth.flows.real.test.ts(146,35): error TS2339: Property 'users' does not exist on type 'DrizzleTypeError<"Seems like the schema generic is missing - did you forget to add it to your DB type?">'.
tests/integration/auth.flows.real.test.ts(152,36): error TS2339: Property 'accountLocks' does not exist on type 'DrizzleTypeError<"Seems like the schema generic is missing - did you forget to add it to your DB type?">'.
tests/integration/auth.flows.real.test.ts(170,39): error TS2339: Property 'loginAttempts' does not exist on type 'DrizzleTypeError<"Seems like the schema generic is missing - did you forget to add it to your DB type?">'.
tests/integration/auth.flows.real.test.ts(175,30): error TS7006: Parameter 'a' implicitly has an 'any' type.
tests/integration/auth.flows.real.test.ts(176,30): error TS7006: Parameter 'a' implicitly has an 'any' type.
tests/integration/auth.flows.real.test.ts(203,15): error TS2339: Property 'users' does not exist on type 'typeof import("C:/Users/scoot/poll/VaultLogic/shared/schema")'.
tests/integration/auth.flows.real.test.ts(203,22): error TS2339: Property 'mfaSecrets' does not exist on type 'typeof import("C:/Users/scoot/poll/VaultLogic/shared/schema")'.
tests/integration/auth.flows.real.test.ts(204,35): error TS2339: Property 'users' does not exist on type 'DrizzleTypeError<"Seems like the schema generic is missing - did you forget to add it to your DB type?">'.
tests/integration/auth.flows.real.test.ts(208,40): error TS2339: Property 'mfaSecrets' does not exist on type 'DrizzleTypeError<"Seems like the schema generic is missing - did you forget to add it to your DB type?">'.
tests/integration/auth.flows.real.test.ts(270,15): error TS2339: Property 'users' does not exist on type 'typeof import("C:/Users/scoot/poll/VaultLogic/shared/schema")'.
tests/integration/auth.flows.real.test.ts(270,22): error TS2339: Property 'mfaSecrets' does not exist on type 'typeof import("C:/Users/scoot/poll/VaultLogic/shared/schema")'.
tests/integration/auth.flows.real.test.ts(271,35): error TS2339: Property 'users' does not exist on type 'DrizzleTypeError<"Seems like the schema generic is missing - did you forget to add it to your DB type?">'.
tests/integration/auth.flows.real.test.ts(275,40): error TS2339: Property 'mfaSecrets' does not exist on type 'DrizzleTypeError<"Seems like the schema generic is missing - did you forget to add it to your DB type?">'.
tests/integration/auth.flows.real.test.ts(335,15): error TS2339: Property 'passwordResetTokens' does not exist on type 'typeof import("C:/Users/scoot/poll/VaultLogic/shared/schema")'.
tests/integration/auth.flows.real.test.ts(336,15): error TS2339: Property 'users' does not exist on type 'typeof import("C:/Users/scoot/poll/VaultLogic/shared/schema")'.
tests/integration/auth.flows.real.test.ts(337,35): error TS2339: Property 'users' does not exist on type 'DrizzleTypeError<"Seems like the schema generic is missing - did you forget to add it to your DB type?">'.
tests/integration/auth.flows.real.test.ts(341,47): error TS2339: Property 'passwordResetTokens' does not exist on type 'DrizzleTypeError<"Seems like the schema generic is missing - did you forget to add it to your DB type?">'.
tests/integration/auth.flows.real.test.ts(413,15): error TS2339: Property 'users' does not exist on type 'typeof import("C:/Users/scoot/poll/VaultLogic/shared/schema")'.
tests/integration/auth.flows.real.test.ts(414,35): error TS2339: Property 'users' does not exist on type 'DrizzleTypeError<"Seems like the schema generic is missing - did you forget to add it to your DB type?">'.
tests/integration/auth.flows.real.test.ts(418,15): error TS2339: Property 'refreshTokens' does not exist on type 'typeof import("C:/Users/scoot/poll/VaultLogic/shared/schema")'.
tests/integration/auth.flows.real.test.ts(419,49): error TS2339: Property 'refreshTokens' does not exist on type 'DrizzleTypeError<"Seems like the schema generic is missing - did you forget to add it to your DB type?">'.
tests/integration/auth.flows.real.test.ts(424,39): error TS7006: Parameter 't' implicitly has an 'any' type.
tests/integration/auth.flows.real.test.ts(490,15): error TS2339: Property 'users' does not exist on type 'typeof import("C:/Users/scoot/poll/VaultLogic/shared/schema")'.
tests/integration/auth.flows.real.test.ts(491,35): error TS2339: Property 'users' does not exist on type 'DrizzleTypeError<"Seems like the schema generic is missing - did you forget to add it to your DB type?">'.
tests/integration/auth.flows.real.test.ts(495,15): error TS2339: Property 'refreshTokens' does not exist on type 'typeof import("C:/Users/scoot/poll/VaultLogic/shared/schema")'.
tests/integration/auth.flows.real.test.ts(496,40): error TS2339: Property 'refreshTokens' does not exist on type 'DrizzleTypeError<"Seems like the schema generic is missing - did you forget to add it to your DB type?">'.
tests/integration/auth.flows.real.test.ts(501,30): error TS7006: Parameter 't' implicitly has an 'any' type.
tests/integration/auth.routes.real.test.ts(5,10): error TS2305: Module '"@shared/schema"' has no exported member 'users'.
tests/integration/auth.routes.real.test.ts(5,17): error TS2305: Module '"@shared/schema"' has no exported member 'loginAttempts'.
tests/integration/auth.routes.real.test.ts(86,35): error TS2339: Property 'users' does not exist on type 'DrizzleTypeError<"Seems like the schema generic is missing - did you forget to add it to your DB type?">'.
tests/integration/auth.routes.real.test.ts(129,35): error TS2339: Property 'users' does not exist on type 'DrizzleTypeError<"Seems like the schema generic is missing - did you forget to add it to your DB type?">'.
tests/integration/auth.routes.real.test.ts(242,39): error TS2339: Property 'loginAttempts' does not exist on type 'DrizzleTypeError<"Seems like the schema generic is missing - did you forget to add it to your DB type?">'.
tests/integration/auth.routes.real.test.ts(247,43): error TS7006: Parameter 'a' implicitly has an 'any' type.
tests/integration/auth/auth.middleware.integration.test.ts(16,10): error TS2305: Module '"@shared/schema"' has no exported member 'users'.
tests/integration/auth/auth.middleware.integration.test.ts(16,17): error TS2305: Module '"@shared/schema"' has no exported member 'userCredentials'.
tests/integration/auth/auth.middleware.integration.test.ts(78,45): error TS2339: Property 'users' does not exist on type 'DrizzleTypeError<"Seems like the schema generic is missing - did you forget to add it to your DB type?">'.
tests/integration/auth/auth.middleware.integration.test.ts(81,46): error TS2339: Property 'userCredentials' does not exist on type 'DrizzleTypeError<"Seems like the schema generic is missing - did you forget to add it to your DB type?">'.
tests/integration/auth/auth.middleware.integration.test.ts(268,21): error TS2339: Property 'workflows' does not exist on type 'typeof import("C:/Users/scoot/poll/VaultLogic/shared/schema")'.
tests/integration/auth/auth.middleware.integration.test.ts(295,21): error TS2339: Property 'workflows' does not exist on type 'typeof import("C:/Users/scoot/poll/VaultLogic/shared/schema")'.
tests/integration/auth/auth.middleware.integration.test.ts(321,21): error TS2339: Property 'workflows' does not exist on type 'typeof import("C:/Users/scoot/poll/VaultLogic/shared/schema")'.
tests/integration/auth/auth.middleware.integration.test.ts(346,21): error TS2339: Property 'workflows' does not exist on type 'typeof import("C:/Users/scoot/poll/VaultLogic/shared/schema")'.
tests/integration/auth/jwt.authentication.test.ts(14,10): error TS2305: Module '"@shared/schema"' has no exported member 'refreshTokens'.
tests/integration/auth/jwt.authentication.test.ts(14,25): error TS2305: Module '"@shared/schema"' has no exported member 'emailVerificationTokens'.
tests/integration/auth/jwt.authentication.test.ts(14,50): error TS2305: Module '"@shared/schema"' has no exported member 'users'.
tests/integration/auth/jwt.authentication.test.ts(61,55): error TS2339: Property 'emailVerificationTokens' does not exist on type 'DrizzleTypeError<"Seems like the schema generic is missing - did you forget to add it to your DB type?">'.
tests/integration/auth/jwt.authentication.test.ts(457,21): error TS2339: Property 'workflows' does not exist on type 'typeof import("C:/Users/scoot/poll/VaultLogic/shared/schema")'.
tests/integration/auth/jwt.authentication.test.ts(487,21): error TS2339: Property 'workflows' does not exist on type 'typeof import("C:/Users/scoot/poll/VaultLogic/shared/schema")'.
tests/integration/auth/oauth2.callback.test.ts(16,10): error TS2305: Module '"@shared/schema"' has no exported member 'users'.
tests/integration/auth/oauth2.callback.test.ts(16,17): error TS2305: Module '"@shared/schema"' has no exported member 'tenants'.
tests/integration/auth/oauth2.callback.test.ts(16,26): error TS2305: Module '"@shared/schema"' has no exported member 'projects'.
tests/integration/auth/oauth2.callback.test.ts(16,36): error TS2305: Module '"@shared/schema"' has no exported member 'connections'.
tests/integration/auth/oauth2.callback.test.ts(16,49): error TS2305: Module '"@shared/schema"' has no exported member 'secrets'.
tests/integration/auth/oauth2.callback.test.ts(312,41): error TS2339: Property 'connections' does not exist on type 'DrizzleTypeError<"Seems like the schema generic is missing - did you forget to add it to your DB type?">'.
tests/integration/auth/oauth2.google.test.ts(13,10): error TS2305: Module '"@shared/schema"' has no exported member 'users'.
tests/integration/auth/oauth2.google.test.ts(13,17): error TS2305: Module '"@shared/schema"' has no exported member 'tenants'.
tests/integration/auth/oauth2.google.test.ts(13,26): error TS2305: Module '"@shared/schema"' has no exported member 'refreshTokens'.
tests/integration/auth/oauth2.google.test.ts(115,37): error TS2339: Property 'users' does not exist on type 'DrizzleTypeError<"Seems like the schema generic is missing - did you forget to add it to your DB type?">'.
tests/integration/auth/oauth2.google.test.ts(262,42): error TS2339: Property 'users' does not exist on type 'DrizzleTypeError<"Seems like the schema generic is missing - did you forget to add it to your DB type?">'.
tests/integration/auth/oauth2.google.test.ts(297,36): error TS2339: Property 'refreshTokens' does not exist on type 'DrizzleTypeError<"Seems like the schema generic is missing - did you forget to add it to your DB type?">'.
tests/integration/auth/oauth2.sessions.test.ts(13,10): error TS2305: Module '"@shared/schema"' has no exported member 'users'.
tests/integration/auth/oauth2.sessions.test.ts(13,17): error TS2305: Module '"@shared/schema"' has no exported member 'tenants'.
tests/integration/auth/oauth2.sessions.test.ts(13,26): error TS2305: Module '"@shared/schema"' has no exported member 'refreshTokens'.
tests/integration/auth/oauth2.sessions.test.ts(13,41): error TS2305: Module '"@shared/schema"' has no exported member 'trustedDevices'.
tests/integration/auth/oauth2.sessions.test.ts(13,58): error TS2305: Module '"@shared/schema"' has no exported member 'auditLogs'.
tests/integration/auth/oauth2.sessions.test.ts(223,44): error TS2339: Property 'refreshTokens' does not exist on type 'DrizzleTypeError<"Seems like the schema generic is missing - did you forget to add it to your DB type?">'.
tests/integration/auth/oauth2.sessions.test.ts(240,45): error TS2339: Property 'refreshTokens' does not exist on type 'DrizzleTypeError<"Seems like the schema generic is missing - did you forget to add it to your DB type?">'.
tests/integration/auth/oauth2.sessions.test.ts(258,44): error TS2339: Property 'refreshTokens' does not exist on type 'DrizzleTypeError<"Seems like the schema generic is missing - did you forget to add it to your DB type?">'.
tests/integration/auth/oauth2.sessions.test.ts(289,43): error TS2339: Property 'refreshTokens' does not exist on type 'DrizzleTypeError<"Seems like the schema generic is missing - did you forget to add it to your DB type?">'.
tests/integration/auth/oauth2.sessions.test.ts(425,46): error TS2339: Property 'trustedDevices' does not exist on type 'DrizzleTypeError<"Seems like the schema generic is missing - did you forget to add it to your DB type?">'.
tests/integration/auth/oauth2.sessions.test.ts(529,46): error TS2339: Property 'trustedDevices' does not exist on type 'DrizzleTypeError<"Seems like the schema generic is missing - did you forget to add it to your DB type?">'.
tests/integration/auth/oauth2.sessions.test.ts(551,38): error TS2339: Property 'refreshTokens' does not exist on type 'DrizzleTypeError<"Seems like the schema generic is missing - did you forget to add it to your DB type?">'.
tests/integration/auth/oauth2.sessions.test.ts(564,38): error TS2339: Property 'refreshTokens' does not exist on type 'DrizzleTypeError<"Seems like the schema generic is missing - did you forget to add it to your DB type?">'.
tests/integration/auth/oauth2.sessions.test.ts(575,45): error TS2339: Property 'refreshTokens' does not exist on type 'DrizzleTypeError<"Seems like the schema generic is missing - did you forget to add it to your DB type?">'.
tests/integration/auth/oauth2.token-refresh.test.ts(16,10): error TS2305: Module '"@shared/schema"' has no exported member 'users'.
tests/integration/auth/oauth2.token-refresh.test.ts(16,17): error TS2305: Module '"@shared/schema"' has no exported member 'tenants'.
tests/integration/auth/oauth2.token-refresh.test.ts(16,26): error TS2305: Module '"@shared/schema"' has no exported member 'refreshTokens'.
tests/integration/auth/oauth2.token-refresh.test.ts(16,41): error TS2305: Module '"@shared/schema"' has no exported member 'userCredentials'.
tests/integration/auth/oauth2.token-refresh.test.ts(16,58): error TS2305: Module '"@shared/schema"' has no exported member 'auditLogs'.
tests/integration/auth/oauth2.token-refresh.test.ts(137,39): error TS2339: Property 'refreshTokens' does not exist on type 'DrizzleTypeError<"Seems like the schema generic is missing - did you forget to add it to your DB type?">'.
tests/integration/auth/oauth2.token-refresh.test.ts(143,39): error TS2339: Property 'refreshTokens' does not exist on type 'DrizzleTypeError<"Seems like the schema generic is missing - did you forget to add it to your DB type?">'.
tests/integration/auth/oauth2.token-refresh.test.ts(234,39): error TS2339: Property 'refreshTokens' does not exist on type 'DrizzleTypeError<"Seems like the schema generic is missing - did you forget to add it to your DB type?">'.
tests/integration/auth/oauth2.token-refresh.test.ts(346,36): error TS2339: Property 'refreshTokens' does not exist on type 'DrizzleTypeError<"Seems like the schema generic is missing - did you forget to add it to your DB type?">'.
tests/integration/auth/oauth2.token-refresh.test.ts(477,36): error TS2339: Property 'refreshTokens' does not exist on type 'DrizzleTypeError<"Seems like the schema generic is missing - did you forget to add it to your DB type?">'.
tests/integration/auth/protected.routes.test.ts(13,10): error TS2305: Module '"@shared/schema"' has no exported member 'users'.
tests/integration/auth/protected.routes.test.ts(13,17): error TS2305: Module '"@shared/schema"' has no exported member 'workflows'.
tests/integration/auth/protected.routes.test.ts(13,28): error TS2305: Module '"@shared/schema"' has no exported member 'workflowRuns'.
tests/integration/auth/protected.routes.test.ts(13,42): error TS2305: Module '"@shared/schema"' has no exported member 'organizationMemberships'.
tests/integration/auth/protected.routes.test.ts(516,40): error TS2339: Property 'workflowRuns' does not exist on type 'DrizzleTypeError<"Seems like the schema generic is missing - did you forget to add it to your DB type?">'.
tests/integration/auth/protected.routes.test.ts(553,40): error TS2339: Property 'workflowRuns' does not exist on type 'DrizzleTypeError<"Seems like the schema generic is missing - did you forget to add it to your DB type?">'.
tests/integration/auth/session.management.integration.test.ts(13,10): error TS2305: Module '"@shared/schema"' has no exported member 'refreshTokens'.
tests/integration/auth/session.management.integration.test.ts(13,25): error TS2305: Module '"@shared/schema"' has no exported member 'trustedDevices'.
tests/integration/auth/session.management.integration.test.ts(13,41): error TS2305: Module '"@shared/schema"' has no exported member 'emailVerificationTokens'.
tests/integration/auth/session.management.integration.test.ts(13,66): error TS2305: Module '"@shared/schema"' has no exported member 'users'.
tests/integration/auth/session.management.integration.test.ts(83,43): error TS2339: Property 'refreshTokens' does not exist on type 'DrizzleTypeError<"Seems like the schema generic is missing - did you forget to add it to your DB type?">'.
tests/integration/auth/session.management.integration.test.ts(106,43): error TS2339: Property 'refreshTokens' does not exist on type 'DrizzleTypeError<"Seems like the schema generic is missing - did you forget to add it to your DB type?">'.
tests/integration/auth/session.management.integration.test.ts(146,43): error TS2339: Property 'refreshTokens' does not exist on type 'DrizzleTypeError<"Seems like the schema generic is missing - did you forget to add it to your DB type?">'.
tests/integration/auth/session.management.integration.test.ts(571,43): error TS2339: Property 'refreshTokens' does not exist on type 'DrizzleTypeError<"Seems like the schema generic is missing - did you forget to add it to your DB type?">'.
tests/integration/auth/session.management.integration.test.ts(618,43): error TS2339: Property 'refreshTokens' does not exist on type 'DrizzleTypeError<"Seems like the schema generic is missing - did you forget to add it to your DB type?">'.
tests/integration/branding.routes.test.ts(6,10): error TS2305: Module '"@shared/schema"' has no exported member 'tenants'.
tests/integration/branding.routes.test.ts(6,19): error TS2305: Module '"@shared/schema"' has no exported member 'users'.
tests/integration/branding.routes.test.ts(6,26): error TS2305: Module '"@shared/schema"' has no exported member 'tenantDomains'.
tests/integration/collections.e2e.test.ts(10,10): error TS2305: Module '"@shared/schema"' has no exported member 'tenants'.
tests/integration/collections.e2e.test.ts(10,19): error TS2305: Module '"@shared/schema"' has no exported member 'users'.
tests/integration/collections.e2e.test.ts(10,26): error TS2305: Module '"@shared/schema"' has no exported member 'projects'.
tests/integration/dataBlocks.test.ts(7,5): error TS2305: Module '"@shared/schema"' has no exported member 'users'.
tests/integration/dataBlocks.test.ts(8,5): error TS2305: Module '"@shared/schema"' has no exported member 'tenants'.
tests/integration/dataBlocks.test.ts(9,5): error TS2305: Module '"@shared/schema"' has no exported member 'projects'.
tests/integration/dataBlocks.test.ts(10,5): error TS2305: Module '"@shared/schema"' has no exported member 'workflows'.
tests/integration/dataBlocks.test.ts(11,5): error TS2305: Module '"@shared/schema"' has no exported member 'sections'.
tests/integration/dataBlocks.test.ts(12,5): error TS2305: Module '"@shared/schema"' has no exported member 'blocks'.
tests/integration/dataBlocks.test.ts(13,5): error TS2305: Module '"@shared/schema"' has no exported member 'datavaultDatabases'.
tests/integration/dataBlocks.test.ts(14,5): error TS2305: Module '"@shared/schema"' has no exported member 'datavaultTables'.
tests/integration/dataBlocks.test.ts(15,5): error TS2305: Module '"@shared/schema"' has no exported member 'datavaultColumns'.
tests/integration/dataBlocks.test.ts(16,5): error TS2305: Module '"@shared/schema"' has no exported member 'workflowQueries'.
tests/integration/dataBlocks.test.ts(17,5): error TS2305: Module '"@shared/schema"' has no exported member 'steps'.
tests/integration/datavault-v4-regression.test.ts(14,10): error TS2305: Module '"../../shared/schema"' has no exported member 'datavaultTables'.
tests/integration/datavault-v4-regression.test.ts(14,27): error TS2305: Module '"../../shared/schema"' has no exported member 'datavaultColumns'.
tests/integration/datavault-v4-regression.test.ts(14,45): error TS2305: Module '"../../shared/schema"' has no exported member 'datavaultRows'.
tests/integration/datavault-v4-regression.test.ts(14,60): error TS2305: Module '"../../shared/schema"' has no exported member 'datavaultRowNotes'.
tests/integration/datavault-v4-regression.test.ts(14,79): error TS2305: Module '"../../shared/schema"' has no exported member 'datavaultApiTokens'.
tests/integration/datavault-v4-regression.test.ts(14,99): error TS2305: Module '"../../shared/schema"' has no exported member 'datavaultTablePermissions'.
tests/integration/datavault-v4-regression.test.ts(14,126): error TS2305: Module '"../../shared/schema"' has no exported member 'tenants'.
tests/integration/datavault-v4-regression.test.ts(14,135): error TS2305: Module '"../../shared/schema"' has no exported member 'datavaultDatabases'.
tests/integration/datavault-v4-regression.test.ts(14,155): error TS2305: Module '"../../shared/schema"' has no exported member 'users'.
tests/integration/datavault.api-tokens.test.ts(7,3): error TS2305: Module '"@shared/schema"' has no exported member 'datavaultApiTokens'.
tests/integration/datavault.api-tokens.test.ts(8,3): error TS2305: Module '"@shared/schema"' has no exported member 'datavaultDatabases'.
tests/integration/datavault.api-tokens.test.ts(9,3): error TS2305: Module '"@shared/schema"' has no exported member 'tenants'.
tests/integration/datavault.api-tokens.test.ts(10,3): error TS2305: Module '"@shared/schema"' has no exported member 'users'.
tests/integration/datavault.autonumber.test.ts(22,36): error TS2339: Property 'tenants' does not exist on type 'DrizzleTypeError<"Seems like the schema generic is missing - did you forget to add it to your DB type?">'.
tests/integration/datavault.permissions.test.ts(5,10): error TS2305: Module '"@shared/schema"' has no exported member 'datavaultTables'.
tests/integration/datavault.permissions.test.ts(5,27): error TS2305: Module '"@shared/schema"' has no exported member 'datavaultTablePermissions'.
tests/integration/datavault.routes.test.ts(6,10): error TS2305: Module '"@shared/schema"' has no exported member 'datavaultTables'.
tests/integration/datavault.routes.test.ts(6,27): error TS2305: Module '"@shared/schema"' has no exported member 'datavaultColumns'.
tests/integration/datavault.routes.test.ts(6,45): error TS2305: Module '"@shared/schema"' has no exported member 'datavaultRows'.
tests/integration/datavault.routes.test.ts(6,60): error TS2305: Module '"@shared/schema"' has no exported member 'datavaultValues'.
tests/integration/datavault.row-notes.test.ts(7,3): error TS2305: Module '"@shared/schema"' has no exported member 'datavaultTables'.
tests/integration/datavault.row-notes.test.ts(8,3): error TS2305: Module '"@shared/schema"' has no exported member 'datavaultRows'.
tests/integration/datavault.row-notes.test.ts(9,3): error TS2305: Module '"@shared/schema"' has no exported member 'datavaultRowNotes'.
tests/integration/datavault.row-notes.test.ts(10,3): error TS2305: Module '"@shared/schema"' has no exported member 'tenants'.
tests/integration/datavault.row-notes.test.ts(11,3): error TS2305: Module '"@shared/schema"' has no exported member 'users'.
tests/integration/dynamic_options_workflow.test.ts(6,10): error TS2305: Module '"@shared/schema"' has no exported member 'users'.
tests/integration/dynamic_options_workflow.test.ts(6,17): error TS2305: Module '"@shared/schema"' has no exported member 'tenants'.
tests/integration/externalSends.test.ts(7,5): error TS2305: Module '"@shared/schema"' has no exported member 'tenants'.
tests/integration/externalSends.test.ts(7,14): error TS2305: Module '"@shared/schema"' has no exported member 'projects'.
tests/integration/externalSends.test.ts(7,24): error TS2305: Module '"@shared/schema"' has no exported member 'workflows'.
tests/integration/externalSends.test.ts(7,35): error TS2305: Module '"@shared/schema"' has no exported member 'sections'.
tests/integration/externalSends.test.ts(7,45): error TS2305: Module '"@shared/schema"' has no exported member 'steps'.
tests/integration/externalSends.test.ts(7,52): error TS2305: Module '"@shared/schema"' has no exported member 'blocks'.
tests/integration/externalSends.test.ts(8,5): error TS2305: Module '"@shared/schema"' has no exported member 'users'.
tests/integration/externalSends.test.ts(8,12): error TS2305: Module '"@shared/schema"' has no exported member 'workspaces'.
tests/integration/externalSends.test.ts(8,24): error TS2305: Module '"@shared/schema"' has no exported member 'externalDestinations'.
tests/integration/externalSends.test.ts(8,46): error TS2305: Module '"@shared/schema"' has no exported member 'workflowVersions'.
tests/integration/externalSends.test.ts(9,10): error TS2305: Module '"@shared/schema"' has no exported member 'InsertTenant'.
tests/integration/externalSends.test.ts(9,29): error TS2305: Module '"@shared/schema"' has no exported member 'InsertProject'.
tests/integration/externalSends.test.ts(9,49): error TS2305: Module '"@shared/schema"' has no exported member 'InsertWorkflow'.
tests/integration/externalSends.test.ts(10,10): error TS2305: Module '"@shared/schema"' has no exported member 'InsertSection'.
tests/integration/externalSends.test.ts(10,30): error TS2305: Module '"@shared/schema"' has no exported member 'InsertStep'.
tests/integration/externalSends.test.ts(10,47): error TS2305: Module '"@shared/schema"' has no exported member 'InsertBlock'.
tests/integration/externalSends.test.ts(10,65): error TS2305: Module '"@shared/schema"' has no exported member 'InsertExternalDestination'.
tests/integration/js_helpers.test.ts(8,10): error TS2305: Module '"@shared/schema"' has no exported member 'tenants'.
tests/integration/js_helpers.test.ts(8,19): error TS2305: Module '"@shared/schema"' has no exported member 'users'.
tests/integration/js_helpers.test.ts(8,26): error TS2305: Module '"@shared/schema"' has no exported member 'workflows'.
tests/integration/js_helpers.test.ts(8,37): error TS2305: Module '"@shared/schema"' has no exported member 'sections'.
tests/integration/js_helpers.test.ts(8,47): error TS2305: Module '"@shared/schema"' has no exported member 'steps'.
tests/integration/js_helpers.test.ts(8,54): error TS2305: Module '"@shared/schema"' has no exported member 'stepValues'.
tests/integration/lifecycle-hooks-execution.test.ts(20,3): error TS2305: Module '"@shared/schema"' has no exported member 'workflows'.
tests/integration/lifecycle-hooks-execution.test.ts(21,3): error TS2305: Module '"@shared/schema"' has no exported member 'sections'.
tests/integration/lifecycle-hooks-execution.test.ts(22,3): error TS2305: Module '"@shared/schema"' has no exported member 'steps'.
tests/integration/lifecycle-hooks-execution.test.ts(23,3): error TS2305: Module '"@shared/schema"' has no exported member 'workflowRuns'.
tests/integration/lifecycle-hooks-execution.test.ts(24,3): error TS2305: Module '"@shared/schema"' has no exported member 'stepValues'.
tests/integration/lifecycle-hooks-execution.test.ts(25,3): error TS2305: Module '"@shared/schema"' has no exported member 'lifecycleHooks'.
tests/integration/lifecycle-hooks-execution.test.ts(26,3): error TS2305: Module '"@shared/schema"' has no exported member 'scriptExecutionLog'.
tests/integration/lifecycle-hooks-execution.test.ts(714,35): error TS2339: Property 'lifecycleHooks' does not exist on type 'DrizzleTypeError<"Seems like the schema generic is missing - did you forget to add it to your DB type?">'.
tests/integration/mfa.flow.real.test.ts(5,10): error TS2305: Module '"@shared/schema"' has no exported member 'mfaSecrets'.
tests/integration/mfa.flow.real.test.ts(5,22): error TS2305: Module '"@shared/schema"' has no exported member 'mfaBackupCodes'.
tests/integration/mfa.flow.real.test.ts(5,38): error TS2305: Module '"@shared/schema"' has no exported member 'users'.
tests/integration/mfa.flow.real.test.ts(5,45): error TS2305: Module '"@shared/schema"' has no exported member 'tenants'.
tests/integration/mfa.flow.real.test.ts(87,35): error TS2339: Property 'users' does not exist on type 'DrizzleTypeError<"Seems like the schema generic is missing - did you forget to add it to your DB type?">'.
tests/integration/mfa.flow.real.test.ts(91,40): error TS2339: Property 'mfaSecrets' does not exist on type 'DrizzleTypeError<"Seems like the schema generic is missing - did you forget to add it to your DB type?">'.
tests/integration/mfa.flow.real.test.ts(110,44): error TS2339: Property 'mfaSecrets' does not exist on type 'DrizzleTypeError<"Seems like the schema generic is missing - did you forget to add it to your DB type?">'.
tests/integration/mfa.flow.real.test.ts(117,42): error TS2339: Property 'users' does not exist on type 'DrizzleTypeError<"Seems like the schema generic is missing - did you forget to add it to your DB type?">'.
tests/integration/mfa.flow.real.test.ts(149,35): error TS2339: Property 'users' does not exist on type 'DrizzleTypeError<"Seems like the schema generic is missing - did you forget to add it to your DB type?">'.
tests/integration/mfa.flow.real.test.ts(204,42): error TS2339: Property 'mfaBackupCodes' does not exist on type 'DrizzleTypeError<"Seems like the schema generic is missing - did you forget to add it to your DB type?">'.
tests/integration/mfa.flow.real.test.ts(211,28): error TS7006: Parameter 'stored' implicitly has an 'any' type.
tests/integration/mfa.flow.real.test.ts(333,35): error TS2339: Property 'users' does not exist on type 'DrizzleTypeError<"Seems like the schema generic is missing - did you forget to add it to your DB type?">'.
tests/integration/mfa.flow.real.test.ts(337,40): error TS2339: Property 'mfaSecrets' does not exist on type 'DrizzleTypeError<"Seems like the schema generic is missing - did you forget to add it to your DB type?">'.
tests/integration/mfa.flow.real.test.ts(374,42): error TS2339: Property 'mfaBackupCodes' does not exist on type 'DrizzleTypeError<"Seems like the schema generic is missing - did you forget to add it to your DB type?">'.
tests/integration/mfa.flow.real.test.ts(405,35): error TS2339: Property 'users' does not exist on type 'DrizzleTypeError<"Seems like the schema generic is missing - did you forget to add it to your DB type?">'.
tests/integration/mfa.flow.real.test.ts(409,40): error TS2339: Property 'mfaSecrets' does not exist on type 'DrizzleTypeError<"Seems like the schema generic is missing - did you forget to add it to your DB type?">'.
tests/integration/mfa.flow.real.test.ts(501,40): error TS2339: Property 'mfaSecrets' does not exist on type 'DrizzleTypeError<"Seems like the schema generic is missing - did you forget to add it to your DB type?">'.
tests/integration/mfa.flow.real.test.ts(555,35): error TS2339: Property 'users' does not exist on type 'DrizzleTypeError<"Seems like the schema generic is missing - did you forget to add it to your DB type?">'.
tests/integration/mfa.flow.real.test.ts(562,47): error TS2339: Property 'mfaBackupCodes' does not exist on type 'DrizzleTypeError<"Seems like the schema generic is missing - did you forget to add it to your DB type?">'.
tests/integration/mfa.flow.real.test.ts(603,35): error TS2339: Property 'users' does not exist on type 'DrizzleTypeError<"Seems like the schema generic is missing - did you forget to add it to your DB type?">'.
tests/integration/mfa.flow.real.test.ts(636,39): error TS2339: Property 'mfaBackupCodes' does not exist on type 'DrizzleTypeError<"Seems like the schema generic is missing - did you forget to add it to your DB type?">'.
tests/integration/mfa.flow.real.test.ts(642,30): error TS7006: Parameter 'c' implicitly has an 'any' type.
tests/integration/organizationInvites.test.ts(6,10): error TS2305: Module '"../../shared/schema"' has no exported member 'organizations'.
tests/integration/organizationInvites.test.ts(6,25): error TS2305: Module '"../../shared/schema"' has no exported member 'organizationMemberships'.
tests/integration/organizationInvites.test.ts(6,50): error TS2305: Module '"../../shared/schema"' has no exported member 'organizationInvites'.
tests/integration/organizationInvites.test.ts(6,71): error TS2305: Module '"../../shared/schema"' has no exported member 'users'.
tests/integration/organizationInvites.test.ts(6,78): error TS2305: Module '"../../shared/schema"' has no exported member 'tenants'.
tests/integration/organizationInvites.test.ts(6,87): error TS2305: Module '"../../shared/schema"' has no exported member 'auditLogs'.
tests/integration/organizationInvites.test.ts(87,52): error TS2339: Property 'users' does not exist on type 'DrizzleTypeError<"Seems like the schema generic is missing - did you forget to add it to your DB type?">'.
tests/integration/organizationInvites.test.ts(109,41): error TS2339: Property 'users' does not exist on type 'DrizzleTypeError<"Seems like the schema generic is missing - did you forget to add it to your DB type?">'.
tests/integration/organizationInvites.test.ts(145,43): error TS2339: Property 'organizationInvites' does not exist on type 'DrizzleTypeError<"Seems like the schema generic is missing - did you forget to add it to your DB type?">'.
tests/integration/organizationInvites.test.ts(184,43): error TS2339: Property 'organizationInvites' does not exist on type 'DrizzleTypeError<"Seems like the schema generic is missing - did you forget to add it to your DB type?">'.
tests/integration/organizationInvites.test.ts(197,52): error TS2339: Property 'users' does not exist on type 'DrizzleTypeError<"Seems like the schema generic is missing - did you forget to add it to your DB type?">'.
tests/integration/organizationInvites.test.ts(207,48): error TS2339: Property 'users' does not exist on type 'DrizzleTypeError<"Seems like the schema generic is missing - did you forget to add it to your DB type?">'.
tests/integration/organizationInvites.test.ts(233,43): error TS2339: Property 'organizationInvites' does not exist on type 'DrizzleTypeError<"Seems like the schema generic is missing - did you forget to add it to your DB type?">'.
tests/integration/organizationInvites.test.ts(336,43): error TS2339: Property 'organizationInvites' does not exist on type 'DrizzleTypeError<"Seems like the schema generic is missing - did you forget to add it to your DB type?">'.
tests/integration/organizations-audit-fixes.test.ts(16,3): error TS2305: Module '"../../shared/schema"' has no exported member 'users'.
tests/integration/organizations-audit-fixes.test.ts(17,3): error TS2305: Module '"../../shared/schema"' has no exported member 'organizations'.
tests/integration/organizations-audit-fixes.test.ts(18,3): error TS2305: Module '"../../shared/schema"' has no exported member 'organizationMemberships'.
tests/integration/organizations-audit-fixes.test.ts(19,3): error TS2305: Module '"../../shared/schema"' has no exported member 'organizationInvites'.
tests/integration/organizations-audit-fixes.test.ts(20,3): error TS2305: Module '"../../shared/schema"' has no exported member 'workflows'.
tests/integration/organizations-audit-fixes.test.ts(21,3): error TS2305: Module '"../../shared/schema"' has no exported member 'workflowRuns'.
tests/integration/organizations-audit-fixes.test.ts(22,3): error TS2305: Module '"../../shared/schema"' has no exported member 'projects'.
tests/integration/organizations-audit-fixes.test.ts(23,3): error TS2305: Module '"../../shared/schema"' has no exported member 'tenants'.
tests/integration/organizations-audit-fixes.test.ts(24,3): error TS2305: Module '"../../shared/schema"' has no exported member 'auditLogs'.
tests/integration/organizations-audit-fixes.test.ts(66,13): error TS2339: Property 'workspaces' does not exist on type 'typeof import("C:/Users/scoot/poll/VaultLogic/shared/schema")'.
tests/integration/organizations-audit-fixes.test.ts(147,41): error TS2339: Property 'workflowRuns' does not exist on type 'DrizzleTypeError<"Seems like the schema generic is missing - did you forget to add it to your DB type?">'.
tests/integration/organizations-audit-fixes.test.ts(198,39): error TS2339: Property 'organizationInvites' does not exist on type 'DrizzleTypeError<"Seems like the schema generic is missing - did you forget to add it to your DB type?">'.
tests/integration/organizations-audit-fixes.test.ts(230,44): error TS2339: Property 'organizationInvites' does not exist on type 'DrizzleTypeError<"Seems like the schema generic is missing - did you forget to add it to your DB type?">'.
tests/integration/organizations-audit-fixes.test.ts(253,38): error TS2339: Property 'organizations' does not exist on type 'DrizzleTypeError<"Seems like the schema generic is missing - did you forget to add it to your DB type?">'.
tests/integration/organizations-audit-fixes.test.ts(298,46): error TS2339: Property 'users' does not exist on type 'DrizzleTypeError<"Seems like the schema generic is missing - did you forget to add it to your DB type?">'.
tests/integration/organizations-audit-fixes.test.ts(311,42): error TS2339: Property 'users' does not exist on type 'DrizzleTypeError<"Seems like the schema generic is missing - did you forget to add it to your DB type?">'.
tests/integration/organizations-workflow.test.ts(21,3): error TS2305: Module '"../../shared/schema"' has no exported member 'users'.
tests/integration/organizations-workflow.test.ts(22,3): error TS2305: Module '"../../shared/schema"' has no exported member 'organizations'.
tests/integration/organizations-workflow.test.ts(23,3): error TS2305: Module '"../../shared/schema"' has no exported member 'organizationMemberships'.
tests/integration/organizations-workflow.test.ts(24,3): error TS2305: Module '"../../shared/schema"' has no exported member 'organizationInvites'.
tests/integration/organizations-workflow.test.ts(25,3): error TS2305: Module '"../../shared/schema"' has no exported member 'workflows'.
tests/integration/organizations-workflow.test.ts(26,3): error TS2305: Module '"../../shared/schema"' has no exported member 'tenants'.
tests/integration/organizations-workflow.test.ts(107,42): error TS2339: Property 'organizationMemberships' does not exist on type 'DrizzleTypeError<"Seems like the schema generic is missing - did you forget to add it to your DB type?">'.
tests/integration/organizations-workflow.test.ts(130,39): error TS2339: Property 'organizationInvites' does not exist on type 'DrizzleTypeError<"Seems like the schema generic is missing - did you forget to add it to your DB type?">'.
tests/integration/organizations-workflow.test.ts(147,41): error TS2339: Property 'organizationMemberships' does not exist on type 'DrizzleTypeError<"Seems like the schema generic is missing - did you forget to add it to your DB type?">'.
tests/integration/organizations-workflow.test.ts(158,37): error TS2339: Property 'organizationInvites' does not exist on type 'DrizzleTypeError<"Seems like the schema generic is missing - did you forget to add it to your DB type?">'.
tests/integration/organizations-workflow.test.ts(197,41): error TS2339: Property 'workflows' does not exist on type 'DrizzleTypeError<"Seems like the schema generic is missing - did you forget to add it to your DB type?">'.
tests/integration/organizations-workflow.test.ts(288,41): error TS2339: Property 'organizationMemberships' does not exist on type 'DrizzleTypeError<"Seems like the schema generic is missing - did you forget to add it to your DB type?">'.
tests/integration/organizationService.test.ts(6,10): error TS2305: Module '"../../shared/schema"' has no exported member 'organizations'.
tests/integration/organizationService.test.ts(6,25): error TS2305: Module '"../../shared/schema"' has no exported member 'organizationMemberships'.
tests/integration/organizationService.test.ts(6,50): error TS2305: Module '"../../shared/schema"' has no exported member 'users'.
tests/integration/organizationService.test.ts(6,57): error TS2305: Module '"../../shared/schema"' has no exported member 'tenants'.
tests/integration/organizationService.test.ts(48,42): error TS2339: Property 'users' does not exist on type 'DrizzleTypeError<"Seems like the schema generic is missing - did you forget to add it to your DB type?">'.
tests/integration/ownershipAccess.test.ts(6,10): error TS2305: Module '"../../shared/schema"' has no exported member 'organizationMemberships'.
tests/integration/ownershipAccess.test.ts(6,35): error TS2305: Module '"../../shared/schema"' has no exported member 'organizations'.
tests/integration/ownershipAccess.test.ts(6,50): error TS2305: Module '"../../shared/schema"' has no exported member 'users'.
tests/integration/regression-REG-1.test.ts(20,5): error TS2305: Module '"../../shared/schema"' has no exported member 'tenants'.
tests/integration/regression-REG-1.test.ts(21,5): error TS2305: Module '"../../shared/schema"' has no exported member 'organizations'.
tests/integration/regression-REG-1.test.ts(22,5): error TS2305: Module '"../../shared/schema"' has no exported member 'users'.
tests/integration/regression-REG-1.test.ts(23,5): error TS2305: Module '"../../shared/schema"' has no exported member 'projects'.
tests/integration/regression-REG-1.test.ts(24,5): error TS2305: Module '"../../shared/schema"' has no exported member 'workflows'.
tests/integration/regression-REG-1.test.ts(25,5): error TS2305: Module '"../../shared/schema"' has no exported member 'workflowVersions'.
tests/integration/regression-REG-1.test.ts(26,5): error TS2305: Module '"../../shared/schema"' has no exported member 'sections'.
tests/integration/regression-REG-1.test.ts(27,5): error TS2305: Module '"../../shared/schema"' has no exported member 'steps'.
tests/integration/regression-REG-1.test.ts(28,5): error TS2305: Module '"../../shared/schema"' has no exported member 'workflowRuns'.
tests/integration/regression-REG-1.test.ts(29,5): error TS2305: Module '"../../shared/schema"' has no exported member 'stepValues'.
tests/integration/regression-REG-1.test.ts(30,5): error TS2305: Module '"../../shared/schema"' has no exported member 'datavaultDatabases'.
tests/integration/regression-REG-1.test.ts(31,5): error TS2305: Module '"../../shared/schema"' has no exported member 'datavaultTables'.
tests/integration/regression-REG-1.test.ts(32,5): error TS2305: Module '"../../shared/schema"' has no exported member 'datavaultRows'.
tests/integration/session.management.real.test.ts(5,10): error TS2305: Module '"@shared/schema"' has no exported member 'refreshTokens'.
tests/integration/session.management.real.test.ts(148,40): error TS2339: Property 'refreshTokens' does not exist on type 'DrizzleTypeError<"Seems like the schema generic is missing - did you forget to add it to your DB type?">'.
tests/integration/session.management.real.test.ts(265,43): error TS2339: Property 'refreshTokens' does not exist on type 'DrizzleTypeError<"Seems like the schema generic is missing - did you forget to add it to your DB type?">'.
tests/integration/session.management.real.test.ts(472,15): error TS2339: Property 'trustedDevices' does not exist on type 'typeof import("C:/Users/scoot/poll/VaultLogic/shared/schema")'.
tests/integration/session.management.real.test.ts(473,38): error TS2339: Property 'trustedDevices' does not exist on type 'DrizzleTypeError<"Seems like the schema generic is missing - did you forget to add it to your DB type?">'.
tests/integration/session.management.real.test.ts(477,29): error TS7006: Parameter 'd' implicitly has an 'any' type.
tests/integration/transferOwnership.test.ts(10,5): error TS2305: Module '"../../shared/schema"' has no exported member 'projects'.
tests/integration/transferOwnership.test.ts(11,5): error TS2305: Module '"../../shared/schema"' has no exported member 'workflows'.
tests/integration/transferOwnership.test.ts(12,5): error TS2305: Module '"../../shared/schema"' has no exported member 'datavaultDatabases'.
tests/integration/transferOwnership.test.ts(13,5): error TS2305: Module '"../../shared/schema"' has no exported member 'organizations'.
tests/integration/transferOwnership.test.ts(14,5): error TS2305: Module '"../../shared/schema"' has no exported member 'organizationMemberships'.
tests/integration/transferOwnership.test.ts(15,5): error TS2305: Module '"../../shared/schema"' has no exported member 'users'.
tests/integration/transferOwnership.test.ts(16,5): error TS2305: Module '"../../shared/schema"' has no exported member 'tenants'.
tests/integration/transferOwnership.test.ts(115,52): error TS2339: Property 'workflows' does not exist on type 'DrizzleTypeError<"Seems like the schema generic is missing - did you forget to add it to your DB type?">'.
tests/integration/trusted.devices.real.test.ts(5,10): error TS2305: Module '"@shared/schema"' has no exported member 'trustedDevices'.
tests/integration/trusted.devices.real.test.ts(84,38): error TS2339: Property 'trustedDevices' does not exist on type 'DrizzleTypeError<"Seems like the schema generic is missing - did you forget to add it to your DB type?">'.
tests/integration/trusted.devices.real.test.ts(164,38): error TS2339: Property 'trustedDevices' does not exist on type 'DrizzleTypeError<"Seems like the schema generic is missing - did you forget to add it to your DB type?">'.
tests/integration/trusted.devices.real.test.ts(376,37): error TS2339: Property 'trustedDevices' does not exist on type 'DrizzleTypeError<"Seems like the schema generic is missing - did you forget to add it to your DB type?">'.
tests/integration/trusted.devices.real.test.ts(548,38): error TS2339: Property 'trustedDevices' does not exist on type 'DrizzleTypeError<"Seems like the schema generic is missing - did you forget to add it to your DB type?">'.
tests/integration/trusted.devices.real.test.ts(564,38): error TS2339: Property 'trustedDevices' does not exist on type 'DrizzleTypeError<"Seems like the schema generic is missing - did you forget to add it to your DB type?">'.
tests/integration/variableSafety.test.ts(7,5): error TS2305: Module '"@shared/schema"' has no exported member 'users'.
tests/integration/variableSafety.test.ts(8,5): error TS2305: Module '"@shared/schema"' has no exported member 'tenants'.
tests/integration/variableSafety.test.ts(9,5): error TS2305: Module '"@shared/schema"' has no exported member 'projects'.
tests/integration/variableSafety.test.ts(10,5): error TS2305: Module '"@shared/schema"' has no exported member 'workflows'.
tests/integration/variableSafety.test.ts(11,5): error TS2305: Module '"@shared/schema"' has no exported member 'workflowVersions'.
tests/integration/variableSafety.test.ts(12,5): error TS2305: Module '"@shared/schema"' has no exported member 'sections'.
tests/integration/variableSafety.test.ts(13,5): error TS2305: Module '"@shared/schema"' has no exported member 'steps'.
tests/integration/variableSafety.test.ts(14,5): error TS2305: Module '"@shared/schema"' has no exported member 'workflowRuns'.
tests/integration/workflow_versioning.test.ts(5,10): error TS2305: Module '"@shared/schema"' has no exported member 'workflows'.
tests/integration/workflow_versioning.test.ts(5,21): error TS2305: Module '"@shared/schema"' has no exported member 'workflowVersions'.
tests/integration/workflow_versioning.test.ts(5,39): error TS2305: Module '"@shared/schema"' has no exported member 'workflowSnapshots'.
tests/integration/workflow_versioning.test.ts(5,58): error TS2305: Module '"@shared/schema"' has no exported member 'workflowRuns'.
tests/integration/workflow_versioning.test.ts(5,72): error TS2305: Module '"@shared/schema"' has no exported member 'users'.
tests/integration/workflow_versioning.test.ts(5,79): error TS2305: Module '"@shared/schema"' has no exported member 'steps'.
tests/integration/workflow_versioning.test.ts(5,86): error TS2305: Module '"@shared/schema"' has no exported member 'sections'.
tests/integration/workflow_versioning.test.ts(5,96): error TS2305: Module '"@shared/schema"' has no exported member 'tenants'.
tests/integration/workflow_versioning.test.ts(5,105): error TS2305: Module '"@shared/schema"' has no exported member 'projects'.
tests/integration/workflow_versioning.test.ts(5,115): error TS2305: Module '"@shared/schema"' has no exported member 'auditEvents'.
tests/integration/workflow_versioning.test.ts(5,128): error TS2305: Module '"@shared/schema"' has no exported member 'auditLogs'.
tests/integration/workflows/runtime-pipelines.test.ts(11,3): error TS2305: Module '"@shared/schema"' has no exported member 'tenants'.
tests/integration/workflows/runtime-pipelines.test.ts(12,3): error TS2305: Module '"@shared/schema"' has no exported member 'users'.
tests/integration/workflows/runtime-pipelines.test.ts(13,3): error TS2305: Module '"@shared/schema"' has no exported member 'projects'.
tests/integration/workflows/runtime-pipelines.test.ts(14,3): error TS2305: Module '"@shared/schema"' has no exported member 'workflows'.
tests/integration/workflows/runtime-pipelines.test.ts(15,3): error TS2305: Module '"@shared/schema"' has no exported member 'sections'.
tests/integration/workflows/runtime-pipelines.test.ts(16,3): error TS2305: Module '"@shared/schema"' has no exported member 'steps'.
tests/integration/workflows/runtime-pipelines.test.ts(17,3): error TS2305: Module '"@shared/schema"' has no exported member 'workflowRuns'.
tests/integration/workflows/runtime-pipelines.test.ts(18,3): error TS2305: Module '"@shared/schema"' has no exported member 'datavaultTables'.
tests/integration/workflows/runtime-pipelines.test.ts(19,3): error TS2305: Module '"@shared/schema"' has no exported member 'datavaultColumns'.
tests/integration/workflows/runtime-pipelines.test.ts(20,3): error TS2305: Module '"@shared/schema"' has no exported member 'datavaultRows'.
tests/integration/workflows/runtime-pipelines.test.ts(21,3): error TS2305: Module '"@shared/schema"' has no exported member 'datavaultValues'.
tests/integration/workflows/runtime-pipelines.test.ts(22,3): error TS2305: Module '"@shared/schema"' has no exported member 'templates'.
tests/integration/workflows/runtime-pipelines.test.ts(23,3): error TS2305: Module '"@shared/schema"' has no exported member 'runGeneratedDocuments'.
tests/setup.ts(109,20): error TS2306: File 'C:/Users/scoot/poll/VaultLogic/node_modules/@testing-library/jest-dom/types/index.d.ts' is not a module.
tests/ui/datavault/EditableCell.test.tsx(18,15): error TS2305: Module '"@shared/schema"' has no exported member 'DatavaultColumn'.
tests/ui/datavault/TableCard.test.tsx(31,23): error TS2739: Type 'ApiDatavaultTableWithStats' is missing the following properties from type '{ id: string; name: string; description?: string | null | undefined; slug: string; columnCount?: number | undefined; rowCount?: number | undefined; updatedAt: string | Date | null; }': id, name, slug, updatedAt
tests/ui/datavault/TableCard.test.tsx(39,23): error TS2739: Type 'ApiDatavaultTableWithStats' is missing the following properties from type '{ id: string; name: string; description?: string | null | undefined; slug: string; columnCount?: number | undefined; rowCount?: number | undefined; updatedAt: string | Date | null; }': id, name, slug, updatedAt
tests/ui/datavault/TableCard.test.tsx(55,23): error TS2739: Type 'ApiDatavaultTableWithStats' is missing the following properties from type '{ id: string; name: string; description?: string | null | undefined; slug: string; columnCount?: number | undefined; rowCount?: number | undefined; updatedAt: string | Date | null; }': id, name, slug, updatedAt
tests/ui/datavault/TableCard.test.tsx(63,23): error TS2739: Type 'ApiDatavaultTableWithStats' is missing the following properties from type '{ id: string; name: string; description?: string | null | undefined; slug: string; columnCount?: number | undefined; rowCount?: number | undefined; updatedAt: string | Date | null; }': id, name, slug, updatedAt
tests/ui/datavault/TableCard.test.tsx(75,23): error TS2739: Type 'ApiDatavaultTableWithStats' is missing the following properties from type '{ id: string; name: string; description?: string | null | undefined; slug: string; columnCount?: number | undefined; rowCount?: number | undefined; updatedAt: string | Date | null; }': id, name, slug, updatedAt
tests/ui/datavault/TableCard.test.tsx(92,23): error TS2739: Type '{ description: null; columnCount: number; rowCount: number; }' is missing the following properties from type '{ id: string; name: string; description?: string | null | undefined; slug: string; columnCount?: number | undefined; rowCount?: number | undefined; updatedAt: string | Date | null; }': id, name, slug, updatedAt
tests/ui/datavault/TableCard.test.tsx(98,23): error TS2739: Type 'ApiDatavaultTableWithStats' is missing the following properties from type '{ id: string; name: string; description?: string | null | undefined; slug: string; columnCount?: number | undefined; rowCount?: number | undefined; updatedAt: string | Date | null; }': id, name, slug, updatedAt
tests/unit/collab.server.test.ts(7,15): error TS2305: Module '"@shared/schema"' has no exported member 'User'.
tests/unit/engine.run-conditions.test.ts(7,15): error TS2305: Module '"@shared/schema"' has no exported member 'WorkflowVersion'.
tests/unit/engine/FinalBlockSnapshot.test.ts(92,19): error TS2339: Property 'templates' does not exist on type 'DrizzleTypeError<"Seems like the schema generic is missing - did you forget to add it to your DB type?">'.
tests/unit/engine/templateNode.test.ts(17,3): error TS2305: Module '"../../../shared/schema"' has no exported member 'projects'.
tests/unit/engine/templateNode.test.ts(18,3): error TS2305: Module '"../../../shared/schema"' has no exported member 'workflows'.
tests/unit/engine/templateNode.test.ts(19,3): error TS2305: Module '"../../../shared/schema"' has no exported member 'workflowVersions'.
tests/unit/engine/templateNode.test.ts(20,3): error TS2305: Module '"../../../shared/schema"' has no exported member 'templates'.
tests/unit/engine/templateNode.test.ts(21,3): error TS2305: Module '"../../../shared/schema"' has no exported member 'workflowTemplates'.
tests/unit/engine/templateNode.test.ts(22,3): error TS2305: Module '"../../../shared/schema"' has no exported member 'runs'.
tests/unit/engine/templateNode.test.ts(23,3): error TS2305: Module '"../../../shared/schema"' has no exported member 'runOutputs'.
tests/unit/engine/templateNode.test.ts(24,3): error TS2305: Module '"../../../shared/schema"' has no exported member 'users'.
tests/unit/engine/templateNode.test.ts(25,3): error TS2305: Module '"../../../shared/schema"' has no exported member 'tenants'.
tests/unit/listPipeline.semantics.test.ts(28,17): error TS2322: Type '"test"' is not assignable to type '"query" | "read_table" | "list_tools"'.
tests/unit/listPipeline.semantics.test.ts(671,21): error TS2322: Type '"test"' is not assignable to type '"query" | "read_table" | "list_tools"'.
tests/unit/repositories/DatavaultColumnsRepository.test.ts(3,15): error TS2305: Module '"@shared/schema"' has no exported member 'DatavaultColumn'.
tests/unit/repositories/DatavaultColumnsRepository.test.ts(3,32): error TS2305: Module '"@shared/schema"' has no exported member 'InsertDatavaultColumn'.
tests/unit/repositories/DatavaultRowsRepository.test.ts(3,15): error TS2305: Module '"@shared/schema"' has no exported member 'DatavaultRow'.
tests/unit/repositories/DatavaultRowsRepository.test.ts(3,29): error TS2305: Module '"@shared/schema"' has no exported member 'DatavaultValue'.
tests/unit/repositories/DatavaultRowsRepository.test.ts(3,45): error TS2305: Module '"@shared/schema"' has no exported member 'InsertDatavaultRow'.
tests/unit/repositories/DatavaultTablesRepository.test.ts(3,15): error TS2305: Module '"@shared/schema"' has no exported member 'DatavaultTable'.
tests/unit/repositories/DatavaultTablesRepository.test.ts(3,31): error TS2305: Module '"@shared/schema"' has no exported member 'InsertDatavaultTable'.
tests/unit/repositories/DocumentTemplateRepository.test.ts(3,15): error TS2305: Module '"@shared/schema"' has no exported member 'Template'.
tests/unit/repositories/DocumentTemplateRepository.test.ts(3,25): error TS2305: Module '"@shared/schema"' has no exported member 'InsertTemplate'.
tests/unit/repositories/WorkflowTemplateRepository.test.ts(13,10): error TS2305: Module '"../../../shared/schema"' has no exported member 'workflowTemplates'.
tests/unit/repositories/WorkflowTemplateRepository.test.ts(13,29): error TS2305: Module '"../../../shared/schema"' has no exported member 'workflowVersions'.
tests/unit/repositories/WorkflowTemplateRepository.test.ts(13,47): error TS2305: Module '"../../../shared/schema"' has no exported member 'workflows'.
tests/unit/repositories/WorkflowTemplateRepository.test.ts(13,58): error TS2305: Module '"../../../shared/schema"' has no exported member 'projects'.
tests/unit/repositories/WorkflowTemplateRepository.test.ts(13,68): error TS2305: Module '"../../../shared/schema"' has no exported member 'templates'.
tests/unit/repositories/WorkflowTemplateRepository.test.ts(13,79): error TS2305: Module '"../../../shared/schema"' has no exported member 'users'.
tests/unit/schema/collections.test.ts(4,3): error TS2305: Module '"@shared/schema"' has no exported member 'collections'.
tests/unit/schema/collections.test.ts(5,3): error TS2305: Module '"@shared/schema"' has no exported member 'collectionFields'.
tests/unit/schema/collections.test.ts(6,3): error TS2305: Module '"@shared/schema"' has no exported member 'records'.
tests/unit/schema/collections.test.ts(7,3): error TS2305: Module '"@shared/schema"' has no exported member 'insertCollectionSchema'.
tests/unit/schema/collections.test.ts(8,3): error TS2305: Module '"@shared/schema"' has no exported member 'insertCollectionFieldSchema'.
tests/unit/schema/collections.test.ts(9,3): error TS2305: Module '"@shared/schema"' has no exported member 'insertRecordSchema'.
tests/unit/schema/collections.test.ts(10,3): error TS2305: Module '"@shared/schema"' has no exported member 'collectionFieldTypeEnum'.
tests/unit/schema/documentEngine.test.ts(4,3): error TS2305: Module '"@shared/schema"' has no exported member 'templates'.
tests/unit/schema/documentEngine.test.ts(5,3): error TS2305: Module '"@shared/schema"' has no exported member 'workflowTemplates'.
tests/unit/schema/documentEngine.test.ts(6,3): error TS2305: Module '"@shared/schema"' has no exported member 'runOutputs'.
tests/unit/schema/documentEngine.test.ts(7,3): error TS2305: Module '"@shared/schema"' has no exported member 'insertTemplateSchema'.
tests/unit/schema/documentEngine.test.ts(8,3): error TS2305: Module '"@shared/schema"' has no exported member 'insertWorkflowTemplateSchema'.
tests/unit/schema/documentEngine.test.ts(9,3): error TS2305: Module '"@shared/schema"' has no exported member 'insertRunOutputSchema'.
tests/unit/schema/documentEngine.test.ts(10,3): error TS2305: Module '"@shared/schema"' has no exported member 'outputStatusEnum'.
tests/unit/schema/documentEngine.test.ts(11,3): error TS2305: Module '"@shared/schema"' has no exported member 'outputFileTypeEnum'.
tests/unit/services/AccountLockoutService.test.ts(5,15): error TS2305: Module '"../../../shared/schema"' has no exported member 'User'.
tests/unit/services/AuthService.test.ts(8,15): error TS2305: Module '"../../../shared/schema"' has no exported member 'User'.
tests/unit/services/AuthService.test.ts(665,28): error TS2339: Property 'users' does not exist on type 'DrizzleTypeError<"Seems like the schema generic is missing - did you forget to add it to your DB type?">'.
tests/unit/services/AuthService.test.ts(681,28): error TS2339: Property 'users' does not exist on type 'DrizzleTypeError<"Seems like the schema generic is missing - did you forget to add it to your DB type?">'.
tests/unit/services/AuthService.test.ts(690,28): error TS2339: Property 'users' does not exist on type 'DrizzleTypeError<"Seems like the schema generic is missing - did you forget to add it to your DB type?">'.
tests/unit/services/AuthService.test.ts(705,28): error TS2339: Property 'passwordResetTokens' does not exist on type 'DrizzleTypeError<"Seems like the schema generic is missing - did you forget to add it to your DB type?">'.
tests/unit/services/AuthService.test.ts(719,28): error TS2339: Property 'passwordResetTokens' does not exist on type 'DrizzleTypeError<"Seems like the schema generic is missing - did you forget to add it to your DB type?">'.
tests/unit/services/AuthService.test.ts(728,28): error TS2339: Property 'passwordResetTokens' does not exist on type 'DrizzleTypeError<"Seems like the schema generic is missing - did you forget to add it to your DB type?">'.
tests/unit/services/AuthService.test.ts(737,28): error TS2339: Property 'passwordResetTokens' does not exist on type 'DrizzleTypeError<"Seems like the schema generic is missing - did you forget to add it to your DB type?">'.
tests/unit/services/AuthService.test.ts(782,28): error TS2339: Property 'emailVerificationTokens' does not exist on type 'DrizzleTypeError<"Seems like the schema generic is missing - did you forget to add it to your DB type?">'.
tests/unit/services/AuthService.test.ts(797,28): error TS2339: Property 'emailVerificationTokens' does not exist on type 'DrizzleTypeError<"Seems like the schema generic is missing - did you forget to add it to your DB type?">'.
tests/unit/services/AuthService.test.ts(806,28): error TS2339: Property 'emailVerificationTokens' does not exist on type 'DrizzleTypeError<"Seems like the schema generic is missing - did you forget to add it to your DB type?">'.
tests/unit/services/AuthService.test.ts(815,28): error TS2339: Property 'emailVerificationTokens' does not exist on type 'DrizzleTypeError<"Seems like the schema generic is missing - did you forget to add it to your DB type?">'.
tests/unit/services/AuthService.test.ts(857,28): error TS2339: Property 'refreshTokens' does not exist on type 'DrizzleTypeError<"Seems like the schema generic is missing - did you forget to add it to your DB type?">'.
tests/unit/services/AuthService.test.ts(871,28): error TS2339: Property 'refreshTokens' does not exist on type 'DrizzleTypeError<"Seems like the schema generic is missing - did you forget to add it to your DB type?">'.
tests/unit/services/AuthService.test.ts(880,28): error TS2339: Property 'refreshTokens' does not exist on type 'DrizzleTypeError<"Seems like the schema generic is missing - did you forget to add it to your DB type?">'.
tests/unit/services/AuthService.test.ts(892,28): error TS2339: Property 'refreshTokens' does not exist on type 'DrizzleTypeError<"Seems like the schema generic is missing - did you forget to add it to your DB type?">'.
tests/unit/services/AuthService.test.ts(912,28): error TS2339: Property 'refreshTokens' does not exist on type 'DrizzleTypeError<"Seems like the schema generic is missing - did you forget to add it to your DB type?">'.
tests/unit/services/AuthService.test.ts(923,28): error TS2339: Property 'refreshTokens' does not exist on type 'DrizzleTypeError<"Seems like the schema generic is missing - did you forget to add it to your DB type?">'.
tests/unit/services/AuthService.test.ts(942,28): error TS2339: Property 'refreshTokens' does not exist on type 'DrizzleTypeError<"Seems like the schema generic is missing - did you forget to add it to your DB type?">'.
tests/unit/services/AuthService.test.ts(1149,28): error TS2339: Property 'refreshTokens' does not exist on type 'DrizzleTypeError<"Seems like the schema generic is missing - did you forget to add it to your DB type?">'.
tests/unit/services/AuthService.test.ts(1183,28): error TS2339: Property 'emailVerificationTokens' does not exist on type 'DrizzleTypeError<"Seems like the schema generic is missing - did you forget to add it to your DB type?">'.
tests/unit/services/AuthService.test.ts(1230,28): error TS2339: Property 'refreshTokens' does not exist on type 'DrizzleTypeError<"Seems like the schema generic is missing - did you forget to add it to your DB type?">'.
tests/unit/services/AuthService.test.ts(1253,28): error TS2339: Property 'users' does not exist on type 'DrizzleTypeError<"Seems like the schema generic is missing - did you forget to add it to your DB type?">'.
tests/unit/services/AuthService.test.ts(1264,28): error TS2339: Property 'passwordResetTokens' does not exist on type 'DrizzleTypeError<"Seems like the schema generic is missing - did you forget to add it to your DB type?">'.
tests/unit/services/AuthService.test.ts(1291,28): error TS2339: Property 'users' does not exist on type 'DrizzleTypeError<"Seems like the schema generic is missing - did you forget to add it to your DB type?">'.
tests/unit/services/AuthService.test.ts(1299,28): error TS2339: Property 'passwordResetTokens' does not exist on type 'DrizzleTypeError<"Seems like the schema generic is missing - did you forget to add it to your DB type?">'.
tests/unit/services/AuthService.test.ts(1313,28): error TS2339: Property 'passwordResetTokens' does not exist on type 'DrizzleTypeError<"Seems like the schema generic is missing - did you forget to add it to your DB type?">'.
tests/unit/services/AuthService.test.ts(1340,28): error TS2339: Property 'refreshTokens' does not exist on type 'DrizzleTypeError<"Seems like the schema generic is missing - did you forget to add it to your DB type?">'.
tests/unit/services/AuthService.test.ts(1369,28): error TS2339: Property 'users' does not exist on type 'DrizzleTypeError<"Seems like the schema generic is missing - did you forget to add it to your DB type?">'.
tests/unit/services/AuthService.test.ts(1377,28): error TS2339: Property 'emailVerificationTokens' does not exist on type 'DrizzleTypeError<"Seems like the schema generic is missing - did you forget to add it to your DB type?">'.
tests/unit/services/BrandingService.test.ts(4,10): error TS2305: Module '"@shared/schema"' has no exported member 'tenants'.
tests/unit/services/BrandingService.test.ts(4,19): error TS2305: Module '"@shared/schema"' has no exported member 'tenantDomains'.
tests/unit/services/DatavaultReferenceColumns.test.ts(3,15): error TS2305: Module '"@shared/schema"' has no exported member 'DatavaultColumn'.
tests/unit/services/DatavaultReferenceColumns.test.ts(3,32): error TS2305: Module '"@shared/schema"' has no exported member 'DatavaultTable'.
tests/unit/services/DocumentTemplateService.test.ts(3,15): error TS2305: Module '"@shared/schema"' has no exported member 'Template'.
tests/unit/services/PdfQueueService.test.ts(15,10): error TS2305: Module '"../../../shared/schema"' has no exported member 'projects'.
tests/unit/services/PdfQueueService.test.ts(15,20): error TS2305: Module '"../../../shared/schema"' has no exported member 'workflows'.
tests/unit/services/PdfQueueService.test.ts(15,31): error TS2305: Module '"../../../shared/schema"' has no exported member 'workflowVersions'.
tests/unit/services/PdfQueueService.test.ts(15,49): error TS2305: Module '"../../../shared/schema"' has no exported member 'runs'.
tests/unit/services/PdfQueueService.test.ts(15,55): error TS2305: Module '"../../../shared/schema"' has no exported member 'runOutputs'.
tests/unit/services/PdfQueueService.test.ts(15,67): error TS2305: Module '"../../../shared/schema"' has no exported member 'users'.
tests/unit/services/PdfQueueService.test.ts(15,74): error TS2305: Module '"../../../shared/schema"' has no exported member 'tenants'.
tests/unit/services/PdfQueueService.test.ts(178,37): error TS2339: Property 'runOutputs' does not exist on type 'DrizzleTypeError<"Seems like the schema generic is missing - did you forget to add it to your DB type?">'.
tests/unit/services/PdfQueueService.test.ts(198,37): error TS2339: Property 'runOutputs' does not exist on type 'DrizzleTypeError<"Seems like the schema generic is missing - did you forget to add it to your DB type?">'.
tests/unit/services/PdfQueueService.test.ts(377,37): error TS2339: Property 'runOutputs' does not exist on type 'DrizzleTypeError<"Seems like the schema generic is missing - did you forget to add it to your DB type?">'.
tests/unit/services/PdfQueueService.test.ts(449,37): error TS2339: Property 'runOutputs' does not exist on type 'DrizzleTypeError<"Seems like the schema generic is missing - did you forget to add it to your DB type?">'.
tests/unit/services/StepService.test.ts(6,15): error TS2305: Module '"../../../shared/schema"' has no exported member 'InsertStep'.
tests/unit/services/WorkflowService.test.ts(8,15): error TS2305: Module '"../../../shared/schema"' has no exported member 'InsertWorkflow'.
tests/unit/services/WorkflowTemplateService.test.ts(18,10): error TS2305: Module '"../../../shared/schema"' has no exported member 'workflowTemplates'.
tests/unit/services/WorkflowTemplateService.test.ts(18,29): error TS2305: Module '"../../../shared/schema"' has no exported member 'workflowVersions'.
tests/unit/services/WorkflowTemplateService.test.ts(18,47): error TS2305: Module '"../../../shared/schema"' has no exported member 'workflows'.
tests/unit/services/WorkflowTemplateService.test.ts(18,58): error TS2305: Module '"../../../shared/schema"' has no exported member 'projects'.
tests/unit/services/WorkflowTemplateService.test.ts(18,68): error TS2305: Module '"../../../shared/schema"' has no exported member 'templates'.
tests/unit/services/WorkflowTemplateService.test.ts(18,79): error TS2305: Module '"../../../shared/schema"' has no exported member 'users'.
tests/unit/services/WorkflowTemplateService.test.ts(18,86): error TS2305: Module '"../../../shared/schema"' has no exported member 'tenants'.
tests/unit/shared/workflowLogic.test.ts(3,15): error TS2305: Module '"@shared/schema"' has no exported member 'LogicRule'.
tests/unit/utils/variableResolver.test.ts(3,15): error TS2305: Module '"@shared/schema"' has no exported member 'WorkflowVariable'.
tests/unit/workflows/validation.test.ts(3,15): error TS2305: Module '"@shared/schema"' has no exported member 'Step'.
