npm warn Unknown project config "puppeteer_skip_download". This will stop working in the next major version of npm.

> ezbuildr@1.0.0 test
> cross-env VITEST_INTEGRATION=true vitest run --coverage tests/integration/api.snapshots.test.ts tests/integration/api.ai.doc.test.ts


[1m[46m RUN [49m[22m [36mv4.0.16 [39m[90mC:/Users/scoot/poll/VaultLogic[39m
      [2mCoverage enabled with [22m[33mv8[39m

[90mstdout[2m | tests/integration/api.snapshots.test.ts
[22m[39mSETUP: Loading setup.ts...
[dotenv@17.2.3] injecting env (20) from .env -- tip: â‰¡Æ’Ã¶Ã¤ add secrets lifecycle management: https://dotenvx.com/ops

[90mstdout[2m | tests/integration/api.ai.doc.test.ts
[22m[39mSETUP: Loading setup.ts...
[dotenv@17.2.3] injecting env (20) from .env -- tip: â‰¡Æ’Ã¶Ã‰ encrypt with Dotenvx: https://dotenvx.com

[90mstdout[2m | tests/integration/api.snapshots.test.ts
[22m[39m[dotenv@17.2.3] injecting env (0) from .env -- tip: Î“ÃœÃ–âˆ©â••Ã…  suppress all logs with { quiet: true }
DB: Skipping auto-init because NODE_ENV=test

[90mstdout[2m | tests/integration/api.ai.doc.test.ts
[22m[39m[dotenv@17.2.3] injecting env (0) from .env -- tip: â‰¡Æ’Ã¶Ã¦ add access controls to secrets: https://dotenvx.com/ops
DB: Skipping auto-init because NODE_ENV=test

{"level":30,"time":1768338908494,"env":"test","module":"metrics-service","msg":"MetricsService initialized"}
{"level":30,"time":1768338908498,"env":"test","module":"metrics-service","msg":"MetricsService initialized"}
[90mstdout[2m | tests/integration/api.snapshots.test.ts
[22m[39mÎ“Â£Ã  OpenAPI specification loaded successfully

[90mstdout[2m | tests/integration/api.ai.doc.test.ts
[22m[39mÎ“Â£Ã  OpenAPI specification loaded successfully

[90mstdout[2m | tests/integration/api.ai.doc.test.ts
[22m[39m[SchemaManager] Reusing existing isolated schema: test_schema_w1
[SchemaManager] Detected Neon DB. Switching to Direct Connection (5432) for schema isolation.

[90mstdout[2m | tests/integration/api.snapshots.test.ts
[22m[39m[SchemaManager] Reusing existing isolated schema: test_schema_w0
[SchemaManager] Detected Neon DB. Switching to Direct Connection (5432) for schema isolation.

[90mstdout[2m | tests/integration/api.ai.doc.test.ts
[22m[39mâ‰¡Æ’Ã¶Ã† Test Schema Isolated: test_schema_w1 (Reused: true)

{"level":30,"time":1768338913330,"env":"test","msg":"DB: initializing... Local"}
{"level":20,"time":1768338913330,"env":"test","msg":"DB: importing pg..."}
{"level":20,"time":1768338913330,"env":"test","msg":"DB: creating pool..."}
{"level":20,"time":1768338913330,"env":"test","msg":"DB: importing drizzle..."}
[90mstdout[2m | tests/integration/api.snapshots.test.ts
[22m[39mâ‰¡Æ’Ã¶Ã† Test Schema Isolated: test_schema_w0 (Reused: true)

{"level":30,"time":1768338913344,"env":"test","msg":"DB: initializing... Local"}
{"level":20,"time":1768338913344,"env":"test","msg":"DB: importing pg..."}
{"level":20,"time":1768338913345,"env":"test","msg":"DB: creating pool..."}
{"level":20,"time":1768338913345,"env":"test","msg":"DB: importing drizzle..."}
{"level":20,"time":1768338913358,"env":"test","msg":"DB: created."}
[90mstdout[2m | tests/integration/api.ai.doc.test.ts
[22m[39mÎ“Â£Ã  Database initialized for tests
Î“Ã…âŒ Schema reused, skipping migrations.

{"level":30,"time":1768338913358,"env":"test","msg":"DB: initialized flag set."}
{"level":20,"time":1768338913374,"env":"test","msg":"DB: created."}
[90mstdout[2m | tests/integration/api.snapshots.test.ts
[22m[39mÎ“Â£Ã  Database initialized for tests
Î“Ã…âŒ Schema reused, skipping migrations.

{"level":30,"time":1768338913374,"env":"test","msg":"DB: initialized flag set."}
{"level":30,"time":1768338913858,"env":"test","module":"metrics-routes","msg":"Metrics endpoint registered at GET /metrics"}
{"level":30,"time":1768338913863,"env":"test","module":"metrics-routes","msg":"Metrics endpoint registered at GET /metrics"}
{"level":30,"time":1768338913875,"env":"test","msg":"Real-time collaboration server initialized"}
[90mstdout[2m | tests/integration/api.ai.doc.test.ts[2m > [22m[2mAI Document Assistant API Integration Tests
[22m[39mâ‰¡Æ’Ã´Ãœ API Documentation available at /api-docs
[Routes] E-Signature routes registered at /api/esign

{"level":30,"time":1768338913882,"env":"test","msg":"Real-time collaboration server initialized"}
[90mstdout[2m | tests/integration/api.snapshots.test.ts[2m > [22m[2mStage 13: Workflow Snapshots & Versioning
[22m[39mâ‰¡Æ’Ã´Ãœ API Documentation available at /api-docs
[Routes] E-Signature routes registered at /api/esign

{"level":30,"time":1768338913871,"env":"test","module":"file-routes","outputsDir":"C:\\Users\\scoot\\poll\\VaultLogic\\server\\files\\outputs","msg":"Secure file routes registered"}
{"level":30,"time":1768338913872,"env":"test","module":"ai-routes","msg":"AI workflow generation routes registered"}
{"level":30,"time":1768338913877,"env":"test","module":"documents-routes","msg":"Document routes registered"}
{"level":30,"time":1768338913882,"env":"test","module":"collab-server","msg":"Initializing WebSocket collaboration server"}
{"level":40,"time":1768338913882,"env":"test","module":"collab-persistence","msg":"REDIS_URL not configured, multi-instance collab will not work"}
{"level":30,"time":1768338913882,"env":"test","module":"collab-server","msg":"WebSocket collaboration server attached to main HTTP server path /collab"}
{"level":30,"time":1768338913882,"env":"test","module":"collab-server","msg":"WebSocket collaboration server initialized"}
{"level":30,"time":1768338913865,"env":"test","module":"file-routes","outputsDir":"C:\\Users\\scoot\\poll\\VaultLogic\\server\\files\\outputs","msg":"Secure file routes registered"}
{"level":30,"time":1768338913865,"env":"test","module":"ai-routes","msg":"AI workflow generation routes registered"}
{"level":30,"time":1768338913870,"env":"test","module":"documents-routes","msg":"Document routes registered"}
{"level":30,"time":1768338913875,"env":"test","module":"collab-server","msg":"Initializing WebSocket collaboration server"}
{"level":40,"time":1768338913875,"env":"test","module":"collab-persistence","msg":"REDIS_URL not configured, multi-instance collab will not work"}
{"level":30,"time":1768338913875,"env":"test","module":"collab-server","msg":"WebSocket collaboration server attached to main HTTP server path /collab"}
{"level":30,"time":1768338913875,"env":"test","module":"collab-server","msg":"WebSocket collaboration server initialized"}
[90mstdout[2m | tests/integration/api.ai.doc.test.ts[2m > [22m[2mAI Document Assistant API Integration Tests[2m > [22m[2mPOST /api/ai/doc/analyze[2m > [22m[2mshould analyze a DOCX file and return variables
[22m[39mFAIL_STATUS: 500
FAIL_BODY: {}

{"level":30,"time":1768338913929,"env":"test","msg":"DB: closing pool..."}
[90mstdout[2m | tests/integration/api.ai.doc.test.ts
[22m[39mâ‰¡Æ’Âºâ•£ Cleaning up test environment...

{"level":30,"time":1768338913930,"env":"test","msg":"DB: pool closed."}
 [31mÎ“Â¥Â»[39m tests/integration/api.ai.doc.test.ts [2m([22m[2m4 tests[22m[2m | [22m[31m2 failed[39m[2m)[22m[33m 1023[2mms[22m[39m
[31m       [31mâ”œÃ¹[31m should analyze a DOCX file and return variables[39m[32m 28[2mms[22m[39m
[31m       [31mâ”œÃ¹[31m should fail if no file is provided[39m[32m 6[2mms[22m[39m
       [32mÎ“Â£Ã´[39m should suggest mappings between template and workflow variables[32m 13[2mms[22m[39m
       [32mÎ“Â£Ã´[39m should return improvement suggestions[32m 3[2mms[22m[39m
stderr | tests/integration/api.snapshots.test.ts > Stage 13: Workflow Snapshots & Versioning > should maintain immutability of runs across versions
Run Fetch Failed Body: {}
Run Fetch Failed Text: <!DOCTYPE html>
<html lang="en">
<head>
<meta charset="utf-8">
<title>Error</title>
</head>
<body>
<pre>ReferenceError: authState is not defined<br> &nbsp; &nbsp;at C:/Users/scoot/poll/VaultLogic/tests/integration/api.snapshots.test.ts:33:21<br> &nbsp; &nbsp;at Layer.handle [as handle_request] (C:\Users\scoot\poll\VaultLogic\node_modules\express\lib\router\layer.js:95:5)<br> &nbsp; &nbsp;at trim_prefix (C:\Users\scoot\poll\VaultLogic\node_modules\express\lib\router\index.js:328:13)<br> &nbsp; &nbsp;at C:\Users\scoot\poll\VaultLogic\node_modules\express\lib\router\index.js:286:9<br> &nbsp; &nbsp;at router.process_params (C:\Users\scoot\poll\VaultLogic\node_modules\express\lib\router\index.js:346:12)<br> &nbsp; &nbsp;at next (C:\Users\scoot\poll\VaultLogic\node_modules\express\lib\router\index.js:280:10)<br> &nbsp; &nbsp;at urlencodedParser (C:\Users\scoot\poll\VaultLogic\node_modules\body-parser\lib\types\urlencoded.js:91:7)<br> &nbsp; &nbsp;at Layer.handle [as handle_request] (C:\Users\scoot\poll\VaultLogic\node_modules\express\lib\router\layer.js:95:5)<br> &nbsp; &nbsp;at trim_prefix (C:\Users\scoot\poll\VaultLogic\node_modules\express\lib\router\index.js:328:13)<br> &nbsp; &nbsp;at C:\Users\scoot\poll\VaultLogic\node_modules\express\lib\router\index.js:286:9<br> &nbsp; &nbsp;at router.process_params (C:\Users\scoot\poll\VaultLogic\node_modules\express\lib\router\index.js:346:12)<br> &nbsp; &nbsp;at next (C:\Users\scoot\poll\VaultLogic\node_modules\express\lib\router\index.js:280:10)<br> &nbsp; &nbsp;at jsonParser (C:\Users\scoot\poll\VaultLogic\node_modules\body-parser\lib\types\json.js:113:7)<br> &nbsp; &nbsp;at Layer.handle [as handle_request] (C:\Users\scoot\poll\VaultLogic\node_modules\express\lib\router\layer.js:95:5)<br> &nbsp; &nbsp;at trim_prefix (C:\Users\scoot\poll\VaultLogic\node_modules\express\lib\router\index.js:328:13)<br> &nbsp; &nbsp;at C:\Users\scoot\poll\VaultLogic\node_modules\express\lib\router\index.js:286:9</pre>
</body>
</html>


{"level":30,"time":1768338914440,"env":"test","msg":"DB: closing pool..."}
[90mstdout[2m | tests/integration/api.snapshots.test.ts
[22m[39mâ‰¡Æ’Âºâ•£ Cleaning up test environment...

{"level":30,"time":1768338914440,"env":"test","msg":"DB: pool closed."}
 [31mÎ“Â¥Â»[39m tests/integration/api.snapshots.test.ts [2m([22m[2m1 test[22m[2m | [22m[31m1 failed[39m[2m)[22m[33m 1526[2mms[22m[39m
[31m     [31mâ”œÃ¹[31m should maintain immutability of runs across versions[39m[32m 254[2mms[22m[39m

Î“Ã„Â»Î“Ã„Â»Î“Ã„Â»Î“Ã„Â»Î“Ã„Â»Î“Ã„Â»Î“Ã„Â» Failed Tests 3 Î“Ã„Â»Î“Ã„Â»Î“Ã„Â»Î“Ã„Â»Î“Ã„Â»Î“Ã„Â»Î“Ã„Â»

 FAIL  tests/integration/api.ai.doc.test.ts > AI Document Assistant API Integration Tests > POST /api/ai/doc/analyze > should analyze a DOCX file and return variables
AssertionError: expected 500 to be 200 // Object.is equality

- Expected
+ Received

- 200
+ 500

 Î“Â¥Â» tests/integration/api.ai.doc.test.ts:153:37
    151|                 }
    152|             }
    153|             expect(response.status).toBe(200);
       |                                     ^
    154| 
    155|             expect(response.body.data).toHaveProperty("variables");

Î“Ã„Â»Î“Ã„Â»Î“Ã„Â»Î“Ã„Â»Î“Ã„Â»Î“Ã„Â»Î“Ã„Â»Î“Ã„Â»Î“Ã„Â»Î“Ã„Â»Î“Ã„Â»Î“Ã„Â»Î“Ã„Â»Î“Ã„Â»Î“Ã„Â»Î“Ã„Â»Î“Ã„Â»Î“Ã„Â»Î“Ã„Â»Î“Ã„Â»Î“Ã„Â»Î“Ã„Â»Î“Ã„Â»Î“Ã„Â»[1/3]Î“Ã„Â»

 FAIL  tests/integration/api.ai.doc.test.ts > AI Document Assistant API Integration Tests > POST /api/ai/doc/analyze > should fail if no file is provided
Error: expected 400 "Bad Request", got 500 "Internal Server Error"
 Î“Â¥Â» tests/integration/api.ai.doc.test.ts:178:18
    176|             await request(baseURL)
    177|                 .post("/api/ai/doc/analyze")
    178|                 .expect(400);
       |                  ^
    179|         });
    180|     });
 Î“Â¥Â» Test._assertStatus node_modules/supertest/lib/test.js:309:14
 Î“Â¥Â» node_modules/supertest/lib/test.js:365:13
 Î“Â¥Â» Test._assertFunction node_modules/supertest/lib/test.js:342:13
 Î“Â¥Â» Test.assert node_modules/supertest/lib/test.js:195:23
 Î“Â¥Â» localAssert node_modules/supertest/lib/test.js:138:14
 Î“Â¥Â» node_modules/supertest/lib/test.js:156:7
 Î“Â¥Â» Test.Request.callback node_modules/superagent/lib/node/index.js:857:3
 Î“Â¥Â» IncomingMessage.<anonymous> node_modules/superagent/lib/node/index.js:1102:18

Î“Ã„Â»Î“Ã„Â»Î“Ã„Â»Î“Ã„Â»Î“Ã„Â»Î“Ã„Â»Î“Ã„Â»Î“Ã„Â»Î“Ã„Â»Î“Ã„Â»Î“Ã„Â»Î“Ã„Â»Î“Ã„Â»Î“Ã„Â»Î“Ã„Â»Î“Ã„Â»Î“Ã„Â»Î“Ã„Â»Î“Ã„Â»Î“Ã„Â»Î“Ã„Â»Î“Ã„Â»Î“Ã„Â»Î“Ã„Â»[2/3]Î“Ã„Â»

 FAIL  tests/integration/api.snapshots.test.ts > Stage 13: Workflow Snapshots & Versioning > should maintain immutability of runs across versions
AssertionError: expected 500 to be 200 // Object.is equality

- Expected
+ Received

- 200
+ 500

 Î“Â¥Â» tests/integration/api.snapshots.test.ts:196:37
    194|             console.error("Run Fetch Failed Text:", run1Response.text);
    195|         }
    196|         expect(run1Response.status).toBe(200);
       |                                     ^
    197|         const run1Graph = run1Response.body.workflowVersion.graphJson;
    198|         expect(run1Graph.nodes[0].config.question).toBe('Version 1 QueÎ“Ã‡Âª

Î“Ã„Â»Î“Ã„Â»Î“Ã„Â»Î“Ã„Â»Î“Ã„Â»Î“Ã„Â»Î“Ã„Â»Î“Ã„Â»Î“Ã„Â»Î“Ã„Â»Î“Ã„Â»Î“Ã„Â»Î“Ã„Â»Î“Ã„Â»Î“Ã„Â»Î“Ã„Â»Î“Ã„Â»Î“Ã„Â»Î“Ã„Â»Î“Ã„Â»Î“Ã„Â»Î“Ã„Â»Î“Ã„Â»Î“Ã„Â»[3/3]Î“Ã„Â»


[2m Test Files [22m [1m[31m2 failed[39m[22m[90m (2)[39m
[2m      Tests [22m [1m[31m3 failed[39m[22m[2m | [22m[1m[32m2 passed[39m[22m[90m (5)[39m
[2m   Start at [22m 15:15:05
[2m   Duration [22m 14.71s[2m (transform 5.40s, setup 246ms, import 12.74s, tests 2.55s, environment 0ms)[22m

