npm warn Unknown project config "puppeteer_skip_download". This will stop working in the next major version of npm.

> ezbuildr@1.0.0 test
> cross-env VITEST_INTEGRATION=true vitest run --coverage tests/integration/api.snapshots.test.ts tests/integration/js_helpers.test.ts


[1m[46m RUN [49m[22m [36mv4.0.16 [39m[90mC:/Users/scoot/poll/VaultLogic[39m
      [2mCoverage enabled with [22m[33mv8[39m

[90mstdout[2m | tests/integration/js_helpers.test.ts
[22m[39mSETUP: Loading setup.ts...
[dotenv@17.2.3] injecting env (20) from .env -- tip: â‰¡Æ’Ã¶Ã¤ add secrets lifecycle management: https://dotenvx.com/ops

[90mstdout[2m | tests/integration/api.snapshots.test.ts
[22m[39mSETUP: Loading setup.ts...
[dotenv@17.2.3] injecting env (20) from .env -- tip: Î“ÃœÃ–âˆ©â••Ã…  enable debug logging with { debug: true }

[90mstdout[2m | tests/integration/api.snapshots.test.ts
[22m[39m[dotenv@17.2.3] injecting env (0) from .env -- tip: â‰¡Æ’Ã¶Ã‰ prevent building .env in docker: https://dotenvx.com/prebuild
DB: Skipping auto-init because NODE_ENV=test

[90mstdout[2m | tests/integration/js_helpers.test.ts
[22m[39m[dotenv@17.2.3] injecting env (0) from .env -- tip: Î“ÃœÃ–âˆ©â••Ã…  specify custom .env file path with { path: '/custom/path/.env' }
DB: Skipping auto-init because NODE_ENV=test

{"level":30,"time":1768339049016,"env":"test","module":"metrics-service","msg":"MetricsService initialized"}
{"level":30,"time":1768339049023,"env":"test","module":"metrics-service","msg":"MetricsService initialized"}
[90mstdout[2m | tests/integration/js_helpers.test.ts
[22m[39mÎ“Â£Ã  OpenAPI specification loaded successfully

[90mstdout[2m | tests/integration/api.snapshots.test.ts
[22m[39mÎ“Â£Ã  OpenAPI specification loaded successfully

[90mstdout[2m | tests/integration/js_helpers.test.ts
[22m[39m[SchemaManager] Reusing existing isolated schema: test_schema_w1
[SchemaManager] Detected Neon DB. Switching to Direct Connection (5432) for schema isolation.

[90mstdout[2m | tests/integration/api.snapshots.test.ts
[22m[39m[SchemaManager] Reusing existing isolated schema: test_schema_w0
[SchemaManager] Detected Neon DB. Switching to Direct Connection (5432) for schema isolation.

[90mstdout[2m | tests/integration/js_helpers.test.ts
[22m[39mâ‰¡Æ’Ã¶Ã† Test Schema Isolated: test_schema_w1 (Reused: true)

{"level":30,"time":1768339053998,"env":"test","msg":"DB: initializing... Local"}
{"level":20,"time":1768339053998,"env":"test","msg":"DB: importing pg..."}
{"level":20,"time":1768339053998,"env":"test","msg":"DB: creating pool..."}
{"level":20,"time":1768339053998,"env":"test","msg":"DB: importing drizzle..."}
[90mstdout[2m | tests/integration/api.snapshots.test.ts
[22m[39mâ‰¡Æ’Ã¶Ã† Test Schema Isolated: test_schema_w0 (Reused: true)

{"level":30,"time":1768339054012,"env":"test","msg":"DB: initializing... Local"}
{"level":20,"time":1768339054012,"env":"test","msg":"DB: importing pg..."}
{"level":20,"time":1768339054012,"env":"test","msg":"DB: creating pool..."}
{"level":20,"time":1768339054012,"env":"test","msg":"DB: importing drizzle..."}
{"level":20,"time":1768339054023,"env":"test","msg":"DB: created."}
[90mstdout[2m | tests/integration/js_helpers.test.ts
[22m[39mÎ“Â£Ã  Database initialized for tests
Î“Ã…âŒ Schema reused, skipping migrations.

{"level":30,"time":1768339054023,"env":"test","msg":"DB: initialized flag set."}
{"level":20,"time":1768339054037,"env":"test","msg":"DB: created."}
[90mstdout[2m | tests/integration/api.snapshots.test.ts
[22m[39mÎ“Â£Ã  Database initialized for tests
Î“Ã…âŒ Schema reused, skipping migrations.

{"level":30,"time":1768339054037,"env":"test","msg":"DB: initialized flag set."}
{"level":30,"time":1768339054520,"env":"test","module":"metrics-routes","msg":"Metrics endpoint registered at GET /metrics"}
{"level":30,"time":1768339054530,"env":"test","module":"metrics-routes","msg":"Metrics endpoint registered at GET /metrics"}
{"level":30,"time":1768339054535,"env":"test","msg":"Real-time collaboration server initialized"}
[90mstdout[2m | tests/integration/js_helpers.test.ts[2m > [22m[2mDetailed Verification: JS Helper Availability
[22m[39mâ‰¡Æ’Ã´Ãœ API Documentation available at /api-docs
[Routes] E-Signature routes registered at /api/esign

{"level":30,"time":1768339054526,"env":"test","module":"file-routes","outputsDir":"C:\\Users\\scoot\\poll\\VaultLogic\\server\\files\\outputs","msg":"Secure file routes registered"}
{"level":30,"time":1768339054527,"env":"test","module":"ai-routes","msg":"AI workflow generation routes registered"}
{"level":30,"time":1768339054530,"env":"test","module":"documents-routes","msg":"Document routes registered"}
{"level":30,"time":1768339054535,"env":"test","module":"collab-server","msg":"Initializing WebSocket collaboration server"}
{"level":40,"time":1768339054535,"env":"test","module":"collab-persistence","msg":"REDIS_URL not configured, multi-instance collab will not work"}
{"level":30,"time":1768339054535,"env":"test","module":"collab-server","msg":"WebSocket collaboration server attached to main HTTP server path /collab"}
{"level":30,"time":1768339054535,"env":"test","module":"collab-server","msg":"WebSocket collaboration server initialized"}
{"level":30,"time":1768339054545,"env":"test","msg":"Real-time collaboration server initialized"}
[90mstdout[2m | tests/integration/api.snapshots.test.ts[2m > [22m[2mStage 13: Workflow Snapshots & Versioning
[22m[39mâ‰¡Æ’Ã´Ãœ API Documentation available at /api-docs
[Routes] E-Signature routes registered at /api/esign

{"level":30,"time":1768339054537,"env":"test","module":"file-routes","outputsDir":"C:\\Users\\scoot\\poll\\VaultLogic\\server\\files\\outputs","msg":"Secure file routes registered"}
{"level":30,"time":1768339054537,"env":"test","module":"ai-routes","msg":"AI workflow generation routes registered"}
{"level":30,"time":1768339054541,"env":"test","module":"documents-routes","msg":"Document routes registered"}
{"level":30,"time":1768339054545,"env":"test","module":"collab-server","msg":"Initializing WebSocket collaboration server"}
{"level":40,"time":1768339054545,"env":"test","module":"collab-persistence","msg":"REDIS_URL not configured, multi-instance collab will not work"}
{"level":30,"time":1768339054545,"env":"test","module":"collab-server","msg":"WebSocket collaboration server attached to main HTTP server path /collab"}
{"level":30,"time":1768339054545,"env":"test","module":"collab-server","msg":"WebSocket collaboration server initialized"}
{"level":50,"time":1768339054817,"env":"test","module":"auth-middleware","error":{"name":"UnauthorizedError","code":"AUTH_008","statusCode":401,"isOperational":true},"msg":"Hybrid auth error"}
{"level":30,"time":1768339054824,"env":"test","msg":"DB: closing pool..."}
[90mstdout[2m | tests/integration/js_helpers.test.ts
[22m[39mâ‰¡Æ’Âºâ•£ Cleaning up test environment...

{"level":30,"time":1768339054825,"env":"test","msg":"DB: pool closed."}
{"level":50,"time":1768339054981,"env":"test","module":"auth-middleware","error":{"name":"UnauthorizedError","code":"AUTH_008","statusCode":401,"isOperational":true},"msg":"Hybrid auth error"}
 [31mÎ“Â¥Â»[39m tests/integration/js_helpers.test.ts [2m([22m[2m1 test[22m[2m | [22m[31m1 failed[39m[2m)[22m[33m 1234[2mms[22m[39m
[31m     [31mâ”œÃ¹[31m should execute a JS block that uses helper functions[39m[32m 109[2mms[22m[39m
stderr | tests/integration/api.snapshots.test.ts > Stage 13: Workflow Snapshots & Versioning > should maintain immutability of runs across versions
Run Fetch Failed Body: {
  "success": false,
  "error": {
    "code": "AUTH_008",
    "message": "Authentication required",
    "details": {
      "errorType": "UnauthorizedError"
    },
    "timestamp": "2026-01-13T21:17:34.981Z"
  }
}
Run Fetch Failed Text: {"success":false,"error":{"code":"AUTH_008","message":"Authentication required","details":{"errorType":"UnauthorizedError"},"timestamp":"2026-01-13T21:17:34.981Z"}}

{"level":30,"time":1768339055112,"env":"test","msg":"DB: closing pool..."}
[90mstdout[2m | tests/integration/api.snapshots.test.ts
[22m[39mâ‰¡Æ’Âºâ•£ Cleaning up test environment...

{"level":30,"time":1768339055113,"env":"test","msg":"DB: pool closed."}
 [31mÎ“Â¥Â»[39m tests/integration/api.snapshots.test.ts [2m([22m[2m1 test[22m[2m | [22m[31m1 failed[39m[2m)[22m[33m 1514[2mms[22m[39m
[31m     [31mâ”œÃ¹[31m should maintain immutability of runs across versions[39m[32m 270[2mms[22m[39m

Î“Ã„Â»Î“Ã„Â»Î“Ã„Â»Î“Ã„Â»Î“Ã„Â»Î“Ã„Â»Î“Ã„Â» Failed Tests 2 Î“Ã„Â»Î“Ã„Â»Î“Ã„Â»Î“Ã„Â»Î“Ã„Â»Î“Ã„Â»Î“Ã„Â»

 FAIL  tests/integration/api.snapshots.test.ts > Stage 13: Workflow Snapshots & Versioning > should maintain immutability of runs across versions
AssertionError: expected 401 to be 200 // Object.is equality

- Expected
+ Received

- 200
+ 401

 Î“Â¥Â» tests/integration/api.snapshots.test.ts:196:37
    194|             console.error("Run Fetch Failed Text:", run1Response.text);
    195|         }
    196|         expect(run1Response.status).toBe(200);
       |                                     ^
    197|         const run1Graph = run1Response.body.workflowVersion.graphJson;
    198|         expect(run1Graph.nodes[0].config.question).toBe('Version 1 QueÎ“Ã‡Âª

Î“Ã„Â»Î“Ã„Â»Î“Ã„Â»Î“Ã„Â»Î“Ã„Â»Î“Ã„Â»Î“Ã„Â»Î“Ã„Â»Î“Ã„Â»Î“Ã„Â»Î“Ã„Â»Î“Ã„Â»Î“Ã„Â»Î“Ã„Â»Î“Ã„Â»Î“Ã„Â»Î“Ã„Â»Î“Ã„Â»Î“Ã„Â»Î“Ã„Â»Î“Ã„Â»Î“Ã„Â»Î“Ã„Â»Î“Ã„Â»[1/2]Î“Ã„Â»

 FAIL  tests/integration/js_helpers.test.ts > Detailed Verification: JS Helper Availability > should execute a JS block that uses helper functions
AssertionError: expected 401 to be 201 // Object.is equality

- Expected
+ Received

- 201
+ 401

 Î“Â¥Â» tests/integration/js_helpers.test.ts:137:31
    135|         // 3. Create a Run
    136|         const runRes = await agent.post(`/api/workflows/${workflowId}/Î“Ã‡Âª
    137|         expect(runRes.status).toBe(201); // 201 Created
       |                               ^
    138|         const runId = runRes.body.id;
    139| 

Î“Ã„Â»Î“Ã„Â»Î“Ã„Â»Î“Ã„Â»Î“Ã„Â»Î“Ã„Â»Î“Ã„Â»Î“Ã„Â»Î“Ã„Â»Î“Ã„Â»Î“Ã„Â»Î“Ã„Â»Î“Ã„Â»Î“Ã„Â»Î“Ã„Â»Î“Ã„Â»Î“Ã„Â»Î“Ã„Â»Î“Ã„Â»Î“Ã„Â»Î“Ã„Â»Î“Ã„Â»Î“Ã„Â»Î“Ã„Â»[2/2]Î“Ã„Â»


[2m Test Files [22m [1m[31m2 failed[39m[22m[90m (2)[39m
[2m      Tests [22m [1m[31m2 failed[39m[22m[90m (2)[39m
[2m   Start at [22m 15:17:26
[2m   Duration [22m 14.83s[2m (transform 5.46s, setup 259ms, import 13.03s, tests 2.75s, environment 0ms)[22m

