npm warn Unknown project config "puppeteer_skip_download". This will stop working in the next major version of npm.

> ezbuildr@1.0.0 test
> cross-env VITEST_INTEGRATION=true vitest run --coverage tests/integration/api.snapshots.test.ts tests/integration/api.ai.doc.test.ts


[1m[46m RUN [49m[22m [36mv4.0.16 [39m[90mC:/Users/scoot/poll/VaultLogic[39m
      [2mCoverage enabled with [22m[33mv8[39m

[90mstdout[2m | tests/integration/api.ai.doc.test.ts
[22m[39mSETUP: Loading setup.ts...
[dotenv@17.2.3] injecting env (20) from .env -- tip: â‰¡Æ’Â¢Ã¡âˆ©â••Ã…  run anywhere with `dotenvx run -- yourcommand`

[90mstdout[2m | tests/integration/api.snapshots.test.ts
[22m[39mSETUP: Loading setup.ts...
[dotenv@17.2.3] injecting env (20) from .env -- tip: Î“ÃœÃ–âˆ©â••Ã…  enable debug logging with { debug: true }

[90mstdout[2m | tests/integration/api.snapshots.test.ts
[22m[39m[dotenv@17.2.3] injecting env (0) from .env -- tip: Î“ÃœÃ–âˆ©â••Ã…  load multiple .env files with { path: ['.env.local', '.env'] }
DB: Skipping auto-init because NODE_ENV=test

[90mstdout[2m | tests/integration/api.ai.doc.test.ts
[22m[39m[dotenv@17.2.3] injecting env (0) from .env -- tip: Î“ÃœÃ–âˆ©â••Ã…  override existing env vars with { override: true }
DB: Skipping auto-init because NODE_ENV=test

{"level":30,"time":1768338648633,"env":"test","module":"metrics-service","msg":"MetricsService initialized"}
{"level":30,"time":1768338648634,"env":"test","module":"metrics-service","msg":"MetricsService initialized"}
[90mstdout[2m | tests/integration/api.snapshots.test.ts
[22m[39mÎ“Â£Ã  OpenAPI specification loaded successfully

[90mstdout[2m | tests/integration/api.ai.doc.test.ts
[22m[39mÎ“Â£Ã  OpenAPI specification loaded successfully

[90mstdout[2m | tests/integration/api.ai.doc.test.ts
[22m[39m[SchemaManager] Reusing existing isolated schema: test_schema_w1
[SchemaManager] Detected Neon DB. Switching to Direct Connection (5432) for schema isolation.

[90mstdout[2m | tests/integration/api.snapshots.test.ts
[22m[39m[SchemaManager] Reusing existing isolated schema: test_schema_w0
[SchemaManager] Detected Neon DB. Switching to Direct Connection (5432) for schema isolation.

[90mstdout[2m | tests/integration/api.ai.doc.test.ts
[22m[39mâ‰¡Æ’Ã¶Ã† Test Schema Isolated: test_schema_w1 (Reused: true)

{"level":30,"time":1768338652932,"env":"test","msg":"DB: initializing... Local"}
[90mstdout[2m | tests/integration/api.snapshots.test.ts
[22m[39mâ‰¡Æ’Ã¶Ã† Test Schema Isolated: test_schema_w0 (Reused: true)

{"level":30,"time":1768338652938,"env":"test","msg":"DB: initializing... Local"}
{"level":30,"time":1768338652955,"env":"test","msg":"DB: initialized flag set."}
[90mstdout[2m | tests/integration/api.ai.doc.test.ts
[22m[39mÎ“Â£Ã  Database initialized for tests
Î“Ã…âŒ Schema reused, skipping migrations.

{"level":30,"time":1768338652960,"env":"test","msg":"DB: initialized flag set."}
[90mstdout[2m | tests/integration/api.snapshots.test.ts
[22m[39mÎ“Â£Ã  Database initialized for tests
Î“Ã…âŒ Schema reused, skipping migrations.

{"level":30,"time":1768338653465,"env":"test","module":"metrics-routes","msg":"Metrics endpoint registered at GET /metrics"}
{"level":30,"time":1768338653472,"env":"test","module":"metrics-routes","msg":"Metrics endpoint registered at GET /metrics"}
{"level":30,"time":1768338653478,"env":"test","msg":"Real-time collaboration server initialized"}
[90mstdout[2m | tests/integration/api.ai.doc.test.ts[2m > [22m[2mAI Document Assistant API Integration Tests
[22m[39mâ‰¡Æ’Ã´Ãœ API Documentation available at /api-docs
[Routes] E-Signature routes registered at /api/esign

{"level":30,"time":1768338653484,"env":"test","msg":"Real-time collaboration server initialized"}
[90mstdout[2m | tests/integration/api.snapshots.test.ts[2m > [22m[2mStage 13: Workflow Snapshots & Versioning
[22m[39mâ‰¡Æ’Ã´Ãœ API Documentation available at /api-docs
[Routes] E-Signature routes registered at /api/esign

{"level":30,"time":1768338653470,"env":"test","module":"file-routes","outputsDir":"C:\\Users\\scoot\\poll\\VaultLogic\\server\\files\\outputs","msg":"Secure file routes registered"}
{"level":30,"time":1768338653471,"env":"test","module":"ai-routes","msg":"AI workflow generation routes registered"}
{"level":30,"time":1768338653474,"env":"test","module":"documents-routes","msg":"Document routes registered"}
{"level":30,"time":1768338653478,"env":"test","module":"collab-server","msg":"Initializing WebSocket collaboration server"}
{"level":40,"time":1768338653478,"env":"test","module":"collab-persistence","msg":"REDIS_URL not configured, multi-instance collab will not work"}
{"level":30,"time":1768338653478,"env":"test","module":"collab-server","msg":"WebSocket collaboration server attached to main HTTP server path /collab"}
{"level":30,"time":1768338653478,"env":"test","module":"collab-server","msg":"WebSocket collaboration server initialized"}
{"level":30,"time":1768338653477,"env":"test","module":"file-routes","outputsDir":"C:\\Users\\scoot\\poll\\VaultLogic\\server\\files\\outputs","msg":"Secure file routes registered"}
{"level":30,"time":1768338653478,"env":"test","module":"ai-routes","msg":"AI workflow generation routes registered"}
{"level":30,"time":1768338653481,"env":"test","module":"documents-routes","msg":"Document routes registered"}
{"level":30,"time":1768338653484,"env":"test","module":"collab-server","msg":"Initializing WebSocket collaboration server"}
{"level":40,"time":1768338653484,"env":"test","module":"collab-persistence","msg":"REDIS_URL not configured, multi-instance collab will not work"}
{"level":30,"time":1768338653484,"env":"test","module":"collab-server","msg":"WebSocket collaboration server attached to main HTTP server path /collab"}
{"level":30,"time":1768338653484,"env":"test","module":"collab-server","msg":"WebSocket collaboration server initialized"}
[90mstdout[2m | tests/integration/api.ai.doc.test.ts[2m > [22m[2mAI Document Assistant API Integration Tests[2m > [22m[2mPOST /api/ai/doc/analyze[2m > [22m[2mshould analyze a DOCX file and return variables
[22m[39mFAIL_STATUS: 500
FAIL_BODY: {}

{"level":30,"time":1768338653530,"env":"test","msg":"DB: closing pool..."}
[90mstdout[2m | tests/integration/api.ai.doc.test.ts
[22m[39mâ‰¡Æ’Âºâ•£ Cleaning up test environment...

{"level":30,"time":1768338653530,"env":"test","msg":"DB: pool closed."}
 [31mÎ“Â¥Â»[39m tests/integration/api.ai.doc.test.ts [2m([22m[2m4 tests[22m[2m | [22m[31m2 failed[39m[2m)[22m[33m 1009[2mms[22m[39m
[31m       [31mâ”œÃ¹[31m should analyze a DOCX file and return variables[39m[32m 26[2mms[22m[39m
[31m       [31mâ”œÃ¹[31m should fail if no file is provided[39m[32m 6[2mms[22m[39m
       [32mÎ“Â£Ã´[39m should suggest mappings between template and workflow variables[32m 12[2mms[22m[39m
       [32mÎ“Â£Ã´[39m should return improvement suggestions[32m 3[2mms[22m[39m
{"level":30,"time":1768338654061,"env":"test","msg":"DB: closing pool..."}
[90mstdout[2m | tests/integration/api.snapshots.test.ts
[22m[39mâ‰¡Æ’Âºâ•£ Cleaning up test environment...

{"level":30,"time":1768338654061,"env":"test","msg":"DB: pool closed."}
 [31mÎ“Â¥Â»[39m tests/integration/api.snapshots.test.ts [2m([22m[2m1 test[22m[2m | [22m[31m1 failed[39m[2m)[22m[33m 1534[2mms[22m[39m
[31m     [31mâ”œÃ¹[31m should maintain immutability of runs across versions[39m[32m 265[2mms[22m[39m

Î“Ã„Â»Î“Ã„Â»Î“Ã„Â»Î“Ã„Â»Î“Ã„Â»Î“Ã„Â»Î“Ã„Â» Failed Tests 3 Î“Ã„Â»Î“Ã„Â»Î“Ã„Â»Î“Ã„Â»Î“Ã„Â»Î“Ã„Â»Î“Ã„Â»

 FAIL  tests/integration/api.ai.doc.test.ts > AI Document Assistant API Integration Tests > POST /api/ai/doc/analyze > should analyze a DOCX file and return variables
AssertionError: expected 500 to be 200 // Object.is equality

- Expected
+ Received

- 200
+ 500

 Î“Â¥Â» tests/integration/api.ai.doc.test.ts:150:37
    148|                 } catch (e) { console.log("FAIL_BODY: " + response.texÎ“Ã‡Âª
    149|             }
    150|             expect(response.status).toBe(200);
       |                                     ^
    151| 
    152|             expect(response.body.data).toHaveProperty("variables");

Î“Ã„Â»Î“Ã„Â»Î“Ã„Â»Î“Ã„Â»Î“Ã„Â»Î“Ã„Â»Î“Ã„Â»Î“Ã„Â»Î“Ã„Â»Î“Ã„Â»Î“Ã„Â»Î“Ã„Â»Î“Ã„Â»Î“Ã„Â»Î“Ã„Â»Î“Ã„Â»Î“Ã„Â»Î“Ã„Â»Î“Ã„Â»Î“Ã„Â»Î“Ã„Â»Î“Ã„Â»Î“Ã„Â»Î“Ã„Â»[1/3]Î“Ã„Â»

 FAIL  tests/integration/api.ai.doc.test.ts > AI Document Assistant API Integration Tests > POST /api/ai/doc/analyze > should fail if no file is provided
Error: expected 400 "Bad Request", got 500 "Internal Server Error"
 Î“Â¥Â» tests/integration/api.ai.doc.test.ts:175:18
    173|             await request(baseURL)
    174|                 .post("/api/ai/doc/analyze")
    175|                 .expect(400);
       |                  ^
    176|         });
    177|     });
 Î“Â¥Â» Test._assertStatus node_modules/supertest/lib/test.js:309:14
 Î“Â¥Â» node_modules/supertest/lib/test.js:365:13
 Î“Â¥Â» Test._assertFunction node_modules/supertest/lib/test.js:342:13
 Î“Â¥Â» Test.assert node_modules/supertest/lib/test.js:195:23
 Î“Â¥Â» localAssert node_modules/supertest/lib/test.js:138:14
 Î“Â¥Â» node_modules/supertest/lib/test.js:156:7
 Î“Â¥Â» Test.Request.callback node_modules/superagent/lib/node/index.js:857:3
 Î“Â¥Â» IncomingMessage.<anonymous> node_modules/superagent/lib/node/index.js:1102:18

Î“Ã„Â»Î“Ã„Â»Î“Ã„Â»Î“Ã„Â»Î“Ã„Â»Î“Ã„Â»Î“Ã„Â»Î“Ã„Â»Î“Ã„Â»Î“Ã„Â»Î“Ã„Â»Î“Ã„Â»Î“Ã„Â»Î“Ã„Â»Î“Ã„Â»Î“Ã„Â»Î“Ã„Â»Î“Ã„Â»Î“Ã„Â»Î“Ã„Â»Î“Ã„Â»Î“Ã„Â»Î“Ã„Â»Î“Ã„Â»[2/3]Î“Ã„Â»

 FAIL  tests/integration/api.snapshots.test.ts > Stage 13: Workflow Snapshots & Versioning > should maintain immutability of runs across versions
AssertionError: expected 500 to be 200 // Object.is equality

- Expected
+ Received

- 200
+ 500

 Î“Â¥Â» tests/integration/api.snapshots.test.ts:200:37
    198|         // 7. Verify Run 1 still sees Version 1 Question
    199|         const run1Response = await agent.get(`/api/runs/${run1.id}`);
    200|         expect(run1Response.status).toBe(200);
       |                                     ^
    201|         const run1Graph = run1Response.body.workflowVersion.graphJson;
    202|         expect(run1Graph.nodes[0].config.question).toBe('Version 1 QueÎ“Ã‡Âª

Î“Ã„Â»Î“Ã„Â»Î“Ã„Â»Î“Ã„Â»Î“Ã„Â»Î“Ã„Â»Î“Ã„Â»Î“Ã„Â»Î“Ã„Â»Î“Ã„Â»Î“Ã„Â»Î“Ã„Â»Î“Ã„Â»Î“Ã„Â»Î“Ã„Â»Î“Ã„Â»Î“Ã„Â»Î“Ã„Â»Î“Ã„Â»Î“Ã„Â»Î“Ã„Â»Î“Ã„Â»Î“Ã„Â»Î“Ã„Â»[3/3]Î“Ã„Â»


[2m Test Files [22m [1m[31m2 failed[39m[22m[90m (2)[39m
[2m      Tests [22m [1m[31m3 failed[39m[22m[2m | [22m[1m[32m2 passed[39m[22m[90m (5)[39m
[2m   Start at [22m 15:10:46
[2m   Duration [22m 12.91s[2m (transform 4.99s, setup 259ms, import 11.53s, tests 2.54s, environment 0ms)[22m

