npm warn Unknown project config "puppeteer_skip_download". This will stop working in the next major version of npm.

> ezbuildr@1.0.0 test
> cross-env VITEST_INTEGRATION=true vitest run --coverage tests/integration/api.snapshots.test.ts tests/integration/js_helpers.test.ts


[1m[46m RUN [49m[22m [36mv4.0.16 [39m[90mC:/Users/scoot/poll/VaultLogic[39m
      [2mCoverage enabled with [22m[33mv8[39m

[90mstdout[2m | tests/integration/js_helpers.test.ts
[22m[39mSETUP: Loading setup.ts...
[dotenv@17.2.3] injecting env (20) from .env -- tip: â‰¡Æ’Ã¹Ã©âˆ©â••Ã… backup and recover secrets: https://dotenvx.com/ops

[90mstdout[2m | tests/integration/api.snapshots.test.ts
[22m[39mSETUP: Loading setup.ts...
[dotenv@17.2.3] injecting env (20) from .env -- tip: â‰¡Æ’Ã¦Ã‘ sync secrets across teammates & machines: https://dotenvx.com/ops

[90mstdout[2m | tests/integration/api.snapshots.test.ts
[22m[39m[dotenv@17.2.3] injecting env (0) from .env -- tip: Î“ÃœÃ–âˆ©â••Ã…  enable debug logging with { debug: true }
DB: Skipping auto-init because NODE_ENV=test

[90mstdout[2m | tests/integration/js_helpers.test.ts
[22m[39m[dotenv@17.2.3] injecting env (0) from .env -- tip: â‰¡Æ’Ã¹Ã©âˆ©â••Ã… backup and recover secrets: https://dotenvx.com/ops
DB: Skipping auto-init because NODE_ENV=test

{"level":30,"time":1768339266813,"env":"test","module":"metrics-service","msg":"MetricsService initialized"}
{"level":30,"time":1768339266815,"env":"test","module":"metrics-service","msg":"MetricsService initialized"}
[90mstdout[2m | tests/integration/js_helpers.test.ts
[22m[39mÎ“Â£Ã  OpenAPI specification loaded successfully

[90mstdout[2m | tests/integration/api.snapshots.test.ts
[22m[39mÎ“Â£Ã  OpenAPI specification loaded successfully

[90mstdout[2m | tests/integration/js_helpers.test.ts
[22m[39m[SchemaManager] Reusing existing isolated schema: test_schema_w1
[SchemaManager] Detected Neon DB. Switching to Direct Connection (5432) for schema isolation.

[90mstdout[2m | tests/integration/api.snapshots.test.ts
[22m[39m[SchemaManager] Reusing existing isolated schema: test_schema_w0
[SchemaManager] Detected Neon DB. Switching to Direct Connection (5432) for schema isolation.

[90mstdout[2m | tests/integration/js_helpers.test.ts
[22m[39mâ‰¡Æ’Ã¶Ã† Test Schema Isolated: test_schema_w1 (Reused: true)

{"level":30,"time":1768339271766,"env":"test","msg":"DB: initializing... Local"}
{"level":20,"time":1768339271766,"env":"test","msg":"DB: importing pg..."}
{"level":20,"time":1768339271766,"env":"test","msg":"DB: creating pool..."}
{"level":20,"time":1768339271767,"env":"test","msg":"DB: importing drizzle..."}
[90mstdout[2m | tests/integration/api.snapshots.test.ts
[22m[39mâ‰¡Æ’Ã¶Ã† Test Schema Isolated: test_schema_w0 (Reused: true)

{"level":30,"time":1768339271775,"env":"test","msg":"DB: initializing... Local"}
{"level":20,"time":1768339271775,"env":"test","msg":"DB: importing pg..."}
{"level":20,"time":1768339271776,"env":"test","msg":"DB: creating pool..."}
{"level":20,"time":1768339271776,"env":"test","msg":"DB: importing drizzle..."}
{"level":20,"time":1768339271798,"env":"test","msg":"DB: created."}
[90mstdout[2m | tests/integration/js_helpers.test.ts
[22m[39mÎ“Â£Ã  Database initialized for tests
Î“Ã…âŒ Schema reused, skipping migrations.

{"level":30,"time":1768339271798,"env":"test","msg":"DB: initialized flag set."}
{"level":20,"time":1768339271808,"env":"test","msg":"DB: created."}
[90mstdout[2m | tests/integration/api.snapshots.test.ts
[22m[39mÎ“Â£Ã  Database initialized for tests
Î“Ã…âŒ Schema reused, skipping migrations.

{"level":30,"time":1768339271808,"env":"test","msg":"DB: initialized flag set."}
{"level":30,"time":1768339272288,"env":"test","module":"metrics-routes","msg":"Metrics endpoint registered at GET /metrics"}
{"level":30,"time":1768339272301,"env":"test","module":"metrics-routes","msg":"Metrics endpoint registered at GET /metrics"}
{"level":30,"time":1768339272303,"env":"test","msg":"Real-time collaboration server initialized"}
[90mstdout[2m | tests/integration/js_helpers.test.ts[2m > [22m[2mDetailed Verification: JS Helper Availability
[22m[39mâ‰¡Æ’Ã´Ãœ API Documentation available at /api-docs
[Routes] E-Signature routes registered at /api/esign

{"level":30,"time":1768339272294,"env":"test","module":"file-routes","outputsDir":"C:\\Users\\scoot\\poll\\VaultLogic\\server\\files\\outputs","msg":"Secure file routes registered"}
{"level":30,"time":1768339272295,"env":"test","module":"ai-routes","msg":"AI workflow generation routes registered"}
{"level":30,"time":1768339272298,"env":"test","module":"documents-routes","msg":"Document routes registered"}
{"level":30,"time":1768339272303,"env":"test","module":"collab-server","msg":"Initializing WebSocket collaboration server"}
{"level":40,"time":1768339272303,"env":"test","module":"collab-persistence","msg":"REDIS_URL not configured, multi-instance collab will not work"}
{"level":30,"time":1768339272303,"env":"test","module":"collab-server","msg":"WebSocket collaboration server attached to main HTTP server path /collab"}
{"level":30,"time":1768339272303,"env":"test","module":"collab-server","msg":"WebSocket collaboration server initialized"}
{"level":30,"time":1768339272316,"env":"test","msg":"Real-time collaboration server initialized"}
[90mstdout[2m | tests/integration/api.snapshots.test.ts[2m > [22m[2mStage 13: Workflow Snapshots & Versioning
[22m[39mâ‰¡Æ’Ã´Ãœ API Documentation available at /api-docs
[Routes] E-Signature routes registered at /api/esign

{"level":30,"time":1768339272309,"env":"test","module":"file-routes","outputsDir":"C:\\Users\\scoot\\poll\\VaultLogic\\server\\files\\outputs","msg":"Secure file routes registered"}
{"level":30,"time":1768339272309,"env":"test","module":"ai-routes","msg":"AI workflow generation routes registered"}
{"level":30,"time":1768339272312,"env":"test","module":"documents-routes","msg":"Document routes registered"}
{"level":30,"time":1768339272316,"env":"test","module":"collab-server","msg":"Initializing WebSocket collaboration server"}
{"level":40,"time":1768339272316,"env":"test","module":"collab-persistence","msg":"REDIS_URL not configured, multi-instance collab will not work"}
{"level":30,"time":1768339272316,"env":"test","module":"collab-server","msg":"WebSocket collaboration server attached to main HTTP server path /collab"}
{"level":30,"time":1768339272316,"env":"test","module":"collab-server","msg":"WebSocket collaboration server initialized"}
{"level":30,"time":1768339272585,"env":"test","msg":"DB: closing pool..."}
[90mstdout[2m | tests/integration/js_helpers.test.ts
[22m[39mâ‰¡Æ’Âºâ•£ Cleaning up test environment...

{"level":30,"time":1768339272586,"env":"test","msg":"DB: pool closed."}
 [31mÎ“Â¥Â»[39m tests/integration/js_helpers.test.ts [2m([22m[2m1 test[22m[2m | [22m[31m1 failed[39m[2m)[22m[33m 1237[2mms[22m[39m
[31m     [31mâ”œÃ¹[31m should execute a JS block that uses helper functions[39m[32m 111[2mms[22m[39m
{"level":40,"time":1768339272760,"env":"test","module":"tenant-middleware","path":"/runs/6efe7139-38fc-45cf-8d3a-9f3a77014b82","msg":"User does not have an associated tenant"}
stderr | tests/integration/api.snapshots.test.ts > Stage 13: Workflow Snapshots & Versioning > should maintain immutability of runs across versions
Run Fetch Failed Body: {
  "message": "Tenant required",
  "error": "no_tenant",
  "details": "Your account is not associated with any tenant. Please contact support."
}
Run Fetch Failed Text: {"message":"Tenant required","error":"no_tenant","details":"Your account is not associated with any tenant. Please contact support."}

{"level":30,"time":1768339272891,"env":"test","msg":"DB: closing pool..."}
[90mstdout[2m | tests/integration/api.snapshots.test.ts
[22m[39mâ‰¡Æ’Âºâ•£ Cleaning up test environment...

{"level":30,"time":1768339272891,"env":"test","msg":"DB: pool closed."}
 [31mÎ“Â¥Â»[39m tests/integration/api.snapshots.test.ts [2m([22m[2m1 test[22m[2m | [22m[31m1 failed[39m[2m)[22m[33m 1536[2mms[22m[39m
[31m     [31mâ”œÃ¹[31m should maintain immutability of runs across versions[39m[32m 272[2mms[22m[39m

Î“Ã„Â»Î“Ã„Â»Î“Ã„Â»Î“Ã„Â»Î“Ã„Â»Î“Ã„Â»Î“Ã„Â» Failed Tests 2 Î“Ã„Â»Î“Ã„Â»Î“Ã„Â»Î“Ã„Â»Î“Ã„Â»Î“Ã„Â»Î“Ã„Â»

 FAIL  tests/integration/api.snapshots.test.ts > Stage 13: Workflow Snapshots & Versioning > should maintain immutability of runs across versions
AssertionError: expected 403 to be 200 // Object.is equality

- Expected
+ Received

- 200
+ 403

 Î“Â¥Â» tests/integration/api.snapshots.test.ts:212:37
    210|             console.error("Run Fetch Failed Text:", run1Response.text);
    211|         }
    212|         expect(run1Response.status).toBe(200);
       |                                     ^
    213|         const run1Graph = run1Response.body.workflowVersion.graphJson;
    214|         expect(run1Graph.nodes[0].config.question).toBe('Version 1 QueÎ“Ã‡Âª

Î“Ã„Â»Î“Ã„Â»Î“Ã„Â»Î“Ã„Â»Î“Ã„Â»Î“Ã„Â»Î“Ã„Â»Î“Ã„Â»Î“Ã„Â»Î“Ã„Â»Î“Ã„Â»Î“Ã„Â»Î“Ã„Â»Î“Ã„Â»Î“Ã„Â»Î“Ã„Â»Î“Ã„Â»Î“Ã„Â»Î“Ã„Â»Î“Ã„Â»Î“Ã„Â»Î“Ã„Â»Î“Ã„Â»Î“Ã„Â»[1/2]Î“Ã„Â»

 FAIL  tests/integration/js_helpers.test.ts > Detailed Verification: JS Helper Availability > should execute a JS block that uses helper functions
AssertionError: expected 401 to be 201 // Object.is equality

- Expected
+ Received

- 201
+ 401

 Î“Â¥Â» tests/integration/js_helpers.test.ts:154:31
    152|         // 3. Create a Run
    153|         const runRes = await agent.post(`/api/workflows/${workflowId}/Î“Ã‡Âª
    154|         expect(runRes.status).toBe(201); // 201 Created
       |                               ^
    155|         const runId = runRes.body.id;
    156| 

Î“Ã„Â»Î“Ã„Â»Î“Ã„Â»Î“Ã„Â»Î“Ã„Â»Î“Ã„Â»Î“Ã„Â»Î“Ã„Â»Î“Ã„Â»Î“Ã„Â»Î“Ã„Â»Î“Ã„Â»Î“Ã„Â»Î“Ã„Â»Î“Ã„Â»Î“Ã„Â»Î“Ã„Â»Î“Ã„Â»Î“Ã„Â»Î“Ã„Â»Î“Ã„Â»Î“Ã„Â»Î“Ã„Â»Î“Ã„Â»[2/2]Î“Ã„Â»


[2m Test Files [22m [1m[31m2 failed[39m[22m[90m (2)[39m
[2m      Tests [22m [1m[31m2 failed[39m[22m[90m (2)[39m
[2m   Start at [22m 15:21:04
[2m   Duration [22m 14.65s[2m (transform 5.30s, setup 265ms, import 12.97s, tests 2.77s, environment 0ms)[22m

